user/major/me/ground/buoy.dat user/major/me/ground/buoy.srf user/major/me/ground/buoy_coll.srf
user/major/me/ground/crane.dat user/major/me/ground/ user/major/me/ground/crane_coll.srf user/major/me/ground/crane_crs.srf
user/major/me/ground/drums.dat user/major/me/ground/ user/major/me/ground/drumscoll.srf
user/major/me/ground/fueltank.dat user/major/me/ground/fueltank.srf user/major/me/ground/fueltank.srf
user/major/me/ground/fueltank1.dat user/major/me/ground/fueltank1.srf user/major/me/ground/fueltank1.srf
user/major/me/ground/fueltank2.dat user/major/me/ground/fueltank2.srf user/major/me/ground/fueltank2.srf
user/major/me/ground/oil_tank.dat user/major/me/ground/oil_tank.srf user/major/me/ground/oil_tank.srf
user/major/me/ground/oilpump.dat user/major/me/ground/oilpump.srf user/major/me/ground/oilpump.srf
user/major/me/ground/oilpump2.dat user/major/me/ground/oilpump2.srf user/major/me/ground/oilpump2.srf
user/major/me/ground/palms.dat user/major/me/ground/palms.srf user/major/me/ground/null.srf
user/major/me/ground/radio.dat user/major/me/ground/radio.srf user/major/me/ground/radio.srf
user/major/me/ground/Sa-3_EGYPT2.dat user/major/me/ground/Sa-3_EGYPT2.dnm user/major/me/ground/sa3cl.srf
user/major/me/ground/shelterdoor.dat user/major/me/ground/shelterdoor.srf user/major/me/ground/shelterdoor_coll.srf
user/major/me/ground/tankship.dat user/major/me/ground/tankship.srf user/major/me/ground/tankship_coll.srf
user/major/me/ground/tankship1.dat user/major/me/ground/tankship1.srf user/major/me/ground/tankship_coll.srf
user/major/me/ground/tent1.dat user/major/me/ground/tent1.srf user/major/me/ground/tent1coll.srf
user/major/me/ground/tent2.dat user/major/me/ground/tent2.srf user/major/me/ground/tent2coll.srf
user/major/me/ground/village.dat user/major/me/ground/village.srf user/major/me/ground/village.srf 
user/major/me/ground/parked_c130.dat user/major/me/ground/parked_c130.dnm user/major/me/ground/plane_coll.srf
user/major/me/ground/parked_f4e.dat user/major/me/ground/parked_f4e.dnm user/major/me/ground/plane_coll.srf
user/major/me/ground/parked_f16.dat user/major/me/ground/parked_f16.dnm user/major/me/ground/plane_coll.srf
user/major/me/ground/parked_mirage.dat user/major/me/ground/parked_mirage.dnm user/major/me/ground/plane_coll.srf
user/major/me/ground/parked_mystere.dat user/major/me/ground/parked_mystere.dnm user/major/me/ground/plane_coll.srf
user/major/me/ground/parked_uh1.dat user/major/me/ground/parked_uh1.dnm user/major/me/ground/plane_coll.srf
user/major/me/ground/parked_mig17.dat user/major/me/ground/parked_mig17.dnm user/major/me/ground/plane_coll.srf
user/major/me/ground/parked_mig19.dat user/major/me/ground/parked_mig19.dnm user/major/me/ground/plane_coll.srf
user/major/me/ground/parked_mig12c.dat user/major/me/ground/parked_mig21c.dnm user/major/me/ground/plane_coll.srf
user/major/me/ground/parked_mig21.dat user/major/me/ground/parked_mig21.dnm user/major/me/ground/plane_coll.srf
user/major/me/ground/parked_il28.dat user/major/me/ground/parked_il28.dnm user/major/me/ground/plane_coll.srf
user/major/me/ground/parked_hip.dat user/major/me/ground/parked_hip.dnm user/major/me/ground/plane_coll.srf
user/major/me/ground/parked_tu16.dat user/major/me/ground/parked_tu16.dnm user/major/me/ground/plane_coll.srf






 