user/oranleed/f100d(usa)/f100d(usa).dat user/oranleed/f100d(usa)/f100d(usa).dnm user/oranleed/f100d(usa)/f100d_coll.srf user/oranleed/f100d(usa)/f100d_cockpit.srf
user/oranleed/mig23k/mig23k.dat user/oranleed/mig23k/mig23k.dnm user/oranleed/mig23k/mig23kcoll.srf user/oranleed/mig23k/mig23kcockpit.srf user/oranleed/mig23k/mig23kcoarse.dnm
user/oranleed/mrg_f1(cmg2)/mrg_f1(cmg2).dat user/oranleed/mrg_f1(cmg2)/mrg_f1(cmg2).dnm user/oranleed/mrg_f1(cmg2)/mrg_f1coll.srf user/oranleed/mrg_f1(cmg2)/mrg_f1cockpit.srf user/oranleed/mrg_f1(cmg2)/mrg_f1(cmg2)coarse.dnm
user/oranleed/su21(cmg2)/su21(cmg2).dat user/oranleed/su21(cmg2)/su21(cmg2).dnm user/oranleed/su21(cmg2)/su21coll.srf user/oranleed/su21(cmg2)/su21cockpit.srf user/oranleed/su21(cmg2)/su21(cmg2)coarse.dnm
User/oranleed/Yak38/yak38.dat User/oranleed/Yak38/yak38.dnm User/oranleed/Yak38/yak38coll.srf User/oranleed/Yak38/yak38cockpit.srf User/oranleed/Yak38/yak38coarse.dnm
User/oranleed/Yak38/yak38M.dat User/oranleed/Yak38/yak38M.dnm User/oranleed/Yak38/yak38coll.srf User/oranleed/Yak38/yak38cockpit.srf User/oranleed/Yak38/yak38Mcoarse.dnm
user/oranleed/mig21c/mig21f13.dat user/oranleed/mig21c/mig21f13.dnm user/oranleed/mig21c/mig21f13coll.srf user/oranleed/mig21c/mig21f13cockpit.srf user/oranleed/mig21c/mig21_coarse.dnm
user/oranleed/yak25(ussr)/yak25(ussr).dat user/oranleed/yak25(ussr)/yak25(ussr).dnm user/oranleed/yak25(ussr)/yak25coll.srf user/oranleed/yak25(ussr)/yak25cockpit.srf user/oranleed/yak25(ussr)/yak25(ussr)coarse.dnm
user/oranleed/f4c/f4c(oc).dat user/oranleed/f4c/f4c.dnm user/oranleed/f4c/f4coll.srf user/oranleed/f4c/f4c_cockpit.srf user/oranleed/f4c/f4c_coarse.dnm
user/oranleed/jas39/jas39.dat user/oranleed/jas39/jas39.dnm user/oranleed/jas39/jas39coll.srf user/oranleed/jas39/jas39cockpit.srf user/oranleed/jas39/jas39coarse.dnm
user/oranleed/jas39/jas39(hv).dat user/oranleed/jas39/jas39(hv).dnm user/oranleed/jas39/jas39coll.srf user/oranleed/jas39/jas39cockpit.srf user/oranleed/jas39/jas39coarse.dnm
User/oranleed/f105d(cmg)/f105d(cmg).dat User/oranleed/f105d(cmg)/f105d(cmg).dnm User/oranleed/f105d(cmg)/f105coll.srf User/oranleed/f105d(cmg)/f105cockpit.srf User/oranleed/f105d(cmg)/f105d(cmg)coarse.dnm
user/oranleed/a6e/a6e.dat user/oranleed/a6e/a6e.dnm user/oranleed/a6e/a6ecoll.srf user/oranleed/a6e/a6ecockpit.srf user/oranleed/a6e/a6ecoarse.dnm
User/oranleed/fa-18c/fa-18c(S.C).dat User/oranleed/fa-18c/fa-18c(S.C).dnm User/oranleed/fa-18c/fa-18c(S.C)_coll.srf User/oranleed/fa-18c/fa-18c(S.C)_cockpit.srf User/oranleed/fa-18c/fa-18c(S.C)_coarse.dnm
user/oranleed/lightningF6/lightningF6.dat user/oranleed/lightningF6/lightningF6.dnm user/oranleed/lightningF6/lightningF6coll.srf user/oranleed/lightningF6/lightningF6cockpit.srf user/oranleed/lightningF6/lightningF6coarse.dnm
user/oranleed/lightningF6/lightningF6cmg.dat user/oranleed/lightningF6/lightningF6cmg.dnm user/oranleed/lightningF6/lightningF6coll.srf user/oranleed/lightningF6/lightningF6cockpit.srf user/oranleed/lightningF6/lightningF6cmgcoarse.dnm
User/oranleed/t41a/t-41a.dat User/oranleed/t41a/t-41a.dnm User/oranleed/t41a/c172r_coll.srf User/oranleed/t41a/c172r_cockpit.srf User/oranleed/t41a/t-41a_coarse.dnm
user/oranleed/seavixen/seavixen.dat user/oranleed/seavixen/seavixen.dnm user/oranleed/seavixen/seavixencoll.srf user/oranleed/seavixen/seavixencockpit.srf user/oranleed/seavixen/svcoarse.dnm
User/oranleed/mirage2000/Mirage2000(S.C).dat User/oranleed/mirage2000/Mirage2000(S.C).dnm User/oranleed/mirage2000/Mirage2000(S.C)_coll.srf User/oranleed/mirage2000/Mirage2000(S.C)_cockpit.srf User/oranleed/mirage2000/Mirage2000(S.C)_coarse.dnm
user/oranleed/f7u-3/f7u-3.dat user/oranleed/f7u-3/f7u-3.dnm user/oranleed/f7u-3/f7ucoll.srf user/oranleed/f7u-3/f7ucockpit.srf user/oranleed/f7u-3/f7ucoarse.dnm
user/oranleed/T-4/T4_31.dat user/oranleed/T-4/T4_31.dnm user/oranleed/T-4/T4cl.srf user/oranleed/T-4/T4cpt.srf
user/oranleed/T-4/T4_32_wTank.dat user/oranleed/T-4/T4_32_wTank.dnm user/oranleed/T-4/T4cl.srf user/oranleed/T-4/T4cpt.srf
User/oranleed/harrier/harrierGR5.dat User/oranleed/harrier/harrierGR5.dnm User/oranleed/harrier/harriercoll.srf User/oranleed/harrier/harriercockpit.srf User/oranleed/harrier/harrierGR5coarse.dnm
User/oranleed/harrier/harrierGR7A.dat User/oranleed/harrier/harrierGR7A.dnm User/oranleed/harrier/harriercoll.srf User/oranleed/harrier/harriercockpit.srf User/oranleed/harrier/harrierGR7Acoarse.dnm
User/oranleed/harrier/harrierGR7F.dat User/oranleed/harrier/harrierGR7F.dnm User/oranleed/harrier/harriercoll.srf User/oranleed/harrier/harriercockpit.srf User/oranleed/harrier/harrierGR7Fcoarse.dnm
User/oranleed/F16Aplus/f16ap_kz_adf.dat User/oranleed/F16Aplus/f16ap_kz_adf.dnm User/oranleed/F16Aplus/f16c_kz_coll.srf User/oranleed/F16Aplus/f16c_kz_cockpit.srf User/oranleed/F16Aplus/f16ap_kz_adf_coarse.dnm
User/oranleed/F16Aplus/f16ap_kz_casbai.dat User/oranleed/F16Aplus/f16ap_kz_casbai.dnm User/oranleed/F16Aplus/f16c_kz_coll.srf User/oranleed/F16Aplus/f16c_kz_cockpit.srf User/oranleed/F16Aplus/f16ap_kz_casbai_coarse.dnm
User/oranleed/F16Aplus/f16bp_kz_trainer.dat User/oranleed/F16Aplus/f16bp_kz_trainer.dnm User/oranleed/F16Aplus/f16c_kz_coll.srf User/oranleed/F16Aplus/f16d_kz_cockpit.srf User/oranleed/F16Aplus/f16bp_kz_trainer_coarse.dnm
user/oranleed/f9fc/f9fc-w.dat user/oranleed/f9fc/f9fc-w.dnm user/oranleed/f9fc/f9fccoll.srf user/oranleed/f9fc/f9fccockpit.srf user/oranleed/f9fc/f9fc-wcoarse.dnm
user/oranleed/f9fc/f9fc-b.dat user/oranleed/f9fc/f9fc-b.dnm user/oranleed/f9fc/f9fccoll.srf user/oranleed/f9fc/f9fccockpit.srf user/oranleed/f9fc/f9fc-bcoarse.dnm
User/oranleed/su7/su7.dat User/oranleed/su7/su7.dnm User/oranleed/su7/su7coll.srf User/oranleed/su7/cockpit.srf User/oranleed/su7/su7coarse.dnm
User/oranleed/su7/su7BMK(egy).dat User/oranleed/su7/su7BMK(egy).dnm User/oranleed/su7/su7coll.srf User/oranleed/su7/cockpit.srf User/oranleed/su7/su7bmkcoarse.dnm
User/oranleed/su9/su9.dat User/oranleed/su9/su9.dnm User/oranleed/su9/su9coll.srf User/oranleed/su9/cockpit.srf User/oranleed/su9/su9coarse.dnm
user/oranleed/al-j/al-ja.dat user/oranleed/al-j/al-ja.dnm user/oranleed/al-j/al-j_coll.srf user/oranleed/al-j/al-j_cockpit.srf user/oranleed/al-j/al-ja_coarse.dnm
user/oranleed/al-j/al-je.dat user/oranleed/al-j/al-je.dnm user/oranleed/al-j/al-j_coll.srf user/oranleed/al-j/al-j_cockpit.srf user/oranleed/al-j/al-je_coarse.dnm
user/oranleed/mig31/mig31.dat user/oranleed/mig31/mig31.dnm user/oranleed/mig31/mig31coll.srf user/oranleed/mig31/mig31cockpit.srf user/oranleed/mig31/mig31coarse.dnm
user/oranleed/j29/j29.dat user/oranleed/j29/j29.dnm user/oranleed/j29/j29coll.srf user/oranleed/j29/j29cockpit.srf user/oranleed/j29/j29coarse.dnm
user/oranleed/f101/f101a.dat user/oranleed/f101/f101a.dnm user/oranleed/f101/f101_coll.srf user/oranleed/f101/f101_cockpit.srf user/oranleed/f101/f101a_coarse.dnm
user/oranleed/f101/f101c.dat user/oranleed/f101/f101c.dnm user/oranleed/f101/f101_coll.srf user/oranleed/f101/f101_cockpit.srf user/oranleed/f101/f101c_coarse.dnm
user/oranleed/f101/f101h.dat user/oranleed/f101/f101h.dnm user/oranleed/f101/f101_coll.srf user/oranleed/f101/f101_cockpit.srf user/oranleed/f101/f101h_coarse.dnm
User/oranleed/f15d/f15d.dat User/oranleed/f15d/f15d.dnm User/oranleed/f15d/f15coll.srf User/oranleed/f15d/f15dcockpit.srf User/oranleed/f15d/f15d_coarse.dnm
User/oranleed/a7k/a7k.dat User/oranleed/a7k/a7k.dnm User/oranleed/a7k/a7_coll.srf User/oranleed/a7k/a7_cockpit.srf User/oranleed/a7k/a7coarse.dnm
User/oranleed/f14a/f14a.dat User/oranleed/f14a/f14a.dnm User/oranleed/f14a/f14coll.srf User/oranleed/f14a/f14acockpit.srf User/oranleed/f14a/f14acoarse.dnm
User/oranleed/f14alowv/f14a.dat User/oranleed/f14alowv/f14a.dnm User/oranleed/f14alowv/f14coll.srf User/oranleed/f14alowv/f14acockpit.srf User/oranleed/f14alowv/f14acoarse.dnm
User/oranleed/f15e/f15e.dat User/oranleed/f15e/f15e.dnm User/oranleed/f15e/f15coll.srf User/oranleed/f15e/f15ecockpit.srf User/oranleed/f15e/f15e_coarse.dnm
User/oranleed/f4e/f4e.dat User/oranleed/f4e/f4e.dnm User/oranleed/f4e/f4coll.srf User/oranleed/f4e/f4ecockpit.srf User/oranleed/f4e/f4e_coarse.dnm
User/oranleed/f4e/f4e(A).dat User/oranleed/f4e/f4e(A).dnm User/oranleed/f4e/f4coll.srf User/oranleed/f4e/f4ecockpit.srf User/oranleed/f4e/f4e_coarse.dnm
User/oranleed/su27ub/su27ub.dat User/oranleed/su27ub/su27ub.dnm User/oranleed/su27ub/su27ub_coll.srf User/oranleed/su27ub/su27ub_cockpit.srf User/oranleed/su27ub/su27ubcoarse.dnm
User/oranleed/f18d/fa18d.dat User/oranleed/f18d/fa18d.dnm User/oranleed/f18d/f18coll.srf User/oranleed/f18d/f18c_cockpit.srf User/oranleed/f18d/f18dcoarse.dnm
User/oranleed/B58A/B58A.dat User/oranleed/B58A/B58A.dnm User/oranleed/B58A/B58Acoll.srf User/oranleed/B58A/B58Acockpit.srf User/oranleed/B58A/B58Acoarse.dnm
User/oranleed/setendard/setendard.dat User/oranleed/setendard/setendard.dnm User/oranleed/setendard/setendardcoll.srf User/oranleed/setendard/cockpit.srf User/oranleed/setendard/setendardcoarse.dnm
User/oranleed/setendard/setendardA.dat User/oranleed/setendard/setendardA.dnm User/oranleed/setendard/setendardcoll.srf User/oranleed/setendard/cockpit.srf User/oranleed/setendard/setendardAcoarse.dnm
User/oranleed/f14anf/f14a_ocp_nf100.dat User/oranleed/f14anf/f14a_nf1002003.dnm User/oranleed/f14anf/f14coll.srf User/oranleed/f14anf/f14acockpit.srf User/oranleed/f14anf/f14acoarse.dnm
User/oranleed/f14anf/f14a_ocp_nf107.dat User/oranleed/f14anf/f14a_nf1072003.dnm User/oranleed/f14anf/f14coll.srf User/oranleed/f14anf/f14acockpit.srf User/oranleed/f14anf/f14acoarse.dnm
user/oranleed/B-2A/B-2A.dat user/oranleed/B-2A/B-2A.dnm user/oranleed/B-2A/B-2A_coll.srf user/oranleed/B-2A/B-2Acockpit.srf user/oranleed/B-2A/B-2A_coarse.dnm
User/oranleed/A1h/A1H.dat User/oranleed/A1h/A1H.dnm User/oranleed/A1h/A1Hcoll.srf User/oranleed/A1h/A1Hpanelcockpit.srf User/oranleed/A1h/A1Hcoarse.dnm
User/oranleed/A1h/A1Hcmg.dat User/oranleed/A1h/A1Hcmg.dnm User/oranleed/A1h/A1Hcoll.srf User/oranleed/A1h/A1Hcockpit.srf User/oranleed/A1h/A1Hcmgcoarse.dnm
user/oranleed/B-1/B-1B_MID.dat user/oranleed/B-1/B-1B_MID.dnm user/oranleed/B-1/B-1_coll.srf user/oranleed/B-1/B-1_cockpit_M.srf user/oranleed/B-1/B-1B_coarse.dnm
User/oranleed/cf105/cf105.dat User/oranleed/cf105/cf105.dnm User/oranleed/cf105/cf105coll.srf User/oranleed/cf105/cf105cockpit.srf User/oranleed/cf105/cf105coarse.dnm
user/oranleed/mig15/mig15bis(usr).dat user/oranleed/mig15/mig15bis(usr).dnm user/oranleed/mig15/mig15coll.srf user/oranleed/mig15/mig15usrcockpit.srf user/oranleed/mig15/mig15usrcoarse.dnm
user/oranleed/mig15/mig15bis(nk).dat user/oranleed/mig15/mig15bis(nk).dnm user/oranleed/mig15/mig15coll.srf user/oranleed/mig15/mig15nkcockpit.srf user/oranleed/mig15/mig15nkcoarse.dnm
User/oranleed/a10/a10aGR.dat User/oranleed/a10/a10aGR.dnm User/oranleed/a10/a10coll.srf User/oranleed/a10/a10cockpit.srf User/oranleed/a10/a10GRcoarse.dnm
User/oranleed/a10/a10aBG.dat User/oranleed/a10/a10aBG.dnm User/oranleed/a10/a10coll.srf User/oranleed/a10/a10cockpit.srf User/oranleed/a10/a10BGcoarse.dnm
User/oranleed/B-52/B-52H(MID).dat User/oranleed/B-52/B-52H(MID).dnm User/oranleed/B-52/B-52H_coll.srf User/oranleed/B-52/B-52H(MID)_cockpit.dnm User/oranleed/B-52/B-52H_coarse.dnm
User/oranleed/Harrier-2-Plus/AV-8B-plus.dat User/oranleed/Harrier-2-Plus/AV-8B-plus.dnm User/oranleed/Harrier-2-Plus/coll.srf User/oranleed/Harrier-2-Plus/cockpit.srf User/oranleed/Harrier-2-Plus/coarse.dnm
User/oranleed/F50/F50ME.dat User/oranleed/F50/F50ME.dnm User/oranleed/F50/F50coll.srf User/oranleed/F50/F50cockpit.srf User/oranleed/F50/F50MEcoarse.dnm
User/oranleed/C17/C17.dat User/oranleed/C17/C17.dnm User/oranleed/C17/C17coll.srf User/oranleed/C17/C17cockpit.srf User/oranleed/C17/C17coarse.dnm
user/oranleed/f5/f5e.dat user/oranleed/f5/f5e.dnm user/oranleed/f5/f5ecoll.srf user/oranleed/f5/f5eccockpit.srf user/oranleed/f5/f5ecoarse.dnm
user/oranleed/f5/f5f.dat user/oranleed/f5/f5f.dnm user/oranleed/f5/f5fcoll.srf user/oranleed/f5/f5fccockpit.srf user/oranleed/f5/f5fcoarse.dnm
User/oranleed/EA6B/EA6Bhv.dat User/oranleed/EA6B/EA6Bhv.dnm User/oranleed/EA6B/EA6Bcoll.srf User/oranleed/EA6B/EA6Bcockpit.srf User/oranleed/EA6B/EA6Bhvcoarse.dnm
User/oranleed/EA6B/EA6Blv.dat User/oranleed/EA6B/EA6Blv.dnm User/oranleed/EA6B/EA6Bcoll.srf User/oranleed/EA6B/EA6Bcockpit.srf User/oranleed/EA6B/EA6Blvcoarse.dnm
User/oranleed/s51/s51.dat User/oranleed/s51/s51.dnm User/oranleed/s51/s51coll.srf User/oranleed/s51/s51cockpit.srf User/oranleed/s51/s51coarse.dnm
User/oranleed/s51/ws51.dat User/oranleed/s51/ws51.dnm User/oranleed/s51/s51coll.srf User/oranleed/s51/s51cockpit.srf User/oranleed/s51/ws51coarse.dnm
User/oranleed/s51/s51uscg.dat User/oranleed/s51/s51uscg.dnm User/oranleed/s51/s51coll.srf User/oranleed/s51/s51cockpit.srf User/oranleed/s51/s51uscgcoarse.dnm
User/oranleed/H21/H21B.dat User/oranleed/H21/H21B.dnm User/oranleed/H21/H21coll.srf User/oranleed/H21/H21cockpit.srf User/oranleed/H21/H21Bcoarse.dnm
User/oranleed/H21/H21C.dat User/oranleed/H21/H21C.dnm User/oranleed/H21/H21coll.srf User/oranleed/H21/H21cockpit.srf User/oranleed/H21/H21Ccoarse.dnm
User/oranleed/H21/CH21B.dat User/oranleed/H21/CH21B.dnm User/oranleed/H21/H21coll.srf User/oranleed/H21/H21cockpit.srf User/oranleed/H21/CH21Bcoarse.dnm
User/oranleed/vulcan/vulcan.dat User/oranleed/vulcan/vulcan.dnm User/oranleed/vulcan/vulcan-coll.srf User/oranleed/vulcan/vulcan-ckpt.srf User/oranleed/vulcan/vulcan-cors.dnm
User/oranleed/rafale/rafaleMpro.dat User/oranleed/rafale/rafaleMpro.dnm User/oranleed/rafale/rafalecoll.srf User/oranleed/rafale/rafalecockpit.srf 
User/oranleed/rafale/rafaleM.dat User/oranleed/rafale/rafaleM.dnm User/oranleed/rafale/rafalecoll.srf User/oranleed/rafale/rafalecockpit.srf 
User/oranleed/rafale/rafaleC.dat User/oranleed/rafale/rafaleC.dnm User/oranleed/rafale/rafalecoll.srf User/oranleed/rafale/rafalecockpit.srf 
User/oranleed/mirage3/mirage3c.dat User/oranleed/mirage3/mirage3c.dnm User/oranleed/mirage3/mirage3coll.srf User/oranleed/mirage3/mirage3cockpit.srf User/oranleed/mirage3/mirage3Ccoarse.dnm
User/oranleed/mirage3/mirage3e.dat User/oranleed/mirage3/mirage3e.dnm User/oranleed/mirage3/mirage3coll.srf User/oranleed/mirage3/mirage3cockpit.srf User/oranleed/mirage3/mirage3Ecoarse.dnm
User/oranleed/MIG25/mig25p.dat User/oranleed/MIG25/mig25p.dnm User/oranleed/MIG25/mig25pcoll.srf User/oranleed/MIG25/mig25pcockpit.srf User/oranleed/MIG25/mig25pcoarse.dnm
User/oranleed/F102/f102xAMG.dat User/oranleed/F102/f102xAMG.dnm User/oranleed/F102/f102coll.srf User/oranleed/F102/f102cockpit.srf User/oranleed/F102/f102xAMGcoarse.dnm
User/oranleed/F102/f102xFC.dat User/oranleed/F102/f102xFC.dnm User/oranleed/F102/f102coll.srf User/oranleed/F102/f102cockpit.srf User/oranleed/F102/f102xFCcoarse.dnm
User/oranleed/F102/f102xxPSV.dat User/oranleed/F102/f102xxPSV.dnm User/oranleed/F102/f102coll.srf User/oranleed/F102/f102cockpit.srf User/oranleed/F102/f102xxPSVcoarse.dnm
User/oranleed/mig17/mig17a.dat User/oranleed/mig17/mig17a.dnm User/oranleed/mig17/mig17coll.srf User/oranleed/mig17/mig17cockpit.srf User/oranleed/mig17/mig17acoarse.dnm
User/oranleed/mig17/mig17c.dat User/oranleed/mig17/mig17c.dnm User/oranleed/mig17/mig17coll.srf User/oranleed/mig17/mig17cockpit.srf User/oranleed/mig17/mig17ccoarse.dnm
User/oranleed/mig19/mig19sf.dat User/oranleed/mig19/mig19sf.dnm User/oranleed/mig19/mig19coll.srf User/oranleed/mig19/mig19cockpit.srf User/oranleed/mig19/mig19scoarse.dnm
User/oranleed/mig19/mig19pt.dat User/oranleed/mig19/mig19pt.dnm User/oranleed/mig19/mig19coll.srf User/oranleed/mig19/mig19cockpit.srf User/oranleed/mig19/mig19pcoarse.dnm
User/oranleed/mig19/mig19pm.dat User/oranleed/mig19/mig19pm.dnm User/oranleed/mig19/mig19coll.srf User/oranleed/mig19/mig19cockpit.srf User/oranleed/mig19/mig19pcoarse.dnm
User/oranleed/mig19/f6.dat User/oranleed/mig19/f6.dnm User/oranleed/mig19/mig19coll.srf User/oranleed/mig19/mig19cockpit.srf User/oranleed/mig19/f6coarse.dnm
User/oranleed/mig19/f6cmg.dat User/oranleed/mig19/f6cmg.dnm User/oranleed/mig19/mig19coll.srf User/oranleed/mig19/mig19cockpit.srf
User/oranleed/mig19/j6.dat User/oranleed/mig19/j6.dnm User/oranleed/mig19/mig19coll.srf User/oranleed/mig19/mig19cockpit.srf User/oranleed/mig19/j6coarse.dnm
User/oranleed/yak141/yak141.dat User/oranleed/yak141/yak141.dnm User/oranleed/yak141/yak141coll.srf User/oranleed/yak141/yak141cockpit.srf User/oranleed/yak141/yak141coarse.dnm
User/oranleed/yak141/yak41m75.dat User/oranleed/yak141/yak41m75.dnm User/oranleed/yak141/yak141coll.srf User/oranleed/yak141/yak141cockpit.srf User/oranleed/yak141/yak41m75coarse.dnm
User/oranleed/yak141/yak41m77.dat User/oranleed/yak141/yak41m77.dnm User/oranleed/yak141/yak141coll.srf User/oranleed/yak141/yak141cockpit.srf User/oranleed/yak141/yak41m77coarse.dnm
User/oranleed/yak28/yak28I.dat User/oranleed/yak28/yak28I.dnm User/oranleed/yak28/yak28coll.srf User/oranleed/yak28/yak28cockpit.srf User/oranleed/yak28/yak28Rcoarse.dnm
User/oranleed/yak28/yak28R.dat User/oranleed/yak28/yak28R.dnm User/oranleed/yak28/yak28coll.srf User/oranleed/yak28/yak28cockpit.srf User/oranleed/yak28/yak28Rcoarse.dnm
User/oranleed/yak28/yak28PP.dat User/oranleed/yak28/yak28PP.dnm User/oranleed/yak28/yak28coll.srf User/oranleed/yak28/yak28cockpit.srf User/oranleed/yak28/yak28PPcoarse.dnm
User/oranleed/yak28/yak28PPcmg.dat User/oranleed/yak28/yak28PPcmg.dnm User/oranleed/yak28/yak28coll.srf User/oranleed/yak28/yak28cockpit.srf User/oranleed/yak28/yak28PPcmgcoarse.dnm
User/oranleed/yak28/yak28P.dat User/oranleed/yak28/yak28P.dnm User/oranleed/yak28/yak28coll.srf User/oranleed/yak28/yak28cockpit.srf User/oranleed/yak28/yak28Pcoarse.dnm
