user/oranleed/96/type96.dat user/oranleed/96/type96.dnm user/oranleed/96/type96fcl.srf user/oranleed/96/openck.srf user/oranleed/96/type96fco.srf
User/oranleed/97/97.dat User/oranleed/97/97.dnm User/oranleed/97/97coll.srf User/oranleed/97/97cockpit.srf User/oranleed/97/97coarse.dnm
user/oranleed/D3A1(99)/99a.dat user/oranleed/D3A1(99)/99a.dnm user/oranleed/D3A1(99)/99coll.srf user/oranleed/D3A1(99)/99cockpit.srf user/oranleed/D3A1(99)/99coarse.dnm
user/oranleed/0suikan/0suikan.dat user/oranleed/0suikan/0suikan.dnm user/oranleed/0suikan/0suikancoll.srf user/oranleed/0suikan/0suikancockpit.srf user/oranleed/0suikan/0suikancoarse.dnm
user/oranleed/0suitei/0suitei-g.dat user/oranleed/0suitei/0suitei-g.dnm user/oranleed/0suitei/0suiteicoll.srf user/oranleed/0suitei/0suiteicockpit.srf user/oranleed/0suitei/0suitei-gcoarse.dnm
user/oranleed/0suitei/0suitei-r.dat user/oranleed/0suitei/0suitei-r.dnm user/oranleed/0suitei/0suiteicoll.srf user/oranleed/0suitei/0suiteicockpit.srf user/oranleed/0suitei/0suitei-rcoarse.dnm
user/oranleed/reisen/reisen21.dat user/oranleed/reisen/reisen21.dnm user/oranleed/reisen/21coll.srf user/oranleed/reisen/reisencockpit.srf user/oranleed/reisen/21coarse.dnm
user/oranleed/1siki-rk/1siki-rk.dat user/oranleed/1siki-rk/1siki-rk.dnm user/oranleed/1siki-rk/1siki-rkcoll.srf user/oranleed/1siki-rk/1siki-rkcockpit.srf user/oranleed/1siki-rk/1siki-rkcoarse.dnm
user/oranleed/flt2/flt2.dat user/oranleed/flt2/flt2.dnm user/oranleed/flt2/flt2coll.srf user/oranleed/flt2/flt2cockpit.srf user/oranleed/flt2/flt2coarse.dnm
user/oranleed/flt2/flt2green.dat user/oranleed/flt2/flt2green.dnm user/oranleed/flt2/flt2coll.srf user/oranleed/flt2/flt2cockpit.srf user/oranleed/flt2/flt2greencoarse.dnm
user/oranleed/2sikidaitei/2sikidaitei.dat user/oranleed/2sikidaitei/2sikidaitei.dnm user/oranleed/2sikidaitei/2sikidaiteicoll.srf user/oranleed/2sikidaitei/2sikidaiteicockpit.srf user/oranleed/2sikidaitei/2sikicoarse.dnm
user/oranleed/reisen/reisen32.dat user/oranleed/reisen/reisen32.dnm user/oranleed/reisen/32coll.srf user/oranleed/reisen/reisencockpit.srf user/oranleed/reisen/32coarse.dnm
user/oranleed/reisen/reisen22.dat user/oranleed/reisen/reisen22.dnm user/oranleed/reisen/21coll.srf user/oranleed/reisen/reisencockpit.srf user/oranleed/reisen/22coarse.dnm
user/oranleed/reisen/reisen22m.dat user/oranleed/reisen/reisen22m.dnm user/oranleed/reisen/21coll.srf user/oranleed/reisen/reisencockpit.srf user/oranleed/reisen/22mcoarse.dnm
User/oranleed/tenzan/tenzan(T).dat User/oranleed/tenzan/tenzan.dnm User/oranleed/tenzan/tenzancoll.srf User/oranleed/tenzan/tenzancockpit.srf User/oranleed/tenzan/tenzancoarse.dnm
User/oranleed/tenzan/tenzan(B).dat User/oranleed/tenzan/tenzanB.dnm User/oranleed/tenzan/tenzancoll.srf User/oranleed/tenzan/tenzancockpit.srf User/oranleed/tenzan/tenzancoarse.dnm
user/oranleed/reisen/reisen52.dat user/oranleed/reisen/reisen52.dnm user/oranleed/reisen/52coll.srf user/oranleed/reisen/reisencockpit.srf user/oranleed/reisen/52coarse.dnm
user/oranleed/kyoufu/kyoufu11.dat user/oranleed/kyoufu/kyoufu11.dnm user/oranleed/kyoufu/kyoufu11coll.srf user/oranleed/kyoufu/kyoufu11cockpit.srf user/oranleed/kyoufu/kyoufu11coarse.dnm
user/oranleed/kyoufu/kyoufu01.dat user/oranleed/kyoufu/kyoufu01.dnm user/oranleed/kyoufu/kyoufu11coll.srf user/oranleed/kyoufu/kyoufu11cockpit.srf user/oranleed/kyoufu/kyoufu01coarse.dnm
user/oranleed/raiden21/raiden21.dat user/oranleed/raiden21/raiden21.dnm user/oranleed/raiden21/raiden21coll.srf user/oranleed/raiden21/raiden21cockpit.srf user/oranleed/raiden21/raiden21coarse.dnm
user/oranleed/raiden21/raiden21th.dat user/oranleed/raiden21/raiden21th.dnm user/oranleed/raiden21/raiden21coll.srf user/oranleed/raiden21/raiden21cockpit.srf user/oranleed/raiden21/raiden21thcoarse.dnm
user/oranleed/siden11/siden11.dat user/oranleed/siden11/siden11.dnm user/oranleed/siden11/siden11coll.srf user/oranleed/siden11/siden11cockpit.srf user/oranleed/siden11/siden11coarse.dnm
user/oranleed/shiden21/shiden21.dat user/oranleed/shiden21/shiden21.dnm user/oranleed/shiden21/shiden21coll.srf user/oranleed/shiden21/shiden21cockpit.srf user/oranleed/shiden21/shiden21coarse.dnm
user/oranleed/seiran/seiran.dat user/oranleed/seiran/seiran.dnm user/oranleed/seiran/seirancoll.srf user/oranleed/seiran/seirancockpit.srf user/oranleed/seiran/seirancoarse.dnm
user/oranleed/shinden/shinden.dat user/oranleed/shinden/shinden.dnm user/oranleed/shinden/shindencoll.srf user/oranleed/shinden/shindencockpit.srf user/oranleed/shinden/shindencoarse.dnm
user/oranleed/ki43/type1f.dat user/oranleed/ki43/type1f.dnm user/oranleed/ki43/type1fcl.srf user/oranleed/ki43/type1fck.srf user/oranleed/ki43/type1fcoar.dnm
user/oranleed/shyoki/shyoki.dat user/oranleed/shyoki/shyoki.dnm user/oranleed/shyoki/shyokicoll.srf user/oranleed/shyoki/shyokicockpit.srf user/oranleed/shyoki/shyokicoarse.dnm
user/oranleed/hien/hien.dat user/oranleed/hien/hien.dnm user/oranleed/hien/hiencoll.srf user/oranleed/hien/hiencockpit.srf user/oranleed/hien/hiencoarse.dnm
user/oranleed/hayate/hayate.dat user/oranleed/hayate/hayate.dnm user/oranleed/hayate/hayatecoll.srf user/oranleed/hayate/hayatecockpit.srf user/oranleed/hayate/hayate-coa.dnm
user/oranleed/hayate/dk_hayate1.dat user/oranleed/hayate/dk_hayate1.dnm user/oranleed/hayate/dk_hayatecoll.srf user/oranleed/hayate/dk_hayatecockpit.srf user/oranleed/hayate/dk_hayatecoarse1.dnm
user/oranleed/hayate/dk_hayate2.dat user/oranleed/hayate/dk_hayate2.dnm user/oranleed/hayate/dk_hayatecoll.srf user/oranleed/hayate/dk_hayatecockpit.srf user/oranleed/hayate/dk_hayatecoarse2.dnm
user/oranleed/hayate/dk_hayate3.dat user/oranleed/hayate/dk_hayate3.dnm user/oranleed/hayate/dk_hayatecoll.srf user/oranleed/hayate/dk_hayatecockpit.srf user/oranleed/hayate/dk_hayatecoarse3.dnm
user/oranleed/type5/type5.dat user/oranleed/type5/type5.dnm user/oranleed/type5/type5coll.srf user/oranleed/type5/type5cockpit.srf user/oranleed/type5/type5-coa.dnm
user/oranleed/100tei/100tei3otu.dat user/oranleed/100tei/100tei3otu.dnm user/oranleed/100tei/100coll.srf user/oranleed/100tei/100cockpit.srf user/oranleed/100tei/100kcoarse.dnm
user/oranleed/100tei/100tei3kou.dat user/oranleed/100tei/100tei3kou.dnm user/oranleed/100tei/100coll.srf user/oranleed/100tei/100cockpit.srf user/oranleed/100tei/100coarse.dnm
user/oranleed/ki83/ki83.dat user/oranleed/ki83/ki83.dnm user/oranleed/ki83/ki83coll.srf user/oranleed/ki83/ki83cockpit.srf user/oranleed/ki83/ki83coarse.dnm
user/oranleed/p38j/p38j.dat user/oranleed/p38j/p38j.dnm user/oranleed/p38j/p38coll.srf user/oranleed/p38j/p38jcockpit.srf user/oranleed/p38j/p38jcoarse.dnm
user/oranleed/p38j/p38j(cmg).dat user/oranleed/p38j/p38j(cmg).dnm user/oranleed/p38j/p38coll.srf user/oranleed/p38j/p38jcockpit.srf user/oranleed/p38j/p38j(cmg)coarse.dnm
user/oranleed/p38j/p38j(sl).dat user/oranleed/p38j/p38j(sl).dnm user/oranleed/p38j/p38coll.srf user/oranleed/p38j/p38jcockpit.srf user/oranleed/p38j/p38j(sl)coarse.dnm
user/oranleed/p39/p39.dat user/oranleed/p39/p39.dnm user/oranleed/p39/p39coll.srf user/oranleed/p39/p39cockpit.srf user/oranleed/p39/p39coarse.dnm
user/oranleed/p40/p40.dat user/oranleed/p40/p40.dnm user/oranleed/p40/p40coll.srf user/oranleed/p40/p40cockpit.srf user/oranleed/p40/p40coarse.dnm
user/oranleed/SBD/sbd.dat user/oranleed/SBD/sbd.dnm user/oranleed/SBD/sbdcl.srf user/oranleed/SBD/sbdcpt.srf
user/oranleed/f2a/f2a-bl.dat user/oranleed/f2a/f2a-bl.dnm user/oranleed/f2a/f2acoll.srf user/oranleed/f2a/f2acockpit.srf user/oranleed/f2a/f2abcoarse.dnm
user/oranleed/f2a/f2a-yel.dat user/oranleed/f2a/f2a-yel.dnm user/oranleed/f2a/f2acoll.srf user/oranleed/f2a/f2acockpit.srf user/oranleed/f2a/f2aycoarse.dnm
User/oranleed/F4F-3B/Dynamix.cfg User/oranleed/F4F-3B/Main_Models/Model_Combat.dnm User/oranleed/F4F-3B/Other_Models/Collide.srf User/oranleed/F4F-3B/Other_Models/CrossHair.srf User/oranleed/F4F-3B/Other_Models/Distant_Visual.srf
User/oranleed/F4F-3P/Dynamix.cfg User/oranleed/F4F-3P/Main_Models/Model_Combat.dnm User/oranleed/F4F-3P/Other_Models/Collide.srf User/oranleed/F4F-3P/Other_Models/CrossHair.srf User/oranleed/F4F-3P/Other_Models/Distant_Visual.srf
User/oranleed/F4F-4P/Dynamix.cfg User/oranleed/F4F-4P/Main_Models/Model_Combat.dnm User/oranleed/F4F-4P/Other_Models/Collide.srf User/oranleed/F4F-4P/Other_Models/CrossHair.srf User/oranleed/F4F-4P/Other_Models/Distant_Visual.srf
User/oranleed/F4F-4T/Dynamix.cfg User/oranleed/F4F-4T/Main_Models/Model_Combat.dnm User/oranleed/F4F-4T/Other_Models/Collide.srf User/oranleed/F4F-4T/Other_Models/CrossHair.srf User/oranleed/F4F-4T/Other_Models/Distant_Visual.srf
User/oranleed/FM-1A/Dynamix.cfg User/oranleed/FM-1A/Main_Models/Model_Combat.dnm User/oranleed/FM-1A/Other_Models/Collide.srf User/oranleed/FM-1A/Other_Models/CrossHair.srf User/oranleed/FM-1A/Other_Models/Distant_Visual.srf
User/oranleed/FM-2S/Dynamix.cfg User/oranleed/FM-2S/Main_Models/Model_Combat.dnm User/oranleed/FM-2S/Other_Models/Collide.srf User/oranleed/FM-2S/Other_Models/CrossHair.srf User/oranleed/FM-2S/Other_Models/Distant_Visual.srf
User/oranleed/Martlet3S/Dynamix.cfg User/oranleed/Martlet3S/Main_Models/Model_Combat.dnm User/oranleed/Martlet3S/Other_Models/Collide.srf User/oranleed/Martlet3S/Other_Models/CrossHair.srf User/oranleed/Martlet3S/Other_Models/Distant_Visual.srf
User/oranleed/Martlet_VN/Dynamix.cfg User/oranleed/Martlet_VN/Main_Models/Model_Combat.dnm User/oranleed/Martlet_VN/Other_Models/Collide.srf User/oranleed/Martlet_VN/Other_Models/CrossHair.srf User/oranleed/Martlet_VN/Other_Models/Distant_Visual.srf
User/oranleed/Martlet_VD/Dynamix.cfg User/oranleed/Martlet_VD/Main_Models/Model_Combat.dnm User/oranleed/Martlet_VD/Other_Models/Collide.srf User/oranleed/Martlet_VD/Other_Models/CrossHair.srf User/oranleed/Martlet_VD/Other_Models/Distant_Visual.srf
user/oranleed/f6f5/f6f5n.dat user/oranleed/f6f5/f6f5n.dnm user/oranleed/f6f5/f6fcoll.srf user/oranleed/f6f5/f6fcockpit.srf user/oranleed/f6f5/f6f5ncoarse.dnm
user/oranleed/f6f5/f6f5(cmg).dat user/oranleed/f6f5/f6f5(cmg).dnm user/oranleed/f6f5/f6fcoll.srf user/oranleed/f6f5/f6fcockpit.srf user/oranleed/f6f5/f6f5(cmg)coarse.dnm
user/oranleed/f4u/f4u1.dat user/oranleed/f4u/f4u1.dnm user/oranleed/f4u/f4ucoll1.srf user/oranleed/f4u/f4ucockpit1.srf user/oranleed/f4u/f4u1coarse.dnm
user/oranleed/f4u/f4u1a.dat user/oranleed/f4u/f4u1a.dnm user/oranleed/f4u/f4ucoll1.srf user/oranleed/f4u/f4ucockpit2.srf user/oranleed/f4u/f4u1acoarse.dnm
user/oranleed/f4u/f4u4.dat user/oranleed/f4u/f4u4.dnm user/oranleed/f4u/f4ucoll1.srf user/oranleed/f4u/f4ucockpit2.srf user/oranleed/f4u/f4u4coarse.dnm
user/oranleed/f4u/f4u5.dat user/oranleed/f4u/f4u5.dnm user/oranleed/f4u/f4ucoll2.srf user/oranleed/f4u/f4ucockpit2.srf user/oranleed/f4u/f4u5coarse.dnm
user/oranleed/f4u/f4u5n.dat user/oranleed/f4u/f4u5n.dnm user/oranleed/f4u/f4ucoll2.srf user/oranleed/f4u/f4ucockpit2.srf user/oranleed/f4u/f4u5ncoarse.dnm
user/oranleed/p51d/p51d.dat user/oranleed/p51d/p51d.dnm user/oranleed/p51d/p51dcoll.srf user/oranleed/p51d/p51dcockpit.srf user/oranleed/p51d/p51dcoarse.dnm
user/oranleed/b29sf/b29.dat user/oranleed/b29sf/b29.dnm user/oranleed/b29sf/b29coll.srf user/oranleed/b29sf/b29cockpit.srf user/oranleed/b29sf/b29coarse.dnm
user/oranleed/xp55/xp55.dat user/oranleed/xp55/xp55.dnm user/oranleed/xp55/xp55coll.srf user/oranleed/xp55/xp55cockpit.srf user/oranleed/xp55/xp55coarse.dnm
user/oranleed/F7F/f7f.dat user/oranleed/F7F/f7f.dnm user/oranleed/F7F/f7fcoll.srf user/oranleed/F7F/f7fcockpit.srf user/oranleed/F7F/f7fcoarse.dnm
user/oranleed/F8F/f8f.dat user/oranleed/F8F/f8f.dnm user/oranleed/F8F/f8fcoll.srf user/oranleed/F8F/f8fcockpit.srf user/oranleed/F8F/f8fcoarse.dnm
User/oranleed/Swordfish/SwordfishA.dat User/oranleed/Swordfish/SwordfishA.dnm User/oranleed/Swordfish/Swordfishcoll.srf User/oranleed/Swordfish/Swordfishcockpit.srf User/oranleed/Swordfish/swordfishAcoarse.dnm
User/oranleed/Swordfish/SwordfishU.dat User/oranleed/Swordfish/SwordfishU.dnm User/oranleed/Swordfish/Swordfishcoll.srf User/oranleed/Swordfish/Swordfishcockpit.srf User/oranleed/Swordfish/swordfishUcoarse.dnm
User/oranleed/Swordfish/SwordfishP.dat User/oranleed/Swordfish/SwordfishP.dnm User/oranleed/Swordfish/Swordfishcoll.srf User/oranleed/Swordfish/Swordfishcockpit.srf User/oranleed/Swordfish/swordfishPcoarse.dnm
User/oranleed/spitV/spit.dat User/oranleed/spitV/spit.dnm User/oranleed/spitV/spitcoll.srf User/oranleed/spitV/spitcockpit.srf User/oranleed/spitV/spitcoarse.dnm
User/oranleed/spitV/spitR.dat User/oranleed/spitV/spitR.dnm User/oranleed/spitV/spitcoll.srf User/oranleed/spitV/spitcockpit.srf User/oranleed/spitV/spitRcoarse.dnm
User/oranleed/spit9/spit9.dat User/oranleed/spit9/spit9.dnm User/oranleed/spit9/spitcoll.srf User/oranleed/spit9/spitcockpit.srf User/oranleed/spit9/spit9coarse.dnm
user/oranleed/spitfire/spitfire21.dat user/oranleed/spitfire/spitfire21.dnm user/oranleed/spitfire/spitfirecoll.srf user/oranleed/spitfire/spitfirecockpit.srf user/oranleed/spitfire/21coarse.dnm
user/oranleed/spitfire/spitfire22.dat user/oranleed/spitfire/spitfire22.dnm user/oranleed/spitfire/spitfirecoll.srf user/oranleed/spitfire/spitfirecockpit.srf user/oranleed/spitfire/22coarse.dnm
user/oranleed/spitfire/seafire.dat user/oranleed/spitfire/seafire.dnm user/oranleed/spitfire/spitfirecoll.srf user/oranleed/spitfire/spitfirecockpit.srf user/oranleed/spitfire/seacoarse.dnm
user/oranleed/D520/D520FR.dat user/oranleed/d520/d520.dnm user/oranleed/d520/d520_cl.srf user/oranleed/d520/d520_cpt.srf user/oranleed/d520/d520fr_cors.srf
User/oranleed/sm79/sm79i.dat User/oranleed/sm79/sm79i.dnm User/oranleed/sm79/sm79coll.srf User/oranleed/sm79/sm79cockpit.srf User/oranleed/sm79/sm79icoarse.dnm
User/oranleed/sm79/sm79s.dat User/oranleed/sm79/sm79s.dnm User/oranleed/sm79/sm79coll.srf User/oranleed/sm79/sm79cockpit.srf User/oranleed/sm79/sm79scoarse.dnm
user/oranleed/cr42/fiatcr42.dat user/oranleed/cr42/fiatcr42.dnm user/oranleed/cr42/fiatcr42_coll.srf user/oranleed/cr42/fiatcr42_cockpit.srf user/oranleed/cr42/fiatcr42coarse.dnm
User/oranleed/g50/g50.dat User/oranleed/g50/g50.dnm User/oranleed/g50/g50coll.srf User/oranleed/g50/g50cockpit.srf User/oranleed/g50/g50coarse.dnm
User/oranleed/Re2000/Re2000.dat User/oranleed/Re2000/Re2000Falco1.dnm User/oranleed/Re2000/Re2000coll.srf User/oranleed/Re2000/Re2000cockpit.srf User/oranleed/Re2000/Re2000coarse.dnm
user/oranleed/boomerang/ca13.dat user/oranleed/boomerang/ca13.dnm user/oranleed/boomerang/ca13coll.srf user/oranleed/boomerang/ca13cockpit.srf user/oranleed/boomerang/ca13coarse.dnm
User/oranleed/i15/i15bis.dat User/oranleed/i15/i15bis.dnm User/oranleed/i15/i15coll.srf User/oranleed/i15/i15cockpit.srf User/oranleed/i15/i15biscoarse.dnm
user/oranleed/I-16/I-16Ye.dat user/oranleed/I-16/I-16Ye.dnm user/oranleed/I-16/I-16_cl.srf user/oranleed/I-16/I-16_cpt.srf user/oranleed/I-16/I-16gr_cors.srf
user/oranleed/il2/il2.dat user/oranleed/il2/il2.dnm user/oranleed/il2/il2coll.srf user/oranleed/il2/il2cockpit.srf user/oranleed/il2/il2_coarse.srf
user/oranleed/il2/il2_gr.dat user/oranleed/il2/il2_gr.dnm user/oranleed/il2/il2coll.srf user/oranleed/il2/il2cockpit.srf user/oranleed/il2/il2_grcoarse.srf
user/oranleed/il2/il2_sn.dat user/oranleed/il2/il2_sn.dnm user/oranleed/il2/il2coll.srf user/oranleed/il2/il2cockpit.srf user/oranleed/il2/il2_sncoarse.srf
User/oranleed/mig3/mig3.dat User/oranleed/mig3/mig3.dnm User/oranleed/mig3/mig3coll.srf User/oranleed/mig3/mig3cockpit.srf User/oranleed/mig3/mig3coarse.dnm
User/oranleed/Yak-3/Yak-3.dat User/oranleed/Yak-3/Yak-3.dnm User/oranleed/Yak-3/Yak-3CL.srf User/oranleed/Yak-3/Yak-3CPT.srf User/oranleed/Yak-3/Yak-3DV.srf
User/oranleed/Yak-9U/Yak-9U.dat User/oranleed/Yak-9U/Yak-9U.dnm User/oranleed/Yak-9U/Yak-9UCL.srf User/oranleed/Yak-9U/Yak-9UCPT.srf User/oranleed/Yak-9U/Yak-9UDV.srf
user/oranleed/p39_r/p39_r.dat user/oranleed/p39_r/p39_r.dnm user/oranleed/p39/p39coll.srf user/oranleed/p39_r/p39cockpit.srf user/oranleed/p39_r/p39coarse_r.dnm
user/oranleed/Yak-15/Yak15.dat user/oranleed/Yak-15/Yak15.dnm user/oranleed/Yak-15/Yak15cl.srf user/oranleed/Yak-15/Yak15cpt.srf
user/oranleed/Yak-17/Yak17.dat user/oranleed/Yak-17/Yak17.dnm user/oranleed/Yak-17/Yak17cl.srf user/oranleed/Yak-17/Yak17cpt.srf
User/oranleed/ju52/ju52_3mge.dat User/oranleed/ju52/ju52_3mge.dnm User/oranleed/ju52/ju52coll.srf User/oranleed/ju52/ju52cockpit.srf User/oranleed/ju52/ju52_3mgecoarse.dnm
User/oranleed/ju52/ju52_3m4ge.dat User/oranleed/ju52/ju52_3m4ge.dnm User/oranleed/ju52/ju52coll.srf User/oranleed/ju52/ju52cockpit.srf User/oranleed/ju52/ju52_3m4gecoarse.dnm
user/oranleed/ju87/ju87d.dat user/oranleed/ju87/ju87d.dnm user/oranleed/ju87/ju87coll.srf user/oranleed/ju87/ju87cockpit.srf user/oranleed/ju87/ju87dcoarse.dnm
user/oranleed/ju87/ju87g.dat user/oranleed/ju87/ju87g.dnm user/oranleed/ju87/ju87coll.srf user/oranleed/ju87/ju87cockpit.srf user/oranleed/ju87/ju87gcoarse.dnm
user/oranleed/bf110/bf110c.dat user/oranleed/bf110/bf110c.dnm user/oranleed/bf110/bf110coll.srf user/oranleed/bf110/bf110cockpit.srf user/oranleed/bf110/bf110ccoarse.dnm
user/oranleed/bf110/bf110e.dat user/oranleed/bf110/bf110e.dnm user/oranleed/bf110/bf110coll.srf user/oranleed/bf110/bf110cockpit.srf user/oranleed/bf110/bf110ecoarse.dnm
user/oranleed/bf110/bf110g.dat user/oranleed/bf110/bf110g.dnm user/oranleed/bf110/bf110coll.srf user/oranleed/bf110/bf110cockpit.srf user/oranleed/bf110/bf110gcoarse.dnm
user/oranleed/bf109/bf109g6.dat user/oranleed/bf109/bf109g6.dnm user/oranleed/bf109/bf109coll.srf user/oranleed/bf109/bf109cockpit.srf user/oranleed/bf109/bf109g6coarse.dnm
user/oranleed/bf109/bf109g10.dat user/oranleed/bf109/bf109g10.dnm user/oranleed/bf109/bf109coll.srf user/oranleed/bf109/bf109cockpit.srf user/oranleed/bf109/bf109g10coarse.dnm
user/oranleed/bf109/bf109g16.dat user/oranleed/bf109/bf109g16.dnm user/oranleed/bf109/bf109coll.srf user/oranleed/bf109/bf109cockpit.srf user/oranleed/bf109/bf109g16coarse.dnm
user/oranleed/fw190a9/fw190a9.dat user/oranleed/fw190a9/fw190a9.dnm user/oranleed/fw190a9/fw190a9coll.srf user/oranleed/fw190a9/fw190a9cockpit.srf user/oranleed/fw190a9/fw190a9coarse.dnm
user/oranleed/fw190a9/fw190a8.dat user/oranleed/fw190a9/fw190a8.dnm user/oranleed/fw190a9/fw190a9coll.srf user/oranleed/fw190a9/fw190a9cockpit.srf user/oranleed/fw190a9/fw190a9coarse.dnm
user/oranleed/fw190d9/fw190d9.dat user/oranleed/fw190d9/fw190d9.dnm user/oranleed/fw190d9/fw190d9coll.srf user/oranleed/fw190d9/fw190d9cockpit.srf user/oranleed/fw190d9/fw190d9.dnm
User/oranleed/he219/he219a0.dat User/oranleed/he219/he219a0.dnm User/oranleed/he219/he219coll.srf User/oranleed/he219/he219cockpit.srf User/oranleed/he219/he219Acoarse.dnm
User/oranleed/he219/he219a2r2.dat User/oranleed/he219/he219a2r2.dnm User/oranleed/he219/he219coll.srf User/oranleed/he219/he219cockpit.srf User/oranleed/he219/he219A2R2coarse.dnm
User/oranleed/he219/he219a7r1.dat User/oranleed/he219/he219a7r1.dnm User/oranleed/he219/he219coll.srf User/oranleed/he219/he219cockpit.srf User/oranleed/he219/he219Acoarse.dnm
User/oranleed/he219/he219a7r4.dat User/oranleed/he219/he219a7r4.dnm User/oranleed/he219/he219coll.srf User/oranleed/he219/he219cockpit.srf User/oranleed/he219/he219A7R4coarse.dnm
user/oranleed/Ta152H1/ta152h1.dat user/oranleed/Ta152H1/ta152h1.dnm user/oranleed/Ta152H1/ta152h1coll.srf user/oranleed/Ta152H1/ta152h1cockpit.srf user/oranleed/Ta152H1/ta152h1coarse.dnm
user/oranleed/me262/me262a.dat user/oranleed/me262/me262a.dnm user/oranleed/me262/me262coll.srf user/oranleed/me262/me262cockpit.srf user/oranleed/me262/me262coarse.dnm
user/oranleed/me262/me262a(cmg).dat user/oranleed/me262/me262a(cmg).dnm user/oranleed/me262/me262coll.srf user/oranleed/me262/me262cockpit.srf user/oranleed/me262/me262(cmg)coarse.dnm
user/oranleed/me262/me262b.dat user/oranleed/me262/me262b.dnm user/oranleed/me262/me262coll.srf user/oranleed/me262/me262cockpit.srf user/oranleed/me262/me262bcoarse.dnm
user/oranleed/me262/me262b(cmg).dat user/oranleed/me262/me262b(cmg).dnm user/oranleed/me262/me262coll.srf user/oranleed/me262/me262cockpit.srf user/oranleed/me262/me262b(cmg)coarse.dnm
user/oranleed/he162/he162(ylw).dat user/oranleed/he162/he162(ylw).dnm user/oranleed/he162/he162coll.srf user/oranleed/he162/he162cockpit.srf user/oranleed/he162/he162(ylw)coarse.dnm
