user/GACALP/F-14B_USABC.dat user/GACALP/F-14B_USA.dnm user/GACALP/f14cl.srf user/GACALP/f14cpt.srf
user/GACALP/F-14D_USA2T.dat user/GACALP/F-14D_USA2T.dnm user/GACALP/f14cl.srf user/GACALP/f14cpt.srf
user/GACALP/FA-18F_USA1T.dat user/GACALP/FA-18F_USA1T.dnm user/GACALP/f18ecl.srf user/GACALP/f18fcpt.srf
user/GACALP/FA-18F_USA3T.dat user/GACALP/FA-18F_USA3T.dnm user/GACALP/f18ecl.srf user/GACALP/f18fcpt.srf
user/GACALP/FA-18F_USAMT.dat user/GACALP/FA-18F_USAMT.dnm user/GACALP/f18ecl.srf user/GACALP/f18fcpt.srf
user/GACALP/F-117A_USA.dat user/GACALP/F-117A_USA.dnm user/GACALP/f117cl.srf user/GACALP/f117cpt.srf
user/GACALP/EA300SF_OP4.dat user/GACALP/EA300SF_OP4.dnm user/GACALP/ea300cl.srf user/GACALP/ea300scpt.srf
user/GACALP/EA300SA_OP4.dat user/GACALP/EA300SA_OP4.dnm user/GACALP/ea300cl.srf user/GACALP/ea300scpt.srf
user/GACALP/EA300SB_OP4.dat user/GACALP/EA300SB_OP4.dnm user/GACALP/ea300cl.srf user/GACALP/ea300scpt.srf
user/GACALP/OV-10F_OP4.dat user/GACALP/OV-10F_OP4.dnm user/GACALP/ov10cl.srf user/GACALP/ov10cpt.srf
user/GACALP/AH-6J_OP4.dat user/GACALP/AH-6J_OP4.dnm user/GACALP/h500cl.srf user/GACALP/h500cpt.srf
user/GACALP/AH-60L_OP4.dat user/GACALP/AH-60L_OP4.dnm user/GACALP/ah60cl.srf user/GACALP/uh60cpt.srf
user/GACALP/F-4E_PAT.dat user/GACALP/F-4E_PAT.dnm user/GACALP/f4cl.srf user/GACALP/f4cpt.srf
user/GACALP/BonanzaA36_PAT.dat user/GACALP/BonanzaA36_PAT.dnm user/GACALP/bonanzaa36cl.srf user/GACALP/bonanzaa36cpt.srf
user/GACALP/B206B-3S_PAT.dat user/GACALP/B206B-3S_PAT.dnm user/GACALP/oh58cl.srf user/GACALP/oh58cpt.srf
user/GACALP/B206B-3W_PAT.dat user/GACALP/B206B-3W_PAT.dnm user/GACALP/oh58cl.srf user/GACALP/oh58cpt.srf
user/GACALP/B412EP_PAT.dat user/GACALP/B412EP_PAT.dnm user/GACALP/hueyNcl.srf user/GACALP/hueyNcpt.srf
user/GACALP/TIGER-HAP_PAT.dat user/GACALP/TIGER-HAP_PAT.dnm user/GACALP/tigercl.srf user/GACALP/tigercpt.srf
user/GACALP/TAYOTO_BAN_PAT.dat user/GACALP/TAYOTO_BAN_PAT.dnm user/GACALP/technicalcl.srf 
user/GACALP/SP_BRDM-2_PAT.dat user/GACALP/SP_BRDM-2_PAT.dnm user/GACALP/brdm2cl.srf user/GACALP/null.srf
user/GACALP/APC_BTR-80A_PAT.dat user/GACALP/APC_BTR-80A_PAT.dnm user/GACALP/btr80cl.srf user/GACALP/null.srf
user/GACALP/MBT_LECLERC_PAT.dat user/GACALP/MBT_LECLERC_PAT.dnm user/GACALP/leclerccl.srf user/GACALP/null.srf
user/GACALP/F-16CJ_NL.dat user/GACALP/F-16CJ_NL.dnm user/GACALP/f16cl.srf user/GACALP/f16cpt.srf
user/GACALP/ADFX-01_SFS1.dat user/GACALP/ADFX-01_SFS1.dnm user/GACALP/adfxcl.srf user/GACALP/adfxcpt.srf
user/GACALP/ADFX-01_SFS2.dat user/GACALP/ADFX-01_SFS2.dnm user/GACALP/adfxcl.srf user/GACALP/adfxcpt.srf
user/GACALP/ADFX-01_SFS3.dat user/GACALP/ADFX-01_SFS3.dnm user/GACALP/adfxcl.srf user/GACALP/adfxcpt.srf
user/GACALP/F-14D_ER.dat user/GACALP/F-14D_ER.dnm user/GACALP/f14cl.srf user/GACALP/f14cpt.srf
user/GACALP/stiletto.dat user/GACALP/stiletto.dnm user/GACALP/stilettocl.srf user/GACALP/stilettocpt.srf
user/GACALP/MRG2000_ESCUDO.dat user/GACALP/MRG2000_ESCUDO.dnm user/GACALP/mrgcl.srf user/GACALP/mrgcpt.srf
user/GACALP/RAFALE-M_Lobo.dat user/GACALP/RAFALE-M_Lobo.dnm user/GACALP/rafalecl.srf user/GACALP/rafalecpt.srf
user/GACALP/RAFALE-M_Sombra.dat user/GACALP/RAFALE-M_Sombra.dnm user/GACALP/rafalecl.srf user/GACALP/rafalecpt.srf
user/GACALP/RAFALE-M_SpGray.dat user/GACALP/RAFALE-M_SpGray.dnm user/GACALP/rafalecl.srf user/GACALP/rafalecpt.srf
user/GACALP/Su-32FN_LANZA.dat user/GACALP/Su-32FN_LANZA.dnm user/GACALP/su32cl.srf user/GACALP/su32cpt.srf
user/GACALP/Su-32FN_SpGray.dat user/GACALP/Su-32FN_SpGray.dnm user/GACALP/su32cl.srf user/GACALP/su32cpt.srf
user/GACALP/KC-137E_SAPIN.dat user/GACALP/KC-137E_SAPIN.dnm user/GACALP/c135cl.srf user/GACALP/c135cpt.srf
user/GACALP/F-16CJ_TALLMAN.dat user/GACALP/F-16CJ_TALLMAN.dnm user/GACALP/f16cl.srf user/GACALP/f16cpt.srf
user/GACALP/F-16CJ_Metalsphere.dat user/GACALP/F-16CJ_Metalsphere.dnm user/GACALP/f16cl.srf user/GACALP/f16cpt.srf
user/GACALP/F-14D_OS.dat user/GACALP/F-14D_OS.dnm user/GACALP/f14cl.srf user/GACALP/f14cpt.srf
user/GACALP/os_xfa171.dat user/GACALP/os_xfa171.dnm user/GACALP/xfa171cl.srf user/GACALP/xfa171cpt.srf
user/GACALP/F-16CJ_UT.dat user/GACALP/F-16CJ_UT.dnm user/GACALP/f16cl.srf user/GACALP/f16cpt.srf
user/GACALP/Saeqeh_Iran.dat user/GACALP/Saeqeh_Iran.dnm user/GACALP/Saeqehcl.srf user/GACALP/f5cpt.srf
user/GACALP/F-2A_CYPHER.dat user/GACALP/F-2A_CYPHER.dnm user/GACALP/f16cl.srf user/GACALP/f16cpt.srf
user/GACALP/f18.dat user/GACALP/f18.dnm user/GACALP/f18cl.srf user/GACALP/f18cpt.srf
user/GACALP/f14.dat user/GACALP/f14.dnm user/GACALP/f14cl.srf user/GACALP/f14cpt.srf
