User/kzs/M/ASIMO/asimo.dat User/kzs/M/ASIMO/asimo.dnm User/kzs/M/ASIMO/asimocoll.srf User/kzs/M/ASIMO/asimocockpit.srf User/kzs/M/ASIMO/asimocoarse.dnm
User/kzs/M/rocketbelt/rocketbelt.dat User/kzs/M/rocketbelt/rocketbelt.dnm User/kzs/M/rocketbelt/rocketbeltcoll.srf User/kzs/M/rocketbelt/rocketbeltcockpit.srf User/kzs/M/rocketbelt/rocketbeltcoarse.dnm
User/kzs/M/RoadRacer/bike_racer_r.dat User/kzs/M/RoadRacer/bike_racer_r.dnm User/kzs/M/RoadRacer/bike_racer_coll.srf User/kzs/M/RoadRacer/bicyclecockpit.srf User/kzs/M/RoadRacer/bike_racer_r_coarse.dnm
User/kzs/M/RoadRacer/bike_racer_b.dat User/kzs/M/RoadRacer/bike_racer_b.dnm User/kzs/M/RoadRacer/bike_racer_coll.srf User/kzs/M/RoadRacer/bicyclecockpit.srf User/kzs/M/RoadRacer/bike_racer_b_coarse.dnm
User/kzs/M/RoadRacer/bike_racer_y.dat User/kzs/M/RoadRacer/bike_racer_y.dnm User/kzs/M/RoadRacer/bike_racer_coll.srf User/kzs/M/RoadRacer/bicyclecockpit.srf User/kzs/M/RoadRacer/bike_racer_y_coarse.dnm
User/kzs/M/Xmas2004/santa2004.dat User/kzs/M/Xmas2004/santa2004.dnm User/kzs/M/Xmas2004/santa2004coll.srf User/kzs/M/Xmas2004/xmascockpit.srf User/kzs/M/Xmas2004/santa2004coarse.dnm
User/kzs/M/Xmas2004/santasimo.dat User/kzs/M/Xmas2004/santasimo.dnm User/kzs/M/Xmas2004/santasimocoll.srf User/kzs/M/Xmas2004/xmascockpit.srf User/kzs/M/Xmas2004/santasimocoarse.dnm
User/kzs/M/Xmas2004/santagirl.dat User/kzs/M/Xmas2004/santagirl.dnm User/kzs/M/Xmas2004/santagirlcoll.srf User/kzs/M/Xmas2004/xmascockpit.srf User/kzs/M/Xmas2004/santagirlcoarse.dnm
User/kzs/M/Xmas2004/xmastree.dat User/kzs/M/Xmas2004/xmastree.dnm User/kzs/M/Xmas2004/xmastreecoll.srf User/kzs/M/Xmas2004/xmascockpit.srf
User/kzs/M/EXPO2005/i-unit/i-unit.dat User/kzs/M/EXPO2005/i-unit/i-unit.dnm User/kzs/M/EXPO2005/i-unit/i-unit-coll.srf User/kzs/M/EXPO2005/i-unit/null.srf User/kzs/M/EXPO2005/i-unit/i-unit-coarse.dnm
User/kzs/M/EXPO2005/i-foot/i-foot.dat User/kzs/M/EXPO2005/i-foot/i-foot.dnm User/kzs/M/EXPO2005/i-foot/i-foot-coll.srf User/kzs/M/EXPO2005/i-foot/null.srf User/kzs/M/EXPO2005/i-foot/i-foot-coarse.dnm
User/kzs/M/sidestep/tank.dat User/kzs/M/sidestep/tank.dnm User/kzs/M/sidestep/null.srf User/kzs/M/sidestep/null.srf
User/kzs/M/sidestep/michael.dat User/kzs/M/sidestep/michael.dnm User/kzs/M/sidestep/null.srf User/kzs/M/sidestep/null.srf
User/Kzs/M/Xmas2005/spdsanta.dat User/Kzs/M/Xmas2005/spdsanta.dnm User/Kzs/M/Xmas2005/spdsantacoll.srf User/Kzs/M/Xmas2005/speedercockpit.srf User/Kzs/M/Xmas2005/spdsantacoarse.dnm
User/Kzs/M/Xmas2005/santar.dat User/Kzs/M/Xmas2005/santarbirds.dnm User/Kzs/M/Xmas2005/santarcoll.srf User/Kzs/M/Xmas2005/null.srf
User/Kzs/M/balloon/ha-balloon-a.dat User/Kzs/M/balloon/ha-balloon-a.dnm User/Kzs/M/balloon/ha-ballooncoll.srf User/Kzs/M/balloon/ha-ballooncockpit.srf User/Kzs/M/balloon/ha-balloon-a-coarse.srf
User/Kzs/M/balloon/ha-balloon-b.dat User/Kzs/M/balloon/ha-balloon-b.dnm User/Kzs/M/balloon/ha-ballooncoll.srf User/Kzs/M/balloon/ha-ballooncockpit.srf User/Kzs/M/balloon/ha-balloon-b-coarse.srf
User/Kzs/M/balloon/ha-balloon-c.dat User/Kzs/M/balloon/ha-balloon-c.dnm User/Kzs/M/balloon/ha-ballooncoll.srf User/Kzs/M/balloon/ha-ballooncockpit.srf User/Kzs/M/balloon/ha-balloon-c-coarse.srf
User/Kzs/M/balloon/ha-balloon-d.dat User/Kzs/M/balloon/ha-balloon-d.dnm User/Kzs/M/balloon/ha-ballooncoll.srf User/Kzs/M/balloon/ha-ballooncockpit.srf User/Kzs/M/balloon/ha-balloon-d-coarse.srf
User/Kzs/M/VLS/firework.dat User/Kzs/M/VLS/firework.dnm User/Kzs/M/VLS/firework_coll.srf User/Kzs/M/VLS/firework_cockpit.srf
User/Kzs/M/VLS/panjandrum.dat User/Kzs/M/VLS/panjandrum.dnm User/Kzs/M/VLS/panjandrum_coll.srf User/Kzs/M/VLS/firework_cockpit.srf
User/Kzs/M/WCup2006/supporter-G.dat User/Kzs/M/WCup2006/supporter-G.dnm User/Kzs/M/WCup2006/supporter-coll.srf User/Kzs/M/WCup2006/supporter-cockpit.srf User/Kzs/M/WCup2006/supporter-G-coarse.dnm
User/Kzs/M/WCup2006/supporter-L.dat User/Kzs/M/WCup2006/supporter-L.dnm User/Kzs/M/WCup2006/supporter-coll.srf User/Kzs/M/WCup2006/supporter-cockpit.srf User/Kzs/M/WCup2006/supporter-L-coarse.dnm
User/Kzs/M/WCup2006/supporter-F.dat User/Kzs/M/WCup2006/supporter-F.dnm User/Kzs/M/WCup2006/supporter-coll.srf User/Kzs/M/WCup2006/supporter-cockpit.srf User/Kzs/M/WCup2006/supporter-F-coarse.dnm
User/Kzs/M/RC/rc-airwolf.dat User/Kzs/M/RC/rc-airwolf.dnm User/Kzs/M/RC/rc-airwolfcoll.srf User/Kzs/M/RC/rc-cockpit.srf
User/Kzs/M/RC/rc-heli.dat User/Kzs/M/RC/rc-heli.dnm User/Kzs/M/RC/rc-helicoll.srf User/Kzs/M/RC/rc-cockpit.srf
User/Kzs/M/RC/rc-plane.dat User/Kzs/M/RC/rc-plane.dnm User/Kzs/M/RC/rc-planecoll.srf User/Kzs/M/RC/rc-cockpit.srf
user/Kzs/M/MVPP-10/MVPP-10.dat user/Kzs/M/MVPP-10/MVPP-10.dnm user/Kzs/M/MVPP-10/MVPP-10_coll.srf user/Kzs/M/MVPP-10/MVPP-10_cockpit.srf user/Kzs/M/MVPP-10/MVPP-10_coarse.dnm
user/Kzs/M/MVPP-10/MVPP-10_heavy.dat user/Kzs/M/MVPP-10/MVPP-10_heavy.dnm user/Kzs/M/MVPP-10/MVPP-10_coll.srf user/Kzs/M/MVPP-10/MVPP-10_heavy_cockpit.srf user/Kzs/M/MVPP-10/MVPP-10_coarse.dnm
user/Kzs/M/tower/centrairtower.dat user/Kzs/M/tower/ctmain.dnm user/Kzs/M/tower/ctcoll.srf user/Kzs/M/tower/ctcockpit.srf user/Kzs/M/tower/ctcoarse.srf
user/Kzs/M/miko/sharman.dat user/Kzs/M/miko/sharman.dnm user/Kzs/M/miko/sharman_coll.srf user/Kzs/M/miko/sharman_cock.srf user/Kzs/M/miko/sharman_co.dnm
user/Kzs/M/miko/sharman_w.dat user/Kzs/M/miko/sharman_w.dnm user/Kzs/M/miko/sharman_coll.srf user/Kzs/M/miko/sharman_cock.srf user/Kzs/M/miko/sharman_co.dnm
