user/kuro/Hill-F-16/hill-f16.dat user/kuro/Hill-F-16/hill-f16.dnm user/kuro/Hill-F-16/f-falcon_coll.srf user/kuro/Hill-F-16/f-falcon_cock.srf

user/kuro/F22(Buck)Tanks/F-22_2Tank/f22raptor_2tanks.dat user/kuro/F22(Buck)Tanks/F-22_2Tank/f22raptor_2tanks.dnm user/kuro/F22(Buck)Tanks/F-22_2Tank/f22raptor_coll.srf user/kuro/F22(Buck)Tanks/F-22_2Tank/f22raptor_cock.srf

user/kuro/F22(Buck)Tanks/F-22_4Tank/f22raptor_4tanks.dat user/kuro/F22(Buck)Tanks/F-22_4Tank/f22raptor_4tanks.dnm user/kuro/F22(Buck)Tanks/F-22_4Tank/f22raptor_coll.srf user/kuro/F22(Buck)Tanks/F-22_4Tank/f22raptor_cock.srf

user/Kuro/F22(XLP)Tanks/F-22_2Tank/F-22A_2Tank.dat user/Kuro/F22(XLP)Tanks/F-22_2Tank/F-22A_2Tank.dnm user/Kuro/F22(XLP)Tanks/F-22_2Tank/F-22coll.srf user/Kuro/blank.srf user/Kuro/F22(XLP)Tanks/F-22_2Tank/F-22Acoarse.dnm

user/Kuro/F22(XLP)Tanks/F-22_4Tank/F-22A_4Tank.dat user/Kuro/F22(XLP)Tanks/F-22_4Tank/F-22A_4Tank.dnm user/Kuro/F22(XLP)Tanks/F-22_4Tank/F-22coll.srf user/Kuro/blank.srf user/Kuro/F22(XLP)Tanks/F-22_4Tank/F-22Acoarse.dnm


user/kuro/AKAggressors/Blue/F-16c_AK_Blue_27.dat user/kuro/AKAggressors/Blue/F-16c_AK_Blue_27.DNM user/kuro/AKAggressors/Blue/coll.srf user/kuro/AKAggressors/Blue/cock.srf user/kuro/AKAggressors/Blue/coar.DNM

user/kuro/AKAggressors/Blue/F-16c_AK_Blue_04.dat user/kuro/AKAggressors/Blue/F-16c_AK_Blue_04.DNM user/kuro/AKAggressors/Blue/coll.srf user/kuro/AKAggressors/Blue/cock.srf user/kuro/AKAggressors/Blue/coar.DNM

user/kuro/AKAggressors/Blue/F-16c_AK_Blue_69.dat user/kuro/AKAggressors/Blue/F-16c_AK_Blue_69.DNM user/kuro/AKAggressors/Blue/coll.srf user/kuro/AKAggressors/Blue/cock.srf user/kuro/AKAggressors/Blue/coar.DNM

user/kuro/AKAggressors/black/F-16c_AK_Black_14.dat user/kuro/AKAggressors/black/F-16c_AK_Black_14.DNM user/kuro/AKAggressors/black/coll.srf user/kuro/AKAggressors/black/cock.srf user/kuro/AKAggressors/black/coar.DNM

user/kuro/AKAggressors/black/F-16c_AK_Black_33.dat user/kuro/AKAggressors/black/F-16c_AK_Black_33.DNM user/kuro/AKAggressors/black/coll.srf user/kuro/AKAggressors/black/cock.srf user/kuro/AKAggressors/black/coar.DNM

user/kuro/AKAggressors/black/F-16c_AK_Black_68.dat user/kuro/AKAggressors/black/F-16c_AK_Black_68.DNM user/kuro/AKAggressors/black/coll.srf user/kuro/AKAggressors/black/cock.srf user/kuro/AKAggressors/black/coar.DNM


user/Kuro/WAAggressors/F-16c-WA-64thsquadron-Blue_27.dat user/Kuro/WAAggressors/F-16c-WA-64thsquadron-Blue_27.DNM user/Kuro/WAAggressors/coll.srf user/Kuro/WAAggressors/cock.srf user/Kuro/WAAggressors/coar.DNM

user/Kuro/WAAggressors/F-16c-WA-64thsquadron-Blue_40.dat user/Kuro/WAAggressors/F-16c-WA-64thsquadron-Blue_40.DNM user/Kuro/WAAggressors/coll.srf user/Kuro/WAAggressors/cock.srf user/Kuro/WAAggressors/coar.DNM

user/Kuro/WAAggressors/F-16c-WA-64thsquadron-Blue_51.dat user/Kuro/WAAggressors/F-16c-WA-64thsquadron-Blue_51.DNM user/Kuro/WAAggressors/coll.srf user/Kuro/WAAggressors/cock.srf user/Kuro/WAAggressors/coar.DNM

user/Kuro/WAAggressors/F-16c-WA-64thsquadron-Brown-20.dat user/Kuro/WAAggressors/F-16c-WA-64thsquadron-Brown-20.DNM user/Kuro/WAAggressors/coll.srf user/Kuro/WAAggressors/cock.srf user/Kuro/WAAggressors/coar.DNM

user/Kuro/WAAggressors/F-16c-WA-64thsquadron-Brown-72.dat user/Kuro/WAAggressors/F-16c-WA-64thsquadron-Brown-72.DNM user/Kuro/WAAggressors/coll.srf user/Kuro/WAAggressors/cock.srf user/Kuro/WAAggressors/coar.DNM

user/Kuro/WAAggressors/F-16c-WA-64thsquadron-Brown-99.dat user/Kuro/WAAggressors/F-16c-WA-64thsquadron-Brown-99.DNM user/Kuro/WAAggressors/coll.srf user/Kuro/WAAggressors/cock.srf user/Kuro/WAAggressors/coar.DNM


user/Kuro/ED_TestPilot/F-16c-ED_Chaseplane.dat user/Kuro/ED_TestPilot/F-16c-ED_Chaseplane.DNM user/Kuro/ED_TestPilot/coll.srf user/Kuro/ED_TestPilot/cock.srf user/Kuro/ED_TestPilot/coar.dnm


User\Kuro\ANG_F-16_V2\F-16c_NY_Grey.DAT User\Kuro\ANG_F-16_V2\F-16c_NY_Grey.DNM User\Kuro\ANG_F-16_V2\coll.srf User\Kuro\ANG_F-16_V2\cock.srf User\Kuro\ANG_F-16_V2\coar.dnm

User\Kuro\ANG_F-16_V2\F-16c_NY_Green.DAT User\Kuro\ANG_F-16_V2\F-16c_NY_Green.DNM User\Kuro\ANG_F-16_V2\coll.srf User\Kuro\ANG_F-16_V2\cock.srf User\Kuro\ANG_F-16_V2\coar.dnm

User\Kuro\ANG_F-16_V2\F-16c_188th_NM.DAT User\Kuro\ANG_F-16_V2\F-16c_188th_NM.DNM User\Kuro\ANG_F-16_V2\coll.srf User\Kuro\ANG_F-16_V2\cock.srf User\Kuro\ANG_F-16_V2\coar.dnm

User\Kuro\ANG_F-16_V2\F-16c_162th_AZ.DAT User\Kuro\ANG_F-16_V2\F-16c_162th_AZ.DNM User\Kuro\ANG_F-16_V2\coll.srf User\Kuro\ANG_F-16_V2\cock.srf User\Kuro\ANG_F-16_V2\coar.dnm

User\Kuro\ANG_F-16_V2\F-16c_147th_Houston.DAT User\Kuro\ANG_F-16_V2\F-16c_147th_Houston.DNM User\Kuro\ANG_F-16_V2\coll.srf User\Kuro\ANG_F-16_V2\cock.srf User\Kuro\ANG_F-16_V2\coar.dnm

User\Kuro\ANG_F-16_V2\F-16c_144th_Grey.DAT User\Kuro\ANG_F-16_V2\F-16c_144th_Grey.DNM User\Kuro\ANG_F-16_V2\coll.srf User\Kuro\ANG_F-16_V2\cock.srf User\Kuro\ANG_F-16_V2\coar.dnm

User\Kuro\ANG_F-16_V2\F-16c_144th_Black.DAT User\Kuro\ANG_F-16_V2\F-16c_144th_Black.DNM User\Kuro\ANG_F-16_V2\coll.srf User\Kuro\ANG_F-16_V2\cock.srf User\Kuro\ANG_F-16_V2\coar.dnm


user/Kuro/hillpack/Blackwidows/F-16c-421st_452_base.dat user/Kuro/hillpack/Blackwidows/F-16c-421st_452_base.dnm user/Kuro/hillpack/Blackwidows/coll.srf user/Kuro/hillpack/Blackwidows/cock.srf user/Kuro/hillpack/Blackwidows/coar.dnm

user/Kuro/hillpack/Blackwidows/F-16c-421st_477_LANTIRN.dat user/Kuro/hillpack/Blackwidows/F-16c-421st_477_LANTIRN.dnm user/Kuro/hillpack/Blackwidows/coll.srf user/Kuro/hillpack/Blackwidows/cock.srf user/Kuro/hillpack/Blackwidows/coar.dnm

user/Kuro/hillpack/Diamondbacks/F-16c-diamondbacks_419_base.dat user/Kuro/hillpack/Diamondbacks/F-16c-diamondbacks_419_base.dnm user/Kuro/hillpack/Diamondbacks/coll.srf user/Kuro/hillpack/Diamondbacks/cock.srf user/Kuro/hillpack/Diamondbacks/coar.dnm

user/Kuro/hillpack/Diamondbacks/F-16c-diamondbacks_340_LANTIRN.dat user/Kuro/hillpack/Diamondbacks/F-16c-diamondbacks_340_LANTIRN.dnm user/Kuro/hillpack/Diamondbacks/coll.srf user/Kuro/hillpack/Diamondbacks/cock.srf user/Kuro/hillpack/Diamondbacks/c.dnm

user/Kuro/hillpack/Fighting_Fujjins/F-16c-4th_725_base.dat user/Kuro/hillpack/Fighting_Fujjins/F-16c-4th_725_base.dnm user/Kuro/hillpack/Fighting_Fujjins/coll.srf user/Kuro/hillpack/Fighting_Fujjins/cock.srf user/Kuro/hillpack/Fighting_Fujjins/coar.dnm

user/Kuro/hillpack/Fighting_Fujjins/F-16c-4th_459_LANTIRN.dat user/Kuro/hillpack/Fighting_Fujjins/F-16c-4th_459_LANTIRN.dnm user/Kuro/hillpack/Fighting_Fujjins/coll.srf user/Kuro/hillpack/Fighting_Fujjins/cock.srf user/Kuro/hillpack/Fighting_Fujjins/c.dnm

user/Kuro/hillpack/Rude_Rams/F-16c-34th_422_base.dat user/Kuro/hillpack/Rude_Rams/F-16c-34th_422_base.dnm user/Kuro/hillpack/Rude_Rams/coll.srf user/Kuro/hillpack/Rude_Rams/cock.srf user/Kuro/hillpack/Rude_Rams/coar.dnm

user/Kuro/hillpack/Rude_Rams/F-16c-34th_076_LANTIRN.dat user/Kuro/hillpack/Rude_Rams/F-16c-34th_076_LANTIRN.dnm user/Kuro/hillpack/Rude_Rams/coll.srf user/Kuro/hillpack/Rude_Rams/cock.srf user/Kuro/hillpack/Rude_Rams/coar.dnm


user/Kuro/IAF/F-16c-IAF_535.dat user/Kuro/IAF/F-16c-IAF_535.dnm user/Kuro/IAF/coll.srf user/Kuro/IAF/cock.srf user/Kuro/IAF/coar.DNM

user/Kuro/IAF/F-16c-IAF_574.dat user/Kuro/IAF/F-16c-IAF_574.dnm user/Kuro/IAF/coll.srf user/Kuro/IAF/cock.srf user/Kuro/IAF/coar.DNM


user/Kuro/T-38/T-38_Beale.DAT user/Kuro/T-38/T-38_Beale.DNM user/Kuro/T-38/T38coll.srf user/Kuro/T-38/T38cockpit.srf user/Kuro/T-38/T38coarse.dnm

user/Kuro/T-38/T-38_Edwards.DAT user/Kuro/T-38/T-38_Edwards.DNM user/Kuro/T-38/T38coll.srf user/Kuro/T-38/T38cockpit.srf user/Kuro/T-38/T38coarseW.DNM

user/Kuro/T-38/T-38_NASA.DAT user/Kuro/T-38/T-38_NASA.DNM user/Kuro/T-38/T38coll.srf user/Kuro/T-38/T38cockpit.srf user/Kuro/T-38/T38coarseW.DNM

user/Kuro/T-38/T-38_Holloman.DAT user/Kuro/T-38/T-38_Holloman.DNM user/Kuro/T-38/T38coll.srf user/Kuro/T-38/T38cockpit.srf user/Kuro/T-38/T38coarse.DNM

user/Kuro/T-38/T-38_Randolph.DAT user/Kuro/T-38/T-38_Randolph.DNM user/Kuro/T-38/T38coll.srf user/Kuro/T-38/T38cockpit.srf user/Kuro/T-38/T38coarse.DNM


User\Kuro\C-17\C-17_CHARLESTON.dat User\Kuro\C-17\C-17_CHARLESTON.dnm User\Kuro\C-17\C17coll.srf User\Kuro\C-17\C17cockpit.srf User\Kuro\C-17\C17coarse.dnm

User\Kuro\C-17\C-17_DOVER.dat User\Kuro\C-17\C-17_DOVER.dnm User\Kuro\C-17\C17coll.srf User\Kuro\C-17\C17cockpit.srf User\Kuro\C-17\C17coarse.dnm

User\Kuro\C-17\C-17_EDWARDS.dat User\Kuro\C-17\C-17_EDWARDS.dnm User\Kuro\C-17\C17coll.srf User\Kuro\C-17\C17cockpit.srf User\Kuro\C-17\C17coarse.dnm

User\Kuro\C-17\C-17_ELMENDORF.dat User\Kuro\C-17\C-17_ELMENDORF.dnm User\Kuro\C-17\C17coll.srf User\Kuro\C-17\C17cockpit.srf User\Kuro\C-17\C17coarse.dnm

User\Kuro\C-17\C-17_MCCHORD.dat User\Kuro\C-17\C-17_MCCHORD.dnm User\Kuro\C-17\C17coll.srf User\Kuro\C-17\C17cockpit.srf User\Kuro\C-17\C17coarse.dnm


User/Kuro/B-52/B-52H_Camo.dat User/Kuro/B-52/B-52H_Camo.dnm User/Kuro/B-52/B-52H_coll.srf User/Kuro/B-52/B-52H_cockpit.dnm User/Kuro/B-52/B-52H_coarse.dnm

User/Kuro/B-52/B-52H_ED.dat User/Kuro/B-52/B-52H_ED.dnm User/Kuro/B-52/B-52H_coll.srf User/Kuro/B-52/B-52H_cockpit.dnm User/Kuro/B-52/B-52H_coarse.dnm

User/Kuro/B-52/B-52H_LA.dat User/Kuro/B-52/B-52H_LA.dnm User/Kuro/B-52/B-52H_coll.srf User/Kuro/B-52/B-52H_cockpit.dnm User/Kuro/B-52/B-52H_coarse.dnm

User/Kuro/B-52/B-52H_MT.dat User/Kuro/B-52/B-52H_MT.dnm User/Kuro/B-52/B-52H_coll.srf User/Kuro/B-52/B-52H_cockpit.dnm User/Kuro/B-52/B-52H_coarse.dnm

User/Kuro/B-52/B-52H_NASA.dat User/Kuro/B-52/B-52H_NASA.dnm User/Kuro/B-52/B-52H_coll.srf User/Kuro/B-52/B-52H_cockpit.dnm User/Kuro/B-52/B-52H_coarse.dnm


User\Kuro\US737\AA_737.DAT User\Kuro\US737\AA_737.DNM User\Kuro\US737\737_L_coll.srf User\Kuro\US737\737_L_cock.dnm User\Kuro\US737\737_L_coarse.dnm

User\Kuro\US737\CNA_737.dat User\Kuro\US737\CNA_737.DNM User\Kuro\US737\737_L_coll.srf User\Kuro\US737\737_L_cock.dnm User\Kuro\US737\737_L_coarse.dnm

User\Kuro\US737\Delta_737.DAT User\Kuro\US737\Delta_737.DNM User\Kuro\US737\737_L_coll.srf User\Kuro\US737\737_L_cock.dnm User\Kuro\US737\737_L_coarse.dnm

User\Kuro\US737\Southwest_737.DAT User\Kuro\US737\Southwest_737.DNM User\Kuro\US737\737_L_coll.srf User\Kuro\US737\737_L_cock.dnm User\Kuro\US737\737_L_coarse.dnm

User\Kuro\US737\Janet_737.DAT User\Kuro\US737\Janet_737.DNM User\Kuro\US737\737_S_coll.srf User\Kuro\US737\737_S_cock.dnm User\Kuro\US737\737_S_coarse.dnm

user\Kuro\Globalhawks\Globalhawk_BB.dat user\Kuro\Globalhawks\Globalhawk_BB.dnm user\Kuro\Globalhawks\Globalhawk_coll.srf  user\Kuro\Globalhawks\glob_null.srf

user\Kuro\Globalhawks\Globalhawk_ED.dat user\Kuro\Globalhawks\Globalhawk_ED.dnm user\Kuro\Globalhawks\Globalhawk_coll.srf  user\Kuro\Globalhawks\glob_null.srf

user/Kuro/F-15E/F-15e_MO.dat user/Kuro/F-15E/F-15e_MO.dnm user/Kuro/F-15E/f15_coll_h.srf user/Kuro/F-15E/f15_cock_h.srf user/Kuro/F-15E/f15ecockpit.srf

user/Kuro/F-15E/F-15e_OT.dat user/Kuro/F-15E/F-15e_OT.dnm user/Kuro/F-15E/f15_coll_h.srf user/Kuro/F-15E/f15_cock_h.srf user/Kuro/F-15E/f15ecockpit.srf

user/Kuro/F-15E/F-15e_SJ.dat user/Kuro/F-15E/F-15e_SJ.dnm user/Kuro/F-15E/f15_coll_h.srf user/Kuro/F-15E/f15_cock_h.srf user/Kuro/F-15E/f15ecockpit.srf

user/Kuro/F-15E/F-15e_WA.dat user/Kuro/F-15E/F-15e_WA.dnm user/Kuro/F-15E/f15_coll_h.srf user/Kuro/F-15E/f15_cock_h.srf user/Kuro/F-15E/f15ecockpit.srf

user/Kuro/F-22/F-22A(USAF)_AK.dat user/Kuro/F-22/F-22A(USAF)_AK.dnm user/Kuro/F-22/F-22coll.srf user/Kuro/F-22/null.srf user/Kuro/F-22/F-22A(USAF)coarse.dnm

user/Kuro/F-22/F-22A(USAF)_ED.dat user/Kuro/F-22/F-22A(USAF)_ED.dnm user/Kuro/F-22/F-22coll.srf user/Kuro/F-22/null.srf user/Kuro/F-22/F-22A(USAF)coarse.dnm

user/Kuro/F-22/F-22A(USAF)_HO.dat user/Kuro/F-22/F-22A(USAF)_HO.dnm user/Kuro/F-22/F-22coll.srf user/Kuro/F-22/null.srf user/Kuro/F-22/F-22A(USAF)coarse.dnm

user/Kuro/F-22/F-22A(USAF)_OT.dat user/Kuro/F-22/F-22A(USAF)_OT.dnm user/Kuro/F-22/F-22coll.srf user/Kuro/F-22/null.srf user/Kuro/F-22/F-22A(USAF)coarse.dnm

user/Kuro/F-22/F-22A(USAF)_TY.dat user/Kuro/F-22/F-22A(USAF)_TY.dnm user/Kuro/F-22/F-22coll.srf user/Kuro/F-22/null.srf user/Kuro/F-22/F-22A(USAF)coarse.dnm

user/Kuro/F-22/F-22A(USAF)_WA.dat user/Kuro/F-22/F-22A(USAF)_WA.dnm user/Kuro/F-22/F-22coll.srf user/Kuro/F-22/null.srf user/Kuro/F-22/F-22A(USAF)coarse.dnm

user/Kuro/B757/b757_CNA.dat user/Kuro/B757/b757_CNA.dnm user/Kuro/B757/b752cl.srf user/Kuro/B757/b752cpt.srf

user/Kuro/B757/b757_CNA_UAL.dat user/Kuro/B757/b757_CNA_UAL.dnm user/Kuro/B757/b752cl.srf user/Kuro/B757/b752cpt.srf

user/Kuro/B757/b757_Easyjet.dat user/Kuro/B757/b757_Easyjet.dnm user/Kuro/B757/b752cl.srf user/Kuro/B757/b752cpt.srf

user/Kuro/B757/b757_Israel.dat user/Kuro/B757/b757_Israel.dnm user/Kuro/B757/b752cl.srf user/Kuro/B757/b752cpt.srf

user/Kuro/B757/b757_Thomson.dat user/Kuro/B757/b757_Thomson.dnm user/Kuro/B757/b752cl.srf user/Kuro/B757/b752cpt.srf

user/Kuro/B757/b757_UPS.dat user/Kuro/B757/b757_UPS.dnm user/Kuro/B757/b752cl.srf user/Kuro/B757/b752cpt.srf

user/Kuro/B757/b757_US_Star.dat user/Kuro/B757/b757_US_Star.dnm user/Kuro/B757/b752cl.srf user/Kuro/B757/b752cpt.srf

user/Kuro/B757/b757_USAF.dat user/Kuro/B757/b757_USAF.dnm user/Kuro/B757/b752cl.srf user/Kuro/B757/b752cpt.srf

user/kuro/Viperwest_2010/F-16C_Viper_West2010.dat user/kuro/Viperwest_2010/F-16C_Viper_West2010.dnm user/kuro/Viperwest_2010/f-falcon_coll.srf user/kuro/Viperwest_2010/f-falcon_cock.srf user/kuro/Viperwest_2010/coar.dnm

user/kuro/Vipereast_2010/F-16C_Viper_East2010.dat user/kuro/ViperEast_2010/F-16C_Viper_east2010.dnm user/kuro/Vipereast_2010/f-falcon_coll.srf user/kuro/Vipereast_2010/f-falcon_cock.srf user/kuro/Vipereast_2010/coar.dnm

User/Kuro/B-1/B1_ED.dat User/Kuro/B-1/B1_ED.dnm User/Kuro/B-1/B-1_coll.srf User/Kuro/B-1/B-1_cockpit.srf User/Kuro/B-1/B-1B_co.dnm

User/Kuro/B-1/B1_EL.dat User/Kuro/B-1/B1_EL.dnm User/Kuro/B-1/B-1_coll.srf User/Kuro/B-1/B-1_cockpit.srf User/Kuro/B-1/B-1B_co.dnm

User/Kuro/B-1/B1_DY.dat User/Kuro/B-1/B1_DY.dnm User/Kuro/B-1/B-1_coll.srf User/Kuro/B-1/B-1_cockpit.srf User/Kuro/B-1/B-1B_co.dnm

User/Kuro/B-1/B1_Camo.dat User/Kuro/B-1/B1_Camo.dnm User/Kuro/B-1/B-1_coll.srf User/Kuro/B-1/B-1_cockpit.srf User/Kuro/B-1/B-1B_co.dnm

User/Kuro/pavehawk/UH-60_MY.dat User/Kuro/pavehawk/UH-60_MY.dnm User/Kuro/pavehawk/h60_coll.srf User/Kuro/pavehawk/h60_cock.srf

User/Kuro/pavehawk/UH-60_MY_tanks.dat User/Kuro/pavehawk/UH-60_MY_tanks.dnm User/Kuro/pavehawk/h60_coll.srf User/Kuro/pavehawk/h60_cock.srf

User/Kuro/pavehawk/UH-60_LN.dat User/Kuro/pavehawk/UH-60_LN.dnm User/Kuro/pavehawk/h60_coll.srf User/Kuro/pavehawk/h60_cock.srf

User/Kuro/pavehawk/UH-60_HO.dat User/Kuro/pavehawk/UH-60_HO.dnm User/Kuro/pavehawk/h60_coll.srf User/Kuro/pavehawk/h60_cock.srf

user/Kuro/b744/b744_Canada.dat user/Kuro/b744/b744_canada.dnm user/Kuro/b744/b744_pw4062_coll.srf user/Kuro/b744/744_cockpit_l.srf

user/Kuro/b744/b744_Delta_nocdu.dat user/Kuro/b744/b744_delta.dnm user/Kuro/b744/b744_pw4062_coll.srf user/Kuro/b744/744_cockpit_l.srf

user/Kuro/b744/b744_Dragon_nocdu.dat user/Kuro/b744/b744_Dragon.dnm user/Kuro/b744/b744_pw4062_coll.srf user/Kuro/b744/744_cockpit_l.srf

user/Kuro/b744/b744_France_nocdu.dat user/Kuro/b744/b744_France.dnm user/Kuro/b744/b744_pw4062_coll.srf user/Kuro/b744/744_cockpit_l.srf

user/Kuro/b744/b744_Israel_nocdu.dat user/Kuro/b744/b744_Israel.dnm user/Kuro/b744/b744_pw4062_coll.srf user/Kuro/b744/744_cockpit_l.srf

user/Kuro/b744/b744_Korean_nocdu.dat user/Kuro/b744/b744_Korean.dnm user/Kuro/b744/b744_pw4062_coll.srf user/Kuro/b744/744_cockpit_l.srf

user/Kuro/b744/b744_NWA_nocdu.dat user/Kuro/b744/b744_NWA.dnm user/Kuro/b744/b744_pw4062_coll.srf user/Kuro/b744/744_cockpit_l.srf

user/Kuro/b744/b744_Philippines_nocdu.dat user/Kuro/b744/B744_philippines.dnm user/Kuro/b744/b744_pw4062_coll.srf user/Kuro/b744/744_cockpit_l.srf

user/Kuro/b744/b744_Sing_nocdu.dat user/Kuro/b744/B744_sing.dnm user/Kuro/b744/b744_pw4062_coll.srf user/Kuro/b744/744_cockpit_l.srf

user/Kuro/b744/b744_UAL_nocdu.dat user/Kuro/b744/b744_UAL.dnm user/Kuro/b744/b744_pw4062_coll.srf user/Kuro/b744/744_cockpit_l.srf

user/Kuro/b744/b744_UPS_nocdu.dat user/Kuro/b744/b744_UPS.dnm user/Kuro/b744/b744_pw4062_coll.srf user/Kuro/b744/744_cockpit_l.srf
