user/BNIPack/tbf-1a/tbf-1a.dat user/BNIPack/tbf-1a/tbf-1a_1.dnm user/BNIPack/tbf-1a/tbf1a_coll.srf user/BNIPack/blank.srf user/BNIPack/tbf-1a/tbf1a_coar.srf
user/BNIPack/alienapc/alienapc.dat user/BNIPack/alienapc/alienapc.dnm user/BNIPack/alienapc/apc_coll.srf user/BNIPack/blank.srf
user/BNIPack/p47n/p47n.dat user/BNIPack/p47n/p47n.dnm user/BNIPack/p47n/p47_coll.srf user/BNIPack/blank.srf

user/BNIPack/saegheh/Saegheh.dat user/BNIPack/saegheh/Saegheh.dnm user/BNIPack/saegheh/Saeghehcoll.srf user/BNIPack/blank.srf
user/BNIPack/saegheh/Saegheh2.dat user/BNIPack/saegheh/Saegheh2.dnm user/BNIPack/saegheh/Saeghehcoll.srf user/BNIPack/blank.srf

user/BNIPack/aircombat/f14a.dat user/BNIPack/aircombat/f14a.dnm user/BNIPack/aircombat/f14coll.srf user/BNIPack/aircombat/f14acockpit.srf

user/BNIPack/f35c/f35c.dat user/BNIPack/f35c/f35c.dnm user/BNIPack/f35c/f35c_coll.srf user/BNIPack/blank.srf
user/BNIPack/f35c_2/f35c.dat user/BNIPack/f35c_2/f35c.dnm user/BNIPack/f35c_2/coll.srf user/BNIPack/blank.srf
user/BNIPack/f35c_2/f35c_2.dat user/BNIPack/f35c_2/f35c_2.dnm user/BNIPack/f35c_2/coll.srf user/BNIPack/blank.srf
user/BNIPack/f35c_2/f35c_3.dat user/BNIPack/f35c_2/f35c_3.dnm user/BNIPack/f35c_2/coll.srf user/BNIPack/blank.srf
user/BNIPack/f35c_2/f35e.dat user/BNIPack/f35c_2/f35e.dnm user/BNIPack/f35c_2/coll.srf user/BNIPack/blank.srf
user/BNIPack/f35c_2/f35c_08.dat user/BNIPack/f35c_2/f35c_08.dnm user/BNIPack/f35c_2/coll.srf user/BNIPack/blank.srf

user/BNIPack/f35a/f35a_1.dat user/BNIPack/f35a/f35a_1.dnm user/BNIPack/f35a/coll.srf user/BNIPack/blank.srf
user/BNIPack/f35a/f35a_2.dat user/BNIPack/f35a/f35a_2.dnm user/BNIPack/f35a/coll.srf user/BNIPack/blank.srf
user/BNIPack/f35a/f35a_3.dat user/BNIPack/f35a/f35a_3.dnm user/BNIPack/f35a/coll.srf user/BNIPack/blank.srf

user/BNIPack/f86/f86a_1.dat user/BNIPack/f86/f86a_1.dnm user/BNIPack/f86/coll.srf user/BNIPack/blank.srf
user/BNIPack/f86/f86ice.dat user/BNIPack/f86/f86ice.dnm user/BNIPack/f86/coll.srf user/BNIPack/blank.srf
user/BNIPack/f86/f86e_1.dat user/BNIPack/f86/f86e_1.dnm user/BNIPack/f86/coll.srf user/BNIPack/blank.srf
user/BNIPack/f86/sabremk4_1.dat user/BNIPack/f86/sabremk4_1.dnm user/BNIPack/f86/coll.srf user/BNIPack/blank.srf
user/BNIPack/f86/f86f_1.dat user/BNIPack/f86/f86f_1.dnm user/BNIPack/f86/coll.srf user/BNIPack/blank.srf
user/BNIPack/f86/f86blue.dat user/BNIPack/f86/f86blue.dnm user/BNIPack/f86/coll.srf user/BNIPack/blank.srf
user/BNIPack/f86/f86f40_1.dat user/BNIPack/f86/f86f40_1.dnm user/BNIPack/f86/coll.srf user/BNIPack/blank.srf

user/BNIPack/tndf3/raf_tndf3.dat user/BNIPack/tndf3/raf_tndf3.dnm user/BNIPack/tndf3/coll.srf user/BNIPack/blank.srf
user/BNIPack/tndf3/rsaf_tndids.dat user/BNIPack/tndf3/rsaf_tndids.dnm user/BNIPack/tndf3/coll.srf user/BNIPack/blank.srf
user/BNIPack/tndf3/gn_tndecr.dat user/BNIPack/tndf3/gn_tndecr.dnm user/BNIPack/tndf3/coll.srf user/BNIPack/blank.srf

user/BNIPack/gac/mig35_vvs.dat user/BNIPack/gac/mig35_vvs.dnm user/BNIPack/gac/mig35_coll.srf user/BNIPack/blank.srf
user/BNIPack/gac/su35_vvs.dat user/BNIPack/gac/su35_vvs.dnm user/BNIPack/gac/su35_coll.srf user/BNIPack/blank.srf

user/BNIPack/fa18e/s-hornet.dat user/BNIPack/fa18e/s-hornet.dnm user/BNIPack/fa18e/s-hornet_coll.srf user/BNIPack/blank.srf user/BNIPack/fa18e/coarse.srf
user/BNIPack/fa18e/vfa14.dat user/BNIPack/fa18e/vfa14.dnm user/BNIPack/fa18e/s-hornet_coll.srf user/BNIPack/blank.srf user/BNIPack/fa18e/coarse.srf
user/BNIPack/fa18e/vfa14_2.dat user/BNIPack/fa18e/vfa14_2.dnm user/BNIPack/fa18e/s-hornet_coll.srf user/BNIPack/blank.srf user/BNIPack/fa18e/coarse.srf
user/BNIPack/fa18e/vfa14_3.dat user/BNIPack/fa18e/vfa14_3.dnm user/BNIPack/fa18e/s-hornet_coll.srf user/BNIPack/blank.srf user/BNIPack/fa18e/coarse.srf
user/BNIPack/fa18e/vfa14_4.dat user/BNIPack/fa18e/vfa14_4.dnm user/BNIPack/fa18e/s-hornet_coll.srf user/BNIPack/blank.srf user/BNIPack/fa18e/coarse.srf
user/BNIPack/fa18e/vfa27.dat user/BNIPack/fa18e/vfa27.dnm user/BNIPack/fa18e/s-hornet_coll.srf user/BNIPack/blank.srf user/BNIPack/fa18e/coarse_vfa27.srf
user/BNIPack/fa18e/vfa27_2.dat user/BNIPack/fa18e/vfa27_2.dnm user/BNIPack/fa18e/s-hornet_coll.srf user/BNIPack/blank.srf user/BNIPack/fa18e/coarse_vfa27.srf
user/BNIPack/fa18e/vfa27_3.dat user/BNIPack/fa18e/vfa27_3.dnm user/BNIPack/fa18e/s-hornet_coll.srf user/BNIPack/blank.srf user/BNIPack/fa18e/coarse_vfa27.srf
user/BNIPack/fa18e/vfa27_4.dat user/BNIPack/fa18e/vfa27_4.dnm user/BNIPack/fa18e/s-hornet_coll.srf user/BNIPack/blank.srf user/BNIPack/fa18e/coarse_vfa27.srf
user/BNIPack/fa18e/vfa143.dat user/BNIPack/fa18e/vfa143.dnm user/BNIPack/fa18e/s-hornet_coll.srf user/BNIPack/blank.srf user/BNIPack/fa18e/coarse.srf
user/BNIPack/fa18e/vfa143_2.dat user/BNIPack/fa18e/vfa143_2.dnm user/BNIPack/fa18e/s-hornet_coll.srf user/BNIPack/blank.srf user/BNIPack/fa18e/coarse.srf
user/BNIPack/fa18e/vfa143_3.dat user/BNIPack/fa18e/vfa143_3.dnm user/BNIPack/fa18e/s-hornet_coll.srf user/BNIPack/blank.srf user/BNIPack/fa18e/coarse.srf
user/BNIPack/fa18e/vfa143_4.dat user/BNIPack/fa18e/vfa143_4.dnm user/BNIPack/fa18e/s-hornet_coll.srf user/BNIPack/blank.srf user/BNIPack/fa18e/coarse.srf
user/BNIPack/fa18e/vfa106.dat user/BNIPack/fa18e/vfa106.dnm user/BNIPack/fa18e/s-hornet_coll.srf user/BNIPack/blank.srf user/BNIPack/fa18e/coarse.srf
user/BNIPack/fa18e/vfa106_2.dat user/BNIPack/fa18e/vfa106_2.dnm user/BNIPack/fa18e/s-hornet_coll.srf user/BNIPack/blank.srf user/BNIPack/fa18e/coarse.srf
user/BNIPack/fa18e/vfa106_3.dat user/BNIPack/fa18e/vfa106_3.dnm user/BNIPack/fa18e/s-hornet_coll.srf user/BNIPack/blank.srf user/BNIPack/fa18e/coarse.srf
user/BNIPack/fa18e/vfa106_4.dat user/BNIPack/fa18e/vfa106_4.dnm user/BNIPack/fa18e/s-hornet_coll.srf user/BNIPack/blank.srf user/BNIPack/fa18e/coarse.srf

user/buck/buckf4u5/buckf4u5.dat user/buck/buckf4u5/buckf4u5.dnm user/buck/buckf4u5/buckf4ucoll.srf user/buck/buckf4u5/buckf4ucockpit.srf
user/buck/buckmarshsu-37/su37.dat user/buck/buckmarshsu-37/su37_aoclubsbuck.dnm user/buck/buckmarshsu-37/su37_coll.srf user/buck/buckmarshsu-37/su37_cock.srf
user/buck/mattsf16/F16CMATT.dat user/buck/mattsf16/f16C-FFMATT.dnm user/buck/mattsf16/f16MATTCOLL.srf user/buck/mattsf16/F16Ccock.srf
user/buck/27thf22/f22raptor.dat user/buck/27thf22/f22raptor.dnm user/buck/27thf22/f22raptor_coll.srf user/buck/27thf22/f22raptor_cock.srf
user/buck/f16rook/F16C_therook.dat user/buck/f16rook/therook16.dnm user/buck/f16rook/f-falcon_coll.srf user/buck/f16rook/f-falcon_cock.srf 
user/buck/redripper/fa-18superhornet.dat user/buck/redripper/fa-18superhornetREDRIPPERS.dnm user/buck/redripper/fa-18superhornet_coll.srf user/buck/redripper/fa-18superhornet_cock.srf        
user/buck/usahawk/uh60_blackhawk.dat user/buck/usahawk/uh_60Blackhawk.dnm user/buck/usahawk/h60_coll.srf user/buck/usahawk/h60_cock.srf
user/buck/non_descript/nondescript.dat user/buck/non_descript/nondescript.dnm user/buck/non_descript/nondescriptcoll.srf user/buck/non_descript/nondescriptcock.srf  
user/buck/blackknight/F-15D_blackknight.dat  user/buck/blackknight/F-15D_blackknight.dnm user/buck/blackknight/f15_coll_h.srf user/buck/blackknight/f15_cock_h.srf
user/buck/F5E/f5e.dat user/buck/F5E/f5e.dnm user/buck/F5E/f5ecoll.srf user/buck/F5E/f5ecockpit.srf
user/buck/tiefighter/tiefighter.dat  user/buck/tiefighter/tiefighter.dnm user/buck/tiefighter/tiefighter_coll.srf user/buck/tiefighter/tiefighter_cock.srf

user/iceman/a4e.dat user/iceman/a4e.dnm user/iceman/a4e_coll.srf 
user/iceman/eurofighter/ef2000.dat user/iceman/eurofighter/ef2000.dnm user/iceman/eurofighter/ef2000coll.srf user/iceman/blank.srf
user/iceman/eurofighter/ef2000_3sqn.dat user/iceman/eurofighter/ef2000_3sqn.dnm user/iceman/eurofighter/ef2000coll.srf user/iceman/blank.srf
user/iceman/eurofighter/ef2000_3sqn_1.dat user/iceman/eurofighter/ef2000_3sqn_1.dnm user/iceman/eurofighter/ef2000coll.srf user/iceman/blank.srf
user/iceman/eurofighter/ef2000_11sqn.dat user/iceman/eurofighter/ef2000_11sqn.dnm user/iceman/eurofighter/ef2000coll.srf user/iceman/blank.srf
user/iceman/eurofighter/ef2000_11sqn_1.dat user/iceman/eurofighter/ef2000_11sqn_1.dnm user/iceman/eurofighter/ef2000coll.srf user/iceman/blank.srf
user/iceman/eurofighter/ef2000_17sqn.dat user/iceman/eurofighter/ef2000_17sqn.dnm user/iceman/eurofighter/ef2000coll.srf user/iceman/blank.srf
user/iceman/eurofighter/ef2000_17sqn_1.dat user/iceman/eurofighter/ef2000_17sqn_1.dnm user/iceman/eurofighter/ef2000coll.srf user/iceman/blank.srf
user/iceman/f15dj_hk/f15dj_090.dat user/iceman/f15dj_hk/f15dj_090.dnm user/iceman/f15dj_hk/f15_coll_h.srf user/iceman/f15dj_hk/f15_cock_h.srf
user/iceman/f15dj_hk/f15dj_092.dat user/iceman/f15dj_hk/f15dj_092.dnm user/iceman/f15dj_hk/f15_coll_h.srf user/iceman/f15dj_hk/f15_cock_h.srf
user/iceman/f15dj_hk/f15dj_083.dat user/iceman/f15dj_hk/f15dj_083.dnm user/iceman/f15dj_hk/f15_coll_h.srf user/iceman/f15dj_hk/f15_cock_h.srf
user/iceman/f15dj_hk/f15dj_096.dat user/iceman/f15dj_hk/f15dj_096.dnm user/iceman/f15dj_hk/f15_coll_h.srf user/iceman/f15dj_hk/f15_cock_h.srf
user/iceman/pimp_16.dat user/iceman/pimp_16.dnm user/iceman/pimp_coll.srf
user/iceman/rk/su27p_rk.dat user/iceman/rk/su27p_rk.dnm user/iceman/rk/su27_coll.srf user/iceman/rk/su27_cock.srf user/iceman/rk/su27.srf
user/iceman/rk/su27ub_rk.dat user/iceman/rk/su27ub_rk.dnm user/iceman/rk/su27_coll.srf user/iceman/rk/su27_cock.srf user/iceman/rk/su30.srf
user/iceman/rk/su27p_rk_c.dat user/iceman/rk/su27p_rk_c.dnm user/iceman/rk/su27_coll.srf user/iceman/rk/su27_cock.srf user/iceman/rk/su27.srf
user/iceman/rk/su27ub_rk_c.dat user/iceman/rk/su27ub_rk_c.dnm user/iceman/rk/su27_coll.srf user/iceman/rk/su27_cock.srf user/iceman/rk/su30.srf
user/iceman/rk/su27p_rk_05.dat user/iceman/rk/su27p_rk_05.dnm user/iceman/rk/su27_coll.srf user/iceman/rk/su27_cock.srf user/iceman/rk/su27.srf
user/iceman/rk/su27p_rk_08.dat user/iceman/rk/su27p_rk_08.dnm user/iceman/rk/su27_coll.srf user/iceman/rk/su27_cock.srf user/iceman/rk/su27.srf
user/iceman/rk/su27p_rk_10.dat user/iceman/rk/su27p_rk_10.dnm user/iceman/rk/su27_coll.srf user/iceman/rk/su27_cock.srf user/iceman/rk/su27.srf
user/iceman/rk/su27p_rk_15.dat user/iceman/rk/su27p_rk_15.dnm user/iceman/rk/su27_coll.srf user/iceman/rk/su27_cock.srf user/iceman/rk/su27.srf
user/iceman/rk/su27ub_rk_20.dat user/iceman/rk/su27ub_rk_20.dnm user/iceman/rk/su27_coll.srf user/iceman/rk/su27_cock.srf user/iceman/rk/su30.srf
user/iceman/rk/su27ub_rk_25.dat user/iceman/rk/su27ub_rk_25.dnm user/iceman/rk/su27_coll.srf user/iceman/rk/su27_cock.srf user/iceman/rk/su30.srf
user/iceman/rk/su27p_rk_c_04.dat user/iceman/rk/su27p_rk_c_04.dnm user/iceman/rk/su27_coll.srf user/iceman/rk/su27_cock.srf user/iceman/rk/su27.srf
user/iceman/rk/su27p_rk_c_05.dat user/iceman/rk/su27p_rk_c_05.dnm user/iceman/rk/su27_coll.srf user/iceman/rk/su27_cock.srf user/iceman/rk/su27.srf
user/iceman/rk/su27p_rk_c_08.dat user/iceman/rk/su27p_rk_c_08.dnm user/iceman/rk/su27_coll.srf user/iceman/rk/su27_cock.srf user/iceman/rk/su27.srf
user/iceman/rk/su27p_rk_c_10.dat user/iceman/rk/su27p_rk_c_10.dnm user/iceman/rk/su27_coll.srf user/iceman/rk/su27_cock.srf user/iceman/rk/su27.srf
user/iceman/rk/su27p_rk_c_15.dat user/iceman/rk/su27p_rk_c_15.dnm user/iceman/rk/su27_coll.srf user/iceman/rk/su27_cock.srf user/iceman/rk/su27.srf
user/iceman/rk/su27ub_rk_c_18.dat user/iceman/rk/su27ub_rk_c_18.dnm user/iceman/rk/su27_coll.srf user/iceman/rk/su27_cock.srf user/iceman/rk/su30.srf
user/iceman/rk/su27ub_rk_c_19.dat user/iceman/rk/su27ub_rk_c_19.dnm user/iceman/rk/su27_coll.srf user/iceman/rk/su27_cock.srf user/iceman/rk/su30.srf
user/iceman/rk/su27ub_rk_c_20.dat user/iceman/rk/su27ub_rk_c_20.dnm user/iceman/rk/su27_coll.srf user/iceman/rk/su27_cock.srf user/iceman/rk/su30.srf
user/iceman/rk/su27ub_rk_c_25.dat user/iceman/rk/su27ub_rk_c_25.dnm user/iceman/rk/su27_coll.srf user/iceman/rk/su27_cock.srf user/iceman/rk/su30.srf
user/iceman/rx7.dat user/iceman/rx7.dnm user/iceman/rx7_coll.srf user/iceman/rx7_cock.srf
user/iceman/spd_ice.dat user/iceman/spd_ice.dnm user/iceman/spd_coll.srf user/iceman/blank.srf
user/iceman/su25ubp.dat user/iceman/su25ubp.dnm user/iceman/su25ubp_coll.srf user/iceman/blank.srf

user/BNIPack/f16c/f16c.dat user/BNIPack/f16c/f16c.dnm user/BNIPack/f16c/coll.srf user/BNIPack/f16c/cock.srf user/BNIPack/f16c/coar.dnm

user/BNIPack/su35_sch/su35.dat user/BNIPack/su35_sch/su35.dnm user/BNIPack/su35_sch/su35cl.srf user/BNIPack/blank.srf
user/BNIPack/kona_f14d/kona_f14d.dat user/BNIPack/kona_f14d/kona_f14d.dnm user/BNIPack/aircombat/f14coll.srf user/BNIPack/blank.srf

user/BNIPack/integra/inte.dat user/BNIPack/integra/inte.dnm user/BNIPack/integra/coll.srf user/BNIPack/integra/cock.srf
user/BNIPack/integra/intebni.dat user/BNIPack/integra/intebni.dnm user/BNIPack/integra/coll.srf user/BNIPack/integra/cock.srf

user/BNIPack/t45/t45.dat user/BNIPack/t45/t45.dnm user/BNIPack/t45/t45_coll.srf user/BNIPack/blank.srf

user/BNIPack/f6f5/f6f5.dat user/BNIPack/f6f5/f6f5.dnm user/BNIPack/f6f5/f6f_coll.srf user/BNIPack/blank.srf
user/BNIPack/f6f5/f6f5_vf9.dat user/BNIPack/f6f5/f6f5_vf9.dnm user/BNIPack/f6f5/f6f_coll.srf user/BNIPack/blank.srf
user/BNIPack/f6f5/f6f5_vf16.dat user/BNIPack/f6f5/f6f5_vf16.dnm user/BNIPack/f6f5/f6f_coll.srf user/BNIPack/blank.srf
user/BNIPack/f6f5/f6f5_vf27.dat user/BNIPack/f6f5/f6f5_vf27.dnm user/BNIPack/f6f5/f6f_coll.srf user/BNIPack/blank.srf
user/BNIPack/f6f5/f6f5_vf12.dat user/BNIPack/f6f5/f6f5_vf12.dnm user/BNIPack/f6f5/f6f_coll.srf user/BNIPack/blank.srf
user/BNIPack/f6f5/f6f5_vf84.dat user/BNIPack/f6f5/f6f5_vf84.dnm user/BNIPack/f6f5/f6f_coll.srf user/BNIPack/blank.srf