
Ground:
user/fufanl/tobruk/ground/18blr2.dat user/fufanl/tobruk/ground/18blr2.srf user/fufanl/tobruk/ground/18blr2.srf
user/fufanl/tobruk/ground/2coconutree.dat user/fufanl/tobruk/ground/2coconutree.srf user/fufanl/tobruk/ground/2coconutree.srf
user/fufanl/tobruk/ground/alert.dat user/fufanl/tobruk/ground/alert.srf user/fufanl/tobruk/ground/alert.srf
user/fufanl/tobruk/ground/fiatg50.dat user/fufanl/tobruk/ground/fiatg50.srf user/fufanl/tobruk/ground/fiatg50_coll.srf
user/fufanl/tobruk/ground/bolzano.dat user/fufanl/tobruk/ground/bolzano.srf user/fufanl/tobruk/ground/bolzano.srf
user/fufanl/tobruk/ground/cargo2.dat user/fufanl/tobruk/ground/cargo2.srf user/fufanl/tobruk/ground/cargo2.srf
user/fufanl/tobruk/ground/cargo3.dat user/fufanl/tobruk/ground/cargo3.srf user/fufanl/tobruk/ground/cargo3.srf
user/fufanl/tobruk/ground/caverna.dat user/fufanl/tobruk/ground/caverna.srf user/fufanl/tobruk/ground/caverna.srf
user/fufanl/tobruk/ground/darecco.dat user/fufanl/tobruk/ground/darecco.srf user/fufanl/tobruk/ground/darecco.srf
user/fufanl/tobruk/ground/duilio.dat user/fufanl/tobruk/ground/duilio.srf user/fufanl/tobruk/ground/duilio.srf
user/fufanl/tobruk/ground/fencedoor.dat user/fufanl/tobruk/ground/fencedoor.srf user/fufanl/tobruk/ground/fencedoor.srf
user/fufanl/tobruk/ground/fiatg50.dat user/fufanl/tobruk/ground/fiatg50.srf user/fufanl/tobruk/ground/fiatg50_coll.srf
user/fufanl/tobruk/ground/fiat633_t.dat user/fufanl/tobruk/ground/fiat633_t.srf user/fufanl/tobruk/ground/fiat633_t.srf
user/fufanl/tobruk/ground/flak88_sh.dat user/fufanl/tobruk/ground/flak88_sh.srf user/fufanl/tobruk/ground/flak88_sh.srf
user/fufanl/tobruk/ground/fueltank.dat user/fufanl/tobruk/ground/fueltank.srf user/fufanl/tobruk/ground/fueltank.srf
user/fufanl/tobruk/ground/fueltank1.dat user/fufanl/tobruk/ground/fueltank1.srf user/fufanl/tobruk/ground/fueltank1.srf
user/fufanl/tobruk/ground/giuliocesare.dat user/fufanl/tobruk/ground/giuliocesare.srf user/fufanl/tobruk/ground/giuliocesare.srf
user/fufanl/tobruk/ground/hang.dat user/fufanl/tobruk/ground/hang.srf user/fufanl/tobruk/ground/hang.srf
user/fufanl/tobruk/ground/hangar_asse.dat user/fufanl/tobruk/ground/hangar_asse.srf user/fufanl/tobruk/ground/hangar_asse.srf
user/fufanl/tobruk/ground/hangar_wat.dat user/fufanl/tobruk/ground/hangar_wat.srf user/fufanl/tobruk/ground/hangar_wat.srf
user/fufanl/tobruk/ground/hangar_l.dat user/fufanl/tobruk/ground/hangar_l.srf user/fufanl/tobruk/ground/hangar_l.srf
user/fufanl/tobruk/ground/hangar_lt.dat user/fufanl/tobruk/ground/hangar_lt.srf user/fufanl/tobruk/ground/hangar_lt.srf
user/fufanl/tobruk/ground/hanger_al.dat user/fufanl/tobruk/ground/hanger_al.srf user/fufanl/tobruk/ground/hanger_al.srf
user/fufanl/tobruk/ground/hanger_al1.dat user/fufanl/tobruk/ground/hanger_al1.srf user/fufanl/tobruk/ground/hanger_al1.srf
user/fufanl/tobruk/ground/hgport01.dat user/fufanl/tobruk/ground/hgport01.srf user/fufanl/tobruk/ground/hgport01.srf
user/fufanl/tobruk/ground/hgport03.dat user/fufanl/tobruk/ground/hgport03.srf user/fufanl/tobruk/ground/hgport03.srf
user/fufanl/tobruk/ground/ju87.dat user/fufanl/tobruk/ground/ju87.srf user/fufanl/tobruk/ground/ju87_coll.srf
user/fufanl/tobruk/ground/l6-40.dat user/fufanl/tobruk/ground/l6-40.srf user/fufanl/tobruk/ground/l6-40.srf
user/fufanl/tobruk/ground/m11.dat user/fufanl/tobruk/ground/m11.srf user/fufanl/tobruk/ground/m11.srf
user/fufanl/tobruk/ground/m14-42.dat user/fufanl/tobruk/ground/m14-42.srf user/fufanl/tobruk/ground/m14-42.srf
user/fufanl/tobruk/ground/m75-18.dat user/fufanl/tobruk/ground/m75-18.srf user/fufanl/tobruk/ground/m75-18.srf
user/fufanl/tobruk/ground/pancaldo.dat user/fufanl/tobruk/ground/pancaldo.srf user/fufanl/tobruk/ground/pancaldo.srf
user/fufanl/tobruk/ground/pz3.dat user/fufanl/tobruk/ground/pz3.srf user/fufanl/tobruk/ground/pz3.srf
user/fufanl/tobruk/ground/pz3ausfg.dat user/fufanl/tobruk/ground/pz3ausfg.srf user/fufanl/tobruk/ground/pz3ausfg.srf
user/fufanl/tobruk/ground/pz4.dat user/fufanl/tobruk/ground/pz4.srf user/fufanl/tobruk/ground/pz4.srf
user/fufanl/tobruk/ground/s.giorgio.dat user/fufanl/tobruk/ground/s.giorgio.srf user/fufanl/tobruk/ground/s.giorgio.srf
user/fufanl/tobruk/ground/sem47-32.dat user/fufanl/tobruk/ground/sem47-32.srf user/fufanl/tobruk/ground/sem47-32.srf
user/fufanl/tobruk/ground/tarigo.dat user/fufanl/tobruk/ground/tarigo.srf user/fufanl/tobruk/ground/tarigo.srf
user/fufanl/tobruk/ground/tobcity.dat user/fufanl/tobruk/ground/tobcity.srf user/fufanl/tobruk/ground/tobcity.srf


Scenery:
EL_ALAMEIN User/fufanl/tobruk/alamein.fld User/fufanl/tobruk/alamein.stp User/fufanl/tobruk/alamein.yfs