User/ipc/WF01A.dat User/ipc/WF01A.dnm User/ipc/wf01_coll.srf User/ipc/wf01_cockpit.srf User/ipc/WF01A_cs.dnm
User/ipc/WF01S.dat User/ipc/WF01S.dnm User/ipc/wf01s_coll.srf User/ipc/wf01_cockpit.srf User/ipc/WF01S_cs.dnm
User/ipc/WFA01D.dat User/ipc/WFA01D.dnm User/ipc/wf01s_coll.srf User/ipc/wf01_cockpit.srf User/ipc/WFA01D_cs.dnm
User/ipc/WT01A.dat User/ipc/WT01A.dnm User/ipc/wf01_coll.srf User/ipc/wt01_cockpit.srf User/ipc/WT01A_cs.dnm
User/ipc/WF-02A.dat User/ipc/WF-02A.dnm User/ipc/wf-02_coll.srf User/ipc/wf-02_cockpit.srf User/ipc/WF02A_cs.dnm
User/ipc/WF-02SC.dat User/ipc/WF-02SC.dnm User/ipc/wf-02_coll.srf User/ipc/wf-02_cockpit.srf User/ipc/WF02A_cs.dnm
User/ipc/windrider/windrider.dat User/ipc/windrider/windrider.dnm User/ipc/windrider/windridercoll.srf User/ipc/windrider/windridercockpit.srf User/ipc/windrider/windridercoarse.dnm
User/ipc/SOA-01F_kano/kano.dat User/ipc/SOA-01F_kano/kano.dnm User/ipc/SOA-01F_kano/kanocoll.srf User/ipc/SOA-01F_kano/kanocock.srf User/ipc/SOA-01F_kano/kanocoarse.dnm
User/ipc/F3_sinsin.dat User/ipc/F3_Sinsin.dnm User/ipc/f3_sinsin_coll.srf User/ipc/f3_sinsin_cockpit_null.srf User/ipc/F3_Sinsin_coarse.dnm
User/ipc/F3WS_sinsin.dat User/ipc/F3WS_Sinsin.dnm User/ipc/f3_sinsin_coll.srf User/ipc/f3_sinsin_cockpit_null.srf User/ipc/F3_Sinsin_coarse.dnm
User/ipc/yakumo/yakumo_WFTC.dat User/ipc/yakumo/yakumo_WFTC.dnm User/ipc/yakumo/yakumo_coll.srf User/ipc/yakumo/none.srf User/ipc/yakumo/yakumo_coarse.dnm
User/ipc/WF-04.dat User/ipc/WF04.dnm User/ipc/wf04_coll.srf User/ipc/wf04_cockpit_null.srf User/ipc/WF04_coarse.dnm
User/ipc/WF-04B(WFTC).dat User/ipc/WF04(WFTC).dnm User/ipc/wf04_coll.srf User/ipc/wf04_cockpit_null.srf User/ipc/WF04(WFTC)_coarse.dnm
User/ipc/WF-04J.dat User/ipc/WF04J_LOW.dnm User/ipc/wf04_coll.srf User/ipc/wf04_cockpit_null.srf User/ipc/WF04J_LOW_coarse.dnm
User/ipc/leliel/leliel.dat User/ipc/leliel/leliel.dnm User/ipc/leliel/lelielcoll.srf User/ipc/leliel/lelielcock.srf User/ipc/leliel/lelielcoarse.dnm
User/ipc/raven/raven.dat User/ipc/raven/raven.dnm User/ipc/raven/raven_coll.srf User/ipc/raven/raven_cockpit.srf User/ipc/raven/raven_coarse.dnm
User/ipc/raven/raven_b.dat User/ipc/raven/raven_b.dnm User/ipc/raven/raven_coll.srf User/ipc/raven/raven_cockpit.srf User/ipc/raven/raven_b_coarse.dnm
user/ipc/soa02/kpn1.dat user/ipc/soa02/kpn1.dnm user/ipc/soa02/kpn1_coll.srf user/ipc/soa02/kpn1_cockpit.srf user/ipc/soa02/kpn1_coarse.dnm
user/ipc/soa02/kpn2.dat user/ipc/soa02/kpn2.dnm user/ipc/soa02/kpn2_coll.srf user/ipc/soa02/kpn1_cockpit.srf user/ipc/soa02/kpn2_coarse.dnm
user/ipc/soa02/mv42.dat user/ipc/soa02/mv42.dnm user/ipc/soa02/kpn2_coll.srf user/ipc/soa02/kpn1_cockpit.srf user/ipc/soa02/mv42_coarse.dnm
