Aircraft
user/fufanl/ocean1/ground/barcone.dat user/fufanl/ocean1/ground/barcone.srf user/fufanl/ocean1/ground/barcone_cockpit.srf
user/fufanl/ocean1/ground/sailship.dat user/fufanl/ocean1/ground/sailship.srf user/fufanl/ocean1/ground/sailship_cockpit.srf
user/fufanl/ocean1/ground/motobarca.dat user/fufanl/ocean1/ground/motobarca.srf user/fufanl/ocean1/ground/motobarca_cockpit.srf
user/fufanl/ocean1/ground/regata.dat user/fufanl/ocean1/ground/regata.srf user/fufanl/ocean1/ground/regata_cockpit.srf
user/fufanl/ocean1/ground/Cargo_contship.dat user/fufanl/ocean1/ground/Cargo_contship.dnm user/fufanl/ocean1/ground/Cargo_contship_cockpit.srf
user/fufanl/ocean1/ground/sciabpesca.dat user/fufanl/ocean1/ground/sciabpesca.srf user/fufanl/ocean1/ground/sciab_cockpit.srf
user/fufanl/ocean1/ground/superpetroliera.dat user/fufanl/ocean1/ground/superpetroliera.dnm user/fufanl/ocean1/ground/superpetroliera_cockpit.srf
user/fufanl/ocean1/ground/arctic_princess.dat user/fufanl/ocean1/ground/arctic_princess.dnm user/fufanl/ocean1/ground/arctic_cockpit.srf
user/fufanl/ocean1/ground/arctic_cruiser.dat user/fufanl/ocean1/ground/arctic_cruiser.dnm user/fufanl/ocean1/ground/arctic_cr_cockpit.srf
user/fufanl/ocean1/ground/cargo_sonda.dat user/fufanl/ocean1/ground/cargo_sonda.dnm user/fufanl/ocean1/ground/cargosonda_cockpit.srf
user/fufanl/ocean1/ground/cruise_ship.dat user/fufanl/ocean1/ground/cruise_ship.dnm user/fufanl/ocean1/ground/cruise_ship_cockpit.srf


Ground
user/fufanl/ocean1/ground/_t_coconut_tree.dat user/fufanl/ocean1/ground/_t_coconut_tree.srf user/fufanl/ocean1/ground/_t_coconut_tree.srf
user/fufanl/ocean1/ground/_t_coconut_tree_r.dat user/fufanl/ocean1/ground/_t_coconut_tree_r.srf user/fufanl/ocean1/ground/_t_coconut_tree_r.srf
user/fufanl/ocean1/ground/3coconut_tree.dat user/fufanl/ocean1/ground/3coconut_tree.srf user/fufanl/ocean1/ground/3coconut_tree.srf
user/fufanl/ocean1/ground/3coconut.dat user/fufanl/ocean1/ground/3coconut.srf user/fufanl/ocean1/ground/3coconut.srf
user/fufanl/ocean1/ground/_t_tree_s.dat user/fufanl/ocean1/ground/_t_tree_s.srf user/fufanl/ocean1/ground/_t_tree_s.srf
user/fufanl/ocean1/ground/_t_treen.dat user/fufanl/ocean1/ground/_t_treen.srf user/fufanl/ocean1/ground/_t_treen.srf
user/fufanl/ocean1/ground/75.dat user/fufanl/ocean1/ground/75.srf user/fufanl/ocean1/ground/75.srf
user/fufanl/ocean1/ground/288.dat user/fufanl/ocean1/ground/288.srf user/fufanl/ocean1/ground/288.srf
user/fufanl/ocean1/ground/agip_gas.dat user/fufanl/ocean1/ground/agip_gas.srf user/fufanl/ocean1/ground/agip_gas.srf
user/fufanl/ocean1/ground/aiuola.dat user/fufanl/ocean1/ground/aiuola.srf user/fufanl/ocean1/ground/aiuola.srf
user/fufanl/ocean1/ground/albero1.dat user/fufanl/ocean1/ground/albero1.srf user/fufanl/ocean1/ground/albero1.srf
user/fufanl/ocean1/ground/albero4.dat user/fufanl/ocean1/ground/albero4.srf user/fufanl/ocean1/ground/albero4.srf
user/fufanl/ocean1/ground/albero6.dat user/fufanl/ocean1/ground/albero6.srf user/fufanl/ocean1/ground/albero6.srf
user/fufanl/ocean1/ground/albero15.dat user/fufanl/ocean1/ground/albero15.srf user/fufanl/ocean1/ground/albero15.srf
user/fufanl/ocean1/ground/albero17.dat user/fufanl/ocean1/ground/albero17.srf user/fufanl/ocean1/ground/albero17.srf
user/fufanl/ocean1/ground/alert.dat user/fufanl/ocean1/ground/alert.srf user/fufanl/ocean1/ground/alert.srf
user/fufanl/ocean1/ground/aliscafo_big.dat user/fufanl/ocean1/ground/aliscafo_big.srf user/fufanl/ocean1/ground/aliscafo_big.srf
user/fufanl/ocean1/ground/ambulanza.dat user/fufanl/ocean1/ground/ambulanza.srf user/fufanl/ocean1/ground/ambulanza.srf
user/fufanl/ocean1/ground/area_serv2.dat user/fufanl/ocean1/ground/area_serv2.srf user/fufanl/ocean1/ground/area_serv2.srf
user/fufanl/ocean1/ground/areaserv2.dat user/fufanl/ocean1/ground/areaserv2.srf user/fufanl/ocean1/ground/areaserv2.srf
user/fufanl/ocean1/ground/areaservizi1.dat user/fufanl/ocean1/ground/areaservizi1.srf user/fufanl/ocean1/ground/areaservizi1.srf
user/fufanl/ocean1/ground/barca1.dat user/fufanl/ocean1/ground/barca1.srf user/fufanl/ocean1/ground/barca1.srf
user/fufanl/ocean1/ground/barca2.dat user/fufanl/ocean1/ground/barca2.srf user/fufanl/ocean1/ground/barca2.srf
user/fufanl/ocean1/ground/barriera.dat user/fufanl/ocean1/ground/barriera.srf user/fufanl/ocean1/ground/barriera.srf
user/fufanl/ocean1/ground/berlina.dat user/fufanl/ocean1/ground/berlina.srf user/fufanl/ocean1/ground/berlina.srf
user/fufanl/ocean1/ground/biglietteria.dat user/fufanl/ocean1/ground/biglietteria.srf user/fufanl/ocean1/ground/biglietteria.srf
user/fufanl/ocean1/ground/blocco8.dat user/fufanl/ocean1/ground/blocco8.srf user/fufanl/ocean1/ground/blocco8.srf
user/fufanl/ocean1/ground/blocco9.dat user/fufanl/ocean1/ground/blocco9.srf user/fufanl/ocean1/ground/blocco9.srf
user/fufanl/ocean1/ground/blocco8isl.dat user/fufanl/ocean1/ground/blocco8isl.srf user/fufanl/ocean1/ground/blocco8isl.srf
user/fufanl/ocean1/ground/blocco9isl.dat user/fufanl/ocean1/ground/blocco9isl.srf user/fufanl/ocean1/ground/blocco9isl.srf
user/fufanl/ocean1/ground/bridge.dat user/fufanl/ocean1/ground/bridge.srf user/fufanl/ocean1/ground/bridge.srf
user/fufanl/ocean1/ground/bridge1.dat user/fufanl/ocean1/ground/bridge1.srf user/fufanl/ocean1/ground/bridge1.srf
user/fufanl/ocean1/ground/bridge2.dat user/fufanl/ocean1/ground/bridge2.srf user/fufanl/ocean1/ground/bridge2.srf
user/fufanl/ocean1/ground/bungalow.dat user/fufanl/ocean1/ground/bungalow.srf user/fufanl/ocean1/ground/bungalow.srf
user/fufanl/ocean1/ground/bungalow1.dat user/fufanl/ocean1/ground/bungalow1.srf user/fufanl/ocean1/ground/bungalow1.srf
user/fufanl/ocean1/ground/buoy.dat user/fufanl/ocean1/ground/buoy.srf user/fufanl/ocean1/ground/buoy.srf
user/fufanl/ocean1/ground/bus.dat user/fufanl/ocean1/ground/bus.srf user/fufanl/ocean1/ground/bus.srf
user/fufanl/ocean1/ground/camion1.dat user/fufanl/ocean1/ground/camion1.srf user/fufanl/ocean1/ground/camion1.srf
user/fufanl/ocean1/ground/camioniv.dat user/fufanl/ocean1/ground/camioniv.srf user/fufanl/ocean1/ground/camioniv.srf
user/fufanl/ocean1/ground/cargo_cont.dat user/fufanl/ocean1/ground/cargo_cont.srf user/fufanl/ocean1/ground/cargo_cont.srf
user/fufanl/ocean1/ground/cargo_mist.dat user/fufanl/ocean1/ground/cargo_mist.srf user/fufanl/ocean1/ground/cargo_mist.srf
user/fufanl/ocean1/ground/cascata.dat user/fufanl/ocean1/ground/cascata.srf user/fufanl/ocean1/ground/cascata.srf
user/fufanl/ocean1/ground/casello_sin.dat user/fufanl/ocean1/ground/casello_sin.srf user/fufanl/ocean1/ground/casello_sin.srf
user/fufanl/ocean1/ground/citta.dat user/fufanl/ocean1/ground/citta.srf user/fufanl/ocean1/ground/citta.srf
user/fufanl/ocean1/ground/coconut_tree.dat user/fufanl/ocean1/ground/coconut_tree.srf user/fufanl/ocean1/ground/coconut_tree.srf
user/fufanl/ocean1/ground/coconut_tree_r.dat user/fufanl/ocean1/ground/coconut_tree_r.srf user/fufanl/ocean1/ground/coconut_tree_r.srf
user/fufanl/ocean1/ground/coconut_tree3.dat user/fufanl/ocean1/ground/coconut_tree3.srf user/fufanl/ocean1/ground/coconut_tree3.srf
user/fufanl/ocean1/ground/concess.dat user/fufanl/ocean1/ground/concess.srf user/fufanl/ocean1/ground/concess.srf
user/fufanl/ocean1/ground/controltow.dat user/fufanl/ocean1/ground/controltow.srf user/fufanl/ocean1/ground/controltow.srf
user/fufanl/ocean1/ground/ctairport.dat user/fufanl/ocean1/ground/ctairport.srf user/fufanl/ocean1/ground/ctairport.srf
user/fufanl/ocean1/ground/ds19.dat user/fufanl/ocean1/ground/ds19.srf user/fufanl/ocean1/ground/ds19.srf
user/fufanl/ocean1/ground/flowers.dat user/fufanl/ocean1/ground/flowers.srf user/fufanl/ocean1/ground/flowers.srf
user/fufanl/ocean1/ground/flowers1.dat user/fufanl/ocean1/ground/flowers1.srf user/fufanl/ocean1/ground/flowers1.srf
user/fufanl/ocean1/ground/fontana.dat user/fufanl/ocean1/ground/fontana.srf user/fufanl/ocean1/ground/fontana.srf
user/fufanl/ocean1/ground/gehangars.dat user/fufanl/ocean1/ground/gehangars.srf user/fufanl/ocean1/ground/gehangars.srf
user/fufanl/ocean1/ground/giardino.dat user/fufanl/ocean1/ground/giardino.srf user/fufanl/ocean1/ground/giardino.srf
user/fufanl/ocean1/ground/grotta.dat user/fufanl/ocean1/ground/grotta.srf user/fufanl/ocean1/ground/grotta.srf
user/fufanl/ocean1/ground/gru1.dat user/fufanl/ocean1/ground/gru1.srf user/fufanl/ocean1/ground/gru1.srf
user/fufanl/ocean1/ground/gruport.dat user/fufanl/ocean1/ground/gruport.srf user/fufanl/ocean1/ground/gruport.srf
user/fufanl/ocean1/ground/gruporty.dat user/fufanl/ocean1/ground/gruporty.srf user/fufanl/ocean1/ground/gruporty.srf
user/fufanl/ocean1/ground/gehangar.dat user/fufanl/ocean1/ground/gehangar.srf user/fufanl/ocean1/ground/gehangar.srf
user/fufanl/ocean1/ground/gehangar1.dat user/fufanl/ocean1/ground/gehangar1.srf user/fufanl/ocean1/ground/gehangar1.srf
user/fufanl/ocean1/ground/hangar_nord.dat user/fufanl/ocean1/ground/hangar_nord.srf user/fufanl/ocean1/ground/hangar_nord.srf
user/fufanl/ocean1/ground/hangar_port.dat user/fufanl/ocean1/ground/hangar_port.srf user/fufanl/ocean1/ground/hangar_port.srf
user/fufanl/ocean1/ground/hangar_port1.dat user/fufanl/ocean1/ground/hangar_port1.srf user/fufanl/ocean1/ground/hangar_port1.srf
user/fufanl/ocean1/ground/hangar_silo.dat user/fufanl/ocean1/ground/hangar_silo.srf user/fufanl/ocean1/ground/hangar_silo.srf
user/fufanl/ocean1/ground/hg3.dat user/fufanl/ocean1/ground/hg3.srf user/fufanl/ocean1/ground/hg3.srf
user/fufanl/ocean1/ground/hg4.dat user/fufanl/ocean1/ground/hg4.srf user/fufanl/ocean1/ground/hg4.srf
user/fufanl/ocean1/ground/hg5.dat user/fufanl/ocean1/ground/hg5.srf user/fufanl/ocean1/ground/hg5.srf
user/fufanl/ocean1/ground/hotel.dat user/fufanl/ocean1/ground/hotel.srf user/fufanl/ocean1/ground/hotel.srf
user/fufanl/ocean1/ground/hotel1.dat user/fufanl/ocean1/ground/hotel1.srf user/fufanl/ocean1/ground/hotel1.srf
user/fufanl/ocean1/ground/house5.dat user/fufanl/ocean1/ground/house5.srf user/fufanl/ocean1/ground/house5.srf
user/fufanl/ocean1/ground/house6.dat user/fufanl/ocean1/ground/house6.srf user/fufanl/ocean1/ground/house6.srf
user/fufanl/ocean1/ground/house7.dat user/fufanl/ocean1/ground/house7.srf user/fufanl/ocean1/ground/house7.srf
user/fufanl/ocean1/ground/house8.dat user/fufanl/ocean1/ground/house8.srf user/fufanl/ocean1/ground/house8.srf
user/fufanl/ocean1/ground/insegna_bar.dat user/fufanl/ocean1/ground/insegna_bar.srf user/fufanl/ocean1/ground/insegna_bar.srf
user/fufanl/ocean1/ground/islhouse5.dat user/fufanl/ocean1/ground/islhouse5.srf user/fufanl/ocean1/ground/islhouse5.srf
user/fufanl/ocean1/ground/islhouse6.dat user/fufanl/ocean1/ground/islhouse6.srf user/fufanl/ocean1/ground/islhouse6.srf
user/fufanl/ocean1/ground/islhouse7.dat user/fufanl/ocean1/ground/islhouse7.srf user/fufanl/ocean1/ground/islhouse7.srf
user/fufanl/ocean1/ground/iveco_fuel.dat user/fufanl/ocean1/ground/iveco_fuel.srf user/fufanl/ocean1/ground/iveco_fuel.srf
user/fufanl/ocean1/ground/lamborghini.dat user/fufanl/ocean1/ground/lamborghini.srf user/fufanl/ocean1/ground/lamborghini.srf
user/fufanl/ocean1/ground/lampione.dat user/fufanl/ocean1/ground/lampione.srf user/fufanl/ocean1/ground/lampione.srf
user/fufanl/ocean1/ground/lampione1.dat user/fufanl/ocean1/ground/lampione1.srf user/fufanl/ocean1/ground/lampione1.srf
user/fufanl/ocean1/ground/limusine.dat user/fufanl/ocean1/ground/limusine.srf user/fufanl/ocean1/ground/limusine.srf
user/fufanl/ocean1/ground/lido.dat user/fufanl/ocean1/ground/lido.srf user/fufanl/ocean1/ground/lido.srf
user/fufanl/ocean1/ground/lido1.dat user/fufanl/ocean1/ground/lido1.srf user/fufanl/ocean1/ground/lido1.srf
user/fufanl/ocean1/ground/lido2.dat user/fufanl/ocean1/ground/lido2.srf user/fufanl/ocean1/ground/lido2.srf
user/fufanl/ocean1/ground/mercedes.dat user/fufanl/ocean1/ground/mercedes.srf user/fufanl/ocean1/ground/mercedes.srf
user/fufanl/ocean1/ground/moletto.dat user/fufanl/ocean1/ground/moletto.srf user/fufanl/ocean1/ground/moletto.srf
user/fufanl/ocean1/ground/motel.dat user/fufanl/ocean1/ground/motel.srf user/fufanl/ocean1/ground/motel.srf
user/fufanl/ocean1/ground/motonavepass.dat user/fufanl/ocean1/ground/motonavepass.srf user/fufanl/ocean1/ground/motonavepass.srf
user/fufanl/ocean1/ground/motonave_g.dat user/fufanl/ocean1/ground/motonave_g.srf user/fufanl/ocean1/ground/motonave_g.srf
user/fufanl/ocean1/ground/motoscafo.dat user/fufanl/ocean1/ground/motoscafo.srf user/fufanl/ocean1/ground/motoscafo.srf
user/fufanl/ocean1/ground/naterminal.dat user/fufanl/ocean1/ground/naterminal.srf user/fufanl/ocean1/ground/naterminal.srf
user/fufanl/ocean1/ground/navepasseggeri.dat user/fufanl/ocean1/ground/navepasseggeri.srf user/fufanl/ocean1/ground/navepasseggeri.srf
user/fufanl/ocean1/ground/navepass_g.dat user/fufanl/ocean1/ground/navepass_g.srf user/fufanl/ocean1/ground/navepass_g.srf
user/fufanl/ocean1/ground/navepasseggeri1.dat user/fufanl/ocean1/ground/navepasseggeri1.srf user/fufanl/ocean1/ground/navepasseggeri1.srf
user/fufanl/ocean1/ground/navepass1_g.dat user/fufanl/ocean1/ground/navepass1_g.srf user/fufanl/ocean1/ground/navepass1_g.srf
user/fufanl/ocean1/ground/oldsailship.dat user/fufanl/ocean1/ground/oldsailship.srf user/fufanl/ocean1/ground/oldsailship.srf
user/fufanl/ocean1/ground/oil_platform.dat user/fufanl/ocean1/ground/oil_platform.srf user/fufanl/ocean1/ground/oil_platform.srf
user/fufanl/ocean1/ground/oil_platform1.dat user/fufanl/ocean1/ground/oil_platform1.srf user/fufanl/ocean1/ground/oil_platform1.srf
user/fufanl/ocean1/ground/oil_platform2.dat user/fufanl/ocean1/ground/oil_platform2.srf user/fufanl/ocean1/ground/oil_platform2.srf
user/fufanl/ocean1/ground/oilcargo_g.dat user/fufanl/ocean1/ground/oilcargo_g.srf user/fufanl/ocean1/ground/oilcargo_g.srf
user/fufanl/ocean1/ground/oilcargo2_g.dat user/fufanl/ocean1/ground/oilcargo2_g.srf user/fufanl/ocean1/ground/oilcargo2_g.srf
user/fufanl/ocean1/ground/oiltank.dat user/fufanl/ocean1/ground/oiltank.srf user/fufanl/ocean1/ground/oiltank.srf
user/fufanl/ocean1/ground/oiltank2.dat user/fufanl/ocean1/ground/oiltank2.srf user/fufanl/ocean1/ground/oiltank2.srf
user/fufanl/ocean1/ground/oiltank3.dat user/fufanl/ocean1/ground/oiltank3.srf user/fufanl/ocean1/ground/oiltank3.srf
user/fufanl/ocean1/ground/ombrellone.dat user/fufanl/ocean1/ground/ombrellone.srf user/fufanl/ocean1/ground/ombrellone.srf
user/fufanl/ocean1/ground/ombrelloneb.dat user/fufanl/ocean1/ground/ombrelloneb.srf user/fufanl/ocean1/ground/ombrelloneb.srf
user/fufanl/ocean1/ground/ombrellone_ba.dat user/fufanl/ocean1/ground/ombrellone_ba.srf user/fufanl/ocean1/ground/ombrellone_ba.srf
user/fufanl/ocean1/ground/ombrelloneb_ba.dat user/fufanl/ocean1/ground/ombrelloneb_ba.srf user/fufanl/ocean1/ground/ombrelloneb_ba.srf
user/fufanl/ocean1/ground/ombrellone_fr.dat user/fufanl/ocean1/ground/ombrellone_fr.srf user/fufanl/ocean1/ground/ombrellone_fr.srf
user/fufanl/ocean1/ground/pdhangar.dat user/fufanl/ocean1/ground/pdhangar.srf user/fufanl/ocean1/ground/pdhangar.srf
user/fufanl/ocean1/ground/panda.dat user/fufanl/ocean1/ground/panda.srf user/fufanl/ocean1/ground/panda.srf
user/fufanl/ocean1/ground/pandan.dat user/fufanl/ocean1/ground/pandan.srf user/fufanl/ocean1/ground/pandan.srf
user/fufanl/ocean1/ground/pandar.dat user/fufanl/ocean1/ground/pandar.srf user/fufanl/ocean1/ground/pandar.srf
user/fufanl/ocean1/ground/palace.dat user/fufanl/ocean1/ground/palace.srf user/fufanl/ocean1/ground/palace.srf
user/fufanl/ocean1/ground/parking_bar.dat user/fufanl/ocean1/ground/parking_bar.srf user/fufanl/ocean1/ground/parking_bar.srf
user/fufanl/ocean1/ground/pdterminal.dat user/fufanl/ocean1/ground/pdterminal.srf user/fufanl/ocean1/ground/pdterminal.srf
user/fufanl/ocean1/ground/peschereccio4.dat user/fufanl/ocean1/ground/peschereccio4.srf user/fufanl/ocean1/ground/peschereccio4.srf
user/fufanl/ocean1/ground/peschereccio5g.dat user/fufanl/ocean1/ground/peschereccio5g.srf user/fufanl/ocean1/ground/peschereccio5g.srf
user/fufanl/ocean1/ground/petroliera.dat user/fufanl/ocean1/ground/petroliera.srf user/fufanl/ocean1/ground/petroliera.srf
user/fufanl/ocean1/ground/petroliera1.dat user/fufanl/ocean1/ground/petroliera1.srf user/fufanl/ocean1/ground/petroliera1.srf
user/fufanl/ocean1/ground/petroliera2.dat user/fufanl/ocean1/ground/petroliera2.srf user/fufanl/ocean1/ground/petroliera2.srf
user/fufanl/ocean1/ground/pompaggio.dat user/fufanl/ocean1/ground/pompaggio.srf user/fufanl/ocean1/ground/pompaggio.srf
user/fufanl/ocean1/ground/raffineria_p.dat user/fufanl/ocean1/ground/raffineria_p.srf user/fufanl/ocean1/ground/raffineria_p.srf
user/fufanl/ocean1/ground/rmcontroltow.dat user/fufanl/ocean1/ground/rmcontroltow.srf user/fufanl/ocean1/ground/rmcontroltow.srf
user/fufanl/ocean1/ground/sdraio.dat user/fufanl/ocean1/ground/sdraio.srf user/fufanl/ocean1/ground/sdraio.srf
user/fufanl/ocean1/ground/sdraio_br.dat user/fufanl/ocean1/ground/sdraio_br.srf user/fufanl/ocean1/ground/sdraio_br.srf
user/fufanl/ocean1/ground/shopping1.dat user/fufanl/ocean1/ground/shopping1.srf user/fufanl/ocean1/ground/shopping1.srf
user/fufanl/ocean1/ground/silo.dat user/fufanl/ocean1/ground/silo.srf user/fufanl/ocean1/ground/silo.srf
user/fufanl/ocean1/ground//super_carrier.dat user/fufanl/ocean1/ground/super_carriervisual.srf user/fufanl/ocean1/ground/super_carriercoll.srf
user/fufanl/ocean1/ground/tempio.dat user/fufanl/ocean1/ground/tempio.srf user/fufanl/ocean1/ground/tempio.srf
user/fufanl/ocean1/ground/tempio_fonte.dat user/fufanl/ocean1/ground/tempio_fonte.srf user/fufanl/ocean1/ground/tempio_fonte.srf
user/fufanl/ocean1/ground/tettoia.dat user/fufanl/ocean1/ground/tettoia.srf user/fufanl/ocean1/ground/tettoia.srf
user/fufanl/ocean1/ground/trimarano.dat user/fufanl/ocean1/ground/trimarano.srf user/fufanl/ocean1/ground/trimarano.srf
user/fufanl/ocean1/ground/vela1.dat user/fufanl/ocean1/ground/vela1.srf user/fufanl/ocean1/ground/vela1.srf
user/fufanl/ocean1/ground/vela1_g.dat user/fufanl/ocean1/ground/vela1_g.srf user/fufanl/ocean1/ground/vela1_g.srf
user/fufanl/ocean1/ground/vela2.dat user/fufanl/ocean1/ground/vela2.srf user/fufanl/ocean1/ground/vela2.srf
user/fufanl/ocean1/ground/vela2_g.dat user/fufanl/ocean1/ground/vela2_g.srf user/fufanl/ocean1/ground/vela2_g.srf
user/fufanl/ocean1/ground/vela_sea.dat user/fufanl/ocean1/ground/vela_sea.srf user/fufanl/ocean1/ground/vela_sea.srf
user/fufanl/ocean1/ground/viale.dat user/fufanl/ocean1/ground/viale.srf user/fufanl/ocean1/ground/viale.srf


Scenery
OCEAN1 user/fufanl/ocean1/relaxSE.fld user/fufanl/ocean1/relax.stp user/fufanl/ocean1/relax.yfs
