Ground
user/fufanl/somme/ground/a7v.dat user/fufanl/somme/ground/a7v.srf user/fufanl/somme/ground/a7v.srf
user/fufanl/somme/ground/locomotiva.dat user/fufanl/somme/ground/locomotiva.srf user/fufanl/somme/ground/locomotiva.srf
user/fufanl/somme/ground/cannoneferr.dat user/fufanl/somme/ground/cannoneferr.srf user/fufanl/somme/ground/cannoneferr.srf
user/fufanl/somme/ground/cannoneferr1.dat user/fufanl/somme/ground/cannoneferr1.srf user/fufanl/somme/ground/cannoneferr1.srf
user/fufanl/somme/ground/daimler.dat user/fufanl/somme/ground/daimler.srf user/fufanl/somme/ground/daimler.srf
user/fufanl/somme/ground/fokker.dat user/fufanl/somme/ground/fokker.srf user/fufanl/somme/ground/fokker.srf
user/fufanl/somme/ground/hang.dat user/fufanl/somme/ground/hang.srf user/fufanl/somme/ground/hang.srf
user/fufanl/somme/ground/hangar_l.dat user/fufanl/somme/ground/hangar_l.srf user/fufanl/somme/ground/hangar_l.srf
user/fufanl/somme/ground/hangar_lt.dat user/fufanl/somme/ground/hangar_lt.srf user/fufanl/somme/ground/hangar_lt.srf
user/fufanl/somme/ground/hanger.dat user/fufanl/somme/ground/hanger.srf user/fufanl/somme/ground/hanger.srf
user/fufanl/somme/ground/hanger4.dat user/fufanl/somme/ground/hanger4.srf user/fufanl/somme/ground/hanger4.srf
user/fufanl/somme/ground/minenwerfer.dat user/fufanl/somme/ground/minenwerfer.srf user/fufanl/somme/ground/minenwerfer.srf
user/fufanl/somme/ground/mtr.dat user/fufanl/somme/ground/mtr.srf user/fufanl/somme/ground/mtr.srf
user/fufanl/somme/ground/obice.dat user/fufanl/somme/ground/obice.srf user/fufanl/somme/ground/obice.srf
user/fufanl/somme/ground/serbatoio.dat user/fufanl/somme/ground/serbatoio.srf user/fufanl/somme/ground/serbatoio.srf
user/fufanl/somme/ground/skoda.dat user/fufanl/somme/ground/skoda.srf user/fufanl/somme/ground/skoda.srf
user/fufanl/somme/ground/skoda8.dat user/fufanl/somme/ground/skoda8.srf user/fufanl/somme/ground/skoda8.srf
user/fufanl/somme/ground/stazione.dat user/fufanl/somme/ground/stazione.srf user/fufanl/somme/ground/stazione.srf
user/fufanl/somme/ground/stazioneal.dat user/fufanl/somme/ground/stazioneal.srf user/fufanl/somme/ground/stazioneal.srf
user/fufanl/somme/ground/swzlose.dat user/fufanl/somme/ground/swzlose.srf user/fufanl/somme/ground/swzlose.srf
user/fufanl/somme/ground/tankmk1.dat user/fufanl/somme/ground/tankmk1.srf user/fufanl/somme/ground/tankmk1.srf
user/fufanl/somme/ground/tenda.dat user/fufanl/somme/ground/tenda.srf user/fufanl/somme/ground/tenda.srf
user/fufanl/somme/ground/tenda1.dat user/fufanl/somme/ground/tenda1.srf user/fufanl/somme/ground/tenda1.srf
user/fufanl/somme/ground/tendal.dat user/fufanl/somme/ground/tendal.srf user/fufanl/somme/ground/tendal.srf
user/fufanl/somme/ground/torreww1.dat user/fufanl/somme/ground/torreww1.srf user/fufanl/somme/ground/torreww1.srf
user/fufanl/somme/ground/torreww1al.dat user/fufanl/somme/ground/torreww1al.srf user/fufanl/somme/ground/torreww1al.srf
user/fufanl/somme/ground/ww1_cannon.dat user/fufanl/somme/ground/ww1_cannon.srf user/fufanl/somme/ground/ww1_cannon.srf
user/fufanl/somme/ground/ww1_cannon1.dat user/fufanl/somme/ground/ww1_cannon1.srf user/fufanl/somme/ground/ww1_cannon1.srf
user/fufanl/somme/ground/ww1_cannon2.dat user/fufanl/somme/ground/ww1_cannon2.srf user/fufanl/somme/ground/ww1_cannon2.srf
user/fufanl/somme/ground/zeppelin.dat user/fufanl/somme/ground/zeppelin.srf user/fufanl/somme/ground/zeppelin_coll.srf
user/fufanl/somme/ground/zepphangar.dat user/fufanl/somme/ground/zepphangar.srf user/fufanl/somme/ground/zepphangar.srf
user/fufanl/somme/ground/tiger.dat user/fufanl/somme/ground/tiger.srf user/fufanl/somme/ground/tiger.srf
user/fufanl/somme/ground/glatton.dat user/fufanl/somme/ground/glatton.srf user/fufanl/somme/ground/glatton.srf
user/fufanl/somme/ground/waterhangar1.dat user/fufanl/somme/ground/waterhangar1.srf user/fufanl/somme/ground/waterhangar1.srf

Scenery
SOMME User/fufanl/somme/somme.fld User/fufanl/somme/somme.stp User/fufanl/somme/somme.yfs  
