user/tf58/ground/kedw_tower.dat user/tf58/ground/kedw_tower.srf user/tf58/ground/kedw_tower_coll.srf
user/tf58/ground/kedw_hangar_big_01.dat user/tf58/ground/kedw_hangar_big_01.srf user/tf58/ground/kedw_hangar_big_01.srf
user/tf58/ground/kedw_hangar_big_02.dat user/tf58/ground/kedw_hangar_big_02.srf user/tf58/ground/kedw_hangar_big_02.srf
user/tf58/ground/kedw_hangar_big_03.dat user/tf58/ground/kedw_hangar_big_03.srf user/tf58/ground/kedw_hangar_big_03.srf
user/tf58/ground/kedw_hangar_big_04.dat user/tf58/ground/kedw_hangar_big_04.srf user/tf58/ground/kedw_hangar_big_04.srf
user/tf58/ground/kedw_hangar_big_05.dat user/tf58/ground/kedw_hangar_big_05.srf user/tf58/ground/kedw_hangar_big_05.srf
user/tf58/ground/kedw_hangar_med_01.dat user/tf58/ground/kedw_hangar_med_01.srf user/tf58/ground/kedw_hangar_med_01.srf
user/tf58/ground/kedw_hangar_med_02.dat user/tf58/ground/kedw_hangar_med_02.srf user/tf58/ground/kedw_hangar_med_02.srf
user/tf58/ground/kedw_building_01.dat user/tf58/ground/kedw_building_01.srf user/tf58/ground/kedw_building_01.srf
user/tf58/ground/kedw_building_02.dat user/tf58/ground/kedw_building_02.srf user/tf58/ground/kedw_building_02.srf
user/tf58/ground/kmhv_hangar_01.dat user/tf58/ground/kmhv_hangar_01.srf user/tf58/ground/kmhv_hangar_01.srf
user/tf58/ground/kmhv_oldtower.dat user/tf58/ground/kmhv_oldtower.srf user/tf58/ground/kmhv_oldtower.srf

user/tf58/ground/parked_c130.dat user/tf58/ground/parked_c130.srf user/tf58/ground/parked_c130coll.srf
user/tf58/ground/parked_f15.dat user/tf58/ground/parked_f15.srf user/tf58/ground/parked_f15coll.srf
user/tf58/ground/parked_f16.dat user/tf58/ground/parked_f16.srf user/tf58/ground/parked_f16coll.srf
user/tf58/ground/parked_f18.dat user/tf58/ground/parked_f18.srf user/tf58/ground/parked_f18coll.srf
user/tf58/ground/parked_f18c.dat user/tf58/ground/parked_f18c.srf user/tf58/ground/parked_f18coll.srf
user/tf58/ground/parked_f18nasa.dat user/tf58/ground/parked_f18nasa.srf user/tf58/ground/parked_f18coll.srf
user/tf58/ground/parked_cf18.dat user/tf58/ground/parked_cf18.srf user/tf58/ground/parked_f18coll.srf
user/tf58/ground/parked_cf18_foldwing.dat user/tf58/ground/parked_cf18_foldwing.srf user/tf58/ground/parked_cf18_foldwingcoll.srf
user/tf58/ground/parked_qf4.dat user/tf58/ground/parked_qf4.srf user/tf58/ground/parked_qf4coll.srf
user/tf58/ground/parked_a4.dat user/tf58/ground/parked_a4.srf user/tf58/ground/parked_a4coll.srf
user/tf58/ground/parked_a10.dat user/tf58/ground/parked_a10.srf user/tf58/ground/parked_a10coll.srf
user/tf58/ground/parked_ea6b.dat user/tf58/ground/parked_ea6b.srf user/tf58/ground/parked_ea6bcoll.srf
user/tf58/ground/parked_tornado.dat user/tf58/ground/parked_tornado.srf user/tf58/ground/parked_tornadocoll.srf
user/tf58/ground/parked_b52h.dat user/tf58/ground/parked_b52h.srf user/tf58/ground/parked_b52hcoll.srf
user/tf58/ground/parked_nb52.dat user/tf58/ground/parked_nb52.srf user/tf58/ground/parked_nb52coll.srf
user/tf58/ground/parked_mig29.dat user/tf58/ground/parked_mig29.srf user/tf58/ground/parked_mig29coll.srf
user/tf58/ground/parked_su25.dat user/tf58/ground/parked_su25.srf user/tf58/ground/parked_su25coll.srf
user/tf58/ground/parked_b767.dat user/tf58/ground/parked_b767.srf user/tf58/ground/parked_b767coll.srf
user/tf58/ground/parked_b762_aca.dat user/tf58/ground/parked_b762_aca.srf user/tf58/ground/parked_b767coll.srf
user/tf58/ground/parked_b763_aca.dat user/tf58/ground/parked_b763_aca.srf user/tf58/ground/parked_b763_coll.srf
user/tf58/ground/parked_b763_oom.dat user/tf58/ground/parked_b763_oom.srf user/tf58/ground/parked_b763_coll.srf
user/tf58/ground/parked_b747.dat user/tf58/ground/parked_b747.srf user/tf58/ground/parked_b747_coll.srf
user/tf58/ground/parked_b747_klm.dat user/tf58/ground/parked_b747_klm.srf user/tf58/ground/parked_b747_coll.srf
user/tf58/ground/parked_b747_dlh.dat user/tf58/ground/parked_b747_dlh.srf user/tf58/ground/parked_b747_coll.srf
user/tf58/ground/parked_b744_cpa.dat user/tf58/ground/parked_b744_cpa.srf user/tf58/ground/parked_b747_coll.srf
user/tf58/ground/parked_b744_baw.dat user/tf58/ground/parked_b744_baw.srf user/tf58/ground/parked_b747_coll.srf
user/tf58/ground/parked_b773_cpa.dat user/tf58/ground/parked_b773_cpa.srf user/tf58/ground/parked_b773_coll.srf
user/tf58/ground/parked_b772_baw.dat user/tf58/ground/parked_b772_baw.srf user/tf58/ground/parked_b772_coll.srf
user/tf58/ground/parked_dc10_fdx.dat user/tf58/ground/parked_dc10_fdx.srf user/tf58/ground/parked_dc10_coll.srf
user/tf58/ground/parked_dc10.dat user/tf58/ground/parked_dc10.srf user/tf58/ground/parked_dc10_coll.srf
user/tf58/ground/parked_dc9.dat user/tf58/ground/parked_dc9.srf user/tf58/ground/parked_md80coll.srf
user/tf58/ground/parked_md80.dat user/tf58/ground/parked_md80.srf user/tf58/ground/parked_md80coll.srf
user/tf58/ground/parked_md82_aal.dat user/tf58/ground/parked_md82_aal.srf user/tf58/ground/parked_md80coll.srf
user/tf58/ground/parked_b737_wja.dat user/tf58/ground/parked_b737_wja.srf user/tf58/ground/parked_b737_coll.srf
user/tf58/ground/parked_b735_cja.dat user/tf58/ground/parked_b735_cja.srf user/tf58/ground/parked_b735_coll.srf
user/tf58/ground/parked_b735_ual.dat user/tf58/ground/parked_b735_ual.srf user/tf58/ground/parked_b735_coll.srf
user/tf58/ground/parked_a343.dat user/tf58/ground/parked_a343.srf user/tf58/ground/parked_a343_coll.srf
user/tf58/ground/parked_a343_afr.dat user/tf58/ground/parked_a343_afr.srf user/tf58/ground/parked_a343_coll.srf
user/tf58/ground/parked_a343_cpa.dat user/tf58/ground/parked_a343_cpa.srf user/tf58/ground/parked_a343_coll.srf
user/tf58/ground/parked_a343_aca.dat user/tf58/ground/parked_a343_aca.srf user/tf58/ground/parked_a343_coll.srf
user/tf58/ground/parked_a343_gfa.dat user/tf58/ground/parked_a343_gfa.srf user/tf58/ground/parked_a343_coll.srf
user/tf58/ground/parked_a343_redtail.dat user/tf58/ground/parked_a343_redtail.srf user/tf58/ground/parked_a343_coll.srf
user/tf58/ground/parked_a343_bluetail.dat user/tf58/ground/parked_a343_bluetail.srf user/tf58/ground/parked_a343_coll.srf
user/tf58/ground/parked_a320_aca.dat user/tf58/ground/parked_a320_aca.srf user/tf58/ground/parked_a320_coll.srf
user/tf58/ground/parked_a320_ssv.dat user/tf58/ground/parked_a320_ssv.srf user/tf58/ground/parked_a320_coll.srf
user/tf58/ground/parked_crj2.dat user/tf58/ground/parked_crj2.srf user/tf58/ground/parked_crj2_coll.srf
user/tf58/ground/parked_dash8.dat user/tf58/ground/parked_dash8.srf user/tf58/ground/parked_dash8_coll.srf
user/tf58/ground/parked_cessna.dat user/tf58/ground/parked_cessna.srf user/tf58/ground/parked_cessnacoll.srf

user/tf58/ground/hardshelter.dat user/tf58/ground/hardshelter.srf user/tf58/ground/hardshelter.srf
user/tf58/ground/revetment.dat user/tf58/ground/revetment.srf user/tf58/ground/revetment.srf
user/tf58/ground/controltower3.dat user/tf58/ground/controltower3.srf user/tf58/ground/controltower3_coll.srf
user/tf58/ground/vordme.dat user/tf58/ground/vordme.srf user/tf58/ground/vordme.srf
user/tf58/ground/ils2.dat user/tf58/ground/glideslope.srf user/tf58/ground/glideslope_coll.srf
user/tf58/ground/localizer.dat ground/null.srf ground/null.srf

user/tf58/ground/ykz_hangar1.dat user/tf58/ground/ykz_hangar1.srf user/tf58/ground/ykz_hangar1.srf
user/tf58/ground/ykz_hangar2.dat user/tf58/ground/ykz_hangar2.srf user/tf58/ground/ykz_hangar2.srf
user/tf58/ground/ykz_buildings1.dat user/tf58/ground/ykz_buildings1.srf user/tf58/ground/ykz_buildings1.srf
user/tf58/ground/ykz_tower.dat user/tf58/ground/ykz_tower.srf user/tf58/ground/ykz_tower.srf
user/tf58/ground/fueltruck.dat user/tf58/ground/fueltruck.srf user/tf58/ground/fueltruck.srf
user/tf58/ground/ytr_hangar1.dat user/tf58/ground/ytr_hangar1.srf user/tf58/ground/ytr_hangar1.srf
user/tf58/ground/ytr_hangar2.dat user/tf58/ground/ytr_hangar2.srf user/tf58/ground/ytr_hangar2.srf
user/tf58/ground/ytr_hangar3.dat user/tf58/ground/ytr_hangar3.srf user/tf58/ground/ytr_hangar3.srf
user/tf58/ground/ytr_hangar4.dat user/tf58/ground/ytr_hangar4.srf user/tf58/ground/ytr_hangar4.srf

user/tf58/ground/STL-arch.dat user/tf58/ground/STL-arch.srf user/tf58/ground/STL-arch.srf
user/tf58/ground/house_2fl_01.dat user/tf58/ground/house_2fl_01.srf user/tf58/ground/house_2fl_01.srf
user/tf58/ground/house_2fl_02.dat user/tf58/ground/house_2fl_02.srf user/tf58/ground/house_2fl_02.srf
user/tf58/ground/house_2fl_03.dat user/tf58/ground/house_2fl_03.srf user/tf58/ground/house_2fl_03.srf
user/tf58/ground/house_1fl_01.dat user/tf58/ground/house_1fl_01.srf user/tf58/ground/house_1fl_01.srf
user/tf58/ground/house_1fl_02.dat user/tf58/ground/house_1fl_02.srf user/tf58/ground/house_1fl_02.srf
user/tf58/ground/house_1fl_03.dat user/tf58/ground/house_1fl_03.srf user/tf58/ground/house_1fl_03.srf
user/tf58/ground/house_2fl_01a.dat user/tf58/ground/house_2fl_01a.srf user/tf58/ground/house_2fl_01a.srf
user/tf58/ground/house_2fl_03a.dat user/tf58/ground/house_2fl_03a.srf user/tf58/ground/house_2fl_03a.srf
user/tf58/ground/house_1fl_01a.dat user/tf58/ground/house_1fl_01a.srf user/tf58/ground/house_1fl_01a.srf
user/tf58/ground/church.dat user/tf58/ground/church.srf user/tf58/ground/church.srf
user/tf58/ground/gasstation.dat user/tf58/ground/gasstation.srf user/tf58/ground/gasstation_coll.srf
user/tf58/ground/shop_1.dat user/tf58/ground/shop_1.srf user/tf58/ground/shop_1_coll.srf
user/tf58/ground/shop_2.dat user/tf58/ground/shop_2.srf user/tf58/ground/shop_2_coll.srf
user/tf58/ground/shop_1a.dat user/tf58/ground/shop_1a.srf user/tf58/ground/shop_1_coll.srf
user/tf58/ground/shop_2a.dat user/tf58/ground/shop_2a.srf user/tf58/ground/shop_2_coll.srf
user/tf58/ground/shop_1b.dat user/tf58/ground/shop_1b.srf user/tf58/ground/shop_1_coll.srf
user/tf58/ground/shop_2b.dat user/tf58/ground/shop_2b.srf user/tf58/ground/shop_2_coll.srf
user/tf58/ground/office_1fl_1.dat user/tf58/ground/office_1fl_1.srf user/tf58/ground/office_1fl_1.srf
user/tf58/ground/office_2fl_1.dat user/tf58/ground/office_2fl_1.srf user/tf58/ground/office_2fl_coll.srf
user/tf58/ground/office_2fl_2.dat user/tf58/ground/office_2fl_2.srf user/tf58/ground/office_2fl_coll.srf
user/tf58/ground/watertower1.dat user/tf58/ground/watertower1.srf user/tf58/ground/watertower1_coll.srf
user/tf58/ground/fire.dat user/tf58/ground/fire.srf ground/null.srf
user/tf58/ground/tollbooth.dat user/tf58/ground/tollbooth.srf user/tf58/ground/tollbooth_coll.srf

user/tf58/ground/civtower005a.dat user/tf58/ground/civtower005.srf user/tf58/ground/civtower005.srf

user/tf58/ground/canforce_hangar.dat user/tf58/ground/canforce_hangar.srf user/tf58/ground/canforce_hangar.srf
user/tf58/ground/canforce_hangar_open.dat user/tf58/ground/canforce_hangar_open.srf user/tf58/ground/canforce_hangar_open.srf
user/tf58/ground/canforce_hangar_aete.dat user/tf58/ground/canforce_hangar_aete.srf user/tf58/ground/canforce_hangar_aete.srf
user/tf58/ground/cyod_hangar_tower.dat user/tf58/ground/cyod_hangar_tower.srf user/tf58/ground/cyod_hangar_tower.srf
user/tf58/ground/firehall.dat user/tf58/ground/firehall.srf user/tf58/ground/firehall.srf
user/tf58/ground/firetruck_grd_obj.dat user/tf58/ground/firetruck_grd_obj.srf user/tf58/ground/firetruck_grd_obj_coll.srf
user/tf58/ground/cyod_hangar_1.dat user/tf58/ground/cyod_hangar_1.srf user/tf58/ground/cyod_hangar_1.srf
user/tf58/ground/cyod_hangar_2.dat user/tf58/ground/cyod_hangar_2.srf user/tf58/ground/cyod_hangar_2.srf

user/tf58/ground/lhd1.dat user/tf58/ground/lhd1.dnm user/tf58/ground/lhd1_coll.srf
user/tf58/ground/zu23.dat user/tf58/ground/zu23.dnm user/tf58/ground/zu23_coll.srf
user/tf58/ground/cv70.dat user/tf58/ground/cv70_visual.dnm user/tf58/ground/cv70_coll.srf
user/tf58/ground/cg60.dat user/tf58/ground/cg60.dnm user/tf58/ground/cg60coll.srf
user/tf58/ground/ddg51.dat user/tf58/ground/ddg51.dnm user/tf58/ground/ddg51_coarse.srf
user/tf58/ground/ffg7.dat user/tf58/ground/ffg7.dnm user/tf58/ground/ffg7_coll.srf
user/tf58/ground/ffg7slow.dat user/tf58/ground/ffg7.dnm user/tf58/ground/ffg7_coll.srf
user/tf58/ground/supertanker.dat user/tf58/ground/supertanker.dnm user/tf58/ground/supertanker_coll.srf

user/tf58/ground/cv5.dat user/tf58/ground/cv5.dnm user/tf58/ground/cv5cl.srf
user/tf58/ground/shokaku.dat user/tf58/ground/shokaku.dnm user/tf58/ground/shokaku_cl.srf
user/tf58/ground/fletcher.dat user/tf58/ground/fletcher.dnm user/tf58/ground/fletcher_cl.srf
user/tf58/ground/yugumo.dat user/tf58/ground/yugumo.dnm user/tf58/ground/yugumo_cl.srf
user/tf58/ground/jeep.dat user/tf58/ground/jeep.srf user/tf58/ground/jeepcl.srf
user/tf58/ground/hut.dat user/tf58/ground/hut.srf user/tf58/ground/hut_cl.srf
user/tf58/ground/hut_tall.dat user/tf58/ground/hut_tall.srf user/tf58/ground/hut_tall_cl.srf

user/tf58/ground/taca.dat user/tf58/ground/taca.dnm user/tf58/ground/taca_coll.srf
user/tf58/ground/taca_terminal.dat user/tf58/ground/taca_terminal.srf user/tf58/ground/taca_terminal.srf
user/tf58/ground/palmtree.dat user/tf58/ground/palmtree.srf user/tf58/ground/palmtree.srf
user/tf58/ground/beachspot.dat user/tf58/ground/beachspot.srf user/tf58/ground/beachspot_coll.srf
user/tf58/ground/fueltank.dat user/tf58/ground/fueltank.srf user/tf58/ground/fueltank.srf
user/tf58/ground/taca_pier.dat user/tf58/ground/taca_pier.srf user/tf58/ground/taca_pier.srf
user/tf58/ground/taca_house_1.dat user/tf58/ground/taca_house_1.srf user/tf58/ground/taca_house_1.srf
user/tf58/ground/taca_house_2.dat user/tf58/ground/taca_house_2.srf user/tf58/ground/taca_house_2.srf
user/tf58/ground/taca_house_3.dat user/tf58/ground/taca_house_3.srf user/tf58/ground/taca_house_3.srf
user/tf58/ground/taca_house_4.dat user/tf58/ground/taca_house_4.srf user/tf58/ground/taca_house_4.srf
user/tf58/ground/sailboat.dat user/tf58/ground/sailboat.srf user/tf58/ground/sailboat_coll.srf
user/tf58/ground/motoryacht.dat user/tf58/ground/motoryacht.dnm user/tf58/ground/motoryacht.srf

user/tf58/ground/igs13.dat user/tf58/ground/checkerboard_hill.srf user/tf58/ground/checkerboard_hill_coll.srf
user/tf58/ground/2ifc.dat user/tf58/ground/2ifc.srf user/tf58/ground/2ifc_coll.srf
user/tf58/ground/bank_of_china.dat user/tf58/ground/bank_of_china.srf user/tf58/ground/bank_of_china_coll.srf
user/tf58/ground/central_plaza.dat user/tf58/ground/central_plaza.srf user/tf58/ground/central_plaza_coll.srf
user/tf58/ground/hk_building_01.dat user/tf58/ground/hk_building_01.srf user/tf58/ground/hk_building_01.srf
user/tf58/ground/hk_building_02.dat user/tf58/ground/hk_building_02.srf user/tf58/ground/hk_building_02.srf
user/tf58/ground/hk_building_03.dat user/tf58/ground/hk_building_03.srf user/tf58/ground/hk_building_03.srf
user/tf58/ground/hk_building_04.dat user/tf58/ground/hk_building_04.srf user/tf58/ground/hk_building_04.srf
user/tf58/ground/hk_building_05.dat user/tf58/ground/hk_building_05.srf user/tf58/ground/hk_building_05.srf
user/tf58/ground/clk_tower_1.dat user/tf58/ground/clk_tower_1.srf user/tf58/ground/clk_tower_1.srf
user/tf58/ground/clk_tower_2.dat user/tf58/ground/clk_tower_2.srf user/tf58/ground/clk_tower_2.srf
user/tf58/ground/clk_terminal_main.dat user/tf58/ground/clk_terminal_main.srf user/tf58/ground/clk_terminal_main.srf
user/tf58/ground/clk_terminal_stem.dat user/tf58/ground/clk_terminal_stem.srf user/tf58/ground/clk_terminal_stem.srf
user/tf58/ground/clk_terminal_wing_n.dat user/tf58/ground/clk_terminal_wing_n.srf user/tf58/ground/clk_terminal_wing_n.srf
user/tf58/ground/clk_terminal_wing_s.dat user/tf58/ground/clk_terminal_wing_s.srf user/tf58/ground/clk_terminal_wing_s.srf
user/tf58/ground/kaitak_terminal_a.dat user/tf58/ground/kaitak_terminal_a.srf user/tf58/ground/kaitak_terminal_a.srf
user/tf58/ground/kaitak_terminal_b.dat user/tf58/ground/kaitak_terminal_b.srf user/tf58/ground/kaitak_terminal_b.srf
user/tf58/ground/kaitak_terminal_dock.dat user/tf58/ground/kaitak_terminal_dock.srf user/tf58/ground/kaitak_terminal_dock.srf
user/tf58/ground/kaitak_terminal_tower.dat user/tf58/ground/kaitak_terminal_tower.srf user/tf58/ground/kaitak_terminal_tower.srf
user/tf58/ground/vhsk_hangar_1.dat user/tf58/ground/vhsk_hangar_1.srf user/tf58/ground/vhsk_hangar_1.srf
user/tf58/ground/quonset_hut.dat user/tf58/ground/quonset_hut.srf user/tf58/ground/quonset_hut.srf

user/tf58/ground/bldg-01.dat user/tf58/ground/bldg-01.srf user/tf58/ground/bldg-01.srf
user/tf58/ground/bldg-02.dat user/tf58/ground/bldg-02.srf user/tf58/ground/bldg-02.srf
user/tf58/ground/bldg-03.dat user/tf58/ground/bldg-03.srf user/tf58/ground/bldg-03.srf
user/tf58/ground/bldg-11.dat user/tf58/ground/bldg-11.srf user/tf58/ground/bldg-11.srf
user/tf58/ground/bldg-12.dat user/tf58/ground/bldg-12.srf user/tf58/ground/bldg-12.srf
user/tf58/ground/bldg-13.dat user/tf58/ground/bldg-13.srf user/tf58/ground/bldg-13.srf
