
User/buta/aircraft/777jas.dat   User/buta/aircraft/777jas.dnm   User/buta/aircraft/777jascoll.srf   User/buta/aircraft/777jascockpit.srf
User/buta/aircraft/tug.dat User/buta/aircraft/tug.dnm User/buta/aircraft/tugcoll.srf User/buta/aircraft/tugcockpit.srf
User/buta/aircraft/cargot.dat User/buta/aircraft/cargot.dnm User/buta/aircraft/cargotcoll.srf User/buta/aircraft/cargotcockpit.srf
User/buta/aircraft/firee.dat User/buta/aircraft/firee.dnm User/buta/aircraft/fireecoll.srf User/buta/aircraft/fireecockpit.srf
User/buta/aircraft/delicar.dat User/buta/aircraft/delicar.dnm User/buta/aircraft/delicarcoll.srf User/buta/aircraft/delicarcockpit.srf
User/buta/aircraft/aryume.dat User/buta/aircraft/aryume.dnm User/buta/aircraft/arcoll.srf User/buta/aircraft/aryumecockpit.srf User/buta/aircraft/aryumecoarse.srf
User/buta/aircraft/nmaru.dat User/buta/aircraft/nmaru.dnm User/buta/aircraft/nmarucoll.srf User/buta/aircraft/nmarucockpit.srf User/buta/aircraft/nmarucoarse.srf
User/buta/aircraft/kuro.dat User/buta/aircraft/kuro.dnm User/buta/aircraft/kurocoll.srf User/buta/aircraft/kurocockpit.srf
User/buta/aircraft/falco.dat User/buta/aircraft/falco.dnm User/buta/aircraft/falcocoll.srf User/buta/aircraft/falcocockpit.srf
User/buta/aircraft/cabinb4.dat User/buta/aircraft/njlb4.dnm User/buta/aircraft/njlb4coll.srf User/buta/aircraft/cabinpit.srf 
User/buta/aircraft/c5ti.dat         User/buta/aircraft/c5ti.dnm         User/buta/aircraft/c5coll.srf         User/buta/aircraft/c5cockpit.srf
User/buta/aircraft/bv141.dat User/buta/aircraft/bv141.dnm User/buta/aircraft/bv141coll.srf User/buta/aircraft/bv141cockpit.srf User/buta/aircraft/bv141coarse.srf
User/buta/aircraft/hp42.dat User/buta/aircraft/hp42.dnm User/buta/aircraft/hp42coll.srf User/buta/aircraft/hp42cockpit.srf User/buta/aircraft/hp42coarse.srf
User/buta/aircraft/dox.dat User/buta/aircraft/dox.dnm User/buta/aircraft/doxcoll.srf User/buta/aircraft/doxcockpit.srf User/buta/aircraft/doxcoarse.srf
User/buta/aircraft/fanfan.dat User/buta/aircraft/fanfan.dnm User/buta/aircraft/fanfancoll.srf User/buta/aircraft/fanfancockpit.srf User/buta/aircraft/fanfancoarse.srf
User/buta/aircraft/dopp.dat User/buta/aircraft/dopp.dnm User/buta/aircraft/doppcoll.srf User/buta/aircraft/doppcockpit.srf User/buta/aircraft/doppcoarse.srf
User/buta/aircraft/beluga.dat User/buta/aircraft/beluga.dnm User/buta/aircraft/belugacoll.srf User/buta/aircraft/belugacockpit.srf User/buta/aircraft/belugacoarse.srf
User/buta/aircraft/b34jta.dat    User/buta/aircraft/b34jta.dnm    User/buta/aircraft/b34jtacoll.srf    User/buta/aircraft/b34jtacockpit.srf
User/buta/aircraft/stard.dat    User/buta/aircraft/stard.dnm    User/buta/aircraft/stardcoll.srf    User/buta/aircraft/stardcockpit.srf
User/buta/aircraft/resq.dat    User/buta/aircraft/resq.dnm    User/buta/aircraft/resqcoll.srf    User/buta/aircraft/resqcockpit.srf
User/buta/aircraft/ncosmo.dat    User/buta/aircraft/ncosmo.dnm    User/buta/aircraft/ctiger2coll.srf    User/buta/aircraft/ctiger2cockpit.srf
User/buta/aircraft/btiger.dat User/buta/aircraft/btiger.dnm User/buta/aircraft/btigercoll.srf User/buta/aircraft/btigercockpit.srf 
User/buta/aircraft/oldjlb4.dat User/buta/aircraft/oldjlb4.dnm User/buta/aircraft/njlb4coll.srf User/buta/aircraft/njlb4cockpit.srf 
User/buta/aircraft/nnjlb4.dat User/buta/aircraft/nnjlb4.dnm User/buta/aircraft/njlb4coll.srf User/buta/aircraft/nnjlb4cockpit.srf 
User/buta/aircraft/njlb4.dat User/buta/aircraft/njlb4.dnm User/buta/aircraft/njlb4coll.srf User/buta/aircraft/njlb4cockpit.srf 
User/buta/aircraft/b767sky.dat User/buta/aircraft/b767sky.dnm User/buta/aircraft/b7674hcoll.srf User/buta/aircraft/b7674hcockpit.srf 
User/buta/aircraft/arcadia.dat User/buta/aircraft/arcadia.dnm User/buta/aircraft/arcoll.srf User/buta/aircraft/arcockpit.srf User/buta/aircraft/arcoarse.srf
User/buta/aircraft/snows.dat User/buta/aircraft/snows.dnm User/buta/aircraft/snowscoll.srf User/buta/aircraft/snowscockpit.srf User/buta/aircraft/snowscoarse.srf
User/buta/aircraft/newsavoia.dat  User/buta/aircraft/newsavoia.dnm  User/buta/aircraft/newsavoiacoll.srf  User/buta/aircraft/newsavoiacockpit.srf
User/buta/aircraft/newfio.dat     User/buta/aircraft/newsavoia.dnm  User/buta/aircraft/newsavoiacoll.srf  User/buta/aircraft/fiocockpit.srf
User/buta/aircraft/curtiss.dat    User/buta/aircraft/curtiss.dnm    User/buta/aircraft/curtisscoll.srf    User/buta/aircraft/curtisscockpit.srf
User/buta/aircraft/p38.dat        User/buta/aircraft/p38.dnm        User/buta/aircraft/p38coll.srf        User/buta/aircraft/p38cockpit.srf
User/buta/aircraft/gunship.dat    User/buta/aircraft/gunship.dnm    User/buta/aircraft/gunshipcoll.srf    User/buta/aircraft/gunshipcockpit.srf
User/buta/aircraft/cat.dat        User/buta/aircraft/cat.dnm        User/buta/aircraft/catcoll.srf        User/buta/aircraft/catcockpit.srf
User/buta/aircraft/spartanian.dat User/buta/aircraft/spartanian.dnm User/buta/aircraft/spartaniancoll.srf User/buta/aircraft/spartaniancockpit.srf
User/buta/aircraft/tigermoss.dat  User/buta/aircraft/tigermoss.dnm  User/buta/aircraft/tigermosscoll.srf  User/buta/aircraft/tigermosscockpit.srf
User/buta/aircraft/b777nh.dat     User/buta/aircraft/b777nh.dnm     aircraft/b777coll.srf                 aircraft/b777cockpit.srf
User/buta/aircraft/b777nhn.dat    User/buta/aircraft/b777nhn.dnm    aircraft/b777coll.srf                 aircraft/b777cockpit.srf
User/buta/aircraft/corvette.dat   User/buta/aircraft/corvette.dnm   User/buta/aircraft/corvettecoll.srf   User/buta/aircraft/corvettecockpit.srf
User/buta/aircraft/honobono.dat   User/buta/aircraft/honobono.dnm   User/buta/aircraft/honobonocoll.srf   User/buta/aircraft/honobonocockpit.srf
User/buta/aircraft/goliate.dat    User/buta/aircraft/goliate.dnm    User/buta/aircraft/goliatecoll.srf    User/buta/aircraft/goliatecockpit.srf
User/buta/aircraft/eshuttle.dat   User/buta/aircraft/eshuttle.dnm   User/buta/aircraft/eshuttlecoll.srf   User/buta/aircraft/eshuttlecockpit.srf
User/buta/aircraft/b747jl.dat     User/buta/aircraft/b747jl.dnm     User/buta/aircraft/njlb4coll.srf      User/buta/aircraft/njlb4cockpit.srf
User/buta/aircraft/b747njl.dat    User/buta/aircraft/b747njl.dnm    User/buta/aircraft/njlb4coll.srf      User/buta/aircraft/nnjlb4cockpit.srf
User/buta/aircraft/tower.dat      User/buta/aircraft/tower.dnm      User/buta/aircraft/tower.srf          User/buta/aircraft/towercockpit.srf
User/buta/aircraft/md80.dat       User/buta/aircraft/md80.dnm       User/buta/aircraft/md80coll.srf       User/buta/aircraft/md80cockpit.srf
User/buta/aircraft/md90-1.dat     User/buta/aircraft/md90-1.dnm     User/buta/aircraft/md80coll.srf       User/buta/aircraft/md80cockpit.srf
User/buta/aircraft/ctiger2.dat    User/buta/aircraft/ctiger2.dnm    User/buta/aircraft/ctiger2coll.srf    User/buta/aircraft/ctiger2cockpit.srf
User/buta/aircraft/ctiger2a.dat   User/buta/aircraft/ctiger2a.dnm   User/buta/aircraft/ctiger2coll.srf    User/buta/aircraft/ctiger2cockpit.srf
User/buta/aircraft/pegitegs.dat   User/buta/aircraft/pegitegs.dnm   User/buta/aircraft/pegitegscoll.srf   User/buta/aircraft/pegitegscockpit.srf
User/buta/aircraft/whitebase.dat  User/buta/aircraft/whitebase.dnm  User/buta/aircraft/whitebasecoll.srf  User/buta/aircraft/whitebasecockpit.srf
User/buta/aircraft/midea.dat      User/buta/aircraft/midea.dnm      User/buta/aircraft/mideacoll.srf      User/buta/aircraft/mideacockpit.srf
User/buta/aircraft/999.dat        User/buta/aircraft/999.dnm        User/buta/aircraft/999coll.srf        User/buta/aircraft/999cockpit.srf
User/buta/aircraft/c5.dat         User/buta/aircraft/c5.dnm         User/buta/aircraft/c5coll.srf         User/buta/aircraft/c5cockpit.srf
User/buta/aircraft/coreb.dat      User/buta/aircraft/coreb.dnm      User/buta/aircraft/corebcoll.srf      User/buta/aircraft/corebcockpit.srf
User/buta/aircraft/delorean.dat   User/buta/aircraft/delorean.dnm   User/buta/aircraft/deloreancoll.srf   User/buta/aircraft/deloreancockpit.srf
User/buta/aircraft/matgyro.dat    User/buta/aircraft/matgyro.dnm    User/buta/aircraft/matgyrocoll.srf    User/buta/aircraft/matgyrocockpit.srf
User/buta/aircraft/b727.dat       User/buta/aircraft/b727_ana.dnm   User/buta/aircraft/b727coll.srf       User/buta/aircraft/b727cockpit.srf
User/buta/aircraft/b727nh.dat     User/buta/aircraft/b727nh.dnm     User/buta/aircraft/b727coll.srf       User/buta/aircraft/b727cockpit.srf
User/buta/aircraft/tb2.dat        User/buta/aircraft/tb2.dnm        User/buta/aircraft/tb2coll.srf        User/buta/aircraft/tb2cockpit.srf
User/buta/aircraft/mamma.dat      User/buta/aircraft/mamma.dnm      User/buta/aircraft/mammacoll.srf      User/buta/aircraft/mammacockpit.srf
User/buta/aircraft/mfalcon.dat User/buta/aircraft/mfalcon.dnm User/buta/aircraft/mfalconcoll.srf User/buta/aircraft/mfalconcockpit.srf User/buta/aircraft/mfalconcoarse.srf
User/buta/aircraft/yw.dat      User/buta/aircraft/yw.dnm      User/buta/aircraft/ywcoll.srf      User/buta/aircraft/ywcockpit.srf
User/buta/aircraft/xw.dat      User/buta/aircraft/xw.dnm      User/buta/aircraft/xwcoll.srf      User/buta/aircraft/xwcockpit.srf
User/buta/aircraft/l1011.dat   User/buta/aircraft/l1011.dnm   User/buta/aircraft/l1011coll.srf   User/buta/aircraft/l1011cockpit.srf
User/BUTA/AIRCRAFT/wheli.dat User/BUTA/AIRCRAFT/wheli.dnm User/BUTA/AIRCRAFT/whelicoll.srf User/BUTA/AIRCRAFT/whelicockpit.srf User/BUTA/AIRCRAFT/whelicoarse.dnm
User/BUTA/AIRCRAFT/bv111.dat User/BUTA/AIRCRAFT/bv111.dnm User/BUTA/AIRCRAFT/bv111coll.srf User/BUTA/AIRCRAFT/bv111cockpit.srf User/BUTA/AIRCRAFT/bv111coarse.dnm
