User/aggressor/f15dj_karasi.dat User/aggressor/f15dj_karasi.dnm aircraft/f15coll.srf User/aggressor/f15jcockpit.srf User/aggressor/f15dj_karasicoarse.dnm
User/aggressor/f15dj_madara.dat User/aggressor/f15dj_madara.dnm aircraft/f15coll.srf User/aggressor/f15jcockpit.srf User/aggressor/f15dj_madaracoarse.dnm
User/aggressor/f15dj_gamera.dat User/aggressor/f15dj_gamera.dnm aircraft/f15coll.srf User/aggressor/f15jcockpit.srf User/aggressor/f15dj_gameracoarse.dnm
User/aggressor/f15dj_chairo.dat User/aggressor/f15dj_chairo.dnm aircraft/f15coll.srf User/aggressor/f15jcockpit.srf User/aggressor/f15dj_chairocoarse.dnm
User/aggressor/f15dj_aomadara.dat User/aggressor/f15dj_aomadara.dnm aircraft/f15coll.srf User/aggressor/f15jcockpit.srf User/aggressor/f15dj_aomadaracoarse.dnm
User/aggressor/f15j_flanker.dat User/aggressor/f15j_flanker.dnm aircraft/f15coll.srf User/aggressor/f15jcockpit.srf User/aggressor/f15j_flankercoarse.dnm
User/aggressor/f15dj_akatasuki.dat User/aggressor/f15dj_akatasuki.dnm aircraft/f15coll.srf User/aggressor/f15jcockpit.srf User/aggressor/f15dj_akatasukicoarse.dnm
User/aggressor/f15dj_aotasuki.dat User/aggressor/f15dj_aotasuki.dnm aircraft/f15coll.srf User/aggressor/f15jcockpit.srf User/aggressor/f15dj_aotasukicoarse.dnm
User/aggressor/f15dj_sotoao.dat User/aggressor/f15dj_sotoao.dnm aircraft/f15coll.srf User/aggressor/f15jcockpit.srf User/aggressor/f15dj_sotoaocoarse.dnm
User/aggressor/f15dj_sotomidori.dat User/aggressor/f15dj_sotomidori.dnm aircraft/f15coll.srf User/aggressor/f15jcockpit.srf User/aggressor/f15dj_sotomidoricoarse.dnm
User/aggressor/f15dj_nakaao.dat User/aggressor/f15dj_nakaao.dnm aircraft/f15coll.srf User/aggressor/f15jcockpit.srf User/aggressor/f15dj_nakaaocoarse.dnm
User/gre/eff16.dat User/gre/eff16.dnm User/gre/eff16coll.srf User/gre/eff16cock.srf
User/gre/su37sotoao.dat User/gre/su37sotoao.dnm User/gre/su37coll.srf User/gre/su37cockpit.srf User/gre/su37sotoao_coarse.dnm
User/gre/su37sotomidori.dat User/gre/su37sotomidori.dnm User/gre/su37coll.srf User/gre/su37cockpit.srf User/gre/su37sotomidori_coarse.dnm
User/gre/su37_f2.dat User/gre/su37_f2.dnm User/gre/su37coll.srf User/gre/su37cockpit.srf User/gre/su37_f2coarse.dnm
User/gre/su37_matsuba.dat User/gre/su37_matsuba.dnm User/gre/su37coll.srf User/gre/su37_matsubacockpit.srf User/gre/su37coarse_matsuba.dnm
User/gre/su37_zero.dat User/gre/su37_zero.dnm User/gre/su37coll.srf User/gre/su37cockpit.srf User/gre/su37_zero_coarse.dnm
User/gre/rah00.dat User/gre/rah00.dnm User/gre/rah00coll.srf User/gre/rah00cock.srf User/gre/rah00coarse.dnm
User/gre/rah00b.dat User/gre/rah00b.dnm User/gre/rah00b_coll.srf User/gre/rah00cock.srf User/gre/rah00b_coarse.dnm

User/gre/R390r.dat User/gre/R390r.dnm User/gre/R390coll.srf User/gre/R390cockpit.srf User/gre/R390rcoarse.dnm
User/gre/R390g.dat User/gre/R390g.dnm User/gre/R390coll.srf User/gre/R390cockpit.srf User/gre/R390gcoarse.dnm
User/gre/R390b.dat User/gre/R390b.dnm User/gre/R390coll.srf User/gre/R390cockpit.srf User/gre/R390bcoarse.dnm
User/gre/ssn688.dat User/gre/ssn688.dnm User/gre/ssn688_coll.srf User/gre/ssn688_cockpit.srf

User/gre/ef2000_ctrl.dat User/gre/ef2000_ctrl.dnm User/gre/ef2000coll.srf User/gre/ef2000cockpit.srf User/gre/ef2000coarse_ctrl.dnm
User/gre/su37yume.dat User/gre/su37yume.dnm User/gre/su37coll.srf User/gre/su37cockpit.srf User/gre/su37yume_coarse.dnm
User/gre/rah00_yume.dat User/gre/rah00_yume.dnm User/gre/rah00coll.srf User/gre/rah00cock.srf User/gre/rah00_yumecoarse.dnm