User/Kzs/circuit.fld/ground/stand.dat User/Kzs/circuit.fld/ground/stand.srf User/Kzs/circuit.fld/ground/stand_coll.srf
User/Kzs/circuit.fld/ground/pitbuild.dat User/Kzs/circuit.fld/ground/pitbuild.srf User/Kzs/circuit.fld/ground/pitbuild_coll.srf
User/Kzs/circuit.fld/ground/signal.dat User/Kzs/circuit.fld/ground/signal.srf User/Kzs/circuit.fld/ground/signal_coll.srf
User/Kzs/circuit.fld/ground/tirebridge.dat User/Kzs/circuit.fld/ground/tirebridge.srf User/Kzs/circuit.fld/ground/tirebridge_coll.srf
User/Kzs/circuit.fld/ground/mhouse.dat User/Kzs/circuit.fld/ground/mhouse.srf User/Kzs/circuit.fld/ground/mhouse_coll.srf
User/Kzs/circuit.fld/ground/giraffe.dat User/Kzs/circuit.fld/ground/giraffe.srf User/Kzs/circuit.fld/ground/giraffe_coll.srf
User/Kzs/circuit.fld/ground/elephant.dat User/Kzs/circuit.fld/ground/elephant.srf User/Kzs/circuit.fld/ground/elephant_coll.srf
User/Kzs/circuit.fld/ground/bonetunnel.dat User/Kzs/circuit.fld/ground/bonetunnel.dnm User/Kzs/circuit.fld/ground/bonetunnel_coll.srf
User/Kzs/circuit.fld/ground/barricade.dat User/Kzs/circuit.fld/ground/barricade.srf User/Kzs/circuit.fld/ground/barricade_coll.srf
User/Kzs/circuit.fld/ground/m_tunnel.dat User/Kzs/circuit.fld/ground/m_tunnel.srf User/Kzs/circuit.fld/ground/m_tunnel_coll.srf
User/Kzs/circuit.fld/ground/m_tunnel(l).dat User/Kzs/circuit.fld/ground/m_tunnel(l).srf User/Kzs/circuit.fld/ground/m_tunnel(l)_coll.srf
User/Kzs/circuit.fld/ground/pitbuild(s).dat User/Kzs/circuit.fld/ground/pitbuild(s).srf User/Kzs/circuit.fld/ground/pitbuild(s)_coll.srf
User/Kzs/circuit.fld/ground/signal(s).dat User/Kzs/circuit.fld/ground/signal(s).srf User/Kzs/circuit.fld/ground/signal(s)_coll.srf
User/Kzs/circuit.fld/ground/corn.dat User/Kzs/circuit.fld/ground/corn.srf User/Kzs/circuit.fld/ground/corn_coll.srf
User/Kzs/circuit.fld/ground/c_block.dat User/Kzs/circuit.fld/ground/c_block.srf User/Kzs/circuit.fld/ground/c_block_coll.srf
User/Kzs/circuit.fld/ground/corn(y).dat User/Kzs/circuit.fld/ground/corn(y).srf User/Kzs/circuit.fld/ground/corn(y)_coll.srf
User/Kzs/circuit.fld/ground/barricade2.dat User/Kzs/circuit.fld/ground/barricade2.srf User/Kzs/circuit.fld/ground/barricade2_coll.srf
User/Kzs/circuit.fld/ground/mhouse2.dat User/Kzs/circuit.fld/ground/mhouse2.srf User/Kzs/circuit.fld/ground/mhouse2_coll.srf
User/Kzs/circuit.fld/ground/c_block(s).dat User/Kzs/circuit.fld/ground/c_block(s).srf User/Kzs/circuit.fld/ground/c_block(s)_coll.srf
User/Kzs/circuit.fld/ground/rock1.dat User/Kzs/circuit.fld/ground/rock1.srf User/Kzs/circuit.fld/ground/rock1_coll.srf
User/Kzs/circuit.fld/ground/rock2.dat User/Kzs/circuit.fld/ground/rock2.srf User/Kzs/circuit.fld/ground/rock2_coll.srf
User/Kzs/circuit.fld/ground/rock3.dat User/Kzs/circuit.fld/ground/rock3.srf User/Kzs/circuit.fld/ground/rock3_coll.srf
User/Kzs/circuit.fld/ground/signal(r).dat User/Kzs/circuit.fld/ground/signal(r).dnm User/Kzs/circuit.fld/ground/signal(r)_coll.srf
User/Kzs/ground/s_ferryboat.dat User/Kzs/ground/ferryboat.srf User/Kzs/ground/ferryboat_coll.srf
