Ground
user/fufanl/don/ground/flak88.dat user/fufanl/don/ground/flak88.srf user/fufanl/don/ground/flak88.srf
user/fufanl/don/ground/flak88_sh.dat user/fufanl/don/ground/flak88_sh.srf user/fufanl/don/ground/flak88_sh.srf
user/fufanl/don/ground/flak88_weel.dat user/fufanl/don/ground/flak88_weel.srf user/fufanl/don/ground/flak88_weel.srf
user/fufanl/don/ground/hangar_fu.dat user/fufanl/don/ground/hangar_fu.srf user/fufanl/don/ground/hangar_fu.srf
user/fufanl/don/ground/hangar_fu1.dat user/fufanl/don/ground/hangar_fu1.srf user/fufanl/don/ground/hangar_fu1.srf
user/fufanl/don/ground/hangar_sov.dat user/fufanl/don/ground/hangar_sov.srf user/fufanl/don/ground/hangar_sov.srf
user/fufanl/don/ground/hangar_sov1.dat user/fufanl/don/ground/hangar_sov1.srf user/fufanl/don/ground/hangar_sov1.srf
user/fufanl/don/ground/hangarferr.dat user/fufanl/don/ground/hangarferr.srf user/fufanl/don/ground/hangarferr.srf
user/fufanl/don/ground/hummel.dat user/fufanl/don/ground/hummel.srf user/fufanl/don/ground/hummel.srf
user/fufanl/don/ground/jagdpanther.dat user/fufanl/don/ground/jagdpanther.srf user/fufanl/don/ground/jagdpanther.srf
user/fufanl/don/ground/jgpz4_h.dat user/fufanl/don/ground/jgpz4_h.srf user/fufanl/don/ground/jgpz4_h.srf
user/fufanl/don/ground/ju87.dat user/fufanl/don/ground/ju87.srf user/fufanl/don/ground/ju87_coll.srf
user/fufanl/don/ground/locomotiva2.dat user/fufanl/don/ground/locomotiva2.srf user/fufanl/don/ground/locomotiva2.srf
user/fufanl/don/ground/mobelwagen37.dat user/fufanl/don/ground/mobelwagen37.srf user/fufanl/don/ground/mobelwagen37.srf
user/fufanl/don/ground/nashorn.dat user/fufanl/don/ground/nashorn.srf user/fufanl/don/ground/nashorn.srf
user/fufanl/don/ground/ostwind.dat user/fufanl/don/ground/ostwind.srf user/fufanl/don/ground/ostwind.srf
user/fufanl/don/ground/panther.dat user/fufanl/don/ground/panther.srf user/fufanl/don/ground/panther.srf
user/fufanl/don/ground/pz4.dat user/fufanl/don/ground/pz4.srf user/fufanl/don/ground/pz4.srf
user/fufanl/don/ground/sdkfz251b.dat user/fufanl/don/ground/sdkfz251b.srf user/fufanl/don/ground/sdkfz251b.srf
user/fufanl/don/ground/tender.dat user/fufanl/don/ground/tender.srf user/fufanl/don/ground/tender.srf
user/fufanl/don/ground/tiger1.dat user/fufanl/don/ground/tiger1.srf user/fufanl/don/ground/tiger1.srf
user/fufanl/don/ground/torreww1.dat user/fufanl/don/ground/torreww1.srf user/fufanl/don/ground/torreww1.srf
user/fufanl/don/ground/tower_d1.dat user/fufanl/don/ground/tower_d1.srf user/fufanl/don/ground/tower_d1.srf
user/fufanl/don/ground/treno_cist.dat user/fufanl/don/ground/treno_cist.srf user/fufanl/don/ground/treno_cist.srf
user/fufanl/don/ground/triebwagen.dat user/fufanl/don/ground/triebwagen.srf user/fufanl/don/ground/triebwagen.srf
user/fufanl/don/ground/wirbelwind.dat user/fufanl/don/ground/wirbelwind.srf user/fufanl/don/ground/wirbelwind.srf
user/fufanl/don/ground/zsu37.dat user/fufanl/don/ground/zsu37.srf user/fufanl/don/ground/zsu37.srf



Scenery
DON User/fufanl/don/placdon.fld User/fufanl/don/placdon.stp User/fufanl/don/placdon.yfs 
