User/buta/maps/ground/hanger.dat User/buta/maps/ground/hanger.srf User/buta/maps/ground/hanger.srf
User/buta/maps/ground/hotel.dat User/buta/maps/ground/hotel.srf User/buta/maps/ground/hotel.srf
User/buta/maps/ground/mori.dat User/buta/maps/ground/mori.srf User/buta/maps/ground/mori.srf
User/buta/maps/ground/omu-b.dat User/buta/maps/ground/omu-b.srf User/buta/maps/ground/omu-b.srf
User/buta/maps/ground/omu-r.dat User/buta/maps/ground/omu-r.srf User/buta/maps/ground/omu-r.srf
User/buta/maps/ground/porco.dat User/buta/maps/ground/porco.srf User/buta/maps/ground/porco.srf
User/buta/maps/ground/tree.dat User/buta/maps/ground/tree.srf User/buta/maps/ground/tree.srf
User/buta/maps/ground/laputa.dat User/buta/maps/ground/laputa.srf User/buta/maps/ground/laputacoll.srf
User/buta/maps/ground/ship1.dat User/buta/maps/ground/ship1.srf User/buta/maps/ground/ship1.srf
User/buta/maps/hnd/cargo.dat User/buta/maps/hnd/cargo.srf User/buta/maps/hnd/cargo.srf
User/buta/maps/hnd/decks.dat User/buta/maps/hnd/decks.srf User/buta/maps/hnd/decks.srf
User/buta/maps/hnd/parking.dat User/buta/maps/hnd/parking.srf User/buta/maps/hnd/parking.srf
User/buta/maps/hnd/round.dat User/buta/maps/hnd/round.srf User/buta/maps/hnd/roundcoll.srf
User/buta/maps/hnd/telecom.dat User/buta/maps/hnd/telecom.srf User/buta/maps/hnd/telecom.srf
User/buta/maps/hnd/tere.dat User/buta/maps/hnd/tere.srf User/buta/maps/hnd/tere.srf
User/buta/maps/hnd/terw.dat User/buta/maps/hnd/terw.srf User/buta/maps/hnd/terw.srf
User/buta/maps/hnd/tft.dat User/buta/maps/hnd/tft.srf User/buta/maps/hnd/tft.srf
User/buta/maps/hnd/tunnair.dat User/buta/maps/hnd/tunnair.srf User/buta/maps/hnd/tunnair.srf
User/buta/maps/hnd/tv.dat User/buta/maps/hnd/tv.srf User/buta/maps/hnd/tv.srf
User/buta/maps/hnd/vienus.dat User/buta/maps/hnd/vienus.srf User/buta/maps/hnd/vienus.srf
User/buta/maps/hnd/termi.dat User/buta/maps/hnd/termi.srf User/buta/maps/hnd/termi.srf
User/buta/maps/hnd/fune.dat User/buta/maps/hnd/fune.srf User/buta/maps/hnd/fune.srf
User/buta/maps/hnd/gpmeli.dat User/buta/maps/hnd/gpmeli.srf User/buta/maps/hnd/gpmeli.srf
User/buta/maps/hnd/hikoki.dat User/buta/maps/hnd/hikoki.srf User/buta/maps/hnd/hikoki.srf
User/buta/maps/hnd/hndtower.dat User/buta/maps/hnd/hndtower.srf User/buta/maps/hnd/hndtower.srf
User/buta/maps/hnd/hnikko.dat User/buta/maps/hnd/hnikko.srf User/buta/maps/hnd/hnikko.srf
User/buta/maps/hnd/rainbow.dat User/buta/maps/hnd/rainbow.srf User/buta/maps/hnd/rainbow.srf
User/buta/maps/hnd/tvbridge.dat User/buta/maps/hnd/tvbridge.srf User/buta/maps/hnd/tvbridge.srf
User/buta/maps/hnd/termi.dat User/buta/maps/hnd/termi.srf User/buta/maps/hnd/termi.srf
User/buta/maps/hnd/tebridge.dat User/buta/maps/hnd/tebridge.srf User/buta/maps/hnd/tebridge.srf
User/buta/maps/hnd/kasaiaqua.dat User/buta/maps/hnd/kasaiaqua.srf User/buta/maps/hnd/kasaiaqua.srf
User/buta/maps/hnd/grass.dat User/buta/maps/hnd/grass.srf User/buta/maps/hnd/grass.srf
User/buta/maps/hnd/tdr.dat User/buta/maps/hnd/tdr.srf User/buta/maps/hnd/tdr.srf
User/buta/maps/hnd/tdrhotel.dat User/buta/maps/hnd/tdrhotel.srf User/buta/maps/hnd/tdrhotel.srf
User/buta/maps/hnd/tds.dat User/buta/maps/hnd/tds.srf User/buta/maps/hnd/tds.srf
User/buta/maps/hnd/hndbr.dat User/buta/maps/hnd/hndbr.srf User/buta/maps/hnd/hndbr.srf
User/buta/maps/hnd/tower.dat User/buta/maps/hnd/tower.srf User/buta/maps/hnd/tower.srf
User/buta/maps/hnd/747.dat User/buta/maps/hnd/747.srf User/buta/maps/hnd/747.srf
User/buta/maps/hnd/767.dat User/buta/maps/hnd/767.srf User/buta/maps/hnd/767.srf
User/buta/maps/hnd/777.dat User/buta/maps/hnd/777.srf User/buta/maps/hnd/777.srf
User/buta/maps/hnd/dc10.dat User/buta/maps/hnd/dc10.srf User/buta/maps/hnd/dc10.srf
User/buta/maps/hnd/ys11.dat User/buta/maps/hnd/ys11.srf User/buta/maps/hnd/ys11.srf
User/buta/maps/hnd/320.dat User/buta/maps/hnd/320.srf User/buta/maps/hnd/320.srf
User/buta/maps/hnd/u125.dat User/buta/maps/hnd/u125.srf User/buta/maps/hnd/u125.srf
User/buta/maps/hnd/bay.dat User/buta/maps/hnd/bay.srf User/buta/maps/hnd/bay.srf
User/buta/maps/hnd/kaze.dat User/buta/maps/hnd/kaze.srf User/buta/maps/hnd/kaze.srf
User/buta/maps/hnd/mirai.dat User/buta/maps/hnd/mirai.srf User/buta/maps/hnd/mirai.srf
User/buta/maps/hnd/ship.dat User/buta/maps/hnd/ship.srf User/buta/maps/hnd/ship.srf
User/buta/maps/hnd/tsubasa.dat User/buta/maps/hnd/tsubasa.srf User/buta/maps/hnd/tsubasa.srf
User/buta/maps/hnd/yokotower.dat User/buta/maps/hnd/yokotower.srf User/buta/maps/hnd/yokotower.srf
User/buta/maps/night-maps/sight.dat User/buta/maps/night-maps/sight.srf User/buta/maps/night-maps/sight.srf
User/buta/maps/night-maps/zmark.dat User/buta/maps/night-maps/zmark.srf User/buta/maps/night-maps/zmark.srf
