Aircraft
User/fufanl/pirates/ground/brooklyn.dat User/fufanl/pirates/ground/brooklyn.dnm User/fufanl/pirates/ground/brooklyn_coll.srf User/fufanl/pirates/ground/brooklyn_cockpit.srf 
User/fufanl/pirates/ground/glatton1872.dat User/fufanl/pirates/ground/glatton1872.dnm User/fufanl/pirates/ground/glatton_coll.srf User/fufanl/pirates/ground/glatton_cockpit.srf 
User/fufanl/pirates/ground/hotspur.dat User/fufanl/pirates/ground/hotspur.dnm User/fufanl/pirates/ground/hotspur_coll.srf User/fufanl/pirates/ground/hotspur_cockpit.srf 
User/fufanl/pirates/ground/monarch.dat User/fufanl/pirates/ground/monarch.dnm User/fufanl/pirates/ground/monarch_coll.srf User/fufanl/pirates/ground/monarch_cockpit.srf 

Ground
User/fufanl/pirates/ground/bucaneer.dat User/fufanl/pirates/ground/bucaneer.srf User/fufanl/pirates/ground/bucaneer.srf
User/fufanl/pirates/ground/carrier.dat User/fufanl/pirates/ground/carrier_visual.srf User/fufanl/pirates/ground/carrier_coll.srf
User/fufanl/pirates/ground/arminius.dat User/fufanl/pirates/ground/arminius.srf User/fufanl/pirates/ground/arminius.srf 
User/fufanl/pirates/ground/c_house.dat User/fufanl/pirates/ground/c_house.srf User/fufanl/pirates/ground/c_house.srf 
User/fufanl/pirates/ground/c_house1.dat User/fufanl/pirates/ground/c_house1.srf User/fufanl/pirates/ground/c_house1.srf 
User/fufanl/pirates/ground/c_house2.dat User/fufanl/pirates/ground/c_house2.srf User/fufanl/pirates/ground/c_house2.srf 
User/fufanl/pirates/ground/c_house3.dat User/fufanl/pirates/ground/c_house3.srf User/fufanl/pirates/ground/c_house3.srf 
User/fufanl/pirates/ground/c_house4.dat User/fufanl/pirates/ground/c_house4.srf User/fufanl/pirates/ground/c_house4.srf 
User/fufanl/pirates/ground/c_house5.dat User/fufanl/pirates/ground/c_house5.srf User/fufanl/pirates/ground/c_house5.srf 
User/fufanl/pirates/ground/cannone205.dat User/fufanl/pirates/ground/cannone205.srf User/fufanl/pirates/ground/cannone205.srf 
User/fufanl/pirates/ground/cannone305.dat User/fufanl/pirates/ground/cannone305.srf User/fufanl/pirates/ground/cannone305.srf 
User/fufanl/pirates/ground/cannone400.dat User/fufanl/pirates/ground/cannone400.srf User/fufanl/pirates/ground/cannone400.srf 
User/fufanl/pirates/ground/chiatta_af.dat User/fufanl/pirates/ground/chiatta_af.srf User/fufanl/pirates/ground/chiatta_af.srf 
User/fufanl/pirates/ground/chiatta_ca.dat User/fufanl/pirates/ground/chiatta_ca.srf User/fufanl/pirates/ground/chiatta_ca.srf 
User/fufanl/pirates/ground/devastation.dat User/fufanl/pirates/ground/devastation.srf User/fufanl/pirates/ground/devastation.srf 
User/fufanl/pirates/ground/dogali_g.dat User/fufanl/pirates/ground/dogali_g.srf User/fufanl/pirates/ground/dogali_g.srf
User/fufanl/pirates/ground/giunca.dat User/fufanl/pirates/ground/giunca.srf User/fufanl/pirates/ground/giunca.srf 
User/fufanl/pirates/ground/london_house4.dat User/fufanl/pirates/ground/london_house4.srf User/fufanl/pirates/ground/london_house4.srf 
User/fufanl/pirates/ground/london_house5.dat User/fufanl/pirates/ground/london_house5.srf User/fufanl/pirates/ground/london_house5.srf 
User/fufanl/pirates/ground/mission.dat User/fufanl/pirates/ground/mission.srf User/fufanl/pirates/ground/mission.srf 
User/fufanl/pirates/ground/mura.dat User/fufanl/pirates/ground/mura.srf User/fufanl/pirates/ground/mura.srf 
User/fufanl/pirates/ground/mura_porta.dat User/fufanl/pirates/ground/mura_porta.srf User/fufanl/pirates/ground/mura_porta.srf 
User/fufanl/pirates/ground/mura1.dat User/fufanl/pirates/ground/mura1.srf User/fufanl/pirates/ground/mura1.srf 
User/fufanl/pirates/ground/mura50.dat User/fufanl/pirates/ground/mura50.srf User/fufanl/pirates/ground/mura50.srf 
User/fufanl/pirates/ground/mura80.dat User/fufanl/pirates/ground/mura80.srf User/fufanl/pirates/ground/mura80.srf
User/fufanl/pirates/ground/pirata.dat User/fufanl/pirates/ground/pirata.srf User/fufanl/pirates/ground/pirata.srf  
User/fufanl/pirates/ground/ponte110.dat User/fufanl/pirates/ground/ponte110.srf User/fufanl/pirates/ground/ponte110.srf 
User/fufanl/pirates/ground/ponte99.dat User/fufanl/pirates/ground/ponte99.srf User/fufanl/pirates/ground/ponte99.srf 
User/fufanl/pirates/ground/ponte38.dat User/fufanl/pirates/ground/ponte38.srf User/fufanl/pirates/ground/ponte38.srf 
User/fufanl/pirates/ground/quartgen.dat User/fufanl/pirates/ground/quartgen.srf User/fufanl/pirates/ground/quartgen.srf 
User/fufanl/pirates/ground/quartgen1.dat User/fufanl/pirates/ground/quartgen1.srf User/fufanl/pirates/ground/quartgen1.srf 
User/fufanl/pirates/ground/sinop.dat User/fufanl/pirates/ground/sinop.srf User/fufanl/pirates/ground/sinop.srf 
User/fufanl/pirates/ground/tenda_c.dat User/fufanl/pirates/ground/tenda_c.srf User/fufanl/pirates/ground/tenda_c.srf 
User/fufanl/pirates/ground/tenda_c1.dat User/fufanl/pirates/ground/tenda_c1.srf User/fufanl/pirates/ground/tenda_c1.srf 
User/fufanl/pirates/ground/tortuga.dat User/fufanl/pirates/ground/tortuga.srf User/fufanl/pirates/ground/tortuga.srf 

Scenery
PIRATES User/fufanl/pirates/corsari.fld User/fufanl/pirates/corsari.stp User/fufanl/pirates/corsari.yfs 
