User/buta/aircraft/delicar.dat User/buta/aircraft/delicar.dnm User/buta/aircraft/delicarcoll.srf User/buta/aircraft/delicarcockpit.srf
User/buta/aircraft/firee.dat User/buta/aircraft/firee.dnm User/buta/aircraft/fireecoll.srf User/buta/aircraft/fireecockpit.srf
User/buta/aircraft/cargot.dat User/buta/aircraft/cargot.dnm User/buta/aircraft/cargotcoll.srf User/buta/aircraft/cargotcockpit.srf

User/Kzs/aircraft/mach5_kz.dat    User/Kzs/aircraft/mach5_kz.dnm    User/Kzs/aircraft/mach5_kz_coll.srf User/Kzs/aircraft/mach5_kz_cockpit.srf User/Kzs/aircraft/mach5_kz_coarse.dnm
User/Kzs/aircraft/mach5_kz(r).dat User/Kzs/aircraft/mach5_kz(r).dnm User/Kzs/aircraft/mach5_kz_coll.srf User/Kzs/aircraft/mach5_kz_cockpit.srf User/Kzs/aircraft/mach5_kz(r)_coarse.dnm
User/Kzs/aircraft/mach5_kz(v).dat User/Kzs/aircraft/mach5_kz(v).dnm User/Kzs/aircraft/mach5_kz(v)_coll.srf User/Kzs/aircraft/mach5_kz_cockpit.srf User/Kzs/aircraft/mach5_kz(v)_coarse.dnm
User/Kzs/aircraft/f288gto_kz.dat User/Kzs/aircraft/f288gto_kz.dnm User/Kzs/aircraft/f288gto_kz_coll.srf User/Kzs/aircraft/f288gto_kz_cockpit.srf User/Kzs/aircraft/f288gto_kz_coarse.dnm
User/Kzs/aircraft/f288gto_kz(v).dat User/Kzs/aircraft/f288gto_kz(v).dnm User/Kzs/aircraft/f288gto_kz(v)_coll.srf User/Kzs/aircraft/f288gto_kz(v)_cockpit.srf User/Kzs/aircraft/f288gto_kz(v)_coarse.dnm
User/Kzs/aircraft/buggy_kz.dat User/Kzs/aircraft/buggy_kz.dnm User/Kzs/aircraft/buggy_kz_coll.srf User/Kzs/aircraft/buggy_kz_cockpit.srf User/Kzs/aircraft/buggy_kz_coarse.dnm
User/Kzs/aircraft/rider_kz(a).dat User/Kzs/aircraft/rider_kz(a).dnm User/Kzs/aircraft/rider_kz_coll.srf User/Kzs/aircraft/rider_kz_cockpit.srf User/Kzs/aircraft/rider_kz(a)_coarse.dnm
User/Kzs/aircraft/rider_kz(b).dat User/Kzs/aircraft/rider_kz(b).dnm User/Kzs/aircraft/rider_kz_coll.srf User/Kzs/aircraft/rider_kz_cockpit.srf User/Kzs/aircraft/rider_kz(b)_coarse.dnm
User/Kzs/aircraft/rider_kz(c).dat User/Kzs/aircraft/rider_kz(c).dnm User/Kzs/aircraft/rider_kz_coll.srf User/Kzs/aircraft/rider_kz_cockpit.srf User/Kzs/aircraft/rider_kz(c)_coarse.dnm
User/Kzs/aircraft/rider_kz(d).dat User/Kzs/aircraft/rider_kz(d).dnm User/Kzs/aircraft/rider_kz_coll.srf User/Kzs/aircraft/rider_kz_cockpit.srf User/Kzs/aircraft/rider_kz(d)_coarse.dnm
User/Kzs/aircraft/rq_kz(b).dat User/Kzs/aircraft/rq_kz(b).dnm User/Kzs/aircraft/rq_kz_coll.srf User/Kzs/aircraft/rq_kz_cockpit.srf User/Kzs/aircraft/rq_kz(b)_coarse.dnm
User/Kzs/aircraft/skater_kz(a).dat User/Kzs/aircraft/skater_kz(a).dnm User/Kzs/aircraft/skater_kz_coll.srf User/Kzs/aircraft/skater_kz_cockpit.srf User/Kzs/aircraft/skater_kz(a)_coarse.dnm
User/Kzs/aircraft/skater_kz(b).dat User/Kzs/aircraft/skater_kz(b).dnm User/Kzs/aircraft/skater_kz_coll.srf User/Kzs/aircraft/skater_kz_cockpit.srf User/Kzs/aircraft/skater_kz(b)_coarse.dnm
User/Kzs/aircraft/signal_kz.dat User/Kzs/aircraft/signal_kz.dnm User/Kzs/aircraft/signal_kz_coll.srf User/Kzs/aircraft/signal_kz_cockpit.srf
User/Kzs/aircraft/kart_kz(a).dat User/Kzs/aircraft/kart_kz(a).dnm User/Kzs/aircraft/kart_kz_coll.srf User/Kzs/aircraft/kart_kz_cockpit.srf User/Kzs/aircraft/kart_kz(a)_coarse.dnm
User/Kzs/aircraft/kart_kz(b).dat User/Kzs/aircraft/kart_kz(b).dnm User/Kzs/aircraft/kart_kz_coll.srf User/Kzs/aircraft/kart_kz_cockpit.srf User/Kzs/aircraft/kart_kz(b)_coarse.dnm
User/Kzs/aircraft/kart_kz(c).dat User/Kzs/aircraft/kart_kz(c).dnm User/Kzs/aircraft/kart_kz_coll.srf User/Kzs/aircraft/kart_kz_cockpit.srf User/Kzs/aircraft/kart_kz(c)_coarse.dnm
