user/major/p40/P-40B_Tiger.dat user/major/p40/P-40B_Tiger.dnm user/major/p40/p40coll.srf user/major/p40/p40cockpit.srf user/major/p40/tiger_coarse.dnm
user/major/p40/P-40B_Wheeler.dat user/major/p40/P-40B_Wheeler.dnm user/major/p40/p40coll.srf user/major/p40/p40cockpit.srf user/major/p40/wheeler_coarse.dnm
user/major/p40/P-40B_RAF.dat user/major/p40/P-40B_RAF.dnm user/major/p40/p40coll.srf user/major/p40/p40cockpit.srf user/major/p40/raf_coarse.dnm
user/major/p40/P-39.dat user/major/p40/P-39.dnm user/major/p40/P39coll.srf user/major/p40/P39cockpit.srf user/major/p40/p39crs.dnm
user/major/p40/P-38F.dat user/major/p40/P-38F.dnm user/major/p40/P38coll.srf user/major/p40/P38jcockpit.srf user/major/p40/p38fcrs.dnm

user/major/china/I-16_CNAF.dat user/major/china/I-16_CNAF.dnm user/major/china/I-16_cl.srf user/major/china/I-16_cpt.srf user/major/china/i16crs.srf
user/major/china/I-15_CNAF.dat user/major/china/I-15_CNAF.dnm user/major/china/i15coll.srf user/major/china/i15cockpit.srf user/major/china/i15crs.dnm
user/major/china/Mosquito_CNAF.dat user/major/china/Mosquito_CNAF.dnm user/major/china/mosquito_coll.srf user/major/china/mosquito_cockpit.srf
user/major/china/B-24_CNAF.dat user/major/china/B-24_CNAF.dnm user/major/china/b24coll.srf user/major/china/null.srf user/major/china/b24crs3.srf
user/major/china/P-51_CNAF.dat user/major/china/P-51_CNAF.dnm user/major/china/p51dcoll.srf user/major/china/p51dcockpit.srf
user/major/china/P-47_CNAF.dat user/major/china/P-47_CNAF.dnm user/major/china/p47_coll.srf user/major/china/null.srf
user/major/china/F-84_ROCAF.dat user/major/china/F-84_ROCAF.dnm user/major/china/f-84g_coll.srf user/major/china/f-84_cockpit.srf
user/major/china/F-86F_ROCAF.dat user/major/china/F-86F_ROCAF.dnm user/major/china/f86cl.srf user/major/china/f86cpt.srf user/major/china/f86crs.dnm

user/major/china/Type99_PLAAF.dat user/major/china/Type99_PLAAF.dnm user/major/china/99coll.srf user/major/china/99cockpit.srf
user/major/china/Po-2_PLAAF.dat user/major/china/Po-2_PLAAF.dnm user/major/china/po2coll.srf user/major/china/null.srf
user/major/china/Yak-18_PLAAF.dat user/major/china/Yak-18_PLAAF.dnm user/major/china/yak18cl.srf user/major/china/null.srf
user/major/china/P-51_PLAAF.dat user/major/china/P-51_PLAAF.dnm user/major/china/p51dcoll.srf user/major/china/p51dcockpit.srf
user/major/china/B-24_PLAAF.dat user/major/china/B-24_PLAAF.dnm user/major/china/b24coll.srf user/major/china/null.srf user/major/china/b24crs2.srf
user/major/china/La-11_PLAAF.dat user/major/china/La-11_PLAAF.dnm user/major/china/la11coll.srf user/major/china/null.srf user/major/china/la11crs.dnm
user/major/china/Il-10_PLAAF.dat user/major/china/Il-10_PLAAF.dnm user/major/china/il10coll.srf user/major/china/il10cpt.srf
user/major/china/Mig-15_PLAAF.dat user/major/china/Mig-15_PLAAF.dnm user/major/china/mig15coll.srf user/major/china/mig15nkcockpit.srf user/major/china/mig15crs.dnm
user/major/china/Mig-17_PLAAF.dat user/major/china/Mig-17_PLAAF.dnm user/major/china/mig17coll.srf user/major/china/null.srf user/major/china/mig17crs2.srf

user/major/Spain/I-16_Spain.dat user/major/Spain/I-16_Spain.dnm user/major/Spain/I-16_cl.srf user/major/Spain/I-16_cpt.srf user/major/Spain/i16crs.srf
user/major/Spain/Me-109_Spain.dat user/major/Spain/Me-109_Spain.dnm user/major/Spain/109coll.srf user/major/Spain/null.srf user/major/Spain/109crs.dnm

user/major/thing/loach_VTOL.dat user/major/thing/loach_VTOL.dnm user/major/thing/oh6coll.srf user/major/thing/oh6cpt.srf    

user/major/me/spitfire_EGYPT.dat user/major/me/spitfire_EGYPT.dnm user/major/me/spitfire1cl.srf user/major/me/null.srf
user/major/me/Il-28_EGYPT.dat user/major/me/Il-28_EGYPT.dnm user/major/me/il28cl.srf user/major/me/null.srf
user/major/me/MiG-19A_EGYPT.dat user/major/me/MiG-19A_EGYPT.dnm user/major/me/mig19cl.srf user/major/me/null.srf
user/major/me/MiG-19_EGYPT.dat user/major/me/MiG-19_EGYPT.dnm user/major/me/mig19cl.srf user/major/me/null.srf
user/major/me/MiG-21C_EGYPT.dat user/major/me/MiG-21C_EGYPT.dnm user/major/me/mig21cl.srf user/major/me/null.srf
user/major/me/MiG-21_EGYPT.dat user/major/me/MiG-21_EGYPT.dnm user/major/me/mig21mfcl.srf user/major/me/null.srf
user/major/me/MiG-21F7_EGYPT.dat user/major/me/MiG-21F7_EGYPT.dnm user/major/me/mig21mfcl.srf user/major/me/null.srf
user/major/me/MiG-25_EGYPT.dat user/major/me/MiG-25_EGYPT.dnm user/major/me/mig25cl.srf user/major/me/null.srf
user/major/me/Su-22_EGYPT.dat user/major/me/Su-22_EGYPT.dnm user/major/me/su22cl.srf user/major/me/null.srf
user/major/me/Tu-16_EGYPT.dat user/major/me/Tu-16_EGYPT.dnm user/major/me/h6cl.srf user/major/me/null.srf
user/major/me/Mi-8_EGYPT.dat user/major/me/Mi-8_EGYPT.dnm user/major/me/Mi8cl.srf user/major/me/null.srf

user/major/me/S199_ISRAEL.dat user/major/me/S199_ISRAEL.dnm user/major/me/s199cl.srf user/major/me/null.srf
user/major/me/T-6_ISRAEL.dat user/major/me/T-6_ISRAEL.dnm user/major/me/texancoll.srf user/major/me/null.srf
user/major/me/B-17_ISRAEL.dat user/major/me/B-17_ISRAEL.dnm user/major/me/b17coll.srf user/major/me/null.srf
user/major/me/spitfire1_ISRAEL.dat user/major/me/spitfire1_ISRAEL.dnm user/major/me/spitfire1cl.srf user/major/me/null.srf
user/major/me/spitfire2_ISRAEL.dat user/major/me/spitfire2_ISRAEL.dnm user/major/me/spitfire1cl.srf user/major/me/null.srf
user/major/me/P-51_ISRAEL.dat user/major/me/P-51_ISRAEL.dnm user/major/me/p51dcl.srf user/major/me/null.srf
user/major/me/Ouragan_ISRAEL.dat user/major/me/Ouragan_ISRAEL.dat user/major/me/ouragancl.srf user/major/me/null.srf
user/major/me/Mystere_ISRAEL.dat user/major/me/Mystere_ISRAEL.dat user/major/me/mysterecl.srf user/major/me/null.srf
user/major/me/SMystere_ISRAEL.dat user/major/me/SMystere_ISRAEL.dat user/major/me/smysterecl.srf user/major/me/null.srf
user/major/me/SMystere_ISRAEL2.dat user/major/me/SMystere_ISRAEL2.dat user/major/me/smysterecl.srf user/major/me/null.srf
user/major/me/S-58_ISRAEL.dat user/major/me/S-58_ISRAEL.dat user/major/me/s58cl.srf user/major/me/null.srf
user/major/me/Kfir_ISRAEL.dat user/major/me/Kfir_ISRAEL.dnm user/major/me/mrg3cl.srf user/major/me/null.srf
user/major/me/Mirage_ISRAEL.dat user/major/me/Mirage_ISRAEL.dnm user/major/me/mrg3cl.srf user/major/me/null.srf
user/major/me/F-4E_ISRAEL.dat user/major/me/F-4E_ISRAEL.dnm user/major/me/f4cl.srf user/major/me/null.srf
user/major/me/A-4C_ISRAEL.dat user/major/me/A-4C_ISRAEL.dnm user/major/me/a4cl.srf user/major/me/null.srf
user/major/me/A-4N_ISRAEL.dat user/major/me/A-4N_ISRAEL.dnm user/major/me/a4cl.srf user/major/me/null.srf
user/major/me/C-130H_ISRAEL.dat user/major/me/C-130H_ISRAEL.dnm user/major/me/c130cl.srf user/major/me/null.srf
user/major/me/F-16I_ISRAEL.dat user/major/me/F-16I_ISRAEL.dnm user/major/me/f16cl.srf user/major/me/null.srf
user/major/me/F-15C_ISRAEL.dat user/major/me/F-15C_ISRAEL.dnm user/major/me/f15cl.srf user/major/me/null.srf
user/major/me/F-15I_ISRAEL.dat user/major/me/F-15I_ISRAEL.dnm user/major/me/f15cl.srf user/major/me/null.srf
user/major/me/AH-1S_ISRAEL.dat user/major/me/AH-1S_ISRAEL.dnm user/major/me/cobracl.srf user/major/me/null.srf
user/major/me/AH-64A_ISRAEL.dat user/major/me/AH-64A_ISRAEL.dnm user/major/me/apachecl.srf user/major/me/null.srf
user/major/me/AH-64D_ISRAEL.dat user/major/me/AH-64D_ISRAEL.dnm user/major/me/apachecl.srf user/major/me/null.srf
user/major/me/UH-60_ISRAEL.dat user/major/me/UH-60_ISRAEL.dnm user/major/me/ah60cl.srf user/major/me/null.srf

user/major/me/F-4E_PLO.dat user/major/me/F-4E_PLO.dnm user/major/me/f4cl.srf user/major/me/null.srf
user/major/me/F-14_PLO.dat user/major/me/F-14_PLO.dnm user/major/me/f14cl.srf user/major/me/null.srf
user/major/me/MiG-21-93_PLO.dat user/major/me/MiG-21-93_PLO.dnm user/major/me/mig21mfcl.srf user/major/me/null.srf
user/major/me/MiG-27_PLO.dat user/major/me/MiG-27_PLO.dnm user/major/me/mig23cl.srf user/major/me/null.srf
user/major/me/Su-22_PLO.dat user/major/me/Su-22_PLO.dnm user/major/me/su22cl.srf user/major/me/null.srf
user/major/me/Su-24_PLO.dat user/major/me/Su-24_PLO.dnm user/major/me/su24cl.srf user/major/me/null.srf
user/major/me/Su-25_PLO.dat user/major/me/Su-25_PLO.dnm user/major/me/su25cl.srf user/major/me/null.srf
user/major/me/Ka-50_PLO.dat user/major/me/Ka-50_PLO.dnm user/major/me/ka50cl.srf user/major/me/null.srf
user/major/me/OH-6D_PLO.dat user/major/me/OH-6D_PLO.dnm user/major/me/h500cl.srf user/major/me/null.srf

user/major/me/Hunter_LEBANON.dat user/major/me/Hunter_LEBANON.dnm user/major/me/huntercoll.srf user/major/me/null.srf
user/major/me/gazelle_LEBANON.dat user/major/me/gazelle_LEBANON.dnm user/major/me/gazellecoll.srf user/major/me/null.srf
user/major/me/OH-6D_JORDAN.dat user/major/me/OH-6D_JORDAN.dnm user/major/me/h500cl.srf user/major/me/null.srf
user/major/me/T-6_SYRIA.dat user/major/me/T-6_SYRIA.dnm user/major/me/texancoll.srf user/major/me/null.srf
user/major/me/gazelle_Syria.dat user/major/me/gazelle_Syria.dnm user/major/me/gazellecoll.srf user/major/me/null.srf

































 