MATSUSHIMA_AIRBASE2 scenery/yamoto.fld tmp/scenary/yamoto2.stp tmp/scenary/yamoto2.yfs
NAHA2_AIRPORT tmp/scenary/naha2.fld tmp/scenary/naha2.stp tmp/scenary/naha2.yfs
SPECIAL_MAP tmp/scenary/vs54.fld tmp/scenary/vs54.stp tmp/scenary/vs54.yfs
BusouKuubo scenery/small.fld scenery/small.stp tmp/scenary/busoukuubo.yfs
BATTLE_OF_BRITAIN tmp/scenary/britain.fld tmp/scenary/britain.stp tmp/scenary/britain.yfs
TRUCK_ISLAND tmp/scenary/truck.fld tmp/scenary/truck.stp tmp/scenary/truck.yfs
TRAINING_IN_NAHA tmp/scenary/naha3.fld tmp/scenary/naha3.stp tmp/scenary/naha3.yfs
Cheesecakes_Corridor tmp/scenary/tank.fld tmp/scenary/tank.stp tmp/scenary/tank.yfs
Flap_the_FLY tmp/scenary/tkhr.fld tmp/scenary/tkhr.stp tmp/scenary/tkhr.yfs
FlyingFortress tmp/scenary/b17.fld tmp/scenary/b17.stp tmp/scenary/b17.yfs
CANYON_STRIKE tmp/scenary/tkhr3.fld tmp/scenary/tkhr3.stp tmp/scenary/tkhr3.yfs
Open_Battle_Training tmp/scenary/tkhr4.fld tmp/scenary/tkhr4.stp tmp/scenary/tkhr4.yfs
Mountain_Trail tmp/scenary/tkhr5.fld tmp/scenary/tkhr5.stp tmp/scenary/tkhr5.yfs
CITY_WAR tmp/scenary/citywar.fld  tmp/scenary/p_grd.stp tmp/scenary/citywar.yfs
SimCity_in_YS tmp/scenary/sim1.fld tmp/scenary/sim1.stp tmp/scenary/sim1.yfs
The_Longest_Day tmp/scenary/tkhr7.fld tmp/scenary/tkhr7.stp tmp/scenary/tkhr7.yfs
Dance_in_the_sky tmp/scenary/tkhr8.fld tmp/scenary/tkhr8.stp tmp/scenary/tkhr8.yfs
Deep_strike tmp/scenary/tkhr9.fld tmp/scenary/tkhr9.stp tmp/scenary/tkhr9.yfs
FIRE_YOUNGMAN tmp/scenary/fire_youngman.fld tmp/scenary/fire_youngman.stp tmp/scenary/fire_youngman.yfs
Diegogarcia tmp/scenary/diego.fld tmp/scenary/diego.stp tmp/scenary/diego.yfs
UNIVERSAL_AIR_PORT tmp/scenary/uap.fld tmp/scenary/uap.stp tmp/scenary/uap.yfs