user/tf58/DownInFlames/p38f.dat user/tf58/DownInFlames/p38f_camo.dnm user/tf58/DownInFlames/p38cl.srf user/tf58/DownInFlames/p38cpt.srf
user/tf58/DownInFlames/p38h_431fs.dat user/tf58/DownInFlames/p38h_431fs.dnm user/tf58/DownInFlames/p38cl.srf user/tf58/DownInFlames/p38cpt.srf
user/tf58/DownInFlames/p38j.dat user/tf58/DownInFlames/p38j.dnm user/tf58/DownInFlames/p38cl.srf user/tf58/DownInFlames/p38cpt.srf
user/tf58/DownInFlames/p38j_dday.dat user/tf58/DownInFlames/p38j_dday.dnm user/tf58/DownInFlames/p38cl.srf user/tf58/DownInFlames/p38cpt.srf
user/tf58/DownInFlames/p38j_79fs.dat user/tf58/DownInFlames/p38j_79fs.dnm user/tf58/DownInFlames/p38cl.srf user/tf58/DownInFlames/p38cpt.srf
user/tf58/DownInFlames/p47c.dat user/tf58/DownInFlames/p47c_01.dnm user/tf58/DownInFlames/p47cl.srf user/tf58/DownInFlames/p47razorcpt.srf
user/tf58/DownInFlames/p47c_325fg.dat user/tf58/DownInFlames/p47c_325fg.dnm user/tf58/DownInFlames/p47cl.srf user/tf58/DownInFlames/p47razorcpt.srf
user/tf58/DownInFlames/p47d25_78fg.dat user/tf58/DownInFlames/p47d25_78fg.dnm user/tf58/DownInFlames/p47cl.srf user/tf58/DownInFlames/p47bubblecpt.srf
user/tf58/DownInFlames/p47d25_405fg509fs.dat user/tf58/DownInFlames/p47d25_405fg509fs.dnm user/tf58/DownInFlames/p47cl.srf user/tf58/DownInFlames/p47bubblecpt.srf
user/tf58/DownInFlames/p47d25_405fg510fs.dat user/tf58/DownInFlames/p47d25_405fg510fs.dnm user/tf58/DownInFlames/p47cl.srf user/tf58/DownInFlames/p47bubblecpt.srf
user/tf58/DownInFlames/p51b_4.dat user/tf58/DownInFlames/p51b_4fg_01.dnm user/tf58/DownInFlames/p51bcl.srf user/tf58/DownInFlames/p51bcpt.srf
user/tf58/DownInFlames/p51b_357.dat user/tf58/DownInFlames/p51b_357_01.dnm user/tf58/DownInFlames/p51bcl.srf user/tf58/DownInFlames/p51bcpt.srf
user/tf58/DownInFlames/p51b_357_dday.dat user/tf58/DownInFlames/p51b_357_dday.dnm user/tf58/DownInFlames/p51bcl.srf user/tf58/DownInFlames/p51malcolmcpt.srf
user/tf58/DownInFlames/p51d_352.dat user/tf58/DownInFlames/p51d_352.dnm user/tf58/DownInFlames/p51dcl.srf user/tf58/DownInFlames/p51dcpt.srf
user/tf58/DownInFlames/p51d_357.dat user/tf58/DownInFlames/p51d_357.dnm user/tf58/DownInFlames/p51dcl.srf user/tf58/DownInFlames/p51dcpt.srf
user/tf58/DownInFlames/p51d_361.dat user/tf58/DownInFlames/p51d_361.dnm user/tf58/DownInFlames/p51dcl.srf user/tf58/DownInFlames/p51dcpt.srf
user/tf58/DownInFlames/spitfire1.dat user/tf58/DownInFlames/spitfire1_01.dnm user/tf58/DownInFlames/spitfire1cl.srf user/tf58/DownInFlames/spitfire1cpt.srf
user/tf58/DownInFlames/spitfire5b.dat user/tf58/DownInFlames/spitfire5b_01.dnm user/tf58/DownInFlames/spitfire1cl.srf user/tf58/DownInFlames/spitfire9cpt.srf
user/tf58/DownInFlames/spitfirelf5btrop.dat user/tf58/DownInFlames/spitfirelf5btrop_01.dnm user/tf58/DownInFlames/spitfirelf5cl.srf user/tf58/DownInFlames/spitfire9cpt.srf
user/tf58/DownInFlames/spitfire9.dat user/tf58/DownInFlames/spitfire9_01.dnm user/tf58/DownInFlames/spitfire9cl.srf user/tf58/DownInFlames/spitfire9cpt.srf
user/tf58/DownInFlames/spitfire14.dat user/tf58/DownInFlames/spitfire14_01.dnm user/tf58/DownInFlames/spitfire14cl.srf user/tf58/DownInFlames/spitfire9cpt.srf
user/tf58/DownInFlames/spitfirelf14late.dat user/tf58/DownInFlames/spitfirelf14e_late_01.dnm user/tf58/DownInFlames/spitfirelf14latecl.srf user/tf58/DownInFlames/spitfire14ecpt.srf
user/tf58/DownInFlames/tempest5.dat user/tf58/DownInFlames/tempest5_01.dnm user/tf58/DownInFlames/tempest5cl.srf user/tf58/DownInFlames/tempest5cpt.srf
user/tf58/DownInFlames/bf109e.dat user/tf58/DownInFlames/bf109e_01.dnm user/tf58/DownInFlames/bf109ecl.srf user/tf58/DownInFlames/bf109ecpt.srf
user/tf58/DownInFlames/bf109f-trop.dat user/tf58/DownInFlames/bf109f-trop.dnm user/tf58/DownInFlames/bf109gcl.srf user/tf58/DownInFlames/bf109ecpt.srf
user/tf58/DownInFlames/bf109g2_01.dat user/tf58/DownInFlames/bf109g2_01.dnm user/tf58/DownInFlames/bf109gcl.srf user/tf58/DownInFlames/bf109gcpt.srf
user/tf58/DownInFlames/bf109g2_02.dat user/tf58/DownInFlames/bf109g2_01a.dnm user/tf58/DownInFlames/bf109gcl.srf user/tf58/DownInFlames/bf109gcpt.srf
user/tf58/DownInFlames/bf109g6_01.dat user/tf58/DownInFlames/bf109g6_01.dnm user/tf58/DownInFlames/bf109gcl.srf user/tf58/DownInFlames/bf109gcpt.srf
user/tf58/DownInFlames/bf109g6_02.dat user/tf58/DownInFlames/bf109g6_01a.dnm user/tf58/DownInFlames/bf109gcl.srf user/tf58/DownInFlames/bf109gcpt.srf
user/tf58/DownInFlames/bf109g6r6.dat user/tf58/DownInFlames/bf109g6r6_01.dnm user/tf58/DownInFlames/bf109gcl.srf user/tf58/DownInFlames/bf109gcpt.srf
user/tf58/DownInFlames/bf109k4.dat user/tf58/DownInFlames/bf109k_01.dnm user/tf58/DownInFlames/bf109gcl.srf user/tf58/DownInFlames/bf109kcpt.srf
user/tf58/DownInFlames/fw190a8_01a.dat user/tf58/DownInFlames/fw190a8_01a.dnm user/tf58/DownInFlames/fw190acl.srf user/tf58/DownInFlames/fw190acpt.srf
user/tf58/DownInFlames/fw190a8_01b.dat user/tf58/DownInFlames/fw190a8_01b.dnm user/tf58/DownInFlames/fw190acl.srf user/tf58/DownInFlames/fw190acpt.srf
user/tf58/DownInFlames/fw190a8_01c.dat user/tf58/DownInFlames/fw190a8_01c.dnm user/tf58/DownInFlames/fw190acl.srf user/tf58/DownInFlames/fw190acpt.srf
user/tf58/DownInFlames/fw190a8_01d.dat user/tf58/DownInFlames/fw190a8_01d.dnm user/tf58/DownInFlames/fw190acl.srf user/tf58/DownInFlames/fw190acpt.srf
user/tf58/DownInFlames/fw190f8.dat user/tf58/DownInFlames/fw190f8_01e.dnm user/tf58/DownInFlames/fw190acl.srf user/tf58/DownInFlames/fw190acpt.srf
user/tf58/DownInFlames/fw190d9.dat user/tf58/DownInFlames/fw190d9_01a.dnm user/tf58/DownInFlames/fw190dcl.srf user/tf58/DownInFlames/fw190dcpt.srf

user/tf58/DownInFlames/b17f.dat user/tf58/DownInFlames/b17f.dnm user/tf58/DownInFlames/b17cl.srf user/tf58/DownInFlames/b17cpt.srf
user/tf58/DownInFlames/b17g.dat user/tf58/DownInFlames/b17g.dnm user/tf58/DownInFlames/b17cl.srf user/tf58/DownInFlames/b17cpt.srf
user/tf58/DownInFlames/b17g_1bw.dat user/tf58/DownInFlames/b17g_1bw.dnm user/tf58/DownInFlames/b17cl.srf user/tf58/DownInFlames/b17cpt.srf
user/tf58/DownInFlames/b17g_4bw.dat user/tf58/DownInFlames/b17g_4bw.dnm user/tf58/DownInFlames/b17cl.srf user/tf58/DownInFlames/b17cpt.srf
user/tf58/DownInFlames/b24d.dat user/tf58/DownInFlames/b24d.dnm user/tf58/DownInFlames/b24cl.srf user/tf58/DownInFlames/b24cpt.srf
user/tf58/DownInFlames/b24d_med.dat user/tf58/DownInFlames/b24d_med.dnm user/tf58/DownInFlames/b24cl.srf user/tf58/DownInFlames/b24cpt.srf
user/tf58/DownInFlames/b24j.dat user/tf58/DownInFlames/b24j.dnm user/tf58/DownInFlames/b24cl.srf user/tf58/DownInFlames/b24cpt.srf
user/tf58/DownInFlames/b24j_448bg.dat user/tf58/DownInFlames/b24j_448bg.dnm user/tf58/DownInFlames/b24cl.srf user/tf58/DownInFlames/b24cpt.srf
user/tf58/DownInFlames/b24j_466bg.dat user/tf58/DownInFlames/b24j_466bg.dnm user/tf58/DownInFlames/b24cl.srf user/tf58/DownInFlames/b24cpt.srf
user/tf58/DownInFlames/he111h_01.dat user/tf58/DownInFlames/he111h_01.dnm user/tf58/DownInFlames/he111cl.srf user/tf58/DownInFlames/he111cpt.srf
user/tf58/DownInFlames/he111h6_01a.dat user/tf58/DownInFlames/he111h6_01a.dnm user/tf58/DownInFlames/he111cl.srf user/tf58/DownInFlames/he111cpt.srf
user/tf58/DownInFlames/he111h11_01a.dat user/tf58/DownInFlames/he111h11_01a.dnm user/tf58/DownInFlames/he111cl.srf user/tf58/DownInFlames/he111cpt.srf
user/tf58/DownInFlames/he111h11_winter.dat user/tf58/DownInFlames/he111h11_winter.dnm user/tf58/DownInFlames/he111cl.srf user/tf58/DownInFlames/he111cpt.srf
user/tf58/DownInFlames/do217e4_01.dat user/tf58/DownInFlames/do217e4_01.dnm user/tf58/DownInFlames/do217ecl.srf user/tf58/DownInFlames/do217ecpt.srf

user/tf58/DownInFlames/f4f-3.dat user/tf58/DownInFlames/f4f_early.dnm user/tf58/DownInFlames/f4fcl.srf user/tf58/DownInFlames/f4fcpt.srf
user/tf58/DownInFlames/f4f-4.dat user/tf58/DownInFlames/f4f.dnm user/tf58/DownInFlames/f4fcl.srf user/tf58/DownInFlames/f4fcpt.srf
user/tf58/DownInFlames/sbd3.dat user/tf58/DownInFlames/sbd3.dnm user/tf58/DownInFlames/sbdcl.srf user/tf58/DownInFlames/sbdcpt.srf
user/tf58/DownInFlames/tbd.dat user/tf58/DownInFlames/tbd.dnm user/tf58/DownInFlames/tbd_cl.srf user/tf58/DownInFlames/tbd_cpt.srf
user/tf58/DownInFlames/tbd_early.dat user/tf58/DownInFlames/tbd_early.dnm user/tf58/DownInFlames/tbd_cl.srf user/tf58/DownInFlames/tbd_cpt.srf
user/tf58/DownInFlames/tbf.dat user/tf58/DownInFlames/tbf.dnm user/tf58/DownInFlames/tbf_cl.srf user/tf58/DownInFlames/tbf_cpt.srf
user/tf58/DownInFlames/a6m2-21.dat user/tf58/DownInFlames/a6m2-21.dnm user/tf58/DownInFlames/a6m2cl.srf user/tf58/DownInFlames/a6mcpt.srf
user/tf58/DownInFlames/a6m2-21_akagi.dat user/tf58/DownInFlames/a6m2-21_akagi.dnm user/tf58/DownInFlames/a6m2cl.srf user/tf58/DownInFlames/a6mcpt.srf
user/tf58/DownInFlames/a6m2-21_kaga.dat user/tf58/DownInFlames/a6m2-21_kaga.dnm user/tf58/DownInFlames/a6m2cl.srf user/tf58/DownInFlames/a6mcpt.srf
user/tf58/DownInFlames/a6m2-21_soryu.dat user/tf58/DownInFlames/a6m2-21_soryu.dnm user/tf58/DownInFlames/a6m2cl.srf user/tf58/DownInFlames/a6mcpt.srf
user/tf58/DownInFlames/a6m2-21_hiryu.dat user/tf58/DownInFlames/a6m2-21_hiryu.dnm user/tf58/DownInFlames/a6m2cl.srf user/tf58/DownInFlames/a6mcpt.srf
user/tf58/DownInFlames/a6m2-21_shokaku.dat user/tf58/DownInFlames/a6m2-21_shokaku.dnm user/tf58/DownInFlames/a6m2cl.srf user/tf58/DownInFlames/a6mcpt.srf
user/tf58/DownInFlames/a6m2-21_zuikaku.dat user/tf58/DownInFlames/a6m2-21_zuikaku.dnm user/tf58/DownInFlames/a6m2cl.srf user/tf58/DownInFlames/a6mcpt.srf
user/tf58/DownInFlames/d3a1.dat user/tf58/DownInFlames/d3a1.dnm user/tf58/DownInFlames/d3acl.srf user/tf58/DownInFlames/d3acpt.srf
user/tf58/DownInFlames/d3a1_akagi.dat user/tf58/DownInFlames/d3a1_akagi.dnm user/tf58/DownInFlames/d3acl.srf user/tf58/DownInFlames/d3acpt.srf
user/tf58/DownInFlames/d3a1_kaga.dat user/tf58/DownInFlames/d3a1_kaga.dnm user/tf58/DownInFlames/d3acl.srf user/tf58/DownInFlames/d3acpt.srf
user/tf58/DownInFlames/d3a1_soryu.dat user/tf58/DownInFlames/d3a1_soryu.dnm user/tf58/DownInFlames/d3acl.srf user/tf58/DownInFlames/d3acpt.srf
user/tf58/DownInFlames/d3a1_hiryu.dat user/tf58/DownInFlames/d3a1_hiryu.dnm user/tf58/DownInFlames/d3acl.srf user/tf58/DownInFlames/d3acpt.srf
user/tf58/DownInFlames/d3a1_shokaku.dat user/tf58/DownInFlames/d3a1_shokaku.dnm user/tf58/DownInFlames/d3acl.srf user/tf58/DownInFlames/d3acpt.srf
user/tf58/DownInFlames/d3a1_zuikaku.dat user/tf58/DownInFlames/d3a1_zuikaku.dnm user/tf58/DownInFlames/d3acl.srf user/tf58/DownInFlames/d3acpt.srf
user/tf58/DownInFlames/b5n2.dat user/tf58/DownInFlames/b5n2.dnm user/tf58/DownInFlames/b5n2cl.srf user/tf58/DownInFlames/b5n2cpt.srf
user/tf58/DownInFlames/b5n2_early.dat user/tf58/DownInFlames/b5n2_early.dnm user/tf58/DownInFlames/b5n2cl.srf user/tf58/DownInFlames/b5n2cpt.srf
user/tf58/DownInFlames/b5n2_akagi.dat user/tf58/DownInFlames/b5n2_akagi.dnm user/tf58/DownInFlames/b5n2cl.srf user/tf58/DownInFlames/b5n2cpt.srf
user/tf58/DownInFlames/b5n2_kaga.dat user/tf58/DownInFlames/b5n2_kaga.dnm user/tf58/DownInFlames/b5n2cl.srf user/tf58/DownInFlames/b5n2cpt.srf
user/tf58/DownInFlames/b5n2_soryu.dat user/tf58/DownInFlames/b5n2_soryu.dnm user/tf58/DownInFlames/b5n2cl.srf user/tf58/DownInFlames/b5n2cpt.srf
user/tf58/DownInFlames/b5n2_hiryu.dat user/tf58/DownInFlames/b5n2_hiryu.dnm user/tf58/DownInFlames/b5n2cl.srf user/tf58/DownInFlames/b5n2cpt.srf
user/tf58/DownInFlames/b5n2_shokaku.dat user/tf58/DownInFlames/b5n2_shokaku.dnm user/tf58/DownInFlames/b5n2cl.srf user/tf58/DownInFlames/b5n2cpt.srf
user/tf58/DownInFlames/b5n2_zuikaku.dat user/tf58/DownInFlames/b5n2_zuikaku.dnm user/tf58/DownInFlames/b5n2cl.srf user/tf58/DownInFlames/b5n2cpt.srf
