ground/hanger1.dat ground/hanger1.srf ground/hanger1.srf
ground/station.dat ground/station.srf ground/station.srf
ground/hangar3.dat ground/hangar3.srf ground/hangar3.srf
ground/build01.dat ground/build01.srf ground/build01.srf
ground/shop.dat ground/shop.srf ground/shop.srf
ground/tower1.dat ground/tower1.srf ground/tower1.srf
ground/tower2.dat ground/tower2.srf ground/tower2.srf
ground/tower.dat ground/tower.srf ground/tower.srf
ground/terminal.dat ground/terminal.srf ground/terminal.srf
ground/build11.dat ground/build11.srf ground/build11.srf
ground/hangar1.dat ground/hangar1.srf ground/hangar1.srf
ground/hanger.dat ground/hanger.srf ground/hanger.srf
ground/hanger4.dat ground/hanger4.srf ground/hanger4.srf
ground/groundtarget2.dat ground/groundtarget2.srf ground/groundtarget2.srf
ground/groundtarget1.dat ground/groundtarget1.srf ground/groundtarget1.srf
ground/hg02.dat ground/hg02.srf ground/hg02.srf
ground/hg05.dat ground/hg05.srf ground/hg05.srf
ground/hg07.dat ground/hg07.srf ground/hg07.srf
ground/hg01.dat ground/hg01.srf ground/hg01.srf
ground/hg03.dat ground/hg03.srf ground/hg03.srf
ground/hg04.dat ground/hg04.srf ground/hg04.srf
ground/hg06.dat ground/hg06.srf ground/hg06.srf
ground/sfc.dat ground/sfc.srf ground/sfc.srf
ground/sfc_tau.dat ground/sfc_tau.srf ground/sfc_tau.srf
ground/sfc_o1.dat ground/sfc_o1.srf ground/sfc_o1.srf
ground/sfc_o2.dat ground/sfc_o2.srf ground/sfc_o2.srf
ground/sfc_sigma.dat ground/sfc_sigma.srf ground/sfc_sigma.srf
ground/sfc_lambda.dat ground/sfc_lambda.srf ground/sfc_lambda.srf
ground/sfc_media.dat ground/sfc_media.srf ground/sfc_media.srf
ground/sfc_club.dat ground/sfc_club.srf ground/sfc_club.srf
ground/sfc_gamma.dat ground/sfc_gamma.srf ground/sfc_gamma.srf
ground/sfc_omega.dat ground/sfc_omega.srf ground/sfc_omega.srf
ground/sfc_alpha.dat ground/sfc_alpha.srf ground/sfc_alpha.srf
ground/atsugi_tower.dat ground/atsugi_tower.srf ground/atsugi_tower.srf
ground/build30.dat ground/build30.srf ground/build30.srf
ground/build60.dat ground/build60.srf ground/build60.srf
ground/build90.dat ground/build90.srf ground/build90.srf
ground/shopping1.dat ground/shopping1.srf ground/shopping1.srf
ground/shopping2.dat ground/shopping2.srf ground/shopping2.srf
ground/tunnel1.dat ground/tunnel1.srf ground/tunnel1.srf
ground/alert.dat ground/alert.srf ground/alert.srf
ground/bridge1.dat ground/bridge1.srf ground/bridge1.srf
ground/bridge2.dat ground/bridge2.srf ground/bridge2.srf
ground/bridge3.dat ground/bridge3.srf ground/bridge3.srf
ground/hangar2.dat ground/hangar2.srf ground/hangar2.srf
ground/aaa.dat ground/aaa.dnm ground/aaacoll.srf
ground/sam.dat ground/sam.dnm ground/sambase.srf
ground/carrier.dat ground/carrier_visual.srf ground/carrier_coll.srf
ground/ils.dat ground/ils_visual.srf ground/ils_coll.srf
ground/test.dat ground/test.srf ground/test.srf

tmp/ground/busoukuubo.dat ground/carrier_visual.srf ground/carrier_coll.srf
tmp/ground/carrier2.dat tmp/ground/carrier2visual.srf tmp/ground/carrier2coll.srf
tmp/ground/carrier3.dat tmp/ground/carrier3visual.srf tmp/ground/carrier3coll.srf
tmp/ground/bridge4.dat tmp/ground/bridge4visual.srf tmp/ground/bridge4coll.srf
tmp/ground/hangar4.dat tmp/ground/hangar4.srf tmp/ground/hangar4.srf
tmp/ground/aaa2.dat tmp/ground/aaa2.srf tmp/ground/aaa2.srf
tmp/ground/kuubo_ww2.dat ground/carrier_visual.srf ground/carrier_coll.srf
tmp/ground/dd.dat tmp/ground/dd.dnm tmp/ground/dd_base.srf
tmp/ground/ffg.dat tmp/ground/ffg.dnm tmp/ground/ffg_base.srf
tmp/ground/adats.dat tmp/ground/adats.srf tmp/ground/adats.srf
tmp/ground/s-300pmu.dat tmp/ground/s-300pmu.srf tmp/ground/s-300pmu.srf

tmp/navy/vls1.dat tmp/navy/vls1.srf tmp/navy/vls1.srf
tmp/navy/vls2.dat tmp/navy/vls2.srf tmp/navy/vls2.srf
tmp/navy/ciws.dat tmp/navy/ciws.dnm tmp/navy/ciws_b.srf
tmp/navy/ddg.dat tmp/navy/ddg.dnm tmp/navy/ddg_base.srf
tmp/navy/ciws3.dat tmp/navy/ciws.dnm tmp/navy/ciws_b.srf
tmp/navy/vls3.dat tmp/navy/vls1.srf tmp/navy/vls1.srf
tmp/navy/vls4.dat tmp/navy/vls2.srf tmp/navy/vls2.srf
tmp/navy/ciws.dat tmp/navy/ciws.dnm tmp/navy/ciws_b.srf
tmp/navy/ddg2.dat tmp/navy/ddg.dnm tmp/navy/ddg_base.srf
tmp/navy/dd2.dat tmp/ground/dd.dnm tmp/ground/dd_base.srf
tmp/navy/ffg2.dat tmp/ground/ffg.dnm tmp/ground/ffg_base.srf
tmp/navy/carrier4.dat ground/carrier_visual.srf ground/carrier_coll.srf