FOR USERS.
THIS IS A NIGHT SCENARY: PLEASE SELECT THE OPTION "NIGHT" FIRST.
GOOD FLY!
Vic

Scenery:
38THNIGHT user/fufanl/38n/38n.fld user/fufanl/38n/38n.stp user/fufanl/38n/38n.yfs

ground:
user/fufanl/38n/ground/alloggi1.dat user/fufanl/38n/ground/alloggi1.srf user/fufanl/38n/ground/alloggi1.srf
user/fufanl/38n/ground/alloggi3.dat user/fufanl/38n/ground/alloggi3.srf user/fufanl/38n/ground/alloggi3.srf
user/fufanl/38n/ground/alloggi4.dat user/fufanl/38n/ground/alloggi4.srf user/fufanl/38n/ground/alloggi4.srf
user/fufanl/38n/ground/alloggi.dat user/fufanl/38n/ground/alloggi.srf user/fufanl/38n/ground/alloggi.srf
user/fufanl/38n/ground/alloggioff.dat user/fufanl/38n/ground/alloggioff.srf user/fufanl/38n/ground/alloggioff.srf
user/fufanl/38n/ground/caserma.dat user/fufanl/38n/ground/caserma.srf user/fufanl/38n/ground/caserma.srf
user/fufanl/38n/ground/caserma8.dat user/fufanl/38n/ground/caserma8.srf user/fufanl/38n/ground/caserma8.srf
user/fufanl/38n/ground/38mmnk.dat user/fufanl/38n/ground/38mmnk.srf user/fufanl/38n/ground/38mmnk.srf
user/fufanl/38n/ground/38mmtruckrot.dat user/fufanl/38n/ground/38mmtruckrot.srf user/fufanl/38n/ground/38mmtruckrot.srf
user/fufanl/38n/ground/60mmnk.dat user/fufanl/38n/ground/60mmnk.srf user/fufanl/38n/ground/60mmnk.srf
user/fufanl/38n/ground/60mmnk_mim.dat user/fufanl/38n/ground/60mmnk_mim.srf user/fufanl/38n/ground/60mmnk_mim.srf
user/fufanl/38n/ground/cannone_r152mm.dat user/fufanl/38n/ground/cannone_r152mm.srf user/fufanl/38n/ground/cannone_r152mm.srf
user/fufanl/38n/ground/centurion.dat user/fufanl/38n/ground/centurion.srf user/fufanl/38n/ground/centurion.srf
user/fufanl/38n/ground/chaffee.dat user/fufanl/38n/ground/chaffee.srf user/fufanl/38n/ground/chaffee.srf
user/fufanl/38n/ground/churchill.dat user/fufanl/38n/ground/churchill.srf user/fufanl/38n/ground/churchill.srf
user/fufanl/38n/ground/gmc_truck.dat user/fufanl/38n/ground/gmc_truck.srf user/fufanl/38n/ground/gmc_truck.srf
user/fufanl/38n/ground/grel_riflacc.dat user/fufanl/38n/ground/grel_riflacc.srf user/fufanl/38n/ground/grel_riflacc.srf
user/fufanl/38n/ground/gmc_truck2tons.dat user/fufanl/38n/ground/gmc_truck2tons.srf user/fufanl/38n/ground/gmc_truck2tons.srf
user/fufanl/38n/ground/half-track_m3a1.dat user/fufanl/38n/ground/half-track_m3a1.srf user/fufanl/38n/ground/half-track_m3a1.srf
user/fufanl/38n/ground/hangar_sov.dat user/fufanl/38n/ground/hangar_sov.srf user/fufanl/38n/ground/hangar_sov.srf
user/fufanl/38n/ground/hangar_sov1.dat user/fufanl/38n/ground/hangar_sov1.srf user/fufanl/38n/ground/hangar_sov1.srf
user/fufanl/38n/ground/hangar_sov2.dat user/fufanl/38n/ground/hangar_sov2.srf user/fufanl/38n/ground/hangar_sov2.srf
user/fufanl/38n/ground/long-tom.dat user/fufanl/38n/ground/long-tom.srf user/fufanl/38n/ground/long-tom.srf
user/fufanl/38n/ground/m41_howitzer.dat user/fufanl/38n/ground/m41_howitzer.srf user/fufanl/38n/ground/m41_howitzer.srf
user/fufanl/38n/ground/203mm_howitzer.dat user/fufanl/38n/ground/203mm_howitzer.srf user/fufanl/38n/ground/203mm_howitzer.srf
user/fufanl/38n/ground/m4a3e8.dat user/fufanl/38n/ground/m4a3e8.srf user/fufanl/38n/ground/m4a3e8.srf
user/fufanl/38n/ground/m4hs_tractor.dat user/fufanl/38n/ground/m4hs_tractor.srf user/fufanl/38n/ground/m4hs_tractor.srf
user/fufanl/38n/ground/m19mc.dat user/fufanl/38n/ground/m19mc.srf user/fufanl/38n/ground/m19mc.srf
user/fufanl/38n/ground/m16_aa.dat user/fufanl/38n/ground/m16_aa.srf user/fufanl/38n/ground/m16_aa.srf
user/fufanl/38n/ground/m16_aaside.dat user/fufanl/38n/ground/m16_aaside.srf user/fufanl/38n/ground/m16_aaside.srf
user/fufanl/38n/ground/nk_truck.dat user/fufanl/38n/ground/nk_truck.srf user/fufanl/38n/ground/nk_truck.srf
User/fufanl/38n/ground/po_2.dat User/fufanl/38n/ground/po_2.srf User/fufanl/38n/ground/po_2_coll.srf
User/fufanl/38n/ground/po_2gr.dat User/fufanl/38n/ground/po_2gr.srf User/fufanl/38n/ground/po_2gr.srf
user/fufanl/38n/ground/pershing.dat user/fufanl/38n/ground/pershing.srf user/fufanl/38n/ground/pershing.srf
user/fufanl/38n/ground/truck_rifl.dat user/fufanl/38n/ground/truck_rifl.srf user/fufanl/38n/ground/truck_rifl.srf
user/fufanl/38n/ground/su76.dat user/fufanl/38n/ground/su76.srf user/fufanl/38n/ground/su76.srf
user/fufanl/38n/ground/t34-85.dat user/fufanl/38n/ground/t34-85.srf user/fufanl/38n/ground/t34-85.srf
user/fufanl/38n/ground/unhangar.dat user/fufanl/38n/ground/unhangar.srf user/fufanl/38n/ground/unhangar.srf
user/fufanl/38n/ground/unhangar1.dat user/fufanl/38n/ground/unhangar1.srf user/fufanl/38n/ground/unhangar1.srf
user/fufanl/38n/ground/unhangarbig.dat user/fufanl/38n/ground/unhangarbig.srf user/fufanl/38n/ground/unhangarbig.srf
user/fufanl/38n/ground/ussessex.dat user/fufanl/38n/ground/ussessex_visual.srf user/fufanl/38n/ground/ussessex_coll.srf
user/fufanl/38n/ground/zis151_truck.dat user/fufanl/38n/ground/zis151_truck.srf user/fufanl/38n/ground/zis151_truck.srf
user/fufanl/38n/ground/zsu37.dat user/fufanl/38n/ground/zsu37.srf user/fufanl/38n/ground/zsu37.srf
user/fufanl/38n/ground/zsu_nk.dat user/fufanl/38n/ground/zsu_nk.srf user/fufanl/38n/ground/zsu_nk.srf


