Ground
User/fufanl/nabattle/ground/alloggi3.dat User/fufanl/nabattle/ground/alloggi3.srf User/fufanl/nabattle/ground/alloggi3.srf
User/fufanl/nabattle/ground/alloggi4.dat User/fufanl/nabattle/ground/alloggi4.srf User/fufanl/nabattle/ground/alloggi4.srf
User/fufanl/nabattle/ground/argus.dat User/fufanl/nabattle/ground/argus_visual.srf User/fufanl/nabattle/ground/argus_coll.srf
User/fufanl/nabattle/ground/ark_royal.dat User/fufanl/nabattle/ground/ark_royal_visual.srf User/fufanl/nabattle/ground/ark_royal_coll.srf
User/fufanl/nabattle/ground/b_carrier.dat User/fufanl/nabattle/ground/b_carrier_visual.srf User/fufanl/nabattle/ground/b_carrier_coll.srf
User/fufanl/nabattle/ground/b97.dat User/fufanl/nabattle/ground/b97.srf User/fufanl/nabattle/ground/b97.srf
User/fufanl/nabattle/ground/bigfactory.dat User/fufanl/nabattle/ground/bigfactory.srf User/fufanl/nabattle/ground/bigfactory.srf
User/fufanl/nabattle/ground/campania.dat User/fufanl/nabattle/ground/campania_visual.srf User/fufanl/nabattle/ground/campania_coll.srf
User/fufanl/nabattle/ground/can_contr.dat User/fufanl/nabattle/ground/can_contr.srf User/fufanl/nabattle/ground/can_contr.srf
User/fufanl/nabattle/ground/cargo.dat User/fufanl/nabattle/ground/cargo.srf User/fufanl/nabattle/ground/cargo.srf
User/fufanl/nabattle/ground/cargo1.dat User/fufanl/nabattle/ground/cargo1.srf User/fufanl/nabattle/ground/cargo1.srf
User/fufanl/nabattle/ground/chelmsford.dat User/fufanl/nabattle/ground/chelmsford.srf User/fufanl/nabattle/ground/chelmsford.srf
User/fufanl/nabattle/ground/crane.dat User/fufanl/nabattle/ground/crane.srf User/fufanl/nabattle/ground/crane.srf
User/fufanl/nabattle/ground/crane1.dat User/fufanl/nabattle/ground/crane1.srf User/fufanl/nabattle/ground/crane1.srf
User/fufanl/nabattle/ground/crane_sm.dat User/fufanl/nabattle/ground/crane_sm.srf User/fufanl/nabattle/ground/crane_sm.srf
User/fufanl/nabattle/ground/cranekais.dat User/fufanl/nabattle/ground/cranekais.srf User/fufanl/nabattle/ground/cranekais.srf
User/fufanl/nabattle/ground/derflinger.dat User/fufanl/nabattle/ground/derflinger.srf User/fufanl/nabattle/ground/derflinger.srf
User/fufanl/nabattle/ground/erebus.dat User/fufanl/nabattle/ground/erebus.srf User/fufanl/nabattle/ground/erebus.srf
User/fufanl/nabattle/ground/factory.dat User/fufanl/nabattle/ground/factory.srf User/fufanl/nabattle/ground/factory.srf
User/fufanl/nabattle/ground/garage01.dat User/fufanl/nabattle/ground/garage01.srf User/fufanl/nabattle/ground/garage01.srf
User/fufanl/nabattle/ground/garage02.dat User/fufanl/nabattle/ground/garage02.srf User/fufanl/nabattle/ground/garage02.srf
User/fufanl/nabattle/ground/gb_hangar.dat User/fufanl/nabattle/ground/gb_hangar.srf User/fufanl/nabattle/ground/gb_hangar.srf
User/fufanl/nabattle/ground/gb_hangar1.dat User/fufanl/nabattle/ground/gb_hangar1.srf User/fufanl/nabattle/ground/gb_hangar1.srf
User/fufanl/nabattle/ground/gb_hangar2.dat User/fufanl/nabattle/ground/gb_hangar2.srf User/fufanl/nabattle/ground/gb_hangar2.srf
User/fufanl/nabattle/ground/gbport.dat User/fufanl/nabattle/ground/gbport.srf User/fufanl/nabattle/ground/gbport.srf
User/fufanl/nabattle/ground/glatton.dat User/fufanl/nabattle/ground/glatton.srf User/fufanl/nabattle/ground/glatton.srf
User/fufanl/nabattle/ground/hangard.dat User/fufanl/nabattle/ground/hangard.srf User/fufanl/nabattle/ground/hangard.srf
User/fufanl/nabattle/ground/hangarmim.dat User/fufanl/nabattle/ground/hangarmim.srf User/fufanl/nabattle/ground/hangarmim.srf
User/fufanl/nabattle/ground/hanger.dat User/fufanl/nabattle/ground/hanger.srf User/fufanl/nabattle/ground/hanger.srf
User/fufanl/nabattle/ground/hangkais.dat User/fufanl/nabattle/ground/hangkais.srf User/fufanl/nabattle/ground/hangkais.srf
User/fufanl/nabattle/ground/hangkais1.dat User/fufanl/nabattle/ground/hangkais1.srf User/fufanl/nabattle/ground/hangkais1.srf
User/fufanl/nabattle/ground/hindenburg.dat User/fufanl/nabattle/ground/hindenburg.srf User/fufanl/nabattle/ground/hindenburg.srf
User/fufanl/nabattle/ground/kaisport.dat User/fufanl/nabattle/ground/kaisport.srf User/fufanl/nabattle/ground/kaisport.srf
User/fufanl/nabattle/ground/kaistower.dat User/fufanl/nabattle/ground/kaistower.srf User/fufanl/nabattle/ground/kaistower.srf
User/fufanl/nabattle/ground/lion.dat User/fufanl/nabattle/ground/lion.srf User/fufanl/nabattle/ground/lion.srf
User/fufanl/nabattle/ground/manxman.dat User/fufanl/nabattle/ground/manxman.srf User/fufanl/nabattle/ground/manxman.srf
User/fufanl/nabattle/ground/moletto.dat User/fufanl/nabattle/ground/moletto.srf User/fufanl/nabattle/ground/moletto.srf
User/fufanl/nabattle/ground/navepompiera.dat User/fufanl/nabattle/ground/navepompiera.srf User/fufanl/nabattle/ground/navepompiera.srf
User/fufanl/nabattle/ground/pommern.dat User/fufanl/nabattle/ground/pommern.srf User/fufanl/nabattle/ground/pommern.srf
User/fufanl/nabattle/ground/porter.dat User/fufanl/nabattle/ground/porter.srf User/fufanl/nabattle/ground/porter.srf
User/fufanl/nabattle/ground/queen.dat User/fufanl/nabattle/ground/queen.srf User/fufanl/nabattle/ground/queen.srf
User/fufanl/nabattle/ground/rimorchiatore.dat User/fufanl/nabattle/ground/rimorchiatore.srf User/fufanl/nabattle/ground/rimorchiatore.srf
User/fufanl/nabattle/ground/seydlitz.dat User/fufanl/nabattle/ground/seydlitz.srf User/fufanl/nabattle/ground/seydlitz.srf
User/fufanl/nabattle/ground/sir_jmoore.dat User/fufanl/nabattle/ground/sir_jmoore.srf User/fufanl/nabattle/ground/sir_jmoore.srf
User/fufanl/nabattle/ground/submarine.dat User/fufanl/nabattle/ground/submarine.srf User/fufanl/nabattle/ground/submarine.srf
User/fufanl/nabattle/ground/tiger.dat User/fufanl/nabattle/ground/tiger.srf User/fufanl/nabattle/ground/tiger.srf
User/fufanl/nabattle/ground/gb_tower.dat User/fufanl/nabattle/ground/gb_tower.srf User/fufanl/nabattle/ground/gb_tower.srf
User/fufanl/nabattle/ground/zepparck.dat User/fufanl/nabattle/ground/zepparck.srf User/fufanl/nabattle/ground/zepparck.srf
User/fufanl/nabattle/ground/zeppelin.dat User/fufanl/nabattle/ground/zeppelin.srf User/fufanl/nabattle/ground/zeppelin.srf
User/fufanl/nabattle/ground/zeppelin_a.dat User/fufanl/nabattle/ground/zeppelin_a.srf User/fufanl/nabattle/ground/zeppelin_coll.srf
User/fufanl/nabattle/ground/zepphangar.dat User/fufanl/nabattle/ground/zepphangar.srf User/fufanl/nabattle/ground/zepphangar.srf


Scenery
VERDUN(North_Atlantic) User/fufanl/nabattle/north_sea.fld User/fufanl/nabattle/north_sea.stp User/fufanl/nabattle/north_sea.yfs

