User/Kzs/YSFA/airport/groundstaff.dat User/Kzs/YSFA/airport/groundstaff.dnm User/Kzs/YSFA/ysfa-coll.srf User/Kzs/YSFA/null.srf
User/Kzs/YSFA/airport/marshaller.dat User/Kzs/YSFA/airport/marshaller.dnm User/Kzs/YSFA/ysfa-coll.srf User/Kzs/YSFA/null.srf
User/Kzs/YSFA/airport/firefighter.dat User/Kzs/YSFA/airport/firefighter.dnm User/Kzs/YSFA/ysfa-coll.srf User/Kzs/YSFA/null.srf
User/Kzs/YSFA/airport/firefighter-i.dat User/Kzs/YSFA/airport/firefighter-i.dnm User/Kzs/YSFA/ysfa-coll.srf User/Kzs/YSFA/null.srf

User/Kzs/YSFA/journalist/camera-op.dat User/Kzs/YSFA/journalist/camera-op.dnm User/Kzs/YSFA/ysfa-coll.srf User/Kzs/YSFA/null.srf
User/Kzs/YSFA/journalist/photographer.dat User/Kzs/YSFA/journalist/photographer.dnm User/Kzs/YSFA/ysfa-coll.srf User/Kzs/YSFA/null.srf
User/Kzs/YSFA/journalist/reporter.dat User/Kzs/YSFA/journalist/reporter.dnm User/Kzs/YSFA/ysfa-coll.srf User/Kzs/YSFA/null.srf
User/Kzs/YSFA/journalist/reporter-f.dat User/Kzs/YSFA/journalist/reporter-f.dnm User/Kzs/YSFA/ysfa-coll.srf User/Kzs/YSFA/null.srf
User/Kzs/YSFA/journalist/journalist.dat User/Kzs/YSFA/journalist/journalist.dnm User/Kzs/YSFA/ysfa-coll.srf User/Kzs/YSFA/null.srf

User/Kzs/YSFA/vip/president-o.dat User/Kzs/YSFA/vip/president-o.dnm User/Kzs/YSFA/ysfa-coll.srf User/Kzs/YSFA/null.srf
User/Kzs/YSFA/vip/president-b.dat User/Kzs/YSFA/vip/president-b.dnm User/Kzs/YSFA/ysfa-coll.srf User/Kzs/YSFA/null.srf
User/Kzs/YSFA/vip/president-g.dat User/Kzs/YSFA/vip/president-g.dnm User/Kzs/YSFA/ysfa-coll.srf User/Kzs/YSFA/null.srf
User/Kzs/YSFA/vip/primeminister-k.dat User/Kzs/YSFA/vip/primeminister-k.dnm User/Kzs/YSFA/ysfa-coll.srf User/Kzs/YSFA/null.srf
User/Kzs/YSFA/vip/primeminister-a.dat User/Kzs/YSFA/vip/primeminister-a.dnm User/Kzs/YSFA/ysfa-coll.srf User/Kzs/YSFA/null.srf
User/Kzs/YSFA/vip/president-b-s.dat User/Kzs/YSFA/vip/president-b-s.dnm User/Kzs/YSFA/ysfa-coll.srf User/Kzs/YSFA/null.srf
User/Kzs/YSFA/vip/primeminister-k-s.dat User/Kzs/YSFA/vip/primeminister-k-s.dnm User/Kzs/YSFA/ysfa-coll.srf User/Kzs/YSFA/null.srf

User/Kzs/YSFA/military/soldier-us.dat User/Kzs/YSFA/military/soldier-us.dnm User/Kzs/YSFA/ysfa-coll.srf User/Kzs/YSFA/null.srf
User/Kzs/YSFA/military/soldier-de.dat User/Kzs/YSFA/military/soldier-de.dnm User/Kzs/YSFA/ysfa-coll.srf User/Kzs/YSFA/null.srf
User/Kzs/YSFA/military/soldier-jp.dat User/Kzs/YSFA/military/soldier-jp.dnm User/Kzs/YSFA/ysfa-coll.srf User/Kzs/YSFA/null.srf
User/Kzs/YSFA/military/soldier-us-d.dat User/Kzs/YSFA/military/soldier-us-d.dnm User/Kzs/YSFA/ysfa-coll.srf User/Kzs/YSFA/null.srf
User/Kzs/YSFA/military/soldier-de-d.dat User/Kzs/YSFA/military/soldier-de-d.dnm User/Kzs/YSFA/ysfa-coll.srf User/Kzs/YSFA/null.srf
User/Kzs/YSFA/military/soldier-jp-d.dat User/Kzs/YSFA/military/soldier-jp-d.dnm User/Kzs/YSFA/ysfa-coll.srf User/Kzs/YSFA/null.srf

User/Kzs/YSFA/cosplay/golgo.dat User/Kzs/YSFA/cosplay/golgo.dnm User/Kzs/YSFA/ysfa-coll.srf User/Kzs/YSFA/null.srf
User/Kzs/YSFA/cosplay/snake.dat User/Kzs/YSFA/cosplay/snake.dnm User/Kzs/YSFA/ysfa-coll.srf User/Kzs/YSFA/null.srf
User/Kzs/YSFA/cosplay/goku.dat User/Kzs/YSFA/cosplay/goku.dnm User/Kzs/YSFA/ysfa-coll.srf User/Kzs/YSFA/null.srf
User/Kzs/YSFA/cosplay/superman.dat User/Kzs/YSFA/cosplay/superman.dnm User/Kzs/YSFA/ysfa-coll.srf User/Kzs/YSFA/null.srf
User/Kzs/YSFA/cosplay/mina.dat User/Kzs/YSFA/cosplay/mina.dnm User/Kzs/YSFA/ysfa-coll.srf User/Kzs/YSFA/null.srf
User/Kzs/YSFA/cosplay/sakura.dat User/Kzs/YSFA/cosplay/sakura.dnm User/Kzs/YSFA/ysfa-coll.srf User/Kzs/YSFA/null.srf
User/Kzs/YSFA/cosplay/sakura-skate.dat User/Kzs/YSFA/cosplay/sakura-skate.dnm User/Kzs/YSFA/ysfa-coll.srf User/Kzs/YSFA/null.srf
User/Kzs/YSFA/cosplay/nanoha.dat User/Kzs/YSFA/cosplay/nanoha.dnm User/Kzs/YSFA/ysfa-coll.srf User/Kzs/YSFA/null.srf
