User/2ch/GACRp/NCA/NCA_B-747.dat User/2ch/GACRp/NCA/NCA_B-747.dnm User/2ch/GACRp/NCA/b747cl.srf User/2ch/GACRp/NCA/b747cpt.srf
User/2ch/GACRp/B767-381F(ANAC_JP)/B767-381F(ANAC_JP).dat User/2ch/GACRp/B767-381F(ANAC_JP)/B767-381F(ANAC_JP).dnm User/2ch/GACRp/B767-381F(ANAC_JP)/b767cl.srf User/2ch/GACRp/B767-381F(ANAC_JP)/b767cpt.srf


User/2ch/GACRp/mig31horo/mig31_horo_0.dat User/2ch/GACRp/mig31horo/mig31_horo_0.dnm User/2ch/GACRp/mig31horo/m31cl.srf User/2ch/GACRp/mig31horo/m31cpt.srf
User/2ch/GACRp/mig31horo/mig31_horo_1.dat User/2ch/GACRp/mig31horo/mig31_horo_1.dnm User/2ch/GACRp/mig31horo/m31cl.srf User/2ch/GACRp/mig31horo/m31cpt.srf
User/2ch/GACRp/mig31horo/mig31_horo_2.dat User/2ch/GACRp/mig31horo/mig31_horo_2.dnm User/2ch/GACRp/mig31horo/m31cl.srf User/2ch/GACRp/mig31horo/m31cpt.srf
User/2ch/GACRp/dragon/touhou/mig29_cirno.dat User/2ch/GACRp/dragon/touhou/mig29_cirno.dnm  User/2ch/GACRp/dragon/touhou/mig29cl.srf User/2ch/GACRp/dragon/touhou/mig29cpt.srf
User/2ch/GACRp/dragon/touhou/mig29_cirnoEX.dat User/2ch/GACRp/dragon/touhou/mig29_cirnoEX.dnm  User/2ch/GACRp/dragon/touhou/mig29cl.srf User/2ch/GACRp/dragon/touhou/mig29excpt.srf User/2ch/GACRp/dragon/touhou/cirno_EX_coarse.srf
User/2ch/GACRp/dragon/touhou/mig29_cirnoEX2.dat User/2ch/GACRp/dragon/touhou/mig29_cirnoEX.dnm  User/2ch/GACRp/dragon/touhou/mig29cl.srf User/2ch/GACRp/dragon/touhou/mig29ex2cpt.srf User/2ch/GACRp/dragon/touhou/cirno_EX_coarse.srf
User/2ch/GACRp/dragon/touhou/f-117_rumia.dat User/2ch/GACRp/dragon/touhou/f-117_rumia.dnm  User/2ch/GACRp/dragon/touhou/f117cl.srf User/2ch/GACRp/dragon/touhou/f117cpt.srf
User/2ch/GACRp/dragon/touhou/mig25_koakuma.dat User/2ch/GACRp/dragon/touhou/mig25_koakuma.dnm  User/2ch/GACRp/dragon/touhou/m25cl.srf User/2ch/GACRp/dragon/touhou/m25cpt.srf
User/2ch/GACRp/dragon/touhou/Su-37_daiyousei.dat User/2ch/GACRp/dragon/touhou/Su-37_daiyousei.dnm  User/2ch/GACRp/dragon/touhou/su37cl.srf  User/2ch/GACRp/dragon/touhou/su-37cpt.srf
User/2ch/GACRp/dragon/touhou/J-10TH_CHINA_Meirin.dat User/2ch/GACRp/dragon/touhou/J-10TH_CHINA_Meirin.dnm User/2ch/GACRp/dragon/touhou/j10cl.srf  User/2ch/GACRp/dragon/touhou/j10cpt.srf 
User/2ch/GACRp/dragon/touhou/t2adv_kai.dat User/2ch/GACRp/dragon/touhou/t2adv_kai.dnm  User/2ch/GACRp/dragon/touhou/t2adv_kai_coll.srf  User/2ch/GACRp/dragon/touhou/t2adv_kai_cpt.srf  User/2ch/GACRp/dragon/touhou/t2adv_kai_coarse.srf
User/2ch/GACRp/dragon/t2adv.dat  User/2ch/GACRp/dragon/t2adv.dnm  User/2ch/GACRp/dragon/t2adv_coll.srf  User/2ch/GACRp/dragon/t2adv_cpt.srf 





User/2ch/GACRp/skyeye/E-767_skyeye.dat User/2ch/GACRp/skyeye/E-767_skyeye.dnm User/2ch/GACRp/skyeye/e767cl.srf User/2ch/GACRp/skyeye/e767cpt.srf


User/2ch/GACRp/729/F-16CJ_USTIO.dat User/2ch/GACRp/729/F-16CJ_USTIO.dnm User/2ch/GACRp/765/f16cl.srf User/2ch/GACRp/765/f16cpt.srf
User/2ch/GACRp/729/fr_typhoon/EF-2000_FRANCE.dat User/2ch/GACRp/729/fr_typhoon/EF-2000_FRANCE.dnm User/2ch/GACRp/729/fr_typhoon/typcl.srf User/2ch/GACRp/729/fr_typhoon/typcpt.srf
User/2ch/GACRp/729/B747-400_OLI1-1.dat User/2ch/GACRp/729/B747-400_OLI1-1.dnm User/2ch/GACRp/729/b747cl.srf User/2ch/GACRp/729/b747cpt.srf
User/2ch/GACRp/729/B747-400_OLI1-2.dat User/2ch/GACRp/729/B747-400_OLI1-2.dnm User/2ch/GACRp/729/b747cl.srf User/2ch/GACRp/729/b747cpt.srf
User/2ch/GACRp/729/B747-400_OLI1-3.dat User/2ch/GACRp/729/B747-400_OLI1-3.dnm User/2ch/GACRp/729/b747cl.srf User/2ch/GACRp/729/b747cpt.srf
User/2ch/GACRp/729/B747-400_OLI1-4.dat User/2ch/GACRp/729/B747-400_OLI1-4.dnm User/2ch/GACRp/729/b747cl.srf User/2ch/GACRp/729/b747cpt.srf
User/2ch/GACRp/729/B747-400_OLI1-5.dat User/2ch/GACRp/729/B747-400_OLI1-5.dnm User/2ch/GACRp/729/b747cl.srf User/2ch/GACRp/729/b747cpt.srf
user/2ch/GACRp/baseball/dragons/J-35Oe_Dragons.dat user/2ch/GACRp/baseball/dragons/J-35Oe_cd.dnm user/2ch/GACRp/baseball/dragons/j35cl.srf user/2ch/GACRp/baseball/dragons/j35cpt.srf
user/2ch/GACRp/baseball/marines/FA-18E_Marines.dat user/2ch/GACRp/baseball/marines/FA-18E_clm.dnm user/2ch/GACRp/baseball/marines/f18ecl.srf user/2ch/GACRp/baseball/marines/f18ecpt.srf
user/2ch/GACRp/baseball/hawks/HAWK_HAWKS.dat user/2ch/GACRp/baseball/hawks/HAWKT1A_fsh.dnm user/2ch/GACRp/baseball/hawks/hawkscl.srf user/2ch/GACRp/baseball/hawks/hawkcpt.srf
user/2ch/GACRp/baseball/lions/F-14D_Lions.dat user/2ch/GACRp/baseball/lions/F-14D_ssl.dnm user/2ch/GACRp/baseball/lions/f14cl.srf user/2ch/GACRp/baseball/lions/f14cpt.srf
user/2ch/GACRp/baseball/goldeneagles/T-50_Eagles.dat user/2ch/GACRp/baseball/goldeneagles/T-50_trge.dnm user/2ch/GACRp/baseball/goldeneagles/ta50cl.srf user/2ch/GACRp/baseball/goldeneagles/ta50cpt.srf
user/2ch/GACRp/baseball/goldeneagles/Su-47_Eagles.dat user/2ch/GACRp/baseball/goldeneagles/Su-47_trge.dnm user/2ch/GACRp/baseball/goldeneagles/su47cl.srf user/2ch/GACRp/baseball/goldeneagles/su47cpt.srf
user/2ch/GACRp/baseball/swallows/MiG-29UB_Swallows.dat user/2ch/GACRp/baseball/swallows/MiG-29UB_tys.dnm user/2ch/GACRp/baseball/swallows/mig29cl.srf user/2ch/GACRp/baseball/swallows/mig29ubcpt.srf
user/2ch/GACRp/baseball/marines/FA-18E_M0507.dat user/2ch/GACRp/baseball/marines/FA-18E_clm0507.dnm user/2ch/GACRp/baseball/marines/f18ecl.srf user/2ch/GACRp/baseball/marines/f18ecpt.srf
User/2ch/GACRp/765/F-22A_765.dat User/2ch/GACRp/765/F-22A_765.dnm User/2ch/GACRp/765/f22cl.srf User/2ch/GACRp/765/f22cpt.srf User/2ch/GACRp/765/F-22A_765coarse.dnm
User/2ch/GACRp/765/EF-2000_765.dat User/2ch/GACRp/765/EF-2000_765.dnm User/2ch/GACRp/765/typcl.srf User/2ch/GACRp/765/typcpt.srf User/2ch/GACRp/765/EF-2000_765coarse.dnm
User/2ch/GACRp/765/FA-18F_765.dat User/2ch/GACRp/765/FA-18F_765.dnm User/2ch/GACRp/765/f18ecl.srf User/2ch/GACRp/765/f18fcpt.srf User/2ch/GACRp/765/FA-18F_765coarse.dnm
User/2ch/GACRp/765/F-15E_765.dat User/2ch/GACRp/765/F-15E_765.dnm User/2ch/GACRp/765/f15cl.srf User/2ch/GACRp/765/f15escpt.srf User/2ch/GACRp/765/F-15E_765coarse.dnm
User/2ch/GACRp/765/F-14D_765.dat User/2ch/GACRp/765/F-14D_765.dnm User/2ch/GACRp/765/f14cl.srf User/2ch/GACRp/765/f14cpt.srf User/2ch/GACRp/765/F-14D_765coarse.dnm
User/2ch/GACRp/765/RAFALE-M_765.dat User/2ch/GACRp/765/RAFALE-M_765.dnm User/2ch/GACRp/765/rafalecl.srf User/2ch/GACRp/765/rafalescpt.srf User/2ch/GACRp/765/RAFALE-M_765coarse.dnm
User/2ch/GACRp/765/Su-33_765.dat User/2ch/GACRp/765/Su-33_765.dnm User/2ch/GACRp/765/su37cl.srf User/2ch/GACRp/765/su27cpt.srf User/2ch/GACRp/765/Su-33_765coarse.dnm
User/2ch/GACRp/765/F-117A_765.dat User/2ch/GACRp/765/F-117A_765.dnm User/2ch/GACRp/765/f117cl.srf User/2ch/GACRp/765/f117cpt.srf User/2ch/GACRp/765/F-117A_765coarse.dnm
User/2ch/GACRp/765/F-2A_765.dat User/2ch/GACRp/765/F-2A_765.dnm User/2ch/GACRp/765/f2cl.srf User/2ch/GACRp/765/f2cpt.srf User/2ch/GACRp/765/F-2A_765coarse.dnm
User/2ch/GACRp/765/F-16CJ_765.dat User/2ch/GACRp/765/F-16CJ_765.dnm User/2ch/GACRp/765/f16cl.srf User/2ch/GACRp/765/f16cpt.srf User/2ch/GACRp/765/F-16CJ_765coarse.dnm
User/2ch/GACRp/729/EF-2000_CCO.dat User/2ch/GACRp/729/EF-2000_cco.dnm User/2ch/GACRp/765/typcl.srf User/2ch/GACRp/765/typcpt.srf User/2ch/GACRp/765/EF-2000_765coarse.dnm
User/2ch/GACRp/729/EF-2000_NICEBOAT.dat User/2ch/GACRp/729/EF-2000_sd.dnm User/2ch/GACRp/765/typcl.srf User/2ch/GACRp/765/typcpt.srf User/2ch/GACRp/765/EF-2000_765coarse.dnm
User/2ch/GACRp/729/FA-18F_k-on.dat User/2ch/GACRp/729/FA-18F_k-on.dnm User/2ch/GACRp/765/f18ecl.srf User/2ch/GACRp/765/f18fcpt.srf User/2ch/GACRp/765/FA-18F_765coarse.dnm
User/2ch/GACRp/729/MBT_T-72B_765.dat User/2ch/GACRp/729/MBT_T-72B_765.dnm User/2ch/GACRp/729/t72cl.srf User/2ch/GACRp/729/null.srf
User/2ch/GACRp/729/F-14D_k-on.dat User/2ch/GACRp/729/F-14D_k-on.dnm User/2ch/GACRp/765/f14cl.srf User/2ch/GACRp/765/f14cpt.srf User/2ch/GACRp/765/F-14D_765coarse.dnm
User/2ch/GACRp/729/RAFALE-M_zero.dat User/2ch/GACRp/729/RAFALE-M_zero.dnm User/2ch/GACRp/765/rafalecl.srf User/2ch/GACRp/765/rafalescpt.srf User/2ch/GACRp/729/RAFALE-M_zerocoarse.dnm
User/2ch/GACRp/729/Su-33_ABE.dat User/2ch/GACRp/729/Su-33_abe.dnm User/2ch/GACRp/765/su37cl.srf User/2ch/GACRp/765/su27cpt.srf User/2ch/GACRp/765/Su-33_765coarse.dnm
User/2ch/GACRp/729/F-117A_GPW.dat User/2ch/GACRp/729/F-117A_GPW.dnm User/2ch/GACRp/765/f117cl.srf User/2ch/GACRp/765/f117cpt.srf User/2ch/GACRp/765/F-117A_765coarse.dnm


user/2ch/GACRp/MIG-21kai/MIG-21kai.dat user/2ch/GACRp/MIG-21kai/mig-21kai_test2.dnm user/2ch/GACRp/MIG-21kai/mig21cl.srf user/2ch/GACRp/MIG-21kai/mig21cpt.srf
User/2ch/GACRp/f4superkai/f4superkai.dat User/2ch/GACRp/f4superkai/f4superkai.dnm User/2ch/GACRp/f4superkai/f4supercoll.srf User/2ch/GACRp/f4superkai/f4superkai.srf
user/2ch/GACRp/avenger/SP_HMMWV_AVENGER_USA.dat user/2ch/GACRp/avenger/US_HMMWV_AVENGER.dnm user/2ch/GACRp/avenger/hmvcl.srf user/2ch/GACRp/avenger/HMMWV_cock.srf
user/2ch/GACRp/F-22A_omega11/F-22_omega11.dat user/2ch/GACRp/F-22A_omega11/F-22A_omega11.dnm user/2ch/GACRp/F-22A_omega11/f22_omega11cl.srf user/2ch/GACRp/F-22A_omega11/f22_omega11co.srf 


user/kitune/air/J-8Hf_CHINA.dat user/kitune/air/J-8Hf_CHINA.dnm user/2ch/gac/j8iicl.srf user/2ch/gac/j8cpt.srf
user/kitune/air/badger/H-6U_CHINA.dat user/kitune/air/badger/H-6U_CHINA.dnm user/kitune/air/badger/tu16cl.srf user/kitune/air/badger/tu16cpt.srf
user/kitune/air/badger/H-6U_CHINA_com.dat user/kitune/air/badger/H-6U_CHINA_com.dnm user/kitune/air/badger/tu16cl.srf user/kitune/air/badger/tu16cpt.srf
user/kitune/air/fan_jet/Su-32FN_test.dat user/kitune/air/fan_jet/Su-32FN_test.dnm user/2ch/gac/su32cl.srf user/2ch/gac/su32cpt.srf user/kitune/air/fan_jet/Su-32test_co.dnm
user/kitune/air/fan_jet/Su-32FN_tvc.dat user/kitune/air/fan_jet/Su-32FN_tvc.dnm user/2ch/gac/su32cl.srf user/2ch/gac/su32cpt.srf user/kitune/air/fan_jet/Su-32test_co.dnm
user/kitune/air/fan_jet/Su-32FN_tvc2.dat user/kitune/air/fan_jet/Su-32FN_tvc2.dnm user/2ch/gac/su32cl.srf user/2ch/gac/su32cpt.srf user/kitune/air/fan_jet/Su-32test_co.dnm
user/kitune/air/fan_jet/Su-32FN_tvc3.dat user/kitune/air/fan_jet/Su-32FN_tvc3.dnm user/2ch/gac/su32cl.srf user/2ch/gac/su32cpt.srf user/kitune/air/fan_jet/Su-32test_co.dnm
user/kitune/air/JAS-39C_JAPAN.dat user/kitune/air/JAS-39C_JAPAN.dnm user/kitune/air/jas39cl.srf user/kitune/air/jas39cpt.srf
user/kitune/air/JAS-39C_JAPAN_O.dat user/kitune/air/JAS-39C_JAPAN_O.dnm user/kitune/air/jas39cl.srf user/kitune/air/jas39cpt.srf
user/kitune/air/MiG-29J_O.dat user/kitune/air/MiG-29J_O.dnm user/kitune/air/mig29cl.srf user/kitune/air/mig29cpt.srf
user/kitune/air/F-86F-30_TOUHOU.dat user/kitune/air/F-86F-30_TOUHOU.dnm user/kitune/air/f86cl.srf user/kitune/air/f86cpt.srf
user/kitune/air/badger/Tu-16_RUSSIA.dat user/kitune/air/badger/Tu-16_RUSSIA.dnm user/kitune/air/badger/tu16cl.srf user/kitune/air/badger/tu16cpt.srf
user/kitune/air/badger/Tu-16K-26_RUSSIA.dat user/kitune/air/badger/Tu-16K-26_RUSSIA.dnm user/kitune/air/badger/tu16cl.srf user/kitune/air/badger/tu16K-26cpt.srf
user/kitune/air/badger/Tu-16-KS.dat user/kitune/air/badger/Tu-16-KS.dnm user/kitune/air/badger/tu16cl.srf user/kitune/air/badger/Tu-16-KScpt.srf
user/kitune/air/badger/Tu-16_op4.dat user/kitune/air/badger/Tu-16_op4.dnm user/kitune/air/badger/tu16cl.srf user/kitune/air/badger/Tu-16_op4cpt.srf
user/kitune/air/badger/Tu-16_op4_2.dat user/kitune/air/badger/Tu-16_op4_2.dnm user/kitune/air/badger/tu16cl.srf user/kitune/air/badger/Tu-16_op4cpt.srf
user/kitune/air/badger/Tu-16-LL_RU.dat user/kitune/air/badger/Tu-16-LL_RU.dnm user/kitune/air/badger/tu16cl.srf user/kitune/air/badger/Tu-16-LL_RUcpt.srf
user/kitune/air/badger/Tu-16-LL_RU_2.dat user/kitune/air/badger/Tu-16-LL_RU_2.dnm user/kitune/air/badger/tu16cl.srf user/kitune/air/badger/Tu-16-LL_RUcpt.srf
user/kitune/air/badger/Tu-16-LL_RU_3.dat user/kitune/air/badger/Tu-16-LL_RU_3.dnm user/kitune/air/badger/tu16cl.srf user/kitune/air/badger/Tu-16-LL_RUcpt.srf
user/kitune/air/F-18_UNDA.dat user/kitune/air/F-18_UNDA.dnm user/kitune/air/f18cl_unda.srf user/kitune/air/f18cpt.srf
user/kitune/air/F-18_UGM-N.dat user/kitune/air/F-18_UGM-N.dnm user/kitune/air/f18cl_unda.srf user/kitune/air/f18cpt.srf
user/kitune/air/fan_jet/F-18_UGM-vtol.dat user/kitune/air/fan_jet/F-18_UGM-VTOL.dnm user/kitune/air/fan_jet/f18cl4_ugm.srf user/kitune/air/f18cpt.srf user/kitune/air/fan_jet/F-18_VTOL_co.dnm
user/kitune/air/TDF_sst_A.dat user/kitune/air/TDF_sst.dnm user/kitune/air/tdf_sstcl.srf user/kitune/air/tdf_sstcpt.srf
user/kitune/air/TDF_sst_D.dat user/kitune/air/TDF_sst.dnm user/kitune/air/tdf_sstcl.srf user/kitune/air/tdf_sstcpt.srf
user/kitune/air/fan_jet/Su-32FN_test.dat user/kitune/air/fan_jet/Su-32FN_test.dnm user/2ch/gac/su32cl.srf user/2ch/gac/su32cpt.srf user/kitune/air/fan_jet/Su-32test_co.dnm
User/kitune/gvd/NORIMAKI.dat User/kitune/gvd/NORIMAKI.dnm User/kitune/gvd/norimakicl.srf User/kitune/gvd/norimakicpt.srf

user/kitune/air/tuburaya/MiG-23_MAT.dat user/kitune/air/tuburaya/MiG-23_MAT.dnm user/2ch/gac/mig23cl.srf user/2ch/gac/mig23ubcpt.srf
user/kitune/air/tuburaya/SSSP.dat user/kitune/air/tuburaya/SSSP.dnm user/2ch/gac/warriorcl.srf user/2ch/gac/null.srf
user/kitune/air/tuburaya/TA-4_UGM.dat user/kitune/air/tuburaya/TA-4_UGM.dnm user/2ch/gac/ta4cl.srf user/2ch/gac/ta4cpt.srf
user/kitune/air/tuburaya/F-104_sgm.dat user/kitune/air/tuburaya/F-104_sgm.dnm user/2ch/gac/f104wtankcl.srf user/2ch/gac/f104cpt.srf
user/kitune/air/tuburaya/F-104_sssp.dat user/kitune/air/tuburaya/F-104_sssp.dnm user/2ch/gac/f104wtankcl.srf user/2ch/gac/f104cpt.srf
user/kitune/air/tuburaya/Csna182S_hosikawa.dat user/kitune/air/tuburaya/Csna182S_hosikawa.dnm user/2ch/gac/csna182cl.srf user/kitune/gvd/csna182hosikawacpt.srf
user/kitune/air/tuburaya/Csna182S_hosikawaA.dat user/kitune/air/tuburaya/Csna182S_hosikawa.dnm user/2ch/gac/csna182cl.srf user/kitune/gvd/csna182hosikawacpt.srf




user/2ch/GACRp/MiG29_29+20/MiG-29G_GERMAN_29+10_SPECIAL.dat user/2ch/GACRp/MiG29_29+20/MiG-29G_GERMAN_29+10_SPECIAL.dnm user/2ch/GACRp/MiG29_29+20/mig29cl.srf user/2ch/GACRp/MiG29_29+20/mig29cpt.srf

user/2ch/GACRp/kubonocat2/F20J_JASDF302_302.dat user/2ch/GACRp/kubonocat2/F20J_JASDF302_302.dnm user/2ch/GACRp/kubonocat2/F20cl.srf user/2ch/GACRp/kubonocat2/F20cpt.srf
user/2ch/GACRp/kubonocat2/F20J_JASDF302_373.dat user/2ch/GACRp/kubonocat2/F20J_JASDF302_373.dnm user/2ch/GACRp/kubonocat2/F20cl.srf user/2ch/GACRp/kubonocat2/F20cpt.srf
user/2ch/GACRp/kubonocat2/F-104J/F-104J_JASDF_636.dat user/2ch/GACRp/kubonocat2/F-104J/F-104J_JASDF_636.dnm user/2ch/GACRp/kubonocat2/F-104J/f104.srf user/2ch/GACRp/kubonocat2/F-104J/f104cpt.srf

user/2ch/GACRp/kubonocat2/Ye-8/Ye-8_81.dat user/2ch/GACRp/kubonocat2/Ye-8/Ye-8_81.dnm user/2ch/GACRp/kubonocat2/Ye-8/Ye-8cl.srf user/2ch/GACRp/kubonocat2/Ye-8/Ye-8mfcpt.srf

user/2ch/GACRp/kubonocat2/F20A_USAF_N4416T.dat user/2ch/GACRp/kubonocat2/F20A_USAF_N4416T.dnm user/2ch/GACRp/kubonocat2/F20cl.srf user/2ch/GACRp/kubonocat2/F20cpt.srf

User/2ch/GACRp/kubonocat2/Learjet45/Learjet45_HB-VML_CIV.dat User/2ch/GACRp/kubonocat2/Learjet45/Learjet45_HB-VML_CIV.DNM User/2ch/GACRp/kubonocat2/Learjet45/lear45cl.srf User/2ch/GACRp/kubonocat2/Learjet45/lear45cpt.srf


user/2ch/GACRp/PdF/ALPHAJ-E_Patrouille_de_France.dat user/2ch/GACRp/PdF/ALPHAJ-E_Patrouille_de_France.dnm user/2ch/GACRp/PdF/alphajcl.srf user/2ch/GACRp/PdF/alphajcpt.srf
user/2ch/GACRp/PAF/SABRE_F_Mk6_PAKISTAN.DAT user/2ch/GACRp/PAF/SABRE_F_Mk6_PAKISTAN.dnm user/2ch/GACRp/PAF/f86cl.srf user/2ch/GACRp/PAF/f86cpt.srf
user/2ch/GACRp/PAF/F-86F_PAKISTAN.DAT user/2ch/GACRp/PAF/F-86F_PAKISTSN.dnm user/2ch/GACRp/PAF/f86cl.srf user/2ch/GACRp/PAF/f86cpt.srf
user/2ch/GACRp/F-4G/F-4G_US.dat user/2ch/GACRp/F-4G/F-4G_US.dnm user/2ch/GACRp/F-4G/f4cl.srf user/2ch/GACRp/F-4G/f4cpt.srf
user/2ch/GACRp/F-22_Perfect_Stealth/F-22A_USA.dat user/2ch/GACRp/F-22_Perfect_Stealth/F-22A_PS_USA.dnm user/2ch/GACRp/F-22_Perfect_Stealth/f22cl.srf user/2ch/GACRp/F-22_Perfect_Stealth/f22cpt.srf

user/2ch/GACRp/GAC_A88/F-5E_ShinKazama.dat user/2ch/GACRp/GAC_A88/F-5E_ShinKazama.dnm user/2ch/GACRp/GAC_A88/f5cl.srf user/2ch/GACRp/GAC_A88/f5cpt.srf
user/2ch/GACRp/GAC_A88/f20K.dat user/2ch/GACRp/GAC_A88/f20K.dnm user/2ch/GACRp/GAC_A88/f5cl.srf user/2ch/GACRp/GAC_A88/f5cpt.srf
user/2ch/GACRp/GAC_A88/F-104G_SeirenBarnack.dat user/2ch/GACRp/GAC_A88/F-104G_SeirenBarnack.dnm user/2ch/GACRp/GAC_A88/f104wtankcl.srf user/2ch/GACRp/GAC_A88/f104cpt.srf
user/2ch/GACRp/GAC_A88/J-35_ShinKazama.dat user/2ch/GACRp/GAC_A88/J-35_ShinKazama.dnm user/2ch/GACRp/GAC_A88/j35cl.srf user/2ch/GACRp/GAC_A88/j35cpt.srf
user/2ch/GACRp/GAC_A88/A-4E_A88.dat user/2ch/GACRp/GAC_A88/A-4E_A88.dnm user/2ch/GACRp/GAC_A88/a4cl.srf user/2ch/GACRp/GAC_A88/a4ecpt.srf
user/2ch/GACRp/GAC_A88/MiG-27D_AntiAsran.dat user/2ch/GACRp/GAC_A88/MiG-27D_AntiAsran.dnm user/2ch/GACRp/GAC_A88/mig27cl.srf user/2ch/GACRp/GAC_A88/mig27cpt.srf
user/2ch/GACRp/GAC_A88/FA-18C_P4_SatoruKanzaki.dat user/2ch/GACRp/GAC_A88/FA-18C_P4_SatoruKanzaki.dnm user/2ch/GACRp/GAC_A88/f18cl.srf user/2ch/GACRp/GAC_A88/f18cpt.srf
user/2ch/GACRp/GAC_A88/MiG-21PMF_Project4.dat user/2ch/GACRp/GAC_A88/MiG-21PMF_Project4.dnm user/2ch/GACRp/GAC_A88/mig21pfmcl.srf user/2ch/GACRp/GAC_A88/mig21pmfcpt.srf
user/2ch/GACRp/GAC_A88/MiG-27D_Project4.dat user/2ch/GACRp/GAC_A88/MiG-27D_Project4.dnm user/2ch/GACRp/GAC_A88/mig27cl.srf user/2ch/GACRp/GAC_A88/mig27cpt.srf


User/2ch/GACRp/T-4RED_JAPAN/T-4RED_JAPAN.dat User/2ch/GACRp/T-4RED_JAPAN/T-4RED_JAPAN.dnm User/2ch/GACRp/T-4RED_JAPAN/t4cl.srf User/2ch/GACRp/T-4RED_JAPAN/t4cpt.srf
User/2ch/GACRp/MU-300/mu300white_CIV.dat User/2ch/GACRp/MU-300/mu300white.dnm User/2ch/GACRp/MU-300/mu300coll.srf User/2ch/GACRp/MU-300/mu300cock.srf
User/2ch/GACRp/MU-300/mu300mhi_CIV.dat User/2ch/GACRp/MU-300/mu300mhi.dnm User/2ch/GACRp/MU-300/mu300coll.srf User/2ch/GACRp/MU-300/mu300cock.srf
User/2ch/GACRp/jaxabonanza/BonanzaA36_CIV.dat User/2ch/GACRp/jaxabonanza/BonanzaA36_CIV.dnm User/2ch/GACRp/jaxabonanza/bonanzaa36cl.srf User/2ch/GACRp/jaxabonanza/bonanzaa36cpt.srf User/2ch/GACRp/jaxabonanza/BonanzaA36_coarse.dnm


User/2ch/GACRp/Su-37_shana/Su-37.dat User/2ch/GACRp/Su-37_shana/Su-37_SuperFlanker_shana.dnm User/2ch/GACRp/Su-37_shana/su37cl.srf User/2ch/GACRp/Su-37_shana/su27cpt.srf
User/2ch/GACRp/Su-37_shana+AEW/Su-37.dat User/2ch/GACRp/Su-37_shana+AEW/Su-37_shana+AEW.dnm User/2ch/GACRp/Su-37_shana+AEW/su37cl.srf User/2ch/GACRp/Su-37_shana+AEW/su27cpt.srf
user/2ch/GACRp/tamanee/F-2B_JAPAN.dat user/2ch/GACRp/tamanee/F-2B_JAPAN2.dnm user/2ch/GACRp/tamanee/f2cl.srf user/2ch/GACRp/tamanee/f2bcpt.srf
User/2ch/GACRp/F-15/F-15_Banana.dat User/2ch/GACRp/F-15/F-15_Banana_eagle.dnm User/2ch/GACRp/F-15/f15cl.srf User/2ch/GACRp/F-15/f15sscpt.srf
User/2ch/GACRp/F-15/F-15_Blue.dat User/2ch/GACRp/F-15/F-15_Blue.dnm User/2ch/GACRp/F-15/f15cl.srf User/2ch/GACRp/F-15/f15sscpt.srf
User/2ch/GACRp/F-15/F-15_pink.dat User/2ch/GACRp/F-15/F-15_pink.dnm User/2ch/GACRp/F-15/f15cl.srf User/2ch/GACRp/F-15/f15sscpt.srf
User/2ch/GACRp/F-15/F-15_pi-man.dat User/2ch/GACRp/F-15/F-15_pi-man.dnm User/2ch/GACRp/F-15/f15cl.srf User/2ch/GACRp/F-15/f15sscpt.srf
User/2ch/GACRp/Jr/Jr.dat User/2ch/GACRp/Jr/Jr.dnm User/2ch/GACRp/Jr/coll.srf User/2ch/GACRp/Jr/coase.srf
User/2ch/GACRp/129/HMMWV_JP/SP_HMMWV_USA.dat User/2ch/GACRp/129/HMMWV_JP/SP_HMMWV_USA.dnm User/2ch/GACRp/129/HMMWV_JP/hmvcl.srf User/2ch/GACRp/129/HMMWV_JP/null.srf
User/2ch/GACRp/B747-400_tyuruya/B747.dat User/2ch/GACRp/B747-400_tyuruya/B747.dnm User/2ch/GACRp/B747-400_tyuruya/b747cl.srf User/2ch/GACRp/B747-400_tyuruya/b747cpt.srf 
User/2ch/GACRp/B747-400_tyuruya/B747.dat User/2ch/GACRp/B747-400_tyuruya/B747.dnm User/2ch/GACRp/B747-400_tyuruya/b747cl.srf User/2ch/GACRp/B747-400_tyuruya/b747cpt.srf 
User/2ch/GACRp/ANA_B747/B747.dat User/2ch/GACRp/ANA_B747/B747.dnm User/2ch/GACRp/ANA_B747/b747cl.srf User/2ch/GACRp/ANA_B747/b747cpt.srf 
User/2ch/GACRp/129/IFTA_Bonanza/bonanza.dat User/2ch/GACRp/129/IFTA_Bonanza/bonanza.dnm User/2ch/GACRp/129/IFTA_Bonanza/bonanzacl.srf user/2ch/GACRp/129/IFTA_Bonanza/bonanzacpt.srf


User/2ch/GACRp/18/fa18Ckai.dat User/2ch/GACRp/18/fa18Ckai.dnm User/2ch/GACRp/18/f18cl.srf User/2ch/GACRp/18/f18cpt.srf
User/2ch/GACRp/agr18/US_FA-18A_AF-02.dat User/2ch/GACRp/agr18/US_FA-18A_AF-02.dnm User/2ch/GACRp/agr18/f18cl.srf User/2ch/GACRp/agr18/f18cpt.srf
User/2ch/GACRp/agr18/US_FA-18A_AF-10.dat User/2ch/GACRp/agr18/US_FA-18A_AF-10.dnm User/2ch/GACRp/agr18/f18cl.srf User/2ch/GACRp/agr18/f18cpt.srf
User/2ch/GACRp/HMMWVpack/SP_HMMWV_TOW.dat User/2ch/GACRp/HMMWVpack/SP_HMMWV_TOW.dnm User/2ch/GACRp/HMMWVpack/hmvcl.srf User/2ch/GACRp/HMMWVpack/HMMWV_cock.srf
User/2ch/GACRp/HMMWVpack/SP_HMMWV_1037.dat User/2ch/GACRp/HMMWVpack/SP_HMMWV_1037.dnm User/2ch/GACRp/HMMWVpack/hmvcl.srf User/2ch/GACRp/HMMWVpack/HMMWV_cock.srf
User/2ch/GACRp/HMMWVpack/SP_HMMWV_997.dat User/2ch/GACRp/HMMWVpack/SP_HMMWV_997.dnm User/2ch/GACRp/HMMWVpack/hmvcl.srf User/2ch/GACRp/HMMWVpack/HMMWV_cock.srf
User/2ch/GACRp/HMMWVpack/SP_HMMWV_1069.dat User/2ch/GACRp/HMMWVpack/SP_HMMWV_1069.dnm User/2ch/GACRp/HMMWVpack/hmvcl.srf User/2ch/GACRp/HMMWVpack/HMMWV_M1069_cock.srf
User/2ch/GACRp/HMMWVpack/SP_HMMWV_denpa.dat User/2ch/GACRp/HMMWVpack/SP_HMMWV_denpa.dnm User/2ch/GACRp/HMMWVpack/hmvcl.srf User/2ch/GACRp/HMMWVpack/HMMWV_cock.srf
User/2ch/GACRp/HMMWVpack/SP_HMMWV_hot.dat User/2ch/GACRp/HMMWVpack/SP_HMMWV_hot.dnm User/2ch/GACRp/HMMWVpack/hmvcl.srf User/2ch/GACRp/HMMWVpack/HMMWV_cock.srf
User/2ch/GACRp/HMMWVpack/SP_HMMWV_HUMRAAM.dat User/2ch/GACRp/HMMWVpack/SP_HMMWV_HUMRAAM.dnm User/2ch/GACRp/HMMWVpack/hmvcl.srf User/2ch/GACRp/HMMWVpack/HMMWV_cock.srf
User/2ch/GACRp/HMMWVpack/SP_HMMWV_minigun.dat User/2ch/GACRp/HMMWVpack/SP_HMMWV_minigun.dnm User/2ch/GACRp/HMMWVpack/hmvcl.srf User/2ch/GACRp/HMMWVpack/HMMWV_cock.srf
user/2ch/GACRp/B52/B-52H_SFJ.dat user/2ch/GACRp/B52/B-52H_SFJ.dnm aircraft/b52coll.srf user/2ch/GACRp/B52/b52cpt.srf
User/2ch/GACRp/B747pack/KE_B747.dat User/2ch/GACRp/B747pack/KE_B747.dnm User/2ch/GACRp/B747pack/b747cl.srf User/2ch/GACRp/B747pack/b747cpt.srf
User/2ch/GACRp/B747pack/NZ_B747.dat User/2ch/GACRp/B747pack/NZ_B747.dnm User/2ch/GACRp/B747pack/b747cl.srf User/2ch/GACRp/B747pack/b747cpt.srf
User/2ch/GACRp/B747pack/EVA_B747.dat User/2ch/GACRp/B747pack/EVA_B747.dnm User/2ch/GACRp/B747pack/b747cl.srf User/2ch/GACRp/B747pack/b747cpt.srf
User/2ch/GACRP/NEAT/B767_NEAT.dat User/2ch/GACRP/NEAT/B767_NEAT.dnm User/2ch/GACRP/NEAT/b767cl.srf User/2ch/GACRP/NEAT/b767cpt.srf
User/2ch/GACRP/NEAT/DC9_NEAT.dat User/2ch/GACRP/NEAT/DC9_NEAT.dnm User/2ch/GACRP/NEAT/dc9cl.srf User/2ch/GACRP/NEAT/dc9cpt.srf
User/2ch/GACRp/agr18/tug.dat User/2ch/GACRp/agr18/tug.dnm User/2ch/GACRp/agr18/tug.srf
User/2ch/GACRP/udonge/udonge.dat user/2ch/GACRP/udonge/udonge.dnm User/2ch/GACRP/udonge/typcl.srf User/2ch/GACRP/udonge/typtcpt.srf


User/2ch/GACRp/F-5E_P.Suisse/F-5E_P.Suisse.dat User/2ch/GACRp/F-5E_P.Suisse/F-5E_P.Suisse.dnm User/2ch/GACRp/F-5E_P.Suisse/F-5E_P.Suisse_cl.srf User/2ch/GACRp/F-5E_P.Suisse/F-5E_P.Suisse_cpt.srf

User/2ch/GACRp/MiG-21's/J-7E_August_1st.dat User/2ch/GACRp/MiG-21's/J-7E_August_1st.dnm User/2ch/GACRp/MiG-21's/j7cl.srf User/2ch/GACRp/MiG-21's/j7cpt.srf

User/2ch/GACRp/MiG-23ML/MiG-23ML_Hell_Fighter.dat User/2ch/GACRp/MiG-23ML/MiG-23ML_Hell_Fighter.dnm User/2ch/GACRp/MiG-23ML/mig23cl.srf User/2ch/GACRp/MiG-23ML/mig23cpt.srf User/2ch/GACRp/MiG-23ML/MiG-23ML_Hell_Fighter_co.dnm

User/2ch/GACRp/SaberMk.6/Saber_Mk.6.dat User/2ch/GACRp/SaberMk.6/Saber_Mk.6.dnm User/2ch/GACRp/SaberMk.6/Saber6_cl.srf User/2ch/GACRp/SaberMk.6/Saber6_cpt.srf

User/2ch/GACRp/MiG-21bis_fi/MiG-21bis_FINLAND.dat User/2ch/GACRp/MiG-21bis_fi/MiG-21bis_FINLAND.dnm User/2ch/GACRp/MiG-21bis_fi/mig21mfcl.srf User/2ch/GACRp/MiG-21bis_fi/mig21mfcpt.srf
User/2ch/GACRp/MiG-21's/MiG-21F-13_FINLAND.dat User/2ch/GACRp/MiG-21's/MiG-21F-13_FINLAND.dnm User/2ch/GACRp/MiG-21's/j7cl.srf User/2ch/GACRp/MiG-21's/mig21fcpt.srf
User/2ch/GACRp/MiG-21's/MiG-21UM_FINLAND.dat User/2ch/GACRp/MiG-21's/MiG-21UM_FINLAND.dnm User/2ch/GACRp/MiG-21's/mig21mfcl.srf User/2ch/GACRp/MiG-21's/mig21ucpt.srf
User/2ch/GACRp/MiG-15UTI/MiG-15UTI_FINLAND.dat User/2ch/GACRp/MiG-15UTI/MiG-15UTI_FINLAND.dnm User/2ch/GACRp/MiG-15UTI/mig15cl.srf User/2ch/GACRp/MiG-15UTI/jj5cpt.srf

User/2ch/GACRp/MiG-21's/MiG-21F-13_INDONESIA.dat User/2ch/GACRp/MiG-21's/MiG-21F-13_INDONESIA.dnm User/2ch/GACRp/MiG-21's/j7cl.srf User/2ch/GACRp/MiG-21's/mig21fcpt.srf

User/2ch/GACRp/MiG-21's/MiG-21MF_Big_Fish.dat User/2ch/GACRp/MiG-21's/MiG-21MF_Big_Fish.dnm User/2ch/GACRp/MiG-21's/mig21mfcl.srf User/2ch/GACRp/MiG-21's/mig21mfcpt.srf
User/2ch/GACRp/MiG-17/Lim-6bis_POLAND.dat User/2ch/GACRp/MiG-17/Lim-6bis_POLAND.dnm User/2ch/GACRp/MiG-17/mig17cl.srf User/2ch/GACRp/MiG-17/mig17fcpt.srf

User/2ch/GACRp/MiG-17/MiG-17PM_RUSSIA.dat User/2ch/GACRp/MiG-17/MiG-17PM_RUSSIA.dnm User/2ch/GACRp/MiG-17/mig17cl.srf User/2ch/GACRp/MiG-17/mig17pfcpt.srf
User/2ch/GACRp/MiG-31M/MiG-31M_RUSSIA.dat User/2ch/GACRp/MiG-31M/MiG-31M_RUSSIA.dnm User/2ch/GACRp/MiG-31M/m31cl.srf User/2ch/GACRp/MiG-31M/m31m_cpt.srf
User/2ch/GACRp/Su-15/Su-15_Red_Falcons.dat User/2ch/GACRp/Su-15/Su-15_Red_Falcons.dnm User/2ch/GACRp/Su-15/su15cl.srf User/2ch/GACRp/Su-15/su15cpt.srf
User/2ch/GACRp/Su-15/Su-15_RUSSIA.dat User/2ch/GACRp/Su-15/Su-15_RUSSIA.dnm User/2ch/GACRp/Su-15/su15cl.srf User/2ch/GACRp/Su-15/su15cpt.srf
User/2ch/GACRp/Su-15/Su-15TM_RUSSIA.dat User/2ch/GACRp/Su-15/Su-15TM_RUSSIA.dnm User/2ch/GACRp/Su-15/su15tmcl.srf User/2ch/GACRp/Su-15/su15cpt.srf User/2ch/GACRp/Su-15/Su-15TM_RUSSIA_coarse.dnm
User/2ch/GACRp/Su-15/Su-15UM_RUSSIA.dat User/2ch/GACRp/Su-15/Su-15UM_RUSSIA.dnm User/2ch/GACRp/Su-15/su15umcl.srf User/2ch/GACRp/Su-15/su15umcpt.srf
User/2ch/GACRp/Su-15/T-58PS_RUSSIA.dat User/2ch/GACRp/Su-15/T-58PS_RUSSIA.dnm User/2ch/GACRp/Su-15/t58pscl.srf User/2ch/GACRp/Su-15/su15cpt.srf User/2ch/GACRp/Su-15/T-58PS_RUSSIA_coarse.dnm
User/2ch/GACRp/MiG-17/SN_RUSSIA.dat User/2ch/GACRp/MiG-17/SN_RUSSIA.dnm User/2ch/GACRp/MiG-17/sncl.srf User/2ch/GACRp/MiG-17/sncpt.srf
User/2ch/GACRp/MiG-23PD/MiG-23PD_RUSSIA.dat User/2ch/GACRp/MiG-23PD/MiG-23PD_RUSSIA.dnm User/2ch/GACRp/MiG-23PD/mig23pdcl.srf User/2ch/GACRp/MiG-23PD/mig23pdcpt.srf
User/2ch/GACRp/Ye-155/Ye-155R-1.dat User/2ch/GACRp/Ye-155/Ye-155R-1.dnm User/2ch/GACRp/Ye-155/Ye-155_cl.srf User/2ch/GACRp/Ye-155/Ye-155cpt.srf
User/2ch/GACRp/Ye-155/Ye-155R-1c.dat User/2ch/GACRp/Ye-155/Ye-155R-1c.dnm User/2ch/GACRp/Ye-155/Ye-155c_cl.srf User/2ch/GACRp/Ye-155/Ye-155cpt.srf
User/2ch/GACRp/Yak-28/Yak-28L_RUSSIA.dat User/2ch/GACRp/Yak-28/Yak-28L_RUSSIA.dnm User/2ch/GACRp/Yak-28/yak28lcl.srf User/2ch/GACRp/Yak-28/yak28lcpt.srf
User/2ch/GACRp/Tu-16/Tu-16P_RUSSIA.dat User/2ch/GACRp/Tu-16/Tu-16P_RUSSIA.dnm User/2ch/GACRp/Tu-16/tu16cl.srf User/2ch/GACRp/Tu-16/tu16cpt.srf
User/2ch/GACRp/Tu-104/Tu-104Sh_RUSSIA.dat User/2ch/GACRp/Tu-104/Tu-104Sh_RUSSIA.dnm User/2ch/GACRp/Tu-104/tu104shcl.srf User/2ch/GACRp/Tu-104/tu104acpt.srf User/2ch/GACRp/Tu-104/Tu-104Sh_RUSSIA_co.dnm
User/2ch/GACRp/Tu-114&126/Tu-126_RUSSIA.dat User/2ch/GACRp/Tu-114&126/Tu-126_RUSSIA.dnm User/2ch/GACRp/Tu-114&126/tu126cl.srf User/2ch/GACRp/Tu-114&126/tu114cpt.srf
User/2ch/GACRp/Tu-154M/Tu-154M_FACT.dat User/2ch/GACRp/Tu-154M/Tu-154M_FACT.dnm User/2ch/GACRp/Tu-154M/154cl.srf User/2ch/GACRp/Tu-154M/154factcpt.srf User/2ch/GACRp/Tu-154M/Tu-154M_FACT_co.dnm

User/2ch/GACRp/Li-2/Li-2.dat User/2ch/GACRp/Li-2/Li-2.dnm User/2ch/GACRp/Li-2/Li-2cl.srf User/2ch/GACRp/Li-2/Li-2cpt.srf

user/2ch/GACRp/TSR2/TSR2_ETPS_BRITAIN.dat user/2ch/GACRp/TSR2/TSR2_ETPS_BRITAIN.dnm user/2ch/GACRp/TSR2/tsr2cl.srf user/2ch/GACRp/TSR2/tsr2cpt.srf

User/2ch/GACRp/F-14B_Super_Tomcat/F-14B_Super_Tomcat.dat User/2ch/GACRp/F-14B_Super_Tomcat/F-14B_Super_Tomcat.dnm User/2ch/GACRp/F-14B_Super_Tomcat/f14cl.srf User/2ch/GACRp/F-14B_Super_Tomcat/f14cpt.srf
User/2ch/GACRp/F-111B/F-111B_USA.dat User/2ch/GACRp/F-111B/F-111B_USA.dnm User/2ch/GACRp/F-111B/f111bcl.srf User/2ch/GACRp/F-111B/f111bcpt.srf
User/2ch/GACRp/AC-47/AC-47.dat User/2ch/GACRp/AC-47/AC-47.dnm User/2ch/GACRp/AC-47/AC-47cl.srf User/2ch/GACRp/AC-47/AC-47cpt.srf

User/2ch/GACRp/MiG-17/MiG-17PF_VIETNAM.dat User/2ch/GACRp/MiG-17/MiG-17PF_VIETNAM.dnm User/2ch/GACRp/MiG-17/mig17cl.srf User/2ch/GACRp/MiG-17/mig17pfcpt.srf
User/2ch/GACRp/MiG-17/MiG-17F_VIETNAM.dat User/2ch/GACRp/MiG-17/MiG-17F_VIETNAM.dnm User/2ch/GACRp/MiG-17/mig17cl.srf User/2ch/GACRp/MiG-17/mig17fcpt.srf

User/2ch/GACRp/MiG-17/MiG-17F_Red_Bull.dat User/2ch/GACRp/MiG-17/MiG-17F_Red_Bull.dnm User/2ch/GACRp/MiG-17/mig17cl.srf User/2ch/GACRp/MiG-17/mig17fcpt.srf
User/2ch/GACRp/Be-103/Be-103_CIV.dat User/2ch/GACRp/Be-103/Be-103_CIV.dnm User/2ch/GACRp/Be-103/be103cl.srf User/2ch/GACRp/Be-103/be103cpt.srf
User/2ch/GACRp/Tu-104/Tu-104B_aeroflot.dat User/2ch/GACRp/Tu-104/Tu-104B_aeroflot.dnm User/2ch/GACRp/Tu-104/tu104bcl.srf User/2ch/GACRp/Tu-104/tu104bcpt.srf User/2ch/GACRp/Tu-104/Tu-104B_aeroflot_co.dnm
User/2ch/GACRp/Tu-114&126/Tu-114_aeroflot.dat User/2ch/GACRp/Tu-114&126/Tu-114_aeroflot.dnm User/2ch/GACRp/Tu-114&126/tu114cl.srf User/2ch/GACRp/Tu-114&126/tu114cpt.srf User/2ch/GACRp/Tu-114&126/Tu-114_aeroflot_co.dnm
User/2ch/GACRp/Tu-114&126/Tu-114_interflug.dat User/2ch/GACRp/Tu-114&126/Tu-114_interflug.dnm User/2ch/GACRp/Tu-114&126/tu114cl.srf User/2ch/GACRp/Tu-114&126/tu114cpt.srf
User/2ch/GACRp/Tu-154M/Tu-154M_aviaprad.dat User/2ch/GACRp/Tu-154M/Tu-154M_aviaprad.dnm User/2ch/GACRp/Tu-154M/154cl.srf User/2ch/GACRp/Tu-154M/154cpt.srf User/2ch/GACRp/Tu-154M/Tu-154M_aviaprad_co.dnm
User/2ch/GACRp/Fairey_Rotodyne/Fairey_Rotodyne.dat User/2ch/GACRp/Fairey_Rotodyne/Fairey_Rotodyne.dnm User/2ch/GACRp/Fairey_Rotodyne/rotodyne_cl.srf User/2ch/GACRp/Fairey_Rotodyne/rotodyne_cpt.srf User/2ch/GACRp/Fairey_Rotodyne/Rotodyne_coarse.dnm

user/2ch/GACRp/Espada/J-35J_ESPADA.dat user/2ch/GACRp/Espada/J-35J_ESPADA.dnm user/2ch/GACRp/Espada/j35cl.srf user/2ch/GACRp/Espada/j35cpt.srf
user/2ch/GACRp/Espada/RAFALE-M_ESPADA.dat user/2ch/GACRp/Espada/RAFALE-M_ESPADA.dnm user/2ch/GACRp/Espada/rafalecl.srf user/2ch/GACRp/Espada/rafalescpt.srf


user/2ch/GACRp/B747-100SR/B747-181SR.dat user/2ch/GACRp/B747-100SR/B747-181SR_ANA.dnm user/2ch/GACRp/B747-100SR/b747cl.srf user/2ch/GACRp/B747-100SR/b747cpt.srf


user/2ch/GACRp/IL-76TD/CIV_IL-76TD_AEROFLOT.dat user/2ch/GACRp/IL-76TD/CIV_IL-76TD_AEROFLOT.dnm user/2ch/GACRp/IL-76TD_/a50cl.srf user/2ch/GACRp/IL-76TD_/a50cpt.srf


user/2ch/GACRp/L-100/L-100-30_CIV.dat user/2ch/GACRp/L-100/L-100-30_CIV.dnm user/2ch/GACRp/L-100/l100cl.srf user/2ch/GACRp/L-100/l100cpt.srf
user/2ch/GACRp/CEDRIC_TAXI/CEDRIC_TAXI_CIV.dat user/2ch/GACRp/CEDRIC_TAXI/CEDRIC_TAXI_CIV.dnm user/2ch/GACRp/CEDRIC_TAXI/technicalcl.srf user/2ch/GACRp/CEDRIC_TAXI/cpt.srf
user/2ch/GACRp/INSIGHT/INSIGHT_CIV.dat user/2ch/GACRp/INSIGHT/INSIGHT_CIV.dnm user/2ch/GACRp/INSIGHT/cl.srf user/2ch/GACRp/INSIGHT/cpt.srf
user/2ch/GACRp/SKODA/SKODA_CIV.dat user/2ch/GACRp/SKODA/SKODA_CIV.dnm user/2ch/GACRp/SKODA/cl.srf user/2ch/GACRp/SKODA/cpt.srf
user/2ch/GACRp/PRIMERA/PRIMERA_CIV.dat user/2ch/GACRp/PRIMERA/PRIMERA_CIV.dnm user/2ch/GACRp/PRIMERA/cl.srf user/2ch/GACRp/PRIMERA/cpt.srf


user/2ch/GACRp/F-35cq/F-35C_USA.dat user/2ch/GACRp/F-35cq/F-35C_USA.dnm user/2ch/GACRp/F-35cq/f35cl.srf user/2ch/GACRp/F-35cq/f35acpt.srf
user/2ch/GACRp/EA-18G/EA-18G_USA.dat user/2ch/GACRp/EA-18G/EA-18G_USA.dnm user/2ch/GACRp/EA-18G/f18ecl.srf user/2ch/GACRp/EA-18G/f18fcpt.srf
user/2ch/GACRp/F-35cq/QF-35A.dat user/2ch/GACRp/F-35cq/QF-35A.dnm user/2ch/GACRp/F-35cq/f35cl.srf user/2ch/GACRp/F-35cq/qf35acpt.srf



user/2ch/GACRp/Mi-24MkIII/Mi-24MKIII_S-AFRICA.dat user/2ch/GACRp/Mi-24MkIII/Mi-24MKIII_S-AFRICA.dnm user/2ch/GACRp/Mi-24MkIII/mi24cl.srf user/2ch/GACRp/Mi-24MkIII/mi24cpt.srf

user/2ch/GACRp/HMMWV/HMMWV_IDF.dat user/2ch/GACRp/HMMWV/HMMWV_IDF.dnm user/2ch/GACRp/HMMWV/hmvcl.srf user/2ch/GACRp/HMMWV/HMMWV_idf_cock.srf

user/2ch/GACRp/HMMWV/HMMWV_DshK_IRAQ.dat user/2ch/GACRp/HMMWV/HMMWV_DshK_IRAQ.dnm user/2ch/GACRp/HMMWV/hmvcl.srf user/2ch/GACRp/HMMWV/HMMWV_cock.srf

user/2ch/GACRp/F1CCV/F-1CCV_JAPAN.dat user/2ch/GACRp/F1CCV/F-1CCV_JAPAN.dnm user/2ch/GACRp/F1CCV/f1cl.srf user/2ch/GACRp/F1CCV/f1cpt.srf
user/2ch/GACRp/F-2_super-kai/F-2_SUPER-KAI_JAPAN.dat user/2ch/GACRp/F-2_super-kai/F-2_SUPER-KAI_JAPAN.dnm user/2ch/GACRp/F-2_super-kai/f2cl.srf user/2ch/GACRp/F-2_super-kai/f2bcpt.srf
user/2ch/GACRp/F-4EJ/F-4EJ_JAPAN.dat user/2ch/GACRp/F-4EJ/F-4EJ_JAPAN.dnm user/2ch/GACRp/F-4EJ/f4cl.srf user/2ch/GACRp/F-4EJ/f4cpt.srf
user/2ch/GACRp/s_0224/RF-4E_JAPAN.dat user/2ch/GACRp/s_0224/RF-4E_JAPAN.dnm user/2ch/GACRp/s_0224/f4scl.srf user/2ch/GACRp/s_0224/rf4cpt.srf
user/2ch/GACRp/s_F8U-3/F8U-3_JAPAN.dat user/2ch/GACRp/s_F8U-3/F8U-3_JAPAN.dnm user/2ch/GACRp/s_F8U-3/f8cl.srf user/2ch/GACRp/s_F8U-3/f8u3cpt.srf
user/2ch/GACRp/F-15i/F-15i_099_JAPAN.dat user/2ch/GACRp/F-15i/F-15i_099_JAPAN.dnm user/2ch/GACRp/F-15i/f15cl.srf user/2ch/GACRp/F-15i/f15dscpt.srf user/2ch/GACRp/F-15i/F-15i_099_coarse.dnm
user/2ch/GACRp/F-15i/F-15i_800_JAPAN.dat user/2ch/GACRp/F-15i/F-15i_800_JAPAN.dnm user/2ch/GACRp/F-15i/f15cl.srf user/2ch/GACRp/F-15i/f15dscpt.srf user/2ch/GACRp/F-15i/F-15i_099_coarse.dnm
User/2ch/GACRp/s_Su-27/Su-27UBJ_JAPAN.dat User/2ch/GACRp/s_Su-27/Su-27UBJ_JAPAN.dnm User/2ch/GACRp/s_Su-27/su37cl.srf User/2ch/GACRp/s_Su-27/su30cpt.srf
User/2ch/GACRp/s_Su-27/Su-27SJ_JAPAN.dat User/2ch/GACRp/s_Su-27/Su-27SJ_JAPAN.dnm User/2ch/GACRp/s_Su-27/su37cl.srf User/2ch/GACRp/s_Su-27/su27cpt.srf
User/2ch/GACRp/s_Su-27/Su-27SJ2_JAPAN.dat User/2ch/GACRp/s_Su-27/Su-27SJ2_JAPAN.dnm User/2ch/GACRp/s_Su-27/su37cl.srf User/2ch/GACRp/s_Su-27/su27cpt.srf
User/2ch/GACRp/s_Su-27/Su-27UBJ2_JAPAN.dat User/2ch/GACRp/s_Su-27/Su-27UBJ2_JAPAN.dnm User/2ch/GACRp/s_Su-27/su37cl.srf User/2ch/GACRp/s_Su-27/su30cpt.srf
user/2ch/GACRp/SEAHARRIER-J/SEAHARRIER-J_FA2.dat user/2ch/GACRp/SEAHARRIER-J/SEAHARRIER-J_FA2.dnm user/2ch/GACRp/SEAHARRIER-J/seaharcl.srf user/2ch/GACRp/SEAHARRIER-J/seaharcpt.srf
user/2ch/GACRp/s_0504/T-1B_JAPAN.dat user/2ch/GACRp/s_0504/T-1B_JAPAN.dnm user/2ch/GACRp/s_0504/t1cl.srf user/2ch/GACRp/s_0504/t1cpt.srf
user/2ch/GACRp/s_0504/T-4_HFG_JAPAN.dat user/2ch/GACRp/s_0504/T-4_HFG_JAPAN.dnm user/2ch/GACRp/s_0504/t4cl.srf user/2ch/GACRp/s_0504/t4cpt.srf
user/2ch/GACRp/s_0504/T-4_TPC_JAPAN.dat user/2ch/GACRp/s_0504/T-4_TPC_JAPAN.dnm user/2ch/GACRp/s_0504/t4cl.srf user/2ch/GACRp/s_0504/t4cpt.srf
user/2ch/GACRp/T2CCV/T-2CCV_JAPAN.dat user/2ch/GACRp/T2CCV/T-2CCV_JAPAN.dnm user/2ch/GACRp/T2CCV/f1cl.srf user/2ch/GACRp/T2CCV/t2cpt.srf
user/2ch/GACRp/KC-767/KC-767_JAPAN.dat user/2ch/GACRp/KC-767/KC-767_JAPAN.dnm user/2ch/GACRp/KC-767/kc767cl.srf user/2ch/GACRp/KC-767/kc767cpt.srf

user/2ch/GACRp/BRDM-2/SP_BRDM-2_model97_POLAND.dat user/2ch/GACRp/BRDM-2/SP_BRDM-2_model97_POLAND.dnm user/2ch/GACRp/BRDM-2/brdm2cl.srf user/2ch/GACRp/BRDM-2/null.srf

user/2ch/GACRp/MiG-29UBT/MiG-29UBT_RUSSIA.dat user/2ch/GACRp/MiG-29UBT/MiG-29UBT_RUSSIA.dnm user/2ch/GACRp/MiG-29UBT/mig29cl.srf user/2ch/GACRp/MiG-29UBT/mig29ubcpt.srf
user/2ch/GACRp/s_0713/Su-47_RUSSIA.dat user/2ch/GACRp/s_0713/Su-47_RUSSIA.dnm user/2ch/GACRp/s_0713/su47cl.srf user/2ch/GACRp/s_0713/su47cpt.srf
user/2ch/GACRp/s_Yak-38/Yak-38M_RUSSIA.dat user/2ch/GACRp/s_Yak-38/Yak-38M_RUSSIA.dnm user/2ch/GACRp/s_Yak-38/yak38cl.srf user/2ch/GACRp/s_Yak-38/yak38cpt.srf
user/2ch/GACRp/s_Yak-38/Yak-38U_RUSSIA.dat user/2ch/GACRp/s_Yak-38/Yak-38U_RUSSIA.dnm user/2ch/GACRp/s_Yak-38/yak38ucl.srf user/2ch/GACRp/s_Yak-38/yak38ucpt.srf
user/2ch/GACRp/s_0210/P-42_RUSSIA.dat user/2ch/GACRp/s_0210/P-42_RUSSIA.dnm user/2ch/GACRp/s_0210/su27cl.srf user/2ch/GACRp/s_0210/su27cpt.srf
user/2ch/GACRp/s_0420/Tu-16RM_RUSSIA.dat user/2ch/GACRp/s_0420/Tu-16RM_RUSSIA.dnm user/2ch/GACRp/s_0420/h6cl.srf user/2ch/GACRp/s_0420/h6cpt.srf
user/2ch/GACRp/s_0420/Tu-16RP_RUSSIA.dat user/2ch/GACRp/s_0420/Tu-16RP_RUSSIA.dnm user/2ch/GACRp/s_0420/h6cl.srf user/2ch/GACRp/s_0420/h6cpt.srf
user/2ch/GACRp/IL-78/Il-78_RUSSIA.dat user/2ch/GACRp/IL-78/Il-78_RUSSIA.dnm user/2ch/GACRp/IL-78/a50cl.srf user/2ch/GACRp/IL-78/a50cpt.srf
user/2ch/GACRp/BRDM-2/SP_SA-9_RUSSIA.dat user/2ch/GACRp/BRDM-2/SP_SA-9_RUSSIA.dnm user/2ch/GACRp/BRDM-2/brdm2cl.srf user/2ch/GACRp/BRDM-2/null.srf
user/2ch/GACRp/BRDM-2/SP_BRDM-2_PTURS_RUSSIA.dat user/2ch/GACRp/BRDM-2/SP_BRDM-2_PTURS_RUSSIA.dnm user/2ch/GACRp/BRDM-2/brdm2cl.srf user/2ch/GACRp/BRDM-2/null.srf
user/2ch/GACRp/BRDM-2/SP_BRDM-2U_RUSSIA.dat user/2ch/GACRp/BRDM-2/SP_BRDM-2U_RUSSIA.dnm user/2ch/GACRp/BRDM-2/brdm2cl.srf user/2ch/GACRp/BRDM-2/null.srf
user/2ch/GACRp/BRDM-2/SP_BRDM-2_RKh_RUSSIA.dat user/2ch/GACRp/BRDM-2/SP_BRDM-2_RKh_RUSSIA.dnm user/2ch/GACRp/BRDM-2/brdm2cl.srf user/2ch/GACRp/BRDM-2/null.srf
user/2ch/GACRp/BRDM-2/SP_BRDM-3_RUSSIA.dat user/2ch/GACRp/BRDM-2/SP_BRDM-3_RUSSIA.dnm user/2ch/GACRp/BRDM-2/brdm2cl.srf user/2ch/GACRp/BRDM-2/null.srf

user/2ch/GACRp/s_0323/TSR2_BRITAIN.dat user/2ch/GACRp/s_0323/TSR2_BRITAIN.dnm user/2ch/GACRp/s_0323/tsr2cl.srf user/2ch/GACRp/s_0323/tsr2cpt.srf
user/2ch/GACRp/s_0302/JGRT2_BRITAIN.dat user/2ch/GACRp/s_0302/JGRT2_BRITAIN.dnm user/2ch/GACRp/s_0302/jaguartcl.srf user/2ch/GACRp/s_0302/jaguartcpt.srf
user/2ch/GACRp/s_0601/MBT_CHAL2_IRAQ_BRITAIN.DAT user/2ch/GACRp/s_0601/MBT_CHAL2_IRAQ_BRITAIN.dnm user/2ch/GACRp/s_0601/chal2cl.srf user/2ch/GACRp/s_0601/null.srf

user/2ch/GACRp/s_0210/F-4N_USA.dat user/2ch/GACRp/s_0210/F-4N_USA.dnm user/2ch/GACRp/s_0210/f4scl.srf user/2ch/GACRp/s_0210/f4cpt.srf
user/2ch/GACRp/s_0316/F-14D_9_USA.dat user/2ch/GACRp/s_0316/F-14D_9_USA.dnm user/2ch/GACRp/s_0316/f14cl.srf user/2ch/GACRp/s_0316/f14cpt.srf
user/2ch/GACRp/s_0316/F-14D_31_USA.dat user/2ch/GACRp/s_0316/F-14D_31_USA.dnm user/2ch/GACRp/s_0316/f14cl.srf user/2ch/GACRp/s_0316/f14cpt.srf
user/2ch/GACRp/s_0316/F-14A_111_USA.dat user/2ch/GACRp/s_0316/F-14A_111_USA.dnm user/2ch/GACRp/s_0316/f14cl.srf user/2ch/GACRp/s_0316/f14cpt.srf
user/2ch/GACRp/s_0217/F-15N_USA.dat user/2ch/GACRp/s_0217/F-15N_USA.dnm user/2ch/GACRp/s_0217/f15cl.srf user/2ch/GACRp/s_0217/f15escpt.srf
user/2ch/GACRp/s_0309/FA-18F_102_USA.dat user/2ch/GACRp/s_0309/FA-18F_102_USA.dnm user/2ch/GACRp/s_0309/f18ecl.srf user/2ch/GACRp/s_0309/f18fcpt.srf user/2ch/GACRp/s_0309/FA-18F_102_USA_co.dnm
user/2ch/GACRp/s_0302/A-4M_USA.dat user/2ch/GACRp/s_0302/A-4M_USA.dnm user/2ch/GACRp/s_0302/a4cl.srf user/2ch/GACRp/s_0302/a4mcpt.srf
user/2ch/GACRp/s_0217/OA-4M_USA.dat user/2ch/GACRp/s_0217/OA-4M_USA.dnm user/2ch/GACRp/s_0217/ta4cl.srf user/2ch/GACRp/s_0217/ta4cpt.srf
user/2ch/GACRp/s_0302/A-7E_USA.dat user/2ch/GACRp/s_0302/A-7E_USA.dnm user/2ch/GACRp/s_0302/a7cl.srf user/2ch/GACRp/s_0302/a7cpt.srf
user/2ch/GACRp/s_0210/F4H-1_USA.dat user/2ch/GACRp/s_0210/F4H-1_USA.dnm user/2ch/GACRp/s_0210/f4scl.srf user/2ch/GACRp/s_0210/f4cpt.srf
user/2ch/GACRp/s_F8U-3/F8U-3_USA.dat user/2ch/GACRp/s_F8U-3/F8U-3_USA.dnm user/2ch/GACRp/s_F8U-3/f8cl.srf user/2ch/GACRp/s_F8U-3/f8u3cpt.srf
user/2ch/GACRp/s_0316/YA-10B_USA.dat user/2ch/GACRp/s_0316/YA-10B_USA.dnm user/2ch/GACRp/s_0316/ya10cl.srf user/2ch/GACRp/s_0316/ya10cpt.srf
user/2ch/GACRp/YF-17A/YF-17A_USA.dat user/2ch/GACRp/YF-17A/YF-17A_USA.dnm user/2ch/GACRp/YF-17A/f18cl.srf user/2ch/GACRp/YF-17A/f18cpt.srf
user/2ch/GACRp/s_0323/F-104N_NASA.dat user/2ch/GACRp/s_0323/F-104N_NASA.dnm user/2ch/GACRp/s_0323/f104wtankcl.srf user/2ch/GACRp/s_0323/f104cpt.srf
user/2ch/GACRp/s_0323/XF-108_USA.dat user/2ch/GACRp/s_0323/XF-108_USA.dnm user/2ch/GACRp/s_0323/xf108cl.srf user/2ch/GACRp/s_0323/xf108cpt.srf
user/2ch/GACRp/s_0224/E-2C2k_USA.dat user/2ch/GACRp/s_0224/E-2C2k_USA.dnm user/2ch/GACRp/s_0224/e2cl.srf user/2ch/GACRp/s_0224/e2cpt.srf
user/2ch/GACRp/MC-130/MC-130H_USA.dat user/2ch/GACRp/MC-130/MC-130H_USA.dnm user/2ch/GACRp/MC-130/c130cl.srf user/2ch/GACRp/MC-130/c130cpt.srf
user/2ch/GACRp/MC-130/MC-130P_USA.dat user/2ch/GACRp/MC-130/MC-130P_USA.dnm user/2ch/GACRp/MC-130/c130cl.srf user/2ch/GACRp/MC-130/c130cpt.srf
user/2ch/GACRp/s_KC-130/KC-130J_USA.dat user/2ch/GACRp/s_KC-130/KC-130J_USA.dnm user/2ch/GACRp/s_KC-130/c130cl.srf user/2ch/GACRp/s_KC-130/c130cpt.srf
user/2ch/GACRp/AL-1A/AL-1A_USA.dat user/2ch/GACRp/AL-1A/AL-1A_USA.dnm user/2ch/GACRp/AL-1A/b747cl.srf user/2ch/GACRp/AL-1A/b747cpt.srf
user/2ch/GACRp/s_0224/Model249_USA.dat user/2ch/GACRp/s_0224/Model249_USA.dnm user/2ch/GACRp/s_0224/cobracl.srf user/2ch/GACRp/s_0224/cobracpt.srf
user/2ch/GACRp/s_0224/AH-1G_USA.dat user/2ch/GACRp/s_0224/AH-1G_USA.dnm user/2ch/GACRp/s_0224/cobraWcl.srf user/2ch/GACRp/s_0224/cobraWcpt.srf
user/2ch/GACRp/MH-60G/MH-60G_USA.dat user/2ch/GACRp/MH-60G/MH-60G_USA.dnm user/2ch/GACRp/MH-60G/uh60cl.srf user/2ch/GACRp/MH-60G/uh60cpt.srf
user/2ch/GACRp/HMMWV/SP_HMMWV_IRAQ_USA.DAT user/2ch/GACRp/HMMWV/SP_HMMWV_IRAQ_USA.dnm user/2ch/GACRp/HMMWV/hmvcl.srf user/2ch/GACRp/HMMWV/HMMWV_cock.srf
user/2ch/GACRp/HMMWV/HMMWV_LOSAT_USA.dat user/2ch/GACRp/HMMWV/HMMWV_LOSAT_USA.dnm user/2ch/GACRp/HMMWV/hmvcl.srf user/2ch/GACRp/HMMWV/HMMWV_cock.srf
user/2ch/GACRp/HMMWV/HMMWV_MBCOTM_USA.dat user/2ch/GACRp/HMMWV/HMMWV_MBCOTM_USA.dnm user/2ch/GACRp/HMMWV/hmvcl.srf user/2ch/GACRp/HMMWV/HMMWV_cock.srf
user/2ch/GACRp/HMMWV/HMMWV_MBCOTM_long_USA.dat user/2ch/GACRp/HMMWV/HMMWV_MBCOTM_long_USA.dnm user/2ch/GACRp/HMMWV/hmvcl.srf user/2ch/GACRp/HMMWV/HMMWV_long_cock.srf
user/2ch/GACRp/HMMWV/HMMWV_BRDM_USA.dat user/2ch/GACRp/HMMWV/HMMWV_BRDM_USA.dnm user/2ch/GACRp/HMMWV/hmvcl.srf user/2ch/GACRp/HMMWV/HMMWV_cock.srf
user/2ch/GACRp/s_0601/APC_M2A2_wERA_USA.dat user/2ch/GACRp/s_0601/APC_M2A2_wERA_USA.dnm user/2ch/GACRp/s_0601/m2a2cl.srf user/2ch/GACRp/s_0601/null.srf
user/2ch/GACRp/s_0601/SP_M270_MLRS_USA.dat user/2ch/GACRp/s_0601/SP_M270_MLRS_USA.dnm user/2ch/GACRp/s_0601/m2a2cl.srf user/2ch/GACRp/s_0601/null.srf

user/2ch/GACRp/s_SAC/AV-8B_SAC.dat user/2ch/GACRp/s_SAC/AV-8B_SAC.dnm user/2ch/GACRp/s_SAC/harcl.srf user/2ch/GACRp/s_SAC/harcpt.srf
user/2ch/GACRp/s_SAC/A340-600_SAC.dat user/2ch/GACRp/s_SAC/A340-600_SAC.dnm user/2ch/GACRp/s_SAC/a340600cl.srf user/2ch/GACRp/s_SAC/a340600cpt.srf

user/2ch/GACRp/s_0413/F-14D_m_g_UN.dat user/2ch/GACRp/s_0413/F-14D_m_g_UN.dnm user/2ch/GACRp/s_0413/f14cl.srf user/2ch/GACRp/s_0413/f14cpt.srf
User/2ch/GACRp/s_Valkyrie/VF-1J_UN.dat User/2ch/GACRp/s_Valkyrie/VF-1J_UN.dnm User/2ch/GACRp/s_Valkyrie/vf1cl.srf User/2ch/GACRp/s_Valkyrie/vf1cpt.srf
User/2ch/GACRp/s_Valkyrie/VT-1_UN.dat User/2ch/GACRp/s_Valkyrie/VT-1_UN.dnm User/2ch/GACRp/s_Valkyrie/vt1cl.srf User/2ch/GACRp/s_Valkyrie/vt1cpt.srf
User/2ch/GACRp/s_Valkyrie/VT-1s_UN.dat User/2ch/GACRp/s_Valkyrie/VT-1s_UN.dnm User/2ch/GACRp/s_Valkyrie/vt1scl.srf User/2ch/GACRp/s_Valkyrie/vt1cpt.srf
User/2ch/GACRp/s_Valkyrie/VE-1_UN.dat User/2ch/GACRp/s_Valkyrie/VE-1_UN.dnm User/2ch/GACRp/s_Valkyrie/ve1cl.srf User/2ch/GACRp/s_Valkyrie/vt1cpt.srf
user/2ch/GACRp/s_0323/TSR2MS_UN.dat user/2ch/GACRp/s_0323/TSR2MS_UN.dnm user/2ch/GACRp/s_0323/tsr2cl.srf user/2ch/GACRp/s_0323/tsr2mscpt.srf
user/2ch/GACRp/s_0323/TSR2MS_014_UN.dat user/2ch/GACRp/s_0323/TSR2MS_014_UN.dnm user/2ch/GACRp/s_0323/tsr2cl.srf user/2ch/GACRp/s_0323/tsr2mscpt.srf
user/2ch/GACRp/s_0323/MiG-31MS_UN.dat user/2ch/GACRp/s_0323/MiG-31MS_UN.dnm user/2ch/GACRp/s_0323/m31cl.srf user/2ch/GACRp/s_0323/m31mscpt.srf

user/2ch/GACRp/ITAV-8B/ITAV-8B_KONAMI.dat user/2ch/GACRp/ITAV-8B/ITAV-8B_KONAMI.dnm user/2ch/GACRp/ITAV-8B/tharcl.srf user/2ch/GACRp/ITAV-8B/tharcpt.srf user/2ch/GACRp/ITAV-8B/ITAV-8B_KONAMI_co.dnm
user/2ch/GACRp/Arnval/MiG-35_Arnval-W.dat user/2ch/GACRp/Arnval/MiG-35_Arnval-W.dnm user/2ch/GACRp/Arnval/mig29kcl.srf user/2ch/GACRp/Arnval/mig35cpt.srf user/2ch/GACRp/Arnval/MiG-35_Arnval-W_co.dnm
user/2ch/GACRp/Arnval/MiG-35_Arnval-B.dat user/2ch/GACRp/Arnval/MiG-35_Arnval-B.dnm user/2ch/GACRp/Arnval/mig29kcl.srf user/2ch/GACRp/Arnval/mig35cpt.srf user/2ch/GACRp/Arnval/MiG-35_Arnval-B_co.dnm 
user/2ch/GACRp/Eukrante/F-15D_KONAMI.dat user/2ch/GACRp/Eukrante/F-15D_KONAMI.dnm user/2ch/GACRp/Eukrante/f15cl.srf user/2ch/GACRp/Eukrante/f15dscpt.srf user/2ch/GACRp/Eukrante/F-15D_KONAMI_co.dnm
user/2ch/GACRp/s_0224/Su-32FL_KONAMI.dat user/2ch/GACRp/s_0224/Su-32FL_KONAMI.dnm user/2ch/GACRp/s_0224/su32cl.srf user/2ch/GACRp/s_0224/su32cpt.srf user/2ch/GACRp/s_0224/Su-32FL_KONAMI_co.dnm
user/2ch/GACRp/s_0615/RAFALE-M_Eika.dat user/2ch/GACRp/s_0615/RAFALE-M_Eika.dnm user/2ch/GACRp/s_0615/rafalecl.srf user/2ch/GACRp/s_0615/rafalescpt.srf user/2ch/GACRp/s_0615/RAFALE-M_Eika_co.dnm

user/2ch/GACRp/skygirls/G2K0_JAPAN.dat user/2ch/GACRp/skygirls/G2K0_JAPAN.dnm user/2ch/GACRp/skygirls/g2k0cl.srf user/2ch/GACRp/skygirls/g2cpt.srf
user/2ch/GACRp/skygirls/G2K1_JAPAN.dat user/2ch/GACRp/skygirls/G2K1_JAPAN.dnm user/2ch/GACRp/skygirls/g2k1cl.srf user/2ch/GACRp/skygirls/g2cpt.srf
user/2ch/GACRp/skygirls/G2N3_JAPAN.dat user/2ch/GACRp/skygirls/G2N3_JAPAN.dnm user/2ch/GACRp/skygirls/g2n3cl.srf user/2ch/GACRp/skygirls/g2cpt.srf


user/2ch/GACRp/s_not-pants/F-4F_Minna.dat user/2ch/GACRp/s_not-pants/F-4F_Minna.dnm user/2ch/GACRp/s_not-pants/f4scl.srf user/2ch/GACRp/s_not-pants/f4cpt.srf
user/2ch/GACRp/s_not-pants/F-4F_Hartmann.dat user/2ch/GACRp/s_not-pants/F-4F_Hartmann.dnm user/2ch/GACRp/s_not-pants/f4scl.srf user/2ch/GACRp/s_not-pants/f4cpt.srf
user/2ch/GACRp/s_not-pants/EF-2000_Barkhorn.dat user/2ch/GACRp/s_not-pants/EF-2000_Barkhorn.dnm user/2ch/GACRp/s_not-pants/typcl.srf user/2ch/GACRp/s_not-pants/typcpt.srf
user/2ch/GACRp/s_not-pants/F-4F_Eila.dat user/2ch/GACRp/s_not-pants/F-4F_Eila.dnm user/2ch/GACRp/s_not-pants/f4scl.srf user/2ch/GACRp/s_not-pants/f4cpt.srf
user/2ch/GACRp/s_not-pants/MiG-29A_Sanya.dat user/2ch/GACRp/s_not-pants/MiG-29A_Sanya.dnm user/2ch/GACRp/s_not-pants/mig29cl.srf user/2ch/GACRp/s_not-pants/mig29cpt.srf

user/2ch/GACRp/mobius/F-22A_ISAF.dat user/2ch/GACRp/mobius/F-22A_ISAF.dnm user/2ch/GACRp/mobius/f22cl.srf user/2ch/GACRp/mobius/f22cpt.srf
user/2ch/GACRp/AC/F-14A_016.dat user/2ch/GACRp/AC/F-14A_016.dnm user/2ch/GACRp/AC/f14cl.srf user/2ch/GACRp/AC/f14cpt.srf
user/2ch/GACRp/AC/F-14A_007.dat user/2ch/GACRp/AC/F-14A_007.dnm user/2ch/GACRp/AC/f14cl.srf user/2ch/GACRp/AC/f14cpt.srf
user/2ch/GACRp/AC/F-14A.dat user/2ch/GACRp/AC/F-14A.dnm user/2ch/GACRp/AC/f14cl.srf user/2ch/GACRp/AC/f14cpt.srf
user/2ch/GACRp/s_0713/S-32_BELKA.dat user/2ch/GACRp/s_0713/S-32_BELKA.dnm user/2ch/GACRp/s_0713/s32cl.srf user/2ch/GACRp/s_0713/s32cpt.srf
user/2ch/GACRp/AC/F-15C_USTIO_1.dat user/2ch/GACRp/AC/F-15C_USTIO_1.dnm user/2ch/GACRp/AC/f15cl.srf user/2ch/GACRp/AC/f15cpt.srf
user/2ch/GACRp/AC/F-15C_USTIO.dat user/2ch/GACRp/AC/F-15C_USTIO.dnm user/2ch/GACRp/AC/f15cl.srf user/2ch/GACRp/AC/f15cpt.srf
user/2ch/GACRp/s_0706/ADFX-01_USTIO.dat user/2ch/GACRp/s_0706/ADFX-01_USTIO.dnm user/2ch/GACRp/s_0706/adfxcl.srf user/2ch/GACRp/s_0706/adfxcpt.srf
user/2ch/GACRp/AC/E-767_USTIO.dat user/2ch/GACRp/AC/E-767_USTIO.dnm user/2ch/GACRp/AC/e767cl.srf user/2ch/GACRp/AC/e767cpt.srf
user/2ch/GACRp/s_0706/EF-2000_BELKA.dat user/2ch/GACRp/s_0706/EF-2000_BELKA.dnm user/2ch/GACRp/s_0706/typcl.srf user/2ch/GACRp/s_0706/typcpt.srf
user/2ch/GACRp/AC/JAS-39C_BELKA.dat user/2ch/GACRp/AC/JAS-39C_BELKA.dnm user/2ch/GACRp/AC/jas39cl.srf user/2ch/GACRp/AC/jas39cpt.srf
user/2ch/GACRp/s_0706/MiG-31BS_BELKA.dat user/2ch/GACRp/s_0706/MiG-31BS_BELKA.dnm user/2ch/GACRp/s_0706/m31cl.srf user/2ch/GACRp/s_0706/m31cpt.srf
user/2ch/GACRp/s_0706/ADFX-02_BELKA.dat user/2ch/GACRp/s_0706/ADFX-02_BELKA.dnm user/2ch/GACRp/s_0706/adfxcl.srf user/2ch/GACRp/s_0706/adfxcpt.srf
user/2ch/GACRp/s_0804/Fenrir_AURELIA.dat user/2ch/GACRp/s_0804/Fenrir_AURELIA.dnm user/2ch/GACRp/s_0804/fenrircl.srf user/2ch/GACRp/s_0804/fenrircpt.srf
user/2ch/GACRp/s_0804/Fenrir_LEASATH.dat user/2ch/GACRp/s_0804/Fenrir_LEASATH.dnm user/2ch/GACRp/s_0804/fenrircl.srf user/2ch/GACRp/s_0804/fenrircpt.srf
user/2ch/GACRp/strigon/Su-33_ESTOVAKIA.dat user/2ch/GACRp/strigon/Su-33_ESTOVAKIA.dnm user/2ch/GACRp/strigon/su37cl.srf user/2ch/GACRp/strigon/su27cpt.srf



user/2ch/gacRp/j-2RT/J-2_redtail.DAT user/2ch/gacRp/j-2RT/j-2redTail.dnm user/2ch/gacRp/j-2RT/mig15cl.srf user/2ch/gacRp/j-2RT//mig15cpt.srf
User/2ch/GACRp/Jaguar/JGRE_FRANCE.dat User/2ch/GACRp/Jaguar/JGRE_JAPAN.dnm User/2ch/GACRp/Jaguar/jaguartcl.srf User/2ch/GACRp/Jaguar/jaguartcpt.srf
user/2ch/GACRp/B-52K/B-52K_USA.dat user/2ch/GACRp/B-52K/B-52K_USA.dnm aircraft/b52coll.srf user/2ch/GACRp/B-52K/b52cpt.srf
user/2ch/GACRp/FCwar/OH-58B_BM.dat user/2ch/GACRp/fcwar/heli_bm.dnm user/2ch/GACRp/fcwar/oh58cl.srf user/2ch/GACRp/fcwar/oh58cpt.srf
user/2ch/GACRp/FCwar/Mi-24VM_GA.dat user/2ch/GACRp/fcwar/heli_ga.dnm user/2ch/GACRp/fcwar/mi24cl.srf user/2ch/GACRp/fcwar/mi24cpt.srf
user/2ch/GACRp/FCwar/F-15C_RS.dat user/2ch/GACRp/fcwar/fighter_rs.dnm user/2ch/GACRp/fcwar/f15cl.srf user/2ch/GACRp/fcwar/f15sscpt.srf
user/2ch/GACRp/FCwar/AH-64D_RS.dat user/2ch/GACRp/fcwar/heli_rs.dnm user/2ch/GACRp/gac/apachecl.srf user/2ch/GACRp/fcwar/apachecpt.srf
user/2ch/GACRp/FCwar/A-10A_GA.dat user/2ch/GACRp/fcwar/fighter_ga.dnm user/2ch/GACRp/fcwar/a10cl.srf user/2ch/GACRp/fcwar/a10cpt.srf
user/2ch/GACRp/FCwar/MRG2000-5M2_BM.dat user/2ch/GACRp/fcwar/fighter_bm.dnm user/2ch/GACRp/fcwar/mrgcl.srf user/2ch/GACRp/fcwar/mrgcpt.srf



user/2ch/GACRp/F-14J/F-14J_JAPAN.dat user/2ch/GACRp/F-14J/F-14J_JAPAN.dnm user/2ch/GACRp/F-14J/f14cl.srf user/2ch/GACRp/F-14J/f14cpt.srf
user/2ch/GACRp/MiG-29J/MiG-29J_JAPAN.dat user/2ch/GACRp/MiG-29J/MiG-29J_JAPAN.dnm user/2ch/GACRp/MiG-29J/mig29kcl.srf user/2ch/GACRp/MiG-29J/mig29cpt.srf
user/2ch/GACRp/Su-30MKJ/Su-30MKJ_JAPAN.dat user/2ch/GACRp/Su-30MKJ/Su-30MKJ_JAPAN.dnm user/2ch/GACRp/Su-30MKJ/su37cl.srf user/2ch/GACRp/Su-30MKJ/su30cpt.srf
user/2ch/GACRp/T-4_BI/T-4_BI_JAPAN.dat user/2ch/GACRp/T-4_BI/T-4_BI_JAPAN.dnm user/2ch/gac/t4cl.srf user/2ch/gac/t4cpt.srf
user/2ch/GACRp/F-2A_BI/F-2A_BI_JAPAN.dat user/2ch/GACRp/F-2A_BI/F-2A_BI_JAPAN.dnm user/2ch/GACRp/F-2A_BI/f2cl.srf user/2ch/GACRp/F-2A_BI/f2cpt.srf

user/2ch/GACRp/Su-35UB/Su-35UB_RUSSIA.dat user/2ch/GACRp/Su-35UB/Su-35UB_RUSSIA.dnm user/2ch/gac/su27cl.srf user/2ch/gac/su30cpt.srf

User/2ch/GACRp/a10w/A-10W_USA.dat  User/2ch/GACRp/a10w/A-10W_USA.dnm  User/2ch/GACRp/a10w/a10wcl.srf  User/2ch/GACRp/a10w/a10wcpt.srf
User/2ch/GACRp/a10w/A-10T_USA.dat  User/2ch/GACRp/a10w/A-10T_USA.dnm  User/2ch/GACRp/a10w/a10tcl.srf  User/2ch/GACRp/a10w/a10tcpt.srf
user/2ch/GACRp/XB-70/XB-70_USA.dat user/2ch/GACRp/XB-70/XB-70_USA.dnm user/2ch/GACRp/XB-70/xb70_coll.srf user/2ch/GACRp/XB-70/xb70_cock.srf

user/2ch/GACRp/u_FAF/F-4B_FAIRY.DAT user/2ch/GACRp/u_FAF/F-4B_FAIRY.DNM user/2ch/GACRp/u_FAF/f4scl.srf user/2ch/GACRp/u_FAF/f4cpt.srf user/2ch/GACRp/u_FAF/F-4B_coarse.dnm 

User/2ch/GACRp/Belkan_Aggressors/Su-35_BELKA.dat User/2ch/GACRp/Belkan_Aggressors/Su-35_BELKA.dnm User/2ch/GACRp/Belkan_Aggressors/su37cl.srf  User/2ch/GACRp/Belkan_Aggressors/su27cpt.srf  
User/2ch/GACRp/Belkan_Aggressors/F-15S_BELKA.dat User/2ch/GACRp/Belkan_Aggressors/F-15S_BELKA.dnm User/2ch/GACRp/Belkan_Aggressors/f15cl.srf  User/2ch/GACRp/Belkan_Aggressors/f15escpt.srf  
User/2ch/GACRp/Sorcerer/F-15S_OSEA.dat User/2ch/GACRp/Sorcerer/F-15S_OSEA.dnm User/2ch/GACRp/Sorcerer/f15cl.srf  User/2ch/GACRp/Sorcerer/f15escpt.srf  



user/2ch/GACRp/F-14_Area88/F-14A_Area88.dat user/2ch/GACRp/F-14_Area88/F-14A_Area88.dnm user/2ch/GACRp/F-14_Area88/f14cl.srf user/2ch/GACRp/F-14_Area88/f14cpt.srf

user/2ch/GACRp/J-10A+/J-10A+_CHINA.dat user/2ch/GACRp/J-10A+/J-10A+_CHINA.dnm user/2ch/GACRp/J-10A+/j10cl.srf user/2ch/GACRp/J-10A+/j10cpt.srf

user/2ch/GACRp/F-16C/F-16C_Japan.dat user/2ch/GACRp/F-16C/F-16C_Japan.dnm user/2ch/GACRp/F-16C/f16cl.srf user/2ch/GACRp/F-16C/f16cpt.srf
user/2ch/GACRp/RF-15J/RF-15J_JAPAN.dat user/2ch/GACRp/RF-15J/RF-15J01_JAPAN.dnm user/2ch/GACRp/RF-15J/f15cl.srf user/2ch/GACRp/RF-15J/f15cpt.srf 
user/2ch/GACRp/RF-15J02/RF-15J02_JAPAN.dat user/2ch/GACRp/RF-15J02/RF-15J02_JAPAN.dnm user/2ch/GACRp/RF-15J02/f15cl.srf user/2ch/GACRp/RF-15J02/f15cpt.srf
user/2ch/GACRp/F-86Blue/F-86F_BLUE.dat user/2ch/GACRp/F-86Blue/F-86F_BLUE.dnm user/2ch/GACRp/F-86Blue/f86cl.srf user/2ch/GACRp/F-86Blue/f86cpt.srf
user/2ch/GACRp/C-1/C-1_JASDF.dat user/2ch/GACRp/C-1/C-1_JASDF.dnm user/2ch/GACRp/C-1/C1cl.srf user/2ch/GACRp/C-1/C1cpt.srf
user/2ch/GACRp/JAFO/B747-400_JAPAN.dat user/2ch/GACRp/JAFO/B747-400_JAPAN.dnm user/2ch/GACRp/JAFO/B747cl.srf user/2ch/GACRp/JAFO/b747cpt.srf

user/2ch/GACRp/ye-8-82/ye-8-82_RUSSIA.dat user/2ch/GACRp/ye-8-82/ye-8-82_RUSSIA.dnm user/2ch/GACRp/ye-8-82/mig21cl.srf user/2ch/GACRp/ye-8-82/mig21cpt.srf
user/2ch/GACRp/MiG-29K9-41/MiG-29K9-41.dat user/2ch/GACRp/MiG-29K9-41/MiG-29K_9-41.dnm user/2ch/GACRp/MiG-29K9-41/mig29cl.srf user/2ch/GACRp/MiG-29K9-41/mig35cpt.srf
user/2ch/GACRp/MiG-29M/MiG-29M9-25.dat user/2ch/GACRp/MiG-29M/MiG-29M_RUSSIA.dnm user/2ch/GACRp/MiG-29M/mig29cl.srf  user/2ch/GACRp/MiG-29M/mig35cpt.srf
user/2ch/GACRp/MiG-29M/MiG-29M9-25b.dat user/2ch/GACRp/MiG-29M/MiG-29Mb_RUSSIA.dnm  user/2ch/GACRp/MiG-29M/mig29cl.srf user/2ch/GACRp/MiG-29M/mig35cpt.srf
user/2ch/GACRp/MiG-29M/MiG-29M9-25w.dat user/2ch/GACRp/MiG-29M/MiG-29Mw_RUSSIA.dnm user/2ch/GACRp/MiG-29M/mig29cl.srf user/2ch/GACRp/MiG-29M/mig35cpt.srf 
user/2ch/GACRp/Strizhi/MiG-29S_Swifts.dat user/2ch/GACRp/Strizhi/MiG-29S_RUSSIA.dnm user/2ch/GACRp/Strizhi/mig29cl.srf user/2ch/GACRp/Strizhi/mig29cpt.srf
user/2ch/GACRp/Strizhi/MiG-29UB_Swifts.dat user/2ch/GACRp/Strizhi/MiG-29UB_RUSSIA.dnm user/2ch/GACRp/Strizhi/mig29cl.srf user/2ch/GACRp/Strizhi/mig29ubcpt.srf
user/2ch/GACRp/Mig-29OVT/Mig-29OVT_RUSSIA.dat user/2ch/GACRp/Mig-29OVT/Mig-29OVT_RUSSIA.dnm user/2ch/GACRp/Mig-29OVT/Mig29cl.srf user/2ch/GACRp/Mig-29OVT/Mig29cpt.srf
user/2ch/GACRp/Mig-31E/Mig-31E_RUSSIA.dat user/2ch/GACRp/Mig-31E/Mig-31E_RUSSIA.dnm user/2ch/GACRp/Mig-31E/M31cl.srf user/2ch/GACRp/Mig-31E/M31cpt.srf
user/2ch/GACRp/RusskieVityazi/Su-27SM_RUSSIA.dat user/2ch/GACRp/RusskieVityazi/Su-27SM_RUSSIANKNIGHTS.dnm user/2ch/GACRp/RusskieVityazi/su27cl.srf user/2ch/GACRp/RusskieVityazi/su27cpt.srf
user/2ch/GACRp/su-27skm/Su-27SKM_RUSSIA.dat user/2ch/GACRp/su-27skm/Su-27SKM_RUSSIA.dnm user/2ch/GACRp/su-27skm/su27cl.srf user/2ch/GACRp/su-27skm/su27cpt.srf
user/2ch/GACRp/Su-27_ACE/Su-27LMK-ACE_RUSSIA.dat user/2ch/GACRp/Su-27_ACE/Su-27LMK-ACE_RUSSIA.dnm user/2ch/GACRp/Su-27_ACE/Su27cl.srf user/2ch/GACRp/Su-27_ACE/Su27cpt.srf
user/2ch/GACRp/Su-30LL/Su-30LL_TESTPILOTS.dat user/2ch/GACRp/Su-30LL/Su-30LL_RUSSIA.dnm user/2ch/GACRp/Su-30LL/su27cl.srf user/2ch/GACRp/Su-30LL/su30cpt.srf
user/2ch/GACRp/S-53/S-53_russia.dat user/2ch/GACRp/S-53/S-53_russia.dnm user/2ch/GACRp/S-53/s53cl.srf user/2ch/GACRp/S-53/s53cpt.srf
user/2ch/GACRp/Su-53S/Su-53_russia.dat user/2ch/GACRp/Su-53S/Su-53_russia.dnm user/2ch/GACRp/Su-53S/s53cl.srf user/2ch/GACRp/Su-53S/s53cpt.srf

User/2ch/GACRp/BlackKnights/F-16A-15OCU_BK.dat User/2ch/GACRp/BlackKnights/F-16A-15OCU_BK.dnm User/2ch/GACRp/BlackKnights/f16cl.srf User/2ch/GACRp/BlackKnights/f16cpt.srf

user/2ch/GACRp/F-14_VF-41/F-14D_VF-41.dat user/2ch/GACRp/F-14_VF-41/F-14D_VF-41.dnm user/2ch/GACRp/F-14_VF-41/f14cl.srf user/2ch/GACRp/F-14_VF-41/f14cpt.srf
user/2ch/GACRp/F-14_VF-101/F-14D_VF-101low.dat user/2ch/GACRp/F-14_VF-101/F-14D_VF-101low.dnm user/2ch/GACRp/F-14_VF-101/f14cl.srf user/2ch/GACRp/F-14_VF-101/f14cpt.srf
user/2ch/GACRp/F-14_VF-101/F-14D_VF-101high.dat user/2ch/GACRp/F-14_VF-101/F-14D_VF-101high.dnm user/2ch/GACRp/F-14_VF-101/f14cl.srf user/2ch/GACRp/F-14_VF-101/f14cpt.srf
user/2ch/GACRp/F-14_VF-154/F-14D_VF-154low.dat user/2ch/GACRp/F-14_VF-154/F-14D_VF-154low.dnm user/2ch/GACRp/F-14_VF-154/f14cl.srf user/2ch/GACRp/F-14_VF-154/f14cpt.srf
user/2ch/GACRp/F-14_VF-154/F-14D_VF-154.dat user/2ch/GACRp/F-14_VF-154/F-14D_VF-154.dnm user/2ch/GACRp/F-14_VF-154/f14cl.srf user/2ch/GACRp/F-14_VF-154/f14cpt.srf
user/2ch/GACRp/F-15kai_Eagle+/F-15kai_JAPAN.dat user/2ch/GACRp/F-15kai_Eagle+/F-15kai_JAPAN.dnm user/2ch/GACRp/F-15kai_Eagle+/f15cl.srf user/2ch/GACRp/F-15kai_Eagle+/f15cpt.srf
User/2ch/GACRp/ArcticBandits/BW/F-16C_AB01.dat User/2ch/GACRp/ArcticBandits/BW/F-16C_AB01.dnm User/2ch/GACRp/ArcticBandits/BW/f16cl.srf User/2ch/GACRp/ArcticBandits/BW/f16cpt.srf
User/2ch/GACRp/ArcticBandits/GO/F-16C_AB02.dat User/2ch/GACRp/ArcticBandits/GO/F-16C_AB02.dnm User/2ch/GACRp/ArcticBandits/GO/f16cl.srf User/2ch/GACRp/ArcticBandits/GO/f16cpt.srf
User/2ch/GACRp/ArcticBandits/BG/F-16C_AB03.dat User/2ch/GACRp/ArcticBandits/BG/F-16C_AB03.dnm User/2ch/GACRp/ArcticBandits/BG/f16cl.srf User/2ch/GACRp/ArcticBandits/BG/f16cpt.srf
user/2ch/GACRp/F-16Kai/F-16Kai.dat user/2ch/GACRp/F-16Kai/F-16Kai.dnm user/2ch/GACRp/F-16Kai/f16cl.srf user/2ch/GACRp/F-16Kai/f16cpt.srf
user/2ch/GACRp/F-16Kai/F-16Kai_demo.dat user/2ch/GACRp/F-16Kai/F-16Kai_demo.dnm user/2ch/GACRp/F-16Kai/f16cl.srf user/2ch/GACRp/F-16Kai/f16cpt.srf
user/2ch/GACRp/F-16Kai/F-16Kai_conf.dat user/2ch/GACRp/F-16Kai/F-16Kai_conf.dnm user/2ch/GACRp/F-16Kai/f16cl.srf user/2ch/GACRp/F-16Kai/f16cpt.srf
user/2ch/GACRp/F-16XL/F-16XL_USA.dat user/2ch/GACRp/F-16XL/F-16XL_USA.dnm user/2ch/GACRp/F-16XL/f16xlcl.srf user/2ch/GACRp/F-16XL/f16xlcpt.srf
user/2ch/GACRp/F-16XLShip#1/F-16XL_NASA.dat user/2ch/GACRp/F-16XLShip#1/F-16XL_NASA.dnm user/2ch/GACRp/F-16XLShip#1/f16xlcl.srf user/2ch/GACRp/F-16XLShip#1/f16xl#1cpt.srf
user/2ch/GACRp/FA-18F_VFA-103/FA-18F_VFA-103.dat user/2ch/GACRp/FA-18F_VFA-103/FA-18F_VFA-103.dnm user/2ch/GACRp/FA-18F_VFA-103/f18ecl.srf user/2ch/GACRp/FA-18F_VFA-103/f18fcpt.srf
user/2ch/GACRp/FA-18F_VFA-103/FA-18F_VFA-103low.dat user/2ch/GACRp/FA-18F_VFA-103/FA-18F_VFA-103low.dnm user/2ch/GACRp/FA-18F_VFA-103/f18ecl.srf user/2ch/GACRp/FA-18F_VFA-103/f18fcpt.srf
user/2ch/GACRp/F-22_001/F-22A_001.dat user/2ch/GACRp/F-22_001/F-22A_001.dnm user/2ch/GACRp/F-22_001/f22cl.srf user/2ch/GACRp/F-22_001/f22cpt.srf
User/2ch/GACRp/YF-16A/YF-16A_USA.dat User/2ch/GACRp/YF-16A/YF-16A_USA.dnm User/2ch/GACRp/YF-16A/f16cl.srf User/2ch/GACRp/YF-16A/f16cpt.srf
user/2ch/GACRp/YF-23A001/YF-23A001_USA.dat user/2ch/GACRp/YF-23A001/YF-23A001_USA.dnm user/2ch/GACRp/YF-23A001/f23cl.srf user/2ch/GACRp/YF-23A001/f23cpt.srf
user/2ch/GACRp/YF-23A002/YF-23A002_USA.dat user/2ch/GACRp/YF-23A002/YF-23A002_USA.dnm user/2ch/GACRp/YF-23A002/f23cl.srf user/2ch/GACRp/YF-23A002/f23cpt.srf
user/2ch/GACRp/J-10C/J-10C_USA.dat user/2ch/GACRp/J-10C/J-10C_USA.dnm user/2ch/GACRp/J-10C/j10cl.srf user/2ch/GACRp/J-10C/j10cpt.srf
user/2ch/GACRp/EA-6B_VMAQ-2/EA-6B_VMAQ-2.dat user/2ch/GACRp/EA-6B_VMAQ-2/EA-6B_VMAQ-2.dnm user/2ch/GACRp/EA-6B_VMAQ-2/ea6bcl.srf user/2ch/GACRp/EA-6B_VMAQ-2/ea6bcpt.srf
user/2ch/GACRp/AFO/B747-2G4B_USA.dat user/2ch/GACRp/AFO/B747-2G4B_USA.dnm user/2ch/GACRp/AFO/b747cl.srf user/2ch/GACRp/AFO/b747cpt.srf
user/2ch/GACRp/E-4B/E-4B_USA.dat user/2ch/GACRp/E-4B/E-4B_USA.dnm user/2ch/GACRp/E-4B/b747cl.srf user/2ch/GACRp/E-4B/b747cpt.srf

user/2ch/GACRp/A340MRTT/A340-600_MRTT.dat user/2ch/GACRp/A340MRTT/A340-600_MRTT.dnm user/2ch/GACRp/A340MRTT/a340600cl.srf  user/2ch/GACRp/A340MRTT/a340600cpt.srf

user/2ch/GACRp/A320/starflyer/A320-214_STAR.dat user/2ch/GACRp/A320/starflyer/A320-214_STAR.dnm user/2ch/GACRp/A320/starflyer/a320cl.srf user/2ch/GACRp/A320/starflyer/a320cpt.srf
user/2ch/GACRp/skyroad/767-300ER/2netpaint/B767-300ER_CIV.dat user/2ch/GACRp/skyroad/767-300ER/2netpaint/Skyroad_feat_2NETPaint.dnm user/2ch/GACRp/skyroad/767-300ER/2netpaint/b767cl.srf user/2ch/GACRp/skyroad/767-300ER/2netpaint/b767cpt.srf
user/2ch/GACRp/skyroad/767-300ER/basicpaint/B767-300ER_CIV.dat user/2ch/GACRp/skyroad/767-300ER/basicpaint/Skyroad_basicpaint.dnm user/2ch/GACRp/skyroad/767-300ER/basicpaint/b767cl.srf user/2ch/GACRp/skyroad/767-300ER/basicpaint/b767cpt.srf
user/2ch/GACRp/concorde/concorde.dat user/2ch/GACRp/concorde/concorde.dnm user/2ch/GACRp/concorde/conc_cl.srf user/2ch/GACRp/concorde/conc_cpt.srf user/2ch/GACRp/concorde/concorde_co.dnm

User/2ch/GACRp/FA-2/505TFS/FA-2_FAF.dat User/2ch/GACRp/FA-2/505TFS/FA-2_FAF.dnm User/2ch/GACRp/FA-2/505TFS/fa2_cl.srf User/2ch/GACRp/FA-2/505TFS/fa2_cpt.srf
User/2ch/GACRp/FA-2/601TFS/FA-2_FAF.dat User/2ch/GACRp/FA-2/601TFS/FA-2_FAF.dnm User/2ch/GACRp/FA-2/601TFS/fa2_cl.srf User/2ch/GACRp/FA-2/601TFS/fa2_cpt.srf
User/2ch/GACRp/FFR-31MRD/FFR-31MRD_FAF.dat user/2ch/GACRp/FFR-31MRD/FFR-31MRD_FAF.dnm user/2ch/GACRp/FFR-31MRD/ffr31cl.srf user/2ch/GACRp/FFR-31MRD/ffr31cpt.srf user/2ch/GACRp/FFR-31MRD/FFR-31MRD_FAF_co.dnm
User/2ch/GACRp/FFR-31/FFR-31_FAF.dat User/2ch/GACRp/FFR-31/FFR-31_FAF.dnm User/2ch/GACRp/FFR-31/ffr31cl.srf User/2ch/GACRp/FFR-31/ffr31cpt.srf 
User/2ch/GACRp/FRX-00/FRX-00_FAF.dat User/2ch/GACRp/FRX-00/FRX-00_FAF.dnm User/2ch/GACRp/FRX-00/frx00cl.srf User/2ch/GACRp/FRX-00/frx00cpt.srf User/2ch/GACRp/FRX-00/FRX-00_FAF_co.dnm

user/2ch/GACRp/valkyrie/S-53_v.dat user/2ch/GACRp/valkyrie/S-53_v.dnm user/2ch/GACRp/valkyrie/s53cl.srf user/2ch/GACRp/valkyrie/s53cpt.srf user/2ch/GACRp/valkyrie/S-53_coarse.dnm

user/2ch/GACRp/R-101/R-101_NEU.dat user/2ch/GACRp/R-101/R-101_NEU.dnm  user/2ch/GACRp/R-101/r101cl.srf user/2ch/GACRp/R-101/r101cpt.srf
user/2ch/GACRp/R-101u/R-101u_UPEO.dat user/2ch/GACRp/R-101u/R-101u_UPEO.dnm user/2ch/GACRp/R-101u/r101cl.srf user/2ch/GACRp/R-101u/r101cpt.srf
user/2ch/GACRp/X-02wyvern/X-02_EASA.dat user/2ch/GACRp/X-02wyvern/X-02_EASA.dnm user/2ch/GACRp/X-02wyvern/X02cl.srf user/2ch/GACRp/X-02wyvern/x02cpt.srf
user/2ch/GACRp/X-02wyvern/X-02_mobius.dat user/2ch/GACRp/X-02wyvern/X-02_Mobius.dnm user/2ch/GACRp/X-02wyvern/x02cl.srf user/2ch/GACRp/X-02wyvern/x02cpt.srf
user/2ch/GACRp/Su-37Yellow/Su-37_ERUSIA.dat user/2ch/GACRp/Su-37Yellow/Su-37_ERUSIA.dnm user/2ch/GACRp/Su-37Yellow/su37cl.srf user/2ch/GACRp/Su-37Yellow/Su27cpt.srf
user/2ch/GACRp/F-14_schnee/F-14D_Schnee.dat user/2ch/GACRp/F-14_schnee/F-14D_Schnee.dnm user/2ch/GACRp/F-14_schnee/f14cl.srf user/2ch/GACRp/F-14_schnee/f14cpt.srf
user/2ch/GACRp/FA-18C_Grun/FA-18C_Grun.dat user/2ch/GACRp/FA-18C_Grun/FA-18C_Grun.dnm user/2ch/GACRp/FA-18C_Grun/f18cl.srf user/2ch/GACRp/FA-18C_Grun/f18cpt.srf  
user/2ch/GACRp/F-16XL_WIZARD/F-16XL_OSEA.dat user/2ch/GACRp/F-16XL_WIZARD/F-16XL_OSEA.dnm user/2ch/GACRp/F-16XL_WIZARD/f16xlcl.srf user/2ch/GACRp/F-16XL_WIZARD/f16xlcpt.srf
user/2ch/GACRp/YF-23A_WIZARD/YF-23A_OADF.dat user/2ch/GACRp/YF-23A_WIZARD/YF-23A_OADF.dnm user/2ch/GACRp/YF-23A_WIZARD/f23cl.srf user/2ch/GACRp/YF-23A_WIZARD/f23cpt.srf 
user/2ch/GACRp/Su-47_BELKA/Su-47_BELKA.dat user/2ch/GACRp/Su-47_BELKA/Su-47_BELKA.dnm user/2ch/GACRp/Su-47_BELKA/su47cl.srf user/2ch/GACRp/Su-47_BELKA/su47cpt.srf



User/2ch/GACRp/F-2CCV/F-2A-CCV_JAPAN.dat user/2ch/GACRp/F-2CCV/F-2A-CCV.dnm user/2ch/GACRp/F-2CCV/f2cl.srf user/2ch/GACRp/F-2CCV/f2cpt.srf
User/2ch/GACRp/F-2CCV/F-2A+.dat user/2ch/GACRp/F-2CCV/F-2A+.dnm user/2ch/GACRp/F-2CCV/f2cl.srf user/2ch/GACRp/F-2CCV/f2cpt.srf
user/HIKOUKYOUDOUTAI/F-15DJ_JAPAN.SOTOAO.dat user/HIKOUKYOUDOUTAI/F-15DJ_JAPAN_SOTOAO.dnm user/HIKOUKYOUDOUTAI/f15cl.srf user/HIKOUKYOUDOUTAI/f15dscpt.srf
user/HIKOUKYOUDOUTAI/F-15DJ_JAPAN.SOTOMIDORI.dat user/HIKOUKYOUDOUTAI/F-15DJ_JAPAN_SOTOMIDORI.dnm user/HIKOUKYOUDOUTAI/f15cl.srf user/HIKOUKYOUDOUTAI/f15dscpt.srf
user/HIKOUKYOUDOUTAI/F-15DJ_JAPAN.KURO.dat user/HIKOUKYOUDOUTAI/F-15DJ_JAPAN_KURO.dnm user/HIKOUKYOUDOUTAI/f15cl.srf user/HIKOUKYOUDOUTAI/f15dscpt.srf
user/HIKOUKYOUDOUTAI/F-15DJ_JAPAN.MIDORI.dat user/HIKOUKYOUDOUTAI/F-15DJ_JAPAN_MIDORI.dnm user/HIKOUKYOUDOUTAI/f15cl.srf user/HIKOUKYOUDOUTAI/f15dscpt.srf
user/HIKOUKYOUDOUTAI/F-15DJ_JAPAN.TYAIRO.dat user/HIKOUKYOUDOUTAI/F-15DJ_JAPAN_TYAIRO.dnm user/HIKOUKYOUDOUTAI/f15cl.srf user/HIKOUKYOUDOUTAI/f15dscpt.srf
user/HIKOUKYOUDOUTAI/F-15DJ_JAPAN.MADARA.dat user/HIKOUKYOUDOUTAI/F-15DJ_JAPAN_MADARA.dnm user/HIKOUKYOUDOUTAI/f15cl.srf user/HIKOUKYOUDOUTAI/f15dscpt.srf
user/HIKOUKYOUDOUTAI/F-15DJ_JAPAN.NAKAAO.dat user/HIKOUKYOUDOUTAI/F-15DJ_JAPAN_NAKAAO.dnm user/HIKOUKYOUDOUTAI/f15cl.srf user/HIKOUKYOUDOUTAI/f15dscpt.srf
user/2ch/GACRp/B767/B767-381ER_ANA.dat user/2ch/GACRp/B767/B767-381ER_ANA.dnm user/2ch/GACRp/B767/b767cl.srf user/2ch/GACRp/B767/b767cpt.srf
user/2ch/GACRp/B767/B767-346ER_JAL.dat user/2ch/GACRp/B767/B767-346ER_JAL.dnm user/2ch/GACRp/B767/b767cl.srf user/2ch/GACRp/B767/b767cpt.srf
user/2ch/GACRp/B767/B767-332ER_DA.dat user/2ch/GACRp/B767/B767-332ER_DA.dnm user/2ch/GACRp/B767/b767cl.srf user/2ch/GACRp/B767/b767cpt.srf
user/2ch/GACRp/B767/B767-306ER_KLM.dat user/2ch/GACRp/B767/B767-306ER_KLM.dnm user/2ch/GACRp/B767/b767cl.srf user/2ch/GACRp/B767/b767cpt.srf
user/2ch/GACRp/B767/B767-322ER_UAL.dat user/2ch/GACRp/B767/B767-322ER_UAL.dnm user/2ch/GACRp/B767/b767cl.srf user/2ch/GACRp/B767/b767cpt.srf
user/2ch/GACRp/B767/B767-381ER_ANA(w).dat user/2ch/GACRp/B767/B767-381ER_ANA(w).dnm user/2ch/GACRp/B767/b767cl.srf user/2ch/GACRp/B767/b767cpt.srf


user/2ch/GACRp/J-7FS/J-7FS_CHINA.dat user/2ch/GACRp/J-7FS/J-7FS_CHINA.dnm user/2ch/GACRp/J-7FS/j7cl.srf user/2ch/GACRp/J-7FS/j7cpt.srf

user/2ch/GACRp/MiG-21PFM/MiG-21PFM_EGYPT.dat user/2ch/GACRp/MiG-21PFM/MiG-21PFM_EGYPT.dnm user/2ch/GACRp/MiG-21PFM/mig21pfmcl.srf user/2ch/GACRp/MiG-21PFM/mig21mfcpt.srf

user/2ch/GACRp/JCG_SAAB/SAAB340B_JCG.dat user/2ch/GACRp/JCG_SAAB/SAAB340B_JCG.dnm user/2ch/GACRp/JCG_SAAB/saab340cl.srf user/2ch/GACRp/JCG_SAAB/saab340cpt.srf user/2ch/GACRp/JCG_SAAB/SAAB340B_coarse.dnm

user/2ch/GACRp/MiG-21J/MiG-21J_JAPAN.dat user/2ch/GACRp/MiG-21J/MiG-21J_JAPAN.dnm user/2ch/GACRp/MiG-21J/mig21mfcl.srf user/2ch/GACRp/MiG-21J/mig21mfcpt.srf
user/2ch/GACRp/F-5EJ/F-5EJ_JAPAN.dat user/2ch/GACRp/F-5EJ/F-5EJ_JAPAN.dnm user/2ch/GACRp/F-5EJ/f5cl.srf user/2ch/GACRp/F-5EJ/f5cpt.srf
user/2ch/GACRp/RAFALE-J/RAFALE-J_JAPAN.dat user/2ch/GACRp/RAFALE-J/RAFALE-J_JAPAN.dnm user/2ch/GACRp/RAFALE-J/rafalecl.srf user/2ch/GACRp/RAFALE-J/rafalecpt.srf
user/2ch/GACRp/F-22J/F-22J_JAPAN.dat user/2ch/GACRp/F-22J/F-22J_JAPAN.dnm user/2ch/GACRp/F-22J/f22cl.srf user/2ch/GACRp/F-22J/f22cpt.srf
user/2ch/GACRp/F-35J/F-35J_JAPAN.dat user/2ch/GACRp/F-35J/F-35J_JAPAN.dnm user/2ch/GACRp/F-35J/f35cl.srf user/2ch/GACRp/F-35J/f35acpt.srf
user/2ch/GACRp/MiG-31J/MiG-31J_JAPAN.dat user/2ch/GACRp/MiG-31J/MiG-31J_JAPAN.dnm user/2ch/GACRp/MiG-31J/m31cl.srf user/2ch/GACRp/MiG-31J/m31cpt.srf
user/2ch/GACRp/Su-47J/Su-47J_JAPAN.dat user/2ch/GACRp/Su-47J/Su-47J_JAPAN.dnm user/2ch/GACRp/Su-47J/su47cl.srf user/2ch/GACRp/Su-47J/su47cpt.srf
user/2ch/GACRp/F-1kai/F-1kai_JAPAN.dat user/2ch/GACRp/F-1kai/F-1kai_JAPAN.dnm user/2ch/GACRp/F-1kai/f1cl.srf user/2ch/GACRp/F-1kai/f1cpt.srf
user/2ch/GACRp/F-4EJM/F-4EJM_JAPAN.dat user/2ch/GACRp/F-4EJM/F-4EJM_JAPAN.dnm user/2ch/GACRp/F-4EJM/f4cl.srf user/2ch/GACRp/F-4EJM/f4cpt.srf
user/2ch/GACRp/A-10J/A-10J_JAPAN.dat user/2ch/GACRp/A-10J/A-10J_JAPAN.dnm user/2ch/GACRp/A-10J/a10cl.srf user/2ch/GACRp/A-10J/a10cpt.srf
user/2ch/GACRp/T-2_green/T-2_green_JAPAN.dat user/2ch/GACRp/T-2_green/T-2_green_JAPAN.dnm user/2ch/GACRp/T-2_green/f1cl.srf user/2ch/GACRp/T-2_green/t2cpt.srf
user/2ch/GACRp/T-2_AGR/T-2_AGR_JAPAN.dat user/2ch/GACRp/T-2_AGR/T-2_AGR_JAPAN.dnm user/2ch/GACRp/T-2_AGR/f1cl.srf user/2ch/GACRp/T-2_AGR/t2cpt.srf
user/2ch/GACRp/F-1V_RIN/F-1V_RIN.dat user/2ch/GACRp/F-1V_RIN/F-1V_RIN.dnm user/2ch/GACRp/F-1V_RIN/f1cl.srf user/2ch/GACRp/F-1V_RIN/f1cpt.srf
user/2ch/GACRp/XF-2B/XF-2B_JAPAN.dat user/2ch/GACRp/XF-2B/XF-2B_JAPAN.dnm user/2ch/GACRp/XF-2B/f2cl.srf user/2ch/GACRp/XF-2B/f2bcpt.srf
user/2ch/GACRp/shinshin/SHINSHIN_X-A1_JAPAN.dat user/2ch/GACRp/shinshin/SHINSHIN_X-A1_JAPAN.dnm user/2ch/GACRp/shinshin/shinshin_cl.srf user/2ch/GACRp/shinshin/shinshin_cpt.srf
user/2ch/GACRp/shinshin/SHINSHIN_X-A2_JAPAN.dat user/2ch/GACRp/shinshin/SHINSHIN_X-A2_JAPAN.dnm user/2ch/GACRp/shinshin/shinshin_cl.srf user/2ch/GACRp/shinshin/shinshin_cpt.srf
user/2ch/GACRp/shinshin/SHINSHIN_G_JAPAN.dat user/2ch/GACRp/shinshin/SHINSHIN_G_JAPAN.dnm user/2ch/GACRp/shinshin/shinshin_cl.srf user/2ch/GACRp/shinshin/shinshin_cpt.srf
user/2ch/GACRp/shinshin/SHINSHIN_SEA_JAPAN.dat user/2ch/GACRp/shinshin/SHINSHIN_SEA_JAPAN.dnm user/2ch/GACRp/shinshin/shinshin_cl.srf user/2ch/GACRp/shinshin/shinshin_cpt.srf
user/2ch/GACRp/Su-30MKJ_BI/Su-30MKJ_BI_JAPAN.dat user/2ch/GACRp/Su-30MKJ_BI/Su-30MKJ_BI_JAPAN.dnm user/2ch/GACRp/Su-30MKJ_BI/su37cl.srf user/2ch/GACRp/Su-30MKJ_BI/su30cpt.srf
user/2ch/GACRp/B-1MJ/B-1MJ_JAPAN.dat user/2ch/GACRp/B-1MJ/B-1MJ_JAPAN.dnm user/2ch/GACRp/B-1MJ/b1cl.srf user/2ch/GACRp/B-1MJ/b1cpt.srf
user/2ch/GACRp/C-130H_iraq/C-130H_iraq_JAPAN.dat user/2ch/GACRp/C-130H_iraq/C-130H_iraq_JAPAN.dnm user/2ch/GACRp/C-130H_iraq/c130cl.srf user/2ch/GACRp/C-130H_iraq/c130cpt.srf
user/2ch/GACRp/Mi-35J/Mi-35J_JAPAN.dat user/2ch/GACRp/Mi-35J/Mi-35J_JAPAN.dnm user/2ch/GACRp/Mi-35J/mi24cl.srf user/2ch/GACRp/Mi-35J/mi24cpt.srf

user/2ch/GACRp/F-15K_KM/F-15K_kimchi_KOREA.dat user/2ch/GACRp/F-15K_KM/F-15K_kimchi_KOREA.dnm user/2ch/GACRp/F-15K_KM/f15cl.srf user/2ch/GACRp/F-15K_KM/f15escpt.srf

user/2ch/GACRp/F-15_NINTENDO/F-15D_NINTENDO.dat user/2ch/GACRp/F-15_NINTENDO/F-15D_NINTENDO.dnm user/2ch/GACRp/F-15_NINTENDO/f15cl.srf user/2ch/GACRp/F-15_NINTENDO/f15dscpt.srf

user/2ch/GACRp/MiG-28/MiG-28_PAKISTAN.dat user/2ch/GACRp/MiG-28/MiG-28_PAKISTAN.dnm user/2ch/GACRp/MiG-28/mig28cl.srf user/2ch/GACRp/MiG-28/mig28cpt.srf

user/2ch/GACRp/MiG-31K/MiG-31K_RUSSIA.dat user/2ch/GACRp/MiG-31K/MiG-31K_RUSSIA.dnm user/2ch/GACRp/MiG-31K/m31cl.srf user/2ch/GACRp/MiG-31K/m31cpt.srf

user/2ch/GACRp/F-4E/F-4E_USA.dat user/2ch/GACRp/F-4E/F-4E_USA.dnm user/2ch/GACRp/F-4E/f4cl.srf user/2ch/GACRp/F-4E/f4cpt.srf
user/2ch/GACRp/18-16/F-16C_USA.dat user/2ch/GACRp/18-16/F-16C_USA.dnm user/2ch/GACRp/18-16/f16cl.srf user/2ch/GACRp/18-16/f16cpt.srf
user/2ch/GACRp/18-16/FA-18C_USA.dat user/2ch/GACRp/18-16/FA-18C_USA.dnm user/2ch/GACRp/18-16/f18cl.srf user/2ch/GACRp/18-16/f18cpt.srf
user/2ch/GACRp/F-104C/F-104C_USA.dat user/2ch/GACRp/F-104C/F-104C_USA.dnm user/2ch/GACRp/F-104C/f104wtankcl.srf user/2ch/GACRp/F-104C/f104cpt.srf
user/2ch/GACRp/F-102A/F-102A_USA.dat user/2ch/GACRp/F-102A/F-102A_USA.dnm user/2ch/GACRp/F-102A/f102cl.srf user/2ch/GACRp/F-102A/f102cpt.srf
user/2ch/GACRp/A-7D/A-7D_USA.dat user/2ch/GACRp/A-7D/A-7D_USA.dnm user/2ch/GACRp/A-7D/a7cl.srf user/2ch/GACRp/A-7D/a7cpt.srf
user/2ch/GACRp/TF-8A/TF-8A_USA.dat user/2ch/GACRp/TF-8A/TF-8A_USA.dnm user/2ch/GACRp/TF-8A/f8cl.srf user/2ch/GACRp/TF-8A/f8cpt.srf
user/2ch/GACRp/T-38/T-38A_old_USA.dat user/2ch/GACRp/T-38/T-38A_old_USA.dnm user/2ch/GACRp/T-38/f5cl.srf user/2ch/GACRp/T-38/f5bcpt.srf
user/2ch/GACRp/REA-14/REA-14_USA.dat user/2ch/GACRp/REA-14/REA-14_USA.dnm user/2ch/GACRp/REA-14/f14cl.srf user/2ch/GACRp/REA-14/f14cpt.srf
user/2ch/GACRp/B-1A/B-1A_USA.dat user/2ch/GACRp/B-1A/B-1A_USA.dnm user/2ch/GACRp/B-1A/b1cl.srf user/2ch/GACRp/B-1A/b1cpt.srf
user/2ch/GACRp/KC-135E/KC-135E_USA.dat user/2ch/GACRp/KC-135E/KC-135E_USA.dnm user/2ch/GACRp/KC-135E/c135cl.srf user/2ch/GACRp/KC-135E/c135cpt.srf

user/2ch/GACRp/B707/B707-320_CIV.dat user/2ch/GACRp/B707/B707-320_CIV.dnm user/2ch/GACRp/B707/b707cl.srf user/2ch/GACRp/B707/b707cpt.srf
user/2ch/GACRp/WAS/A320-200_WAS.dat user/2ch/GACRp/WAS/A320-200_WAS.dnm user/2ch/GACRp/WAS/a320cl.srf user/2ch/GACRp/WAS/a320cpt.srf
user/2ch/GACRp/L-100J_SKY/L-100J_SKYMARK_CIV.dat user/2ch/GACRp/L-100J_SKY/L-100J_SKYMARK_CIV.dnm user/2ch/GACRp/L-100J_SKY/c130strcl.srf user/2ch/GACRp/L-100J_SKY/c130strcpt.srf
user/2ch/GACRp/TAYOTO/TAYOTO_O_CIV.dat user/2ch/GACRp/TAYOTO/TAYOTO_O_CIV.dnm user/2ch/GACRp/TAYOTO/technicalcl.srf user/2ch/GACRp/TAYOTO/null.srf
user/2ch/GACRp/TAYOTO/TAYOTO_BG_CIV.dat user/2ch/GACRp/TAYOTO/TAYOTO_BG_CIV.dnm user/2ch/GACRp/TAYOTO/technicalcl.srf user/2ch/GACRp/TAYOTO/null.srf
user/2ch/GACRp/TAYOTO/TAYOTO_B_CIV.dat user/2ch/GACRp/TAYOTO/TAYOTO_B_CIV.dnm user/2ch/GACRp/TAYOTO/technicalcl.srf user/2ch/GACRp/TAYOTO/null.srf
user/2ch/GACRp/TAYOTO/TAYOTO_Y_CIV.dat user/2ch/GACRp/TAYOTO/TAYOTO_Y_CIV.dnm user/2ch/GACRp/TAYOTO/technicalcl.srf user/2ch/GACRp/TAYOTO/null.srf
user/2ch/GACRp/TAYOTO/TAYOTO_R_CIV.dat user/2ch/GACRp/TAYOTO/TAYOTO_R_CIV.dnm user/2ch/GACRp/TAYOTO/technicalcl.srf user/2ch/GACRp/TAYOTO/null.srf
user/2ch/GACRp/TAYOTO/TAYOTO_P_CIV.dat user/2ch/GACRp/TAYOTO/TAYOTO_P_CIV.dnm user/2ch/GACRp/TAYOTO/technicalcl.srf user/2ch/GACRp/TAYOTO/null.srf
user/2ch/GACRp/TAYOTO/TAYOTO_G_CIV.dat user/2ch/GACRp/TAYOTO/TAYOTO_G_CIV.dnm user/2ch/GACRp/TAYOTO/technicalcl.srf user/2ch/GACRp/TAYOTO/null.srf
user/2ch/GACRp/TAYOTO_BAN/TAYOTO_BAN_CIV.dat user/2ch/GACRp/TAYOTO_BAN/TAYOTO_BAN_CIV.dnm user/2ch/GACRp/TAYOTO_BAN/technicalcl.srf user/2ch/GACRp/TAYOTO_BAN/null.srf
user/2ch/GACRp/TAYOTO_TAXI/TAYOTO_TAXI_CIV.dat user/2ch/GACRp/TAYOTO_TAXI/TAYOTO_TAXI_CIV.dnm user/2ch/GACRp/TAYOTO_TAXI/technicalcl.srf user/2ch/GACRp/TAYOTO_TAXI/null.srf
user/2ch/GACRp/TAYOTO_POLICE/TAYOTO_POLICE_CIV.dat user/2ch/GACRp/TAYOTO_POLICE/TAYOTO_POLICE_CIV.dnm user/2ch/GACRp/TAYOTO_POLICE/technicalcl.srf user/2ch/GACRp/TAYOTO_POLICE/null.srf


user/2cm/EA300W.dat user/2cm/ea300w.dnm user/2cm/ea300wcl.srf user/2cm/ea300wcpt.srf
user/2cm/AH-1WW.dat user/2cm/ah1www.dnm user/2cm/ahwwwwcl.srf user/2cm/ah1wwwcpt.srf
user/2cm/F-5W.dat user/2cm/F-5W.dnm user/2cm/f5wcl.srf user/2cm/f5wcpt.srf
user/2ch/GACRp/Abe/INF_Rifle_GH.dat user/2ch/GACRp/Abe/INF_Rifle_GH.dnm user/2ch/gac/mancl.srf user/2ch/gac/null.srf
user/2ch/GACRp/Abe/INF_MG_GH.dat user/2ch/GACRp/Abe/INF_MG_GH.dnm user/2ch/gac/mancl.srf user/2ch/gac/null.srf
user/2ch/GACRp/Ka-50BlackShark/Ka-50_black.dat user/2ch/GACRp/Ka-50BlackShark/ka-50Black.dnm user/GACRp/2ch/Ka-50BlackShark/ka50cl.srf user/2ch/GACRp/Ka-50BlackShark/ka50cpt.srf
user/2ch/GACRp/Mi-8/Mi-8P_CIV2.dat user/2ch/GACRp/Mi-8/Mi-8P_CIV2.dnm user/2ch/GACRp/Mi-8/mi8cl.srf user/2ch/GACRp/Mi-8/mi8cpt.srf
user/2ch/GACRp/Mi-8/Mi-8P_CIV3.dat user/2ch/GACRp/Mi-8/Mi-8P_CIV3.dnm user/2ch/GACRp/Mi-8/mi8cl.srf user/2ch/GACRp/Mi-8/mi8cpt.srf
user/2ch/GACRp/Mi-8/Mi-8P_CIV4.dat user/2ch/GACRp/Mi-8/Mi-8P_CIV4.dnm user/2ch/GACRp/Mi-8/mi8cl.srf user/2ch/GACRp/Mi-8/mi8cpt.srf
user/2ch/GACRp/VF-143/VF-143D_PD.dat user/2ch/GACRp/VF-143/VF-143D_PD.dnm user/2ch/GACRp/VF-143/f14cl.srf user/2ch/GACRp/VF-143/f14cpt.srf
user/2ch/GACRp/F-15E_OP/F-15E_OP.dat user/2ch/GACRp/F-15E_OP/F-15E_OP.dnm user/2ch/GACRp/F-15E_OP/f15cl.srf user/2ch/GACRp/F-15E_OP/f15escpt.srf
user/2ch/GACRp/F-16A/F_16A_10MLU.dat user/2ch/GACRp/F-16A/F_16A_10MLU.dnm user/2ch/GACRp/F-16A/f16cl.srf user/2ch/GACRp/F-16A/f16cpt.srf
user/2ch/GACRp/Learjet45XR_jal/Learjet45XR_jal.dat user/2ch/GACRp/Learjet45XR_jal/Learjet45XR_jal.dnm user/2ch/GACRp/Learjet45XR_jal/lear45cl_jal.srf user/2ch/gac/lear45cpt.srf
user/2ch/GACRp/Learjet45XR_star/Learjet45XR_star.dat user/2ch/GACRp/Learjet45XR_star/Learjet45XR_star.dnm user/2ch/GACRp/Learjet45XR_star/lear45cl_star.srf user/2ch/GACRp/Learjet45XR_star/lear45cpt_star.srf
user/2ch/GACrp/Morse/a320/A320-211_LH.dat user/2ch/GACrp/morse/A320/A320-211_LH.dnm user/2ch/GACrp/Morse/A320/a320cl.srf user/2ch/GACrp/Morse/A320/a320cpt.srf
user/2ch/GACrp/Morse/a320/A320-211_NH.dat user/2ch/GACrp/morse/A320/A320-211_NH.dnm user/2ch/GACrp/Morse/A320/a320cl.srf user/2ch/GACrp/Morse/A320/a320cpt.srf
user/2ch/GACrp/Morse/a320/A320-211_NW.dat user/2ch/GACrp/morse/A320/A320-211_NW.dnm user/2ch/GACrp/Morse/A320/a320cl.srf user/2ch/GACrp/Morse/A320/a320cpt.srf
user/2ch/GACRp/Albatross/f-22-ssf/F-22SSF_USA.dat user/2ch/GACRp/Albatross/f-22-ssf/F-22SSF_USA.dnm user/2ch/gac/f22cl.srf user/2ch/gac/f22cpt.srf
user/2ch/GACRp/Z/TYPE-Z_HUGAKU_GUNSHIP.dat user/2ch/GACRp/Z/TYPE-Z_HUGAKU_GUNSHIP.dnm aircraft/b52coll.srf user/2ch/GACRp/Z/b52cpt.srf
