
User/cep/cep_1/a4e.dat User/cep/cep_1/a4e.dnm aircraft/a4coll.srf User/cep/cep_1/a4ecockpit.srf User/cep/cep_1/a4ecoarse.dnm
User/cep/cep_1/a4m.dat User/cep/cep_1/a4m.dnm aircraft/a4coll.srf User/cep/cep_1/a4ecockpit.srf User/cep/cep_1/a4mcoarse.dnm
User/cep/cep_1/f14a.dat User/cep/cep_1/f14a.dnm aircraft/f14coll.srf User/cep/cep_1/f14acockpit.srf User/cep/cep_1/f14coarse.dnm
User/cep/cep_1/f14a_nsawc.dat User/cep/cep_1/f14a_nsawc.dnm aircraft/f14coll.srf User/cep/cep_1/f14acockpit.srf User/cep/cep_1/f14_nsawccoarse.dnm
User/cep/cep_1/f14a_vf84.dat User/cep/cep_1/f14a_vf84.dnm aircraft/f14coll.srf User/cep/cep_1/f14acockpit.srf User/cep/cep_1/f14_stdcoarse.dnm
User/cep/cep_1/f15e.dat User/cep/cep_1/f15e.dnm aircraft/f15coll.srf User/cep/cep_1/f15eafccockpit.srf User/cep/cep_1/f15ecoarse.dnm
User/cep/cep_1/f15j.dat User/cep/cep_1/f15j.dnm aircraft/f15coll.srf User/cep/cep_1/f15jcockpit.srf User/cep/cep_1/f15jcoarse.dnm
User/cep/cep_1/f15c.dat User/cep/cep_1/f15c.dnm aircraft/f15coll.srf User/cep/cep_1/f15ccockpit.srf User/cep/cep_1/f15c_coarse.dnm
User/cep/cep_1/f15c2.dat User/cep/cep_1/f15c2.dnm aircraft/f15coll.srf User/cep/cep_1/f15ccockpit.srf User/cep/cep_1/f15c2_coarse.dnm
User/cep/cep_1/f16c.dat User/cep/cep_1/f16c.dnm aircraft/f16coll.srf User/cep/cep_1/f16ccockpit.srf 
User/cep/cep_1/f16afti.dat User/cep/cep_1/f16afti.dnm aircraft/f16coll.srf User/cep/cep_1/f16ccockpit.srf 
User/cep/cep_1/f18a.dat User/cep/cep_1/f18a.dnm aircraft/f18coll.srf User/cep/cep_1/f18acockpit.srf User/cep/cep_1/f18acoarse.dnm
User/cep/cep_1/f18e.dat User/cep/cep_1/f18e.dnm aircraft/f18coll.srf User/cep/cep_1/f18ecockpit.srf 
User/cep/cep_1/f4b.dat User/cep/cep_1/f4b.dnm aircraft/f4coll.srf User/cep/cep_1/f4c_cockpit.srf User/cep/cep_1/f4b_coarse.dnm
User/cep/cep_1/f4j.dat User/cep/cep_1/f4j.dnm aircraft/f4coll.srf User/cep/cep_1/f4c_cockpit.srf User/cep/cep_1/f4b_coarse.dnm
User/cep/cep_1/f4e.dat User/cep/cep_1/f4e.dnm aircraft/f4coll.srf User/cep/cep_1/f4c_cockpit.srf User/cep/cep_1/f4e_coarse.dnm
User/cep/cep_1/f4ej.dat User/cep/cep_1/f4ej.dnm aircraft/f4coll.srf User/cep/cep_1/f4c_cockpit.srf User/cep/cep_1/f4ej_coarse.dnm
User/cep/cep_1/f5e.dat User/cep/cep_1/f5e.dnm aircraft/f5coll.srf User/cep/cep_1/f5_cockpit.srf 
User/cep/cep_1/f20.dat User/cep/cep_1/f20.dnm aircraft/f5coll.srf User/cep/cep_1/f5_cockpit.srf 
User/cep/cep_1/mig21f.dat User/cep/cep_1/mig21f.dnm aircraft/mig21coll.srf User/cep/cep_1/mig21fcockpit.srf 
User/cep/cep_1/su30.dat User/cep/cep_1/su30.dnm aircraft/su27coll.srf User/cep/cep_1/su30cockpit.srf User/cep/cep_1/su30coarse.dnm




