user/LIMPRAMP/pmnv/a4m.dat user/LIMPRAMP/pmnv/a4m.dnm user/LIMPRAMP/pmnv/a4cl.srf user/LIMPRAMP/pmnv/a4cpt.srf
user/LIMPRAMP/pmnv/a4e1.dat user/LIMPRAMP/pmnv/a4e1.dnm user/LIMPRAMP/pmnv/a4cl.srf user/LIMPRAMP/pmnv/a4cpt.srf
user/LIMPRAMP/pmnv/a4e2.dat user/LIMPRAMP/pmnv/a4e2.dnm user/LIMPRAMP/pmnv/a4cl.srf user/LIMPRAMP/pmnv/a4cpt.srf
user/LIMPRAMP/pmnv/a4e3.dat user/LIMPRAMP/pmnv/a4e3.dnm user/LIMPRAMP/pmnv/a4cl.srf user/LIMPRAMP/pmnv/a4cpt.srf

user/LIMPRAMP/pmnv/f4b1.dat user/LIMPRAMP/pmnv/f4b1.dnm user/LIMPRAMP/pmnv/f4cl.srf user/LIMPRAMP/pmnv/f4cpt.srf
user/LIMPRAMP/pmnv/f4e1.dat user/LIMPRAMP/pmnv/f4e1.dnm user/LIMPRAMP/pmnv/f4cl.srf user/LIMPRAMP/pmnv/f4cpt.srf
user/LIMPRAMP/pmnv/f4b.dat user/LIMPRAMP/pmnv/f4b.dnm user/LIMPRAMP/pmnv/f4cl.srf user/LIMPRAMP/pmnv/f4cpt.srf
user/LIMPRAMP/pmnv/f4c.dat user/LIMPRAMP/pmnv/f4c.dnm user/LIMPRAMP/pmnv/f4cl.srf user/LIMPRAMP/pmnv/f4cpt.srf
user/LIMPRAMP/pmnv/f4j1.dat user/LIMPRAMP/pmnv/f4j1.dnm user/LIMPRAMP/pmnv/f4cl.srf user/LIMPRAMP/pmnv/f4cpt.srf

user/LIMPRAMP/pmnv/f5e.dat user/LIMPRAMP/pmnv/f5e.dnm user/LIMPRAMP/pmnv/f5cl.srf user/LIMPRAMP/pmnv/f5cpt.srf
user/LIMPRAMP/pmnv/f5e1.dat user/LIMPRAMP/pmnv/f5e1.dnm user/LIMPRAMP/pmnv/f5cl.srf user/LIMPRAMP/pmnv/f5cpt.srf

user/LIMPRAMP/pmnv/a7.dat user/LIMPRAMP/pmnv/a7.dnm user/LIMPRAMP/pmnv/a7cl.srf user/LIMPRAMP/pmnv/a7cpt.srf
user/LIMPRAMP/pmnv/a7a.dat user/LIMPRAMP/pmnv/a7a.dnm user/LIMPRAMP/pmnv/a7cl.srf user/LIMPRAMP/pmnv/a7cpt.srf

user/LIMPRAMP/pmnv/f8b.dat user/LIMPRAMP/pmnv/f8b.dnm user/LIMPRAMP/pmnv/f8cl.srf user/LIMPRAMP/pmnv/f8cpt.srf
user/LIMPRAMP/pmnv/f8c.dat user/LIMPRAMP/pmnv/f8c.dnm user/LIMPRAMP/pmnv/f8cl.srf user/LIMPRAMP/pmnv/f8cpt.srf

user/LIMPRAMP/pmnv/45xr.dat user/LIMPRAMP/pmnv/45xr.dnm user/LIMPRAMP/pmnv/45xrcl.srf user/LIMPRAMP/pmnv/45xrcpt.srf

user/LIMPRAMP/pmnv/typ.dat user/LIMPRAMP/pmnv/typ.dnm user/LIMPRAMP/pmnv/typcl.srf user/LIMPRAMP/pmnv/typcpt.srf

user/LIMPRAMP/pmnv/t50.dat user/LIMPRAMP/pmnv/t50.dnm user/LIMPRAMP/pmnv/t50cl.srf user/LIMPRAMP/pmnv/t50cpt.srf
user/LIMPRAMP/pmnv/t50a.dat user/LIMPRAMP/pmnv/t50a.dnm user/LIMPRAMP/pmnv/t50cl.srf user/LIMPRAMP/pmnv/t50cpt.srf

user/LIMPRAMP/pmnv/f2a.dat user/LIMPRAMP/pmnv/f2a.dnm user/LIMPRAMP/pmnv/f2cl.srf user/LIMPRAMP/pmnv/f2cpt.srf

user/LIMPRAMP/pmnv/f15.dat user/LIMPRAMP/pmnv/f15.dnm user/LIMPRAMP/pmnv/f15cl.srf user/LIMPRAMP/pmnv/f15cpt.srf
user/LIMPRAMP/pmnv/f15a.dat user/LIMPRAMP/pmnv/f15a.dnm user/LIMPRAMP/pmnv/f15cl.srf user/LIMPRAMP/pmnv/f15cpt.srf

user/LIMPRAMP/pmnv/f16.dat user/LIMPRAMP/pmnv/f16.dnm user/LIMPRAMP/pmnv/f16cl.srf user/LIMPRAMP/pmnv/f16cpt.srf
user/LIMPRAMP/pmnv/f16c2.dat user/LIMPRAMP/pmnv/f16c2.dnm user/LIMPRAMP/pmnv/f16cl.srf user/LIMPRAMP/pmnv/f16cpt.srf
user/LIMPRAMP/pmnv/f16c1.dat user/LIMPRAMP/pmnv/f16c1.dnm user/LIMPRAMP/pmnv/f16cl.srf user/LIMPRAMP/pmnv/f16cpt.srf
user/LIMPRAMP/pmnv/f16dj1.dat user/LIMPRAMP/pmnv/f16dj1.dnm user/LIMPRAMP/pmnv/f16cl.srf user/LIMPRAMP/pmnv/f16cpt.srf

user/LIMPRAMP/pmnv/f18.dat user/LIMPRAMP/pmnv/f18.dnm user/LIMPRAMP/pmnv/f18cl.srf user/LIMPRAMP/pmnv/f18cpt.srf
user/LIMPRAMP/pmnv/f18a.dat user/LIMPRAMP/pmnv/f18a.dnm user/LIMPRAMP/pmnv/f18cl.srf user/LIMPRAMP/pmnv/f18cpt.srf

user/LIMPRAMP/pmnv/f22sd.dat user/LIMPRAMP/pmnv/f22sd.dnm user/LIMPRAMP/pmnv/f22cl.srf user/LIMPRAMP/pmnv/f22cpt.srf
user/LIMPRAMP/pmnv/f22tb.dat user/LIMPRAMP/pmnv/f22tb.dnm user/LIMPRAMP/pmnv/f22cl.srf user/LIMPRAMP/pmnv/f22cpt.srf

user/LIMPRAMP/pmnv/f31.dat user/LIMPRAMP/pmnv/f31.dnm user/LIMPRAMP/pmnv/f31cl.srf user/LIMPRAMP/pmnv/f31cpt.srf
user/LIMPRAMP/pmnv/f31a.dat user/LIMPRAMP/pmnv/f31a.dnm user/LIMPRAMP/pmnv/f31cl.srf user/LIMPRAMP/pmnv/f31cpt.srf

user/LIMPRAMP/pmnv/f35a.dat user/LIMPRAMP/pmnv/f35a.dnm user/LIMPRAMP/pmnv/f35cl.srf user/LIMPRAMP/pmnv/f35cpt2.srf
user/LIMPRAMP/pmnv/f35b.dat user/LIMPRAMP/pmnv/f35b.dnm user/LIMPRAMP/pmnv/f35cl.srf user/LIMPRAMP/pmnv/f35cpt2.srf
user/LIMPRAMP/pmnv/f35f.dat user/LIMPRAMP/pmnv/f35f.dnm user/LIMPRAMP/pmnv/f35cl.srf user/LIMPRAMP/pmnv/f35cpt2.srf


user/LIMPRAMP/pmnv/f35c.dat user/LIMPRAMP/pmnv/f35c.dnm user/LIMPRAMP/pmnv/f35cl.srf user/LIMPRAMP/pmnv/f35cpt2.srf
user/LIMPRAMP/pmnv/f35d.dat user/LIMPRAMP/pmnv/f35d.dnm user/LIMPRAMP/pmnv/f35cl.srf user/LIMPRAMP/pmnv/f35cpt2.srf
user/LIMPRAMP/pmnv/f35e.dat user/LIMPRAMP/pmnv/f35e.dnm user/LIMPRAMP/pmnv/f35cl.srf user/LIMPRAMP/pmnv/f35cpt2.srf
user/LIMPRAMP/pmnv/f86d.dat user/LIMPRAMP/pmnv/f86d.dnm user/LIMPRAMP/pmnv/f86cl.srf user/LIMPRAMP/pmnv/f86cpt.srf


user/LIMPRAMP/pmnv/f86a.dat user/LIMPRAMP/pmnv/f86a.dnm user/LIMPRAMP/pmnv/f86cl.srf user/LIMPRAMP/pmnv/f86cpt.srf
user/LIMPRAMP/pmnv/f86b.dat user/LIMPRAMP/pmnv/f86b.dnm user/LIMPRAMP/pmnv/f86cl.srf user/LIMPRAMP/pmnv/f86cpt.srf
user/LIMPRAMP/pmnv/f86c.dat user/LIMPRAMP/pmnv/f86c.dnm user/LIMPRAMP/pmnv/f86cl.srf user/LIMPRAMP/pmnv/f86cpt.srf

user/LIMPRAMP/pmnv/f104s2.dat user/LIMPRAMP/pmnv/f104s2.dnm user/LIMPRAMP/pmnv/f104cl.srf user/LIMPRAMP/pmnv/f104cpt.srf
user/LIMPRAMP/pmnv/f104s3.dat user/LIMPRAMP/pmnv/f104s3.dnm user/LIMPRAMP/pmnv/f104cl.srf user/LIMPRAMP/pmnv/f104cpt.srf
user/LIMPRAMP/pmnv/f104s1.dat user/LIMPRAMP/pmnv/f104s1.dnm user/LIMPRAMP/pmnv/f104cl.srf user/LIMPRAMP/pmnv/f104cpt.srf

user/LIMPRAMP/pmnv/f4a.dat user/LIMPRAMP/pmnv/f4a.dnm user/LIMPRAMP/pmnv/f4cl.srf user/LIMPRAMP/pmnv/f4cpt.srf
user/LIMPRAMP/pmnv/f4g.dat user/LIMPRAMP/pmnv/f4g.dnm user/LIMPRAMP/pmnv/f4cl.srf user/LIMPRAMP/pmnv/f4cpt.srf
user/LIMPRAMP/pmnv/f35.dat user/LIMPRAMP/pmnv/f35.dnm user/LIMPRAMP/pmnv/f35cl.srf user/LIMPRAMP/pmnv/f35cpt.srf
user/LIMPRAMP/pmnv/f8a.dat user/LIMPRAMP/pmnv/f8a.dnm user/LIMPRAMP/pmnv/f8cl.srf user/LIMPRAMP/pmnv/f8cpt.srf
user/LIMPRAMP/pmnv/f2b.dat user/LIMPRAMP/pmnv/f2b.dnm user/LIMPRAMP/pmnv/f2cl.srf user/LIMPRAMP/pmnv/f2cpt.srf

user/LIMPRAMP/pmnv/stilleto.dat user/LIMPRAMP/pmnv/stilleto.dnm user/LIMPRAMP/pmnv/stilletocl.srf user/LIMPRAMP/pmnv/stilletocpt.srf

user/LIMPRAMP/animal/f18X5.dat user/LIMPRAMP/animal/f18MAX.dnm user/LIMPRAMP/animal/f18cl.srf user/LIMPRAMP/animal/f18cpt.srf

user/LIMPRAMP/animal/GACALP/F-14B_USABC.dat user/LIMPRAMP/animal/GACALP/F-14B_USA.dnm user/LIMPRAMP/animal/GACALP/f14cl.srf user/LIMPRAMP/animal/GACALP/f14cpt.srf
user/LIMPRAMP/animal/GACALP/F-14D_Sundogs.dat user/LIMPRAMP/animal/GACALP/F-14D_Sundogs.dnm user/LIMPRAMP/animal/GACALP/f14cl.srf user/LIMPRAMP/animal/GACALP/f14cpt.srf
user/LIMPRAMP/animal/GACALP/F-14D_USA2T.dat user/LIMPRAMP/animal/GACALP/F-14D_USA2T.dnm user/LIMPRAMP/animal/GACALP/f14cl.srf user/LIMPRAMP/animal/GACALP/f14cpt.srf
user/LIMPRAMP/animal/GACALP/FA-18F_USA1T.dat user/LIMPRAMP/animal/GACALP/FA-18F_USA1T.dnm user/LIMPRAMP/animal/GACALP/f18ecl.srf user/LIMPRAMP/animal/GACALP/f18fcpt.srf
user/LIMPRAMP/animal/GACALP/FA-18F_USA3T.dat user/LIMPRAMP/animal/GACALP/FA-18F_USA3T.dnm user/LIMPRAMP/animal/GACALP/f18ecl.srf user/LIMPRAMP/animal/GACALP/f18fcpt.srf
user/LIMPRAMP/animal/GACALP/FA-18F_USAMT.dat user/LIMPRAMP/animal/GACALP/FA-18F_USAMT.dnm user/LIMPRAMP/animal/GACALP/f18ecl.srf user/LIMPRAMP/animal/GACALP/f18fcpt.srf
user/LIMPRAMP/animal/GACALP/F-117A_USA.dat user/LIMPRAMP/animal/GACALP/F-117A_USA.dnm user/LIMPRAMP/animal/GACALP/f117cl.srf user/LIMPRAMP/animal/GACALP/f117cpt.srf
user/LIMPRAMP/animal/GACALP/EA300SF_OP4.dat user/LIMPRAMP/animal/GACALP/EA300SF_OP4.dnm user/LIMPRAMP/animal/GACALP/ea300cl.srf user/LIMPRAMP/animal/GACALP/ea300scpt.srf
user/LIMPRAMP/animal/GACALP/EA300SA_OP4.dat user/LIMPRAMP/animal/GACALP/EA300SA_OP4.dnm user/LIMPRAMP/animal/GACALP/ea300cl.srf user/LIMPRAMP/animal/GACALP/ea300scpt.srf
user/LIMPRAMP/animal/GACALP/EA300SB_OP4.dat user/LIMPRAMP/animal/GACALP/EA300SB_OP4.dnm user/LIMPRAMP/animal/GACALP/ea300cl.srf user/LIMPRAMP/animal/GACALP/ea300scpt.srf
user/LIMPRAMP/animal/GACALP/OV-10F_OP4.dat user/LIMPRAMP/animal/GACALP/OV-10F_OP4.dnm user/LIMPRAMP/animal/GACALP/ov10cl.srf user/LIMPRAMP/animal/GACALP/ov10cpt.srf
user/LIMPRAMP/animal/GACALP/AH-6J_OP4.dat user/LIMPRAMP/animal/GACALP/AH-6J_OP4.dnm user/LIMPRAMP/animal/GACALP/h500cl.srf user/LIMPRAMP/animal/GACALP/h500cpt.srf
user/LIMPRAMP/animal/GACALP/AH-60L_OP4.dat user/LIMPRAMP/animal/GACALP/AH-60L_OP4.dnm user/LIMPRAMP/animal/GACALP/ah60cl.srf user/LIMPRAMP/animal/GACALP/uh60cpt.srf
user/LIMPRAMP/animal/GACALP/F-4E_PAT.dat user/LIMPRAMP/animal/GACALP/F-4E_PAT.dnm user/LIMPRAMP/animal/GACALP/f4cl.srf user/LIMPRAMP/animal/GACALP/f4cpt.srf
user/LIMPRAMP/animal/GACALP/BonanzaA36_PAT.dat user/LIMPRAMP/animal/GACALP/BonanzaA36_PAT.dnm user/LIMPRAMP/animal/GACALP/bonanzaa36cl.srf user/LIMPRAMP/animal/GACALP/bonanzaa36cpt.srf
user/LIMPRAMP/animal/GACALP/B206B-3S_PAT.dat user/LIMPRAMP/animal/GACALP/B206B-3S_PAT.dnm user/LIMPRAMP/animal/GACALP/oh58cl.srf user/LIMPRAMP/animal/GACALP/oh58cpt.srf
user/LIMPRAMP/animal/GACALP/B206B-3W_PAT.dat user/LIMPRAMP/animal/GACALP/B206B-3W_PAT.dnm user/LIMPRAMP/animal/GACALP/oh58cl.srf user/LIMPRAMP/animal/GACALP/oh58cpt.srf
user/LIMPRAMP/animal/GACALP/B412EP_PAT.dat user/LIMPRAMP/animal/GACALP/B412EP_PAT.dnm user/LIMPRAMP/animal/GACALP/hueyNcl.srf user/LIMPRAMP/animal/GACALP/hueyNcpt.srf
user/LIMPRAMP/animal/GACALP/TIGER-HAP_PAT.dat user/LIMPRAMP/animal/GACALP/TIGER-HAP_PAT.dnm user/LIMPRAMP/animal/GACALP/tigercl.srf user/LIMPRAMP/animal/GACALP/tigercpt.srf
user/LIMPRAMP/animal/GACALP/TAYOTO_BAN_PAT.dat user/LIMPRAMP/animal/GACALP/TAYOTO_BAN_PAT.dnm user/LIMPRAMP/animal/GACALP/technicalcl.srf 
user/LIMPRAMP/animal/GACALP/SP_BRDM-2_PAT.dat user/LIMPRAMP/animal/GACALP/SP_BRDM-2_PAT.dnm user/LIMPRAMP/animal/GACALP/brdm2cl.srf user/LIMPRAMP/animal/GACALP/null.srf
user/LIMPRAMP/animal/GACALP/APC_BTR-80A_PAT.dat user/LIMPRAMP/animal/GACALP/APC_BTR-80A_PAT.dnm user/LIMPRAMP/animal/GACALP/btr80cl.srf user/LIMPRAMP/animal/GACALP/null.srf
user/LIMPRAMP/animal/GACALP/MBT_LECLERC_PAT.dat user/LIMPRAMP/animal/GACALP/MBT_LECLERC_PAT.dnm user/LIMPRAMP/animal/GACALP/leclerccl.srf user/LIMPRAMP/animal/GACALP/null.srf
user/LIMPRAMP/animal/GACALP/F-16CJ_NL.dat user/LIMPRAMP/animal/GACALP/F-16CJ_NL.dnm user/LIMPRAMP/animal/GACALP/f16cl.srf user/LIMPRAMP/animal/GACALP/f16cpt.srf
user/LIMPRAMP/animal/GACALP/ADFX-01_SFS1.dat user/LIMPRAMP/animal/GACALP/ADFX-01_SFS1.dnm user/LIMPRAMP/animal/GACALP/adfxcl.srf user/LIMPRAMP/animal/GACALP/adfxcpt.srf
user/LIMPRAMP/animal/GACALP/ADFX-01_SFS2.dat user/LIMPRAMP/animal/GACALP/ADFX-01_SFS2.dnm user/LIMPRAMP/animal/GACALP/adfxcl.srf user/LIMPRAMP/animal/GACALP/adfxcpt.srf
user/LIMPRAMP/animal/GACALP/ADFX-01_SFS3.dat user/LIMPRAMP/animal/GACALP/ADFX-01_SFS3.dnm user/LIMPRAMP/animal/GACALP/adfxcl.srf user/LIMPRAMP/animal/GACALP/adfxcpt.srf
user/LIMPRAMP/animal/GACALP/F-14D_ER.dat user/LIMPRAMP/animal/GACALP/F-14D_ER.dnm user/LIMPRAMP/animal/GACALP/f14cl.srf user/LIMPRAMP/animal/GACALP/f14cpt.srf
user/LIMPRAMP/animal/GACALP/stiletto.dat user/LIMPRAMP/animal/GACALP/stiletto.dnm user/LIMPRAMP/animal/GACALP/stilettocl.srf user/LIMPRAMP/animal/GACALP/stilettocpt.srf
user/LIMPRAMP/animal/GACALP/MRG2000_ESCUDO.dat user/LIMPRAMP/animal/GACALP/MRG2000_ESCUDO.dnm user/LIMPRAMP/animal/GACALP/mrgcl.srf user/LIMPRAMP/animal/GACALP/mrgcpt.srf
user/LIMPRAMP/animal/GACALP/RAFALE-M_Lobo.dat user/LIMPRAMP/animal/GACALP/RAFALE-M_Lobo.dnm user/LIMPRAMP/animal/GACALP/rafalecl.srf user/LIMPRAMP/animal/GACALP/rafalecpt.srf
user/LIMPRAMP/animal/GACALP/RAFALE-M_Sombra.dat user/LIMPRAMP/animal/GACALP/RAFALE-M_Sombra.dnm user/LIMPRAMP/animal/GACALP/rafalecl.srf user/LIMPRAMP/animal/GACALP/rafalecpt.srf
user/LIMPRAMP/animal/GACALP/RAFALE-M_SpGray.dat user/LIMPRAMP/animal/GACALP/RAFALE-M_SpGray.dnm user/LIMPRAMP/animal/GACALP/rafalecl.srf user/LIMPRAMP/animal/GACALP/rafalecpt.srf
user/LIMPRAMP/animal/GACALP/Su-32FN_LANZA.dat user/LIMPRAMP/animal/GACALP/Su-32FN_LANZA.dnm user/LIMPRAMP/animal/GACALP/su32cl.srf user/LIMPRAMP/animal/GACALP/su32cpt.srf
user/LIMPRAMP/animal/GACALP/Su-32FN_SpGray.dat user/LIMPRAMP/animal/GACALP/Su-32FN_SpGray.dnm user/LIMPRAMP/animal/GACALP/su32cl.srf user/LIMPRAMP/animal/GACALP/su32cpt.srf
user/LIMPRAMP/animal/GACALP/KC-137E_SAPIN.dat user/LIMPRAMP/animal/GACALP/KC-137E_SAPIN.dnm user/LIMPRAMP/animal/GACALP/c135cl.srf user/LIMPRAMP/animal/GACALP/c135cpt.srf
user/LIMPRAMP/animal/GACALP/F-16CJ_TALLMAN.dat user/LIMPRAMP/animal/GACALP/F-16CJ_TALLMAN.dnm user/LIMPRAMP/animal/GACALP/f16cl.srf user/LIMPRAMP/animal/GACALP/f16cpt.srf
user/LIMPRAMP/animal/GACALP/F-16CJ_Metalsphere.dat user/LIMPRAMP/animal/GACALP/F-16CJ_Metalsphere.dnm user/LIMPRAMP/animal/GACALP/f16cl.srf user/LIMPRAMP/animal/GACALP/f16cpt.srf
user/LIMPRAMP/animal/GACALP/F-14D_OS.dat user/LIMPRAMP/animal/GACALP/F-14D_OS.dnm user/LIMPRAMP/animal/GACALP/f14cl.srf user/LIMPRAMP/animal/GACALP/f14cpt.srf
user/LIMPRAMP/animal/GACALP/os_xfa171.dat user/LIMPRAMP/animal/GACALP/os_xfa171.dnm user/LIMPRAMP/animal/GACALP/xfa171cl.srf user/LIMPRAMP/animal/GACALP/xfa171cpt.srf
user/LIMPRAMP/animal/GACALP/F-16CJ_UT.dat user/LIMPRAMP/animal/GACALP/F-16CJ_UT.dnm user/LIMPRAMP/animal/GACALP/f16cl.srf user/LIMPRAMP/animal/GACALP/f16cpt.srf
user/LIMPRAMP/animal/GACALP/Saeqeh_Iran.dat user/LIMPRAMP/animal/GACALP/Saeqeh_Iran.dnm user/LIMPRAMP/animal/GACALP/Saeqehcl.srf user/LIMPRAMP/animal/GACALP/f5cpt.srf
user/LIMPRAMP/animal/GACALP/F-2A_CYPHER.dat user/LIMPRAMP/animal/GACALP/F-2A_CYPHER.dnm user/LIMPRAMP/animal/GACALP/f16cl.srf user/LIMPRAMP/animal/GACALP/f16cpt.srf