User/major/groundstar/beam.dat User/major/groundstar/beam.srf User/major/groundstar/beam.srf
User/major/groundstar/beam2.dat User/major/groundstar/beam2.srf User/major/groundstar/beam2.srf
User/major/groundstar/beam3.dat User/major/groundstar/beam3.srf User/major/groundstar/beam3.srf
User/major/groundstar/beam4.dat User/major/groundstar/beam4.srf User/major/groundstar/beam4.srf
User/major/groundstar/pole.dat User/major/groundstar/pole.srf User/major/groundstar/pole.srf
User/major/groundstar/radarstar.dat User/major/groundstar/radarstar.srf User/major/groundstar/starradar_coarse.srf User/major/groundstar/starradar_coll.srf
User/major/groundstar/star1.dat User/major/groundstar/star1.srf User/major/groundstar/star1.srf
User/major/groundstar/star2.dat User/major/groundstar/star2.srf User/major/groundstar/star2.srf
User/major/groundstar/staralpha.dat User/major/groundstar/staralpha.srf User/major/groundstar/staralpha.srf
User/major/groundstar/starbridge0.dat User/major/groundstar/starbridge0.srf User/major/groundstar/starbridge0.srf
User/major/groundstar/starclub.dat User/major/groundstar/starclub.srf User/major/groundstar/starclub.srf
User/major/groundstar/stargamma.dat User/major/groundstar/stargamma.srf User/major/groundstar/stargamma.srf
User/major/groundstar/starlambda.dat User/major/groundstar/starlambda.srf User/major/groundstar/starlambda.srf
User/major/groundstar/starmedia.dat User/major/groundstar/starmedia.srf User/major/groundstar/starmedia.srf
User/major/groundstar/staromega.dat User/major/groundstar/staromega.srf User/major/groundstar/staromega.srf
User/major/groundstar/starradarbase.dat User/major/groundstar/starradarbase.srf User/major/groundstar/starradarbase_coarse.srf
User/major/groundstar/starreactor.dat User/major/groundstar/starreactor.srf User/major/groundstar/starreactor.srf
User/major/groundstar/starsfc.dat User/major/groundstar/starsfc.srf User/major/groundstar/starsfc.srf
User/major/groundstar/starsigma.dat User/major/groundstar/starsigma.srf User/major/groundstar/starsigma.srf
User/major/groundstar/startau.dat User/major/groundstar/startau.srf User/major/groundstar/startau.srf
User/major/groundstar/starterm.dat User/major/groundstar/starterm.srf User/major/groundstar/starterm.srf
User/major/groundstar/starterminal.dat User/major/groundstar/starterminal.srf User/major/groundstar/starterminal.srf
User/major/groundstar/startower1.dat User/major/groundstar/startower1.srf User/major/groundstar/startower1.srf
User/major/groundstar/startower2.dat User/major/groundstar/startower2.srf User/major/groundstar/startower2.srf
User/major/groundstar/startower3.dat User/major/groundstar/startower3.srf User/major/groundstar/startower3.srf
User/major/groundstar/fufanl/bunker_c.dat User/major/groundstar/fufanl/bunker_c.srf User/major/groundstar/fufanl/bunker_c.srf