Scenery:
38TH user/fufanl/38/38.fld user/fufanl/38/38.stp user/fufanl/38/38.yfs

ground:
user/fufanl/38/ground/alloggi1.dat user/fufanl/38/ground/alloggi1.srf user/fufanl/38/ground/alloggi1.srf
user/fufanl/38/ground/alloggi3.dat user/fufanl/38/ground/alloggi3.srf user/fufanl/38/ground/alloggi3.srf
user/fufanl/38/ground/alloggi4.dat user/fufanl/38/ground/alloggi4.srf user/fufanl/38/ground/alloggi4.srf
user/fufanl/38/ground/alloggi.dat user/fufanl/38/ground/alloggi.srf user/fufanl/38/ground/alloggi.srf
user/fufanl/38/ground/alloggioff.dat user/fufanl/38/ground/alloggioff.srf user/fufanl/38/ground/alloggioff.srf
user/fufanl/38/ground/caserma.dat user/fufanl/38/ground/caserma.srf user/fufanl/38/ground/caserma.srf
user/fufanl/38/ground/caserma8.dat user/fufanl/38/ground/caserma8.srf user/fufanl/38/ground/caserma8.srf
user/fufanl/38/ground/38mmnk.dat user/fufanl/38/ground/38mmnk.srf user/fufanl/38/ground/38mmnk.srf
user/fufanl/38/ground/60mmnk.dat user/fufanl/38/ground/60mmnk.srf user/fufanl/38/ground/60mmnk.srf
user/fufanl/38/ground/60mmnk_mim.dat user/fufanl/38/ground/60mmnk_mim.srf user/fufanl/38/ground/60mmnk_mim.srf
user/fufanl/38/ground/cannone_r152mm.dat user/fufanl/38/ground/cannone_r152mm.srf user/fufanl/38/ground/cannone_r152mm.srf
user/fufanl/38/ground/centurion.dat user/fufanl/38/ground/centurion.srf user/fufanl/38/ground/centurion.srf
user/fufanl/38/ground/churchill.dat user/fufanl/38/ground/churchill.srf user/fufanl/38/ground/churchill.srf
user/fufanl/38/ground/half-track_m3a1.dat user/fufanl/38/ground/half-track_m3a1.srf user/fufanl/38/ground/half-track_m3a1.srf
user/fufanl/38/ground/hangar_sov.dat user/fufanl/38/ground/hangar_sov.srf user/fufanl/38/ground/hangar_sov.srf
user/fufanl/38/ground/hangar_sov1.dat user/fufanl/38/ground/hangar_sov1.srf user/fufanl/38/ground/hangar_sov1.srf
user/fufanl/38/ground/hangar_sov2.dat user/fufanl/38/ground/hangar_sov2.srf user/fufanl/38/ground/hangar_sov2.srf
user/fufanl/38/ground/long-tom.dat user/fufanl/38/ground/long-tom.srf user/fufanl/38/ground/long-tom.srf
user/fufanl/38/ground/long-batt.dat user/fufanl/38/ground/long-batt.srf user/fufanl/38/ground/long-batt.srf
user/fufanl/38/ground/m4a3e8.dat user/fufanl/38/ground/m4a3e8.srf user/fufanl/38/ground/m4a3e8.srf
user/fufanl/38/ground/m4hs_tractor.dat user/fufanl/38/ground/m4hs_tractor.srf user/fufanl/38/ground/m4hs_tractor.srf
user/fufanl/38/ground/m16_aa.dat user/fufanl/38/ground/m16_aa.srf user/fufanl/38/ground/m16_aa.srf
user/fufanl/38/ground/m16_aaside.dat user/fufanl/38/ground/m16_aaside.srf user/fufanl/38/ground/m16_aaside.srf
User/fufanl/38/ground/mig15.dat User/fufanl/38/ground/mig15.srf User/fufanl/38/ground/mig15_coll.srf
User/fufanl/38/ground/po_2.dat User/fufanl/38/ground/po_2.srf User/fufanl/38/ground/po_2_coll.srf
User/fufanl/38/ground/po_2gr.dat User/fufanl/38/ground/po_2gr.srf User/fufanl/38/ground/po_2gr.srf
user/fufanl/38/ground/pershing.dat user/fufanl/38/ground/pershing.srf user/fufanl/38/ground/pershing.srf
user/fufanl/38/ground/su76.dat user/fufanl/38/ground/su76.srf user/fufanl/38/ground/su76.srf
user/fufanl/38/ground/t34-85.dat user/fufanl/38/ground/t34-85.srf user/fufanl/38/ground/t34-85.srf
user/fufanl/38/ground/unhangar.dat user/fufanl/38/ground/unhangar.srf user/fufanl/38/ground/unhangar.srf
user/fufanl/38/ground/unhangar1.dat user/fufanl/38/ground/unhangar1.srf user/fufanl/38/ground/unhangar1.srf
user/fufanl/38/ground/unhangarbig.dat user/fufanl/38/ground/unhangarbig.srf user/fufanl/38/ground/unhangarbig.srf
user/fufanl/38/ground/zsu37.dat user/fufanl/38/ground/zsu37.srf user/fufanl/38/ground/zsu37.srf
user/fufanl/38/ground/zsu_nk.dat user/fufanl/38/ground/zsu_nk.srf user/fufanl/38/ground/zsu_nk.srf


