user/fufanl/etiopia/ground/empiremcc.dat user/fufanl/etiopia/ground/empiremcc_visual.srf user/fufanl/etiopia/ground/empiremcc_coll.srf
user/fufanl/etiopia/ground/pegasus.dat user/fufanl/etiopia/ground/pegasus_visual.srf user/fufanl/etiopia/ground/pegasus_coll.srf
user/fufanl/etiopia/ground/fiatl3.dat user/fufanl/etiopia/ground/fiatl3.srf user/fufanl/etiopia/ground/fiatl3.srf
user/fufanl/etiopia/ground/rr.dat user/fufanl/etiopia/ground/rr.srf user/fufanl/etiopia/ground/rr.srf
user/fufanl/etiopia/ground/tourville.dat user/fufanl/etiopia/ground/tourville.srf user/fufanl/etiopia/ground/tourville.srf
user/fufanl/etiopia/ground/cranesub.dat user/fufanl/etiopia/ground/cranesub.srf user/fufanl/etiopia/ground/cranesub.srf
user/fufanl/etiopia/ground/dunkerque.dat user/fufanl/etiopia/ground/dunkerque.srf user/fufanl/etiopia/ground/dunkerque.srf
user/fufanl/etiopia/ground/queen.dat user/fufanl/etiopia/ground/queen.srf user/fufanl/etiopia/ground/queen.srf
user/fufanl/etiopia/ground/fhanger.dat user/fufanl/etiopia/ground/fhanger.srf user/fufanl/etiopia/ground/fhanger.srf
user/fufanl/etiopia/ground/hang.dat user/fufanl/etiopia/ground/hang.srf user/fufanl/etiopia/ground/hang.srf
user/fufanl/etiopia/ground/factory.dat user/fufanl/etiopia/ground/factory.srf user/fufanl/etiopia/ground/factory.srf
user/fufanl/etiopia/ground/subm.dat user/fufanl/etiopia/ground/subm.srf user/fufanl/etiopia/ground/subm.srf
user/fufanl/etiopia/ground/crane.dat user/fufanl/etiopia/ground/crane.srf user/fufanl/etiopia/ground/crane.srf
user/fufanl/etiopia/ground/darecco.dat user/fufanl/etiopia/ground/darecco.srf user/fufanl/etiopia/ground/darecco.srf
user/fufanl/etiopia/ground/gunship.dat user/fufanl/etiopia/ground/gunship.srf user/fufanl/etiopia/ground/gunship.srf
user/fufanl/etiopia/ground/hangar_lt.dat user/fufanl/etiopia/ground/hangar_lt.srf user/fufanl/etiopia/ground/hangar_lt.srf
user/fufanl/etiopia/ground/hanger.dat user/fufanl/etiopia/ground/hanger.srf user/fufanl/etiopia/ground/hanger.srf
user/fufanl/etiopia/ground/hg01.dat user/fufanl/etiopia/ground/hg01.srf user/fufanl/etiopia/ground/hg01.srf
user/fufanl/etiopia/ground/hg02.dat user/fufanl/etiopia/ground/hg02.srf user/fufanl/etiopia/ground/hg02.srf
user/fufanl/etiopia/ground/hg03.dat user/fufanl/etiopia/ground/hg03.srf user/fufanl/etiopia/ground/hg03.srf
user/fufanl/etiopia/ground/cruiser.dat user/fufanl/etiopia/ground/cruiser.srf user/fufanl/etiopia/ground/cruiser.srf
user/fufanl/etiopia/ground/silo.dat user/fufanl/etiopia/ground/silo.srf user/fufanl/etiopia/ground/silo.srf
user/fufanl/etiopia/ground/warehouse.dat user/fufanl/etiopia/ground/warehouse.srf user/fufanl/etiopia/ground/warehouse.srf
user/fufanl/etiopia/ground/fiatl3.dat user/fufanl/etiopia/ground/fiatl3.srf user/fufanl/etiopia/ground/fiatl3.srf
user/fufanl/etiopia/ground/l6_40.dat user/fufanl/etiopia/ground/l6_40.srf user/fufanl/etiopia/ground/l6_40.srf
user/fufanl/etiopia/ground/cargo_oil.dat user/fufanl/etiopia/ground/cargo_oil.srf user/fufanl/etiopia/ground/cargo_oil.srf
user/fufanl/etiopia/ground/hanger4.dat user/fufanl/etiopia/ground/hanger4.srf user/fufanl/etiopia/ground/hanger4.srf
user/fufanl/etiopia/ground/mmk2.dat user/fufanl/etiopia/ground/mmk2.srf user/fufanl/etiopia/ground/mmk2.srf
user/fufanl/etiopia/ground/s.giorgio.dat user/fufanl/etiopia/ground/s.giorgio.srf user/fufanl/etiopia/ground/s.giorgio.srf
user/fufanl/etiopia/ground/m11.dat user/fufanl/etiopia/ground/m11.srf user/fufanl/etiopia/ground/m11.srf
user/fufanl/etiopia/ground/q-truck.dat user/fufanl/etiopia/ground/q-truck.srf user/fufanl/etiopia/ground/q-truck.srf
user/fufanl/etiopia/ground/18blr2.dat user/fufanl/etiopia/ground/18blr2.srf user/fufanl/etiopia/ground/18blr2.srf
user/fufanl/etiopia/ground/cargo_old.dat user/fufanl/etiopia/ground/cargo_old.srf user/fufanl/etiopia/ground/cargo_old.srf
user/fufanl/etiopia/ground/rft17.dat user/fufanl/etiopia/ground/rft17.srf user/fufanl/etiopia/ground/rft17.srf
user/fufanl/etiopia/ground/rft17lt.dat user/fufanl/etiopia/ground/rft17lt.srf user/fufanl/etiopia/ground/rft17lt.srf
user/fufanl/etiopia/ground/ltmk6b.dat user/fufanl/etiopia/ground/ltmk6b.srf user/fufanl/etiopia/ground/ltmk6b.srf
user/fufanl/etiopia/ground/hangar_l.dat user/fufanl/etiopia/ground/hangar_l.srf user/fufanl/etiopia/ground/hangar_l.srf
user/fufanl/etiopia/ground/fiat20l.dat user/fufanl/etiopia/ground/fiat20l.srf user/fufanl/etiopia/ground/fiat20l.srf
user/fufanl/etiopia/ground/autocannone1.dat user/fufanl/etiopia/ground/autocannone1.srf user/fufanl/etiopia/ground/autocannone1.srf
user/fufanl/etiopia/ground/rr.dat user/fufanl/etiopia/ground/rr.srf user/fufanl/etiopia/ground/rr.srf
user/fufanl/etiopia/ground/cb1bis.dat user/fufanl/etiopia/ground/cb1bis.srf user/fufanl/etiopia/ground/cb1bis.srf
user/fufanl/etiopia/ground/ponte.dat user/fufanl/etiopia/ground/ponte.srf user/fufanl/etiopia/ground/ponte_coll.srf
user/fufanl/etiopia/ground/fuel_tank.dat user/fufanl/etiopia/ground/fuel_tank.srf user/fufanl/etiopia/ground/fuel_tank.srf
user/fufanl/etiopia/ground/fuel_tank_s.dat user/fufanl/etiopia/ground/fuel_tank_s.srf user/fufanl/etiopia/ground/fuel_tank_s.srf
user/fufanl/etiopia/ground/hq.dat user/fufanl/etiopia/ground/hq.srf user/fufanl/etiopia/ground/hq.srf
user/fufanl/etiopia/ground/fiat633_t.dat user/fufanl/etiopia/ground/fiat633_t.srf user/fufanl/etiopia/ground/fiat633_t.srf
user/fufanl/etiopia/ground/depoferrov.dat user/fufanl/etiopia/ground/depoferrov.srf user/fufanl/etiopia/ground/depoferrov.srf
user/fufanl/etiopia/ground/fiat633.dat user/fufanl/etiopia/ground/fiat633.srf user/fufanl/etiopia/ground/fiat633.srf
user/fufanl/etiopia/ground/stazione1.dat user/fufanl/etiopia/ground/stazione1.srf user/fufanl/etiopia/ground/stazione1.srf
user/fufanl/etiopia/ground/stazione2.dat user/fufanl/etiopia/ground/stazione2.srf user/fufanl/etiopia/ground/stazione2.srf
user/fufanl/etiopia/ground/depofer.dat user/fufanl/etiopia/ground/depofer.srf user/fufanl/etiopia/ground/depofer.srf
user/fufanl/etiopia/ground/lanciaiz.dat user/fufanl/etiopia/ground/lanciaiz.srf user/fufanl/etiopia/ground/lanciaiz.srf
user/fufanl/etiopia/ground/locomotore.dat user/fufanl/etiopia/ground/locomotore.srf user/fufanl/etiopia/ground/locomotore.srf
user/fufanl/etiopia/ground/locomotore1.dat user/fufanl/etiopia/ground/locomotore1.srf user/fufanl/etiopia/ground/locomotore1.srf
user/fufanl/etiopia/ground/devonshire.dat user/fufanl/etiopia/ground/devonshire.srf user/fufanl/etiopia/ground/devonshire.srf
user/fufanl/etiopia/ground/ponteferro.dat user/fufanl/etiopia/ground/ponteferro.srf user/fufanl/etiopia/ground/ponteferro_coll.srf

EST_AFRICA User/fufanl/etiopia/etiopia.fld User/fufanl/etiopia/etiopia.stp User/fufanl/etiopia/etiopia.yfs 

