user\LILCRAMP\Skipper\EA300S_2xl.dat user\LILCRAMP\Skipper\EA300S_2xl.dnm user\LILCRAMP\Skipper\ea300cl.srf user\LILCRAMP\Skipper\ea300scpt

user/LILCRAMP/thevas/bb58.dat user/LILCRAMP/thevas/bb58.dnm user/LILCRAMP/thevas/bb58cl.srf user/LILCRAMP/thevas/bb58cpt.srf
user/LILCRAMP/thevas/a320.dat user/LILCRAMP/thevas/a320.dnm user/LILCRAMP/thevas/a320cl.srf user/LILCRAMP/thevas/a320cpt.srf
user/LILCRAMP/thevas/a321.dat user/LILCRAMP/thevas/a321.dnm user/LILCRAMP/thevas/a320cl.srf user/LILCRAMP/thevas/a320cpt.srf
user/LILCRAMP/thevas/a340.dat user/LILCRAMP/thevas/a340.dnm user/LILCRAMP/thevas/a340cl.srf user/LILCRAMP/thevas/a340cpt.srf
user/LILCRAMP/thevas/b747.dat user/LILCRAMP/thevas/b747.dnm user/LILCRAMP/thevas/b747cl.srf user/LILCRAMP/thevas/b747cpt.srf
user/LILCRAMP/thevas/tu154.dat user/LILCRAMP/thevas/tu154.dnm user/LILCRAMP/thevas/tu154cl.srf user/LILCRAMP/thevas/tu154cpt.srf

user/LILCRAMP/cipher/glider.dat user/LILCRAMP/cipher/glider.dnm user/LILCRAMP/cipher/glidercoll.srf user/LILCRAMP/cipher/glidercockpit.srf

user/LILCRAMP/TBB/L-39ZA.dat user/LILCRAMP/TBB/patriots39.dnm user/LILCRAMP/TBB/l39cl.srf user/LILCRAMP/TBB/l39cpt.srf

user/LILCRAMP/ASFalcon13/Tejas/EA300S_Tejas.dat user/LILCRAMP/ASFalcon13/Tejas/EA300S_Tejas.dnm user/LILCRAMP/ASFalcon13/Tejas/EA300S_Tejascoll.srf user/LILCRAMP/ASFalcon13/Tejas/EA300S_Tejascockpit.srf

User/LILCRAMP/deassain/An-2.dat User/LILCRAMP/deassain/An-2.dnm User/LILCRAMP/deassain/an2cl.srf User/LILCRAMP/deassain/an2cpt.srf

User/LILCRAMP/Jnat94/EA300S_CIV.dat User/LILCRAMP/Jnat94/ex300.dnm User/LILCRAMP/Jnat94/ea300cl.srf User/LILCRAMP/Jnat94/ea300scpt.srf
user/LILCRAMP/jnat94/Csna182S_CIV.dat user/LILCRAMP/jnat94/182.dnm user/LILCRAMP/jnat94/csna182cl.srf user/LILCRAMP/jnat94/csna182cpt.srf
User/LILCRAMP/Jnat94/bonanzaA36_CIV.dat User/LILCRAMP/Jnat94/bonanza.dnm User/LILCRAMP/Jnat94/bonanzaa36cl.srf User/LILCRAMP/Jnat94/bonanzaa36cpt.srf

user/LILCRAMP/phila11/BonanzaA36_CIV.dat user/LILCRAMP/phila11/Bonanza.dnm user/LILCRAMP/phila11/bonanzaa36cl.srf user/LILCRAMP/phila11/bonanzaa36cpt.srf

User/LILCRAMP/Skyline/LilCramp_b212_Rescue.dat User/LILCRAMP/Skyline/LilCramp_b212_Rescue.dnm User/LILCRAMP/Skyline/hueycl.srf User/LILCRAMP/Skyline/hueycpt.srf

User/LILCRAMP/Skyline/LilCramp_B212_Ghost.dat User/LILCRAMP/Skyline/LilCramp_B212_Ghost.dnm User/LILCRAMP/Skyline/hueycl.srf User/LILCRAMP/Skyline/hueycpt.srf

User/LILCRAMP/Skyline/LilCramp_b212_BlueSky.dat User/LILCRAMP/Skyline/LilCramp_b212_BlueSky.dnm User/LILCRAMP/Skyline/hueycl.srf User/LILCRAMP/Skyline/hueycpt.srf

User/LILCRAMP/Skyline/bt-67.dat User/LILCRAMP/Skyline/bt-67.dnm User/LILCRAMP/Skyline/bt-67cl.srf User/LILCRAMP/Skyline/bt-67cpt.srf

user/LILCRAMP/neocon/B206B-3_1.dat user/LILCRAMP/neocon/B206B-3_1.dnm user/LILCRAMP/neocon/B206B-3_cl.srf user/LILCRAMP/neocon/B206B-3_cpt.srf
user/LILCRAMP/neocon/B206B-3_2.dat user/LILCRAMP/neocon/B206B-3_2.dnm user/LILCRAMP/neocon/B206B-3_cl.srf user/LILCRAMP/neocon/B206B-3_cpt.srf
user/LILCRAMP/neocon/B206B-3_3.dat user/LILCRAMP/neocon/B206B-3_3.dnm user/LILCRAMP/neocon/B206B-3_cl.srf user/LILCRAMP/neocon/B206B-3_cpt.srf
user/LILCRAMP/neocon/B206B-3_4.dat user/LILCRAMP/neocon/B206B-3_4.dnm user/LILCRAMP/neocon/B206B-3_cl.srf user/LILCRAMP/neocon/B206B-3_cpt.srf
user/LILCRAMP/neocon/B206B-3_6.dat user/LILCRAMP/neocon/B206B-3_6.dnm user/LILCRAMP/neocon/B206B-3_cl.srf user/LILCRAMP/neocon/B206B-3_cpt.srf
user/LILCRAMP/neocon/B206B-3_5.dat user/LILCRAMP/neocon/B206B-3_5.dnm user/LILCRAMP/neocon/B206B-3_cl.srf user/LILCRAMP/neocon/B206B-3_cpt.srf
user/LILCRAMP/neocon/b412_1.dat user/LILCRAMP/neocon/b412_1.dnm user/LILCRAMP/neocon/b412cl.srf user/LILCRAMP/neocon/b412cpt.srf
user/LILCRAMP/neocon/b412_2.dat user/LILCRAMP/neocon/b412_2.dnm user/LILCRAMP/neocon/b412cl.srf user/LILCRAMP/neocon/b412cpt.srf
user/LILCRAMP/neocon/b412_4.dat user/LILCRAMP/neocon/b412_4.dnm user/LILCRAMP/neocon/b412cl.srf user/LILCRAMP/neocon/b412cpt.srf
user/LILCRAMP/neocon/b412_3.dat user/LILCRAMP/neocon/b412_3.dnm user/LILCRAMP/neocon/b412cl.srf user/LILCRAMP/neocon/b412cpt.srf
user/LILCRAMP/neocon/s70_1.dat user/LILCRAMP/neocon/s70_1.dnm user/LILCRAMP/neocon/s70cl.srf user/LILCRAMP/neocon/s70cpt.srf
user/LILCRAMP/neocon/s70_2.dat user/LILCRAMP/neocon/s70_2.dnm user/LILCRAMP/neocon/s70cl.srf user/LILCRAMP/neocon/s70cpt.srf
user/LILCRAMP/neocon/s70_3.dat user/LILCRAMP/neocon/s70_3.dnm user/LILCRAMP/neocon/s70cl.srf user/LILCRAMP/neocon/s70cpt.srf
user/LILCRAMP/neocon/toyota_1.dat user/LILCRAMP/neocon/toyota_1.dnm user/LILCRAMP/neocon/toyota_1_cl.srf user/LILCRAMP/neocon/toyota_cpt.srf
user/LILCRAMP/neocon/toyota_2.dat user/LILCRAMP/neocon/toyota_2.dnm user/LILCRAMP/neocon/toyota_1_cl.srf user/LILCRAMP/neocon/toyota_cpt.srf
user/LILCRAMP/neocon/hmv1.dat user/LILCRAMP/neocon/hmv1.dnm user/LILCRAMP/neocon/hmvcl.srf user/LILCRAMP/neocon/hmvcpt.srf
user/LILCRAMP/neocon/hmv2.dat user/LILCRAMP/neocon/hmv2.dnm user/LILCRAMP/neocon/hmvcl.srf user/LILCRAMP/neocon/hmvcpt.srf
user/LILCRAMP/neocon/hmv3.dat user/LILCRAMP/neocon/hmv3.dnm user/LILCRAMP/neocon/hmvcl.srf user/LILCRAMP/neocon/hmvcpt.srf
user/LILCRAMP/neocon/md500_1.dat user/LILCRAMP/neocon/md500_1.dnm user/LILCRAMP/neocon/md500cl.srf user/LILCRAMP/neocon/md500cpt.srf
user/LILCRAMP/neocon/md500_3.dat user/LILCRAMP/neocon/md500_3.dnm user/LILCRAMP/neocon/md500cl.srf user/LILCRAMP/neocon/md500cpt.srf
user/LILCRAMP/neocon/S340B_1.dat user/LILCRAMP/neocon/S340B_1.dnm user/LILCRAMP/neocon/s340Bcl.srf user/LILCRAMP/neocon/s340Bcpt.srf
user/LILCRAMP/neocon/S340B_2.dat user/LILCRAMP/neocon/S340B_2.dnm user/LILCRAMP/neocon/s340Bcl.srf user/LILCRAMP/neocon/s340Bcpt.srf
user/LILCRAMP/neocon/S340B_3.dat user/LILCRAMP/neocon/S340B_3.dnm user/LILCRAMP/neocon/s340Bcl.srf user/LILCRAMP/neocon/s340Bcpt.srf
user/LILCRAMP/neocon/e300_1.dat user/LILCRAMP/neocon/e300_1.dnm user/LILCRAMP/neocon/e300cl.srf user/LILCRAMP/neocon/e300cpt.srf
user/LILCRAMP/neocon/e300_2.dat user/LILCRAMP/neocon/e300_2.dnm user/LILCRAMP/neocon/e300cl.srf user/LILCRAMP/neocon/e300cpt.srf
user/LILCRAMP/neocon/b707_1.dat user/LILCRAMP/neocon/b707_1.dnm user/LILCRAMP/neocon/b707cl.srf user/LILCRAMP/neocon/b707cpt.srf
user/LILCRAMP/neocon/il76_1.dat user/LILCRAMP/neocon/il76_1.dnm user/LILCRAMP/neocon/il76cl.srf user/LILCRAMP/neocon/il76cpt.srf
user/LILCRAMP/neocon/il76_2.dat user/LILCRAMP/neocon/il76_2.dnm user/LILCRAMP/neocon/il76cl.srf user/LILCRAMP/neocon/il76cpt.srf
user/LILCRAMP/neocon/l100_1.dat user/LILCRAMP/neocon/l100_1.dnm user/LILCRAMP/neocon/l100cl.srf user/LILCRAMP/neocon/l100cpt.srf
user/LILCRAMP/neocon/l100_2.dat user/LILCRAMP/neocon/l100_2.dnm user/LILCRAMP/neocon/l100cl.srf user/LILCRAMP/neocon/l100cpt.srf
user/LILCRAMP/neocon/l100_3.dat user/LILCRAMP/neocon/l100_3.dnm user/LILCRAMP/neocon/l100cl.srf user/LILCRAMP/neocon/l100cpt.srf
user/LILCRAMP/neocon/baron_1.dat user/LILCRAMP/neocon/baron_1.dnm user/LILCRAMP/neocon/baroncl.srf user/LILCRAMP/neocon/baroncpt.srf
user/LILCRAMP/neocon/baron_2.dat user/LILCRAMP/neocon/baron_2.dnm user/LILCRAMP/neocon/baroncl.srf user/LILCRAMP/neocon/baroncpt.srf
user/LILCRAMP/neocon/baron_3.dat user/LILCRAMP/neocon/baron_3.dnm user/LILCRAMP/neocon/baroncl.srf user/LILCRAMP/neocon/baroncpt.srf
user/LILCRAMP/neocon/c182_1.dat user/LILCRAMP/neocon/c182_1.dnm user/LILCRAMP/neocon/c182cl.srf user/LILCRAMP/neocon/c182cpt.srf
user/LILCRAMP/neocon/c182_7.dat user/LILCRAMP/neocon/c182_7.dnm user/LILCRAMP/neocon/c182cl.srf user/LILCRAMP/neocon/c182cpt.srf
user/LILCRAMP/neocon/c182_2.dat user/LILCRAMP/neocon/c182_2.dnm user/LILCRAMP/neocon/c182cl.srf user/LILCRAMP/neocon/c182cpt.srf
user/LILCRAMP/neocon/c182_3.dat user/LILCRAMP/neocon/c182_3.dnm user/LILCRAMP/neocon/c182cl.srf user/LILCRAMP/neocon/c182cpt.srf
user/LILCRAMP/neocon/c182_5.dat user/LILCRAMP/neocon/c182_5.dnm user/LILCRAMP/neocon/c182cl.srf user/LILCRAMP/neocon/c182cpt.srf
user/LILCRAMP/neocon/c182_4.dat user/LILCRAMP/neocon/c182_4.dnm user/LILCRAMP/neocon/c182cl.srf user/LILCRAMP/neocon/c182cpt.srf
user/LILCRAMP/neocon/c182_6.dat user/LILCRAMP/neocon/c182_6.dnm user/LILCRAMP/neocon/c182cl.srf user/LILCRAMP/neocon/c182cpt.srf
user/LILCRAMP/neocon/z143l_1.dat user/LILCRAMP/neocon/z143l_1.dnm user/LILCRAMP/neocon/z143cl.srf user/LILCRAMP/neocon/z143cpt.srf
user/LILCRAMP/neocon/z143l_2.dat user/LILCRAMP/neocon/z143l_2.dnm user/LILCRAMP/neocon/z143cl.srf user/LILCRAMP/neocon/z143cpt.srf
user/LILCRAMP/neocon/z143l_3.dat user/LILCRAMP/neocon/z143l_3.dnm user/LILCRAMP/neocon/z143cl.srf user/LILCRAMP/neocon/z143cpt.srf
user/LILCRAMP/neocon/z143l_4.dat user/LILCRAMP/neocon/z143l_4.dnm user/LILCRAMP/neocon/z143cl.srf user/LILCRAMP/neocon/z143cpt.srf
user/LILCRAMP/neocon/a36_1.dat user/LILCRAMP/neocon/a36_1.dnm user/LILCRAMP/neocon/a36cl.srf user/LILCRAMP/neocon/a36cpt.srf
user/LILCRAMP/neocon/a36_2.dat user/LILCRAMP/neocon/a36_2.dnm user/LILCRAMP/neocon/a36cl.srf user/LILCRAMP/neocon/a36cpt.srf
user/LILCRAMP/neocon/a36_3.dat user/LILCRAMP/neocon/a36_3.dnm user/LILCRAMP/neocon/a36cl.srf user/LILCRAMP/neocon/a36cpt.srf
user/LILCRAMP/neocon/v35_1.dat user/LILCRAMP/neocon/v35_1.dnm user/LILCRAMP/neocon/a36cl.srf user/LILCRAMP/neocon/a36cpt.srf
user/LILCRAMP/neocon/v35_2.dat user/LILCRAMP/neocon/v35_2.dnm user/LILCRAMP/neocon/a36cl.srf user/LILCRAMP/neocon/a36cpt.srf
user/LILCRAMP/neocon/v35_3.dat user/LILCRAMP/neocon/v35_3.dnm user/LILCRAMP/neocon/a36cl.srf user/LILCRAMP/neocon/a36cpt.srf
user/LILCRAMP/neocon/cub1.dat user/LILCRAMP/neocon/cub1.dnm user/LILCRAMP/neocon/cubcl.srf user/LILCRAMP/neocon/cubcpt.srf
user/LILCRAMP/neocon/dc3.dat user/LILCRAMP/neocon/dc3.dnm user/LILCRAMP/neocon/dc3cl.srf user/LILCRAMP/neocon/dc3cpt.srf
user/LILCRAMP/neocon/bt67_3.dat user/LILCRAMP/neocon/bt67_3.dnm user/LILCRAMP/neocon/bt67cl.srf user/LILCRAMP/neocon/bt67cpt.srf
user/LILCRAMP/neocon/bt67_1.dat user/LILCRAMP/neocon/bt67_1.dnm user/LILCRAMP/neocon/bt67cl.srf user/LILCRAMP/neocon/bt67cpt.srf
user/LILCRAMP/neocon/bt67_2.dat user/LILCRAMP/neocon/bt67_2.dnm user/LILCRAMP/neocon/bt67cl.srf user/LILCRAMP/neocon/bt67cpt.srf
user/LILCRAMP/neocon/lear_1.dat user/LILCRAMP/neocon/lear_1.dnm user/LILCRAMP/neocon/learcl.srf user/LILCRAMP/neocon/learcpt.srf
user/LILCRAMP/neocon/l39_1.dat user/LILCRAMP/neocon/l39_1.dnm user/LILCRAMP/neocon/l39cl.srf user/LILCRAMP/neocon/l39cpt.srf
user/LILCRAMP/neocon/citation1.dat user/LILCRAMP/neocon/citation1.dnm user/LILCRAMP/neocon/citation1cl.srf user/LILCRAMP/neocon/citation1cpt.srf
user/LILCRAMP/neocon/pc12.dat user/LILCRAMP/neocon/pc12.dnm user/LILCRAMP/neocon/pc12cl.srf user/LILCRAMP/neocon/pc12cpt.srf

user/LILCRAMP/Nicolai953/Baron_58/baron58.dat user/LILCRAMP/Nicolai953/Baron_58/baron58.dnm user/LILCRAMP/Nicolai953/Baron_58/baron58cl.srf user/LILCRAMP/Nicolai953/Baron_58/baron58cpt.srf
user/LILCRAMP/Nicolai953/A320/a320-200.dat user/LILCRAMP/Nicolai953/A320/a320-200.dnm user/LILCRAMP/Nicolai953/A320/a320cl.srf user/LILCRAMP/Nicolai953/A320/a320cpt.srf
user/LILCRAMP/Nicolai953/C152/Cessna182S.dat user/LILCRAMP/Nicolai953/C152/Cessna182S.dnm user/LILCRAMP/Nicolai953/C152/Cessna182Scl.srf user/LILCRAMP/Nicolai953/C152/Cessna182Scpt.srf
